<?xml version="1.0" encoding="utf-8" standalone="no"?>
<test-results xmlns:xsi="http://www.w3.org/2001/XMLSchema-instance" xsi:noNamespaceSchemaLocation="nunit_schema_2.5.xsd" name="Pester" total="123" errors="0" failures="117" not-run="0" inconclusive="0" ignored="0" skipped="0" invalid="0" date="2025-04-26" time="21:41:48">
  <environment clr-version="4.0.30319.42000" user-domain="DESKTOP-ORG3GN0" cwd="D:\DO\WEB\N8N_tests\PROJETS\EMAIL_SENDER_1\tools\scripts\roadmap-parser\module\Tests" platform="Microsoft Windows 10 Famille|C:\Windows|\Device\Harddisk0\Partition2" machine-name="DESKTOP-ORG3GN0" nunit-version="2.5.8.0" os-version="10.0.19045" user="user" />
  <culture-info current-culture="fr-FR" current-uiculture="fr-FR" />
  <test-suite type="TestFixture" name="Pester" executed="True" result="Failure" success="False" time="44.4791" asserts="0" description="Pester">
    <results>
      <test-suite type="TestFixture" name="D:\DO\WEB\N8N_tests\PROJETS\EMAIL_SENDER_1\tools\scripts\roadmap-parser\module\Tests\Validation\Test-Custom.Tests.ps1" executed="True" result="Failure" success="False" time="6.3245" asserts="0" description="D:\DO\WEB\N8N_tests\PROJETS\EMAIL_SENDER_1\tools\scripts\roadmap-parser\module\Tests\Validation\Test-Custom.Tests.ps1">
        <results>
          <test-suite type="TestFixture" name="Test-Custom" executed="True" result="Failure" success="False" time="4.2345" asserts="0" description="Test-Custom">
            <results>
              <test-suite type="TestFixture" name="Test-Custom.Validation avec ValidationFunction" executed="True" result="Failure" success="False" time="1.2295" asserts="0" description="Test-Custom.Validation avec ValidationFunction">
                <results>
                  <test-case description="Devrait retourner True pour une valeur valide" name="Test-Custom.Validation avec ValidationFunction.Devrait retourner True pour une valeur valide" time="0.7585" asserts="0" success="False" result="Failure" executed="True">
                    <failure>
                      <message>CommandNotFoundException: Le terme « Test-Custom » n'est pas reconnu comme nom d'applet de commande, fonction, fichier de script ou programme exécutable. Vérifiez l'orthographe du nom, ou si un chemin d'accès existe, vérifiez que le chemin d'accès est correct et réessayez.</message>
                      <stack-trace>à &lt;ScriptBlock&gt;, D:\DO\WEB\N8N_tests\PROJETS\EMAIL_SENDER_1\tools\scripts\roadmap-parser\module\Tests\Validation\Test-Custom.Tests.ps1 : ligne 16
à &lt;ScriptBlock&gt;, C:\Users\user\Documents\WindowsPowerShell\Modules\Pester\5.7.1\Pester.psm1 : ligne 2024
à &lt;ScriptBlock&gt;, C:\Users\user\Documents\WindowsPowerShell\Modules\Pester\5.7.1\Pester.psm1 : ligne 1985
à Invoke-ScriptBlock, C:\Users\user\Documents\WindowsPowerShell\Modules\Pester\5.7.1\Pester.psm1 : ligne 2157
à Invoke-TestItem, C:\Users\user\Documents\WindowsPowerShell\Modules\Pester\5.7.1\Pester.psm1 : ligne 1199
à Invoke-Block, C:\Users\user\Documents\WindowsPowerShell\Modules\Pester\5.7.1\Pester.psm1 : ligne 835
à &lt;ScriptBlock&gt;, C:\Users\user\Documents\WindowsPowerShell\Modules\Pester\5.7.1\Pester.psm1 : ligne 893
à &lt;ScriptBlock&gt;, C:\Users\user\Documents\WindowsPowerShell\Modules\Pester\5.7.1\Pester.psm1 : ligne 2024
à &lt;ScriptBlock&gt;, C:\Users\user\Documents\WindowsPowerShell\Modules\Pester\5.7.1\Pester.psm1 : ligne 1985
à Invoke-ScriptBlock, C:\Users\user\Documents\WindowsPowerShell\Modules\Pester\5.7.1\Pester.psm1 : ligne 2160
à Invoke-Block, C:\Users\user\Documents\WindowsPowerShell\Modules\Pester\5.7.1\Pester.psm1 : ligne 940
à &lt;ScriptBlock&gt;, C:\Users\user\Documents\WindowsPowerShell\Modules\Pester\5.7.1\Pester.psm1 : ligne 893
à &lt;ScriptBlock&gt;, C:\Users\user\Documents\WindowsPowerShell\Modules\Pester\5.7.1\Pester.psm1 : ligne 2024
à &lt;ScriptBlock&gt;, C:\Users\user\Documents\WindowsPowerShell\Modules\Pester\5.7.1\Pester.psm1 : ligne 1985
à Invoke-ScriptBlock, C:\Users\user\Documents\WindowsPowerShell\Modules\Pester\5.7.1\Pester.psm1 : ligne 2160
à Invoke-Block, C:\Users\user\Documents\WindowsPowerShell\Modules\Pester\5.7.1\Pester.psm1 : ligne 940
à &lt;ScriptBlock&gt;, C:\Users\user\Documents\WindowsPowerShell\Modules\Pester\5.7.1\Pester.psm1 : ligne 893
à &lt;ScriptBlock&gt;, C:\Users\user\Documents\WindowsPowerShell\Modules\Pester\5.7.1\Pester.psm1 : ligne 2024
à &lt;ScriptBlock&gt;, C:\Users\user\Documents\WindowsPowerShell\Modules\Pester\5.7.1\Pester.psm1 : ligne 1985
à Invoke-ScriptBlock, C:\Users\user\Documents\WindowsPowerShell\Modules\Pester\5.7.1\Pester.psm1 : ligne 2160
à Invoke-Block, C:\Users\user\Documents\WindowsPowerShell\Modules\Pester\5.7.1\Pester.psm1 : ligne 940
à &lt;ScriptBlock&gt;, C:\Users\user\Documents\WindowsPowerShell\Modules\Pester\5.7.1\Pester.psm1 : ligne 1688
à &lt;ScriptBlock&gt;, C:\Users\user\Documents\WindowsPowerShell\Modules\Pester\5.7.1\Pester.ps1 : ligne 3
à &lt;ScriptBlock&gt;, C:\Users\user\Documents\WindowsPowerShell\Modules\Pester\5.7.1\Pester.psm1 : ligne 3260
à Invoke-InNewScriptScope, C:\Users\user\Documents\WindowsPowerShell\Modules\Pester\5.7.1\Pester.psm1 : ligne 3267
à Run-Test, C:\Users\user\Documents\WindowsPowerShell\Modules\Pester\5.7.1\Pester.psm1 : ligne 1691
à Invoke-Test, C:\Users\user\Documents\WindowsPowerShell\Modules\Pester\5.7.1\Pester.psm1 : ligne 2512
à Invoke-Pester&lt;End&gt;, C:\Users\user\Documents\WindowsPowerShell\Modules\Pester\5.7.1\Pester.psm1 : ligne 4960
à &lt;ScriptBlock&gt;, D:\DO\WEB\N8N_tests\PROJETS\EMAIL_SENDER_1\tools\scripts\roadmap-parser\module\Tests\Invoke-AllTests.ps1 : ligne 86
à &lt;ScriptBlock&gt;, &lt;Aucun fichier&gt; : ligne 1</stack-trace>
                    </failure>
                  </test-case>
                  <test-case description="Devrait retourner False pour une valeur invalide" name="Test-Custom.Validation avec ValidationFunction.Devrait retourner False pour une valeur invalide" time="0.2614" asserts="0" success="False" result="Failure" executed="True">
                    <failure>
                      <message>CommandNotFoundException: Le terme « Test-Custom » n'est pas reconnu comme nom d'applet de commande, fonction, fichier de script ou programme exécutable. Vérifiez l'orthographe du nom, ou si un chemin d'accès existe, vérifiez que le chemin d'accès est correct et réessayez.</message>
                      <stack-trace>à &lt;ScriptBlock&gt;, D:\DO\WEB\N8N_tests\PROJETS\EMAIL_SENDER_1\tools\scripts\roadmap-parser\module\Tests\Validation\Test-Custom.Tests.ps1 : ligne 20
à &lt;ScriptBlock&gt;, C:\Users\user\Documents\WindowsPowerShell\Modules\Pester\5.7.1\Pester.psm1 : ligne 2024
à &lt;ScriptBlock&gt;, C:\Users\user\Documents\WindowsPowerShell\Modules\Pester\5.7.1\Pester.psm1 : ligne 1985
à Invoke-ScriptBlock, C:\Users\user\Documents\WindowsPowerShell\Modules\Pester\5.7.1\Pester.psm1 : ligne 2157
à Invoke-TestItem, C:\Users\user\Documents\WindowsPowerShell\Modules\Pester\5.7.1\Pester.psm1 : ligne 1199
à Invoke-Block, C:\Users\user\Documents\WindowsPowerShell\Modules\Pester\5.7.1\Pester.psm1 : ligne 835
à &lt;ScriptBlock&gt;, C:\Users\user\Documents\WindowsPowerShell\Modules\Pester\5.7.1\Pester.psm1 : ligne 893
à &lt;ScriptBlock&gt;, C:\Users\user\Documents\WindowsPowerShell\Modules\Pester\5.7.1\Pester.psm1 : ligne 2024
à &lt;ScriptBlock&gt;, C:\Users\user\Documents\WindowsPowerShell\Modules\Pester\5.7.1\Pester.psm1 : ligne 1985
à Invoke-ScriptBlock, C:\Users\user\Documents\WindowsPowerShell\Modules\Pester\5.7.1\Pester.psm1 : ligne 2160
à Invoke-Block, C:\Users\user\Documents\WindowsPowerShell\Modules\Pester\5.7.1\Pester.psm1 : ligne 940
à &lt;ScriptBlock&gt;, C:\Users\user\Documents\WindowsPowerShell\Modules\Pester\5.7.1\Pester.psm1 : ligne 893
à &lt;ScriptBlock&gt;, C:\Users\user\Documents\WindowsPowerShell\Modules\Pester\5.7.1\Pester.psm1 : ligne 2024
à &lt;ScriptBlock&gt;, C:\Users\user\Documents\WindowsPowerShell\Modules\Pester\5.7.1\Pester.psm1 : ligne 1985
à Invoke-ScriptBlock, C:\Users\user\Documents\WindowsPowerShell\Modules\Pester\5.7.1\Pester.psm1 : ligne 2160
à Invoke-Block, C:\Users\user\Documents\WindowsPowerShell\Modules\Pester\5.7.1\Pester.psm1 : ligne 940
à &lt;ScriptBlock&gt;, C:\Users\user\Documents\WindowsPowerShell\Modules\Pester\5.7.1\Pester.psm1 : ligne 893
à &lt;ScriptBlock&gt;, C:\Users\user\Documents\WindowsPowerShell\Modules\Pester\5.7.1\Pester.psm1 : ligne 2024
à &lt;ScriptBlock&gt;, C:\Users\user\Documents\WindowsPowerShell\Modules\Pester\5.7.1\Pester.psm1 : ligne 1985
à Invoke-ScriptBlock, C:\Users\user\Documents\WindowsPowerShell\Modules\Pester\5.7.1\Pester.psm1 : ligne 2160
à Invoke-Block, C:\Users\user\Documents\WindowsPowerShell\Modules\Pester\5.7.1\Pester.psm1 : ligne 940
à &lt;ScriptBlock&gt;, C:\Users\user\Documents\WindowsPowerShell\Modules\Pester\5.7.1\Pester.psm1 : ligne 1688
à &lt;ScriptBlock&gt;, C:\Users\user\Documents\WindowsPowerShell\Modules\Pester\5.7.1\Pester.ps1 : ligne 3
à &lt;ScriptBlock&gt;, C:\Users\user\Documents\WindowsPowerShell\Modules\Pester\5.7.1\Pester.psm1 : ligne 3260
à Invoke-InNewScriptScope, C:\Users\user\Documents\WindowsPowerShell\Modules\Pester\5.7.1\Pester.psm1 : ligne 3267
à Run-Test, C:\Users\user\Documents\WindowsPowerShell\Modules\Pester\5.7.1\Pester.psm1 : ligne 1691
à Invoke-Test, C:\Users\user\Documents\WindowsPowerShell\Modules\Pester\5.7.1\Pester.psm1 : ligne 2512
à Invoke-Pester&lt;End&gt;, C:\Users\user\Documents\WindowsPowerShell\Modules\Pester\5.7.1\Pester.psm1 : ligne 4960
à &lt;ScriptBlock&gt;, D:\DO\WEB\N8N_tests\PROJETS\EMAIL_SENDER_1\tools\scripts\roadmap-parser\module\Tests\Invoke-AllTests.ps1 : ligne 86
à &lt;ScriptBlock&gt;, &lt;Aucun fichier&gt; : ligne 1</stack-trace>
                    </failure>
                  </test-case>
                </results>
              </test-suite>
              <test-suite type="TestFixture" name="Test-Custom.Validation avec ValidationScript" executed="True" result="Failure" success="False" time="1.7852" asserts="0" description="Test-Custom.Validation avec ValidationScript">
                <results>
                  <test-case description="Devrait retourner True pour une valeur valide" name="Test-Custom.Validation avec ValidationScript.Devrait retourner True pour une valeur valide" time="0.2269" asserts="0" success="False" result="Failure" executed="True">
                    <failure>
                      <message>CommandNotFoundException: Le terme « Test-Custom » n'est pas reconnu comme nom d'applet de commande, fonction, fichier de script ou programme exécutable. Vérifiez l'orthographe du nom, ou si un chemin d'accès existe, vérifiez que le chemin d'accès est correct et réessayez.</message>
                      <stack-trace>à &lt;ScriptBlock&gt;, D:\DO\WEB\N8N_tests\PROJETS\EMAIL_SENDER_1\tools\scripts\roadmap-parser\module\Tests\Validation\Test-Custom.Tests.ps1 : ligne 26
à &lt;ScriptBlock&gt;, C:\Users\user\Documents\WindowsPowerShell\Modules\Pester\5.7.1\Pester.psm1 : ligne 2024
à &lt;ScriptBlock&gt;, C:\Users\user\Documents\WindowsPowerShell\Modules\Pester\5.7.1\Pester.psm1 : ligne 1985
à Invoke-ScriptBlock, C:\Users\user\Documents\WindowsPowerShell\Modules\Pester\5.7.1\Pester.psm1 : ligne 2157
à Invoke-TestItem, C:\Users\user\Documents\WindowsPowerShell\Modules\Pester\5.7.1\Pester.psm1 : ligne 1199
à Invoke-Block, C:\Users\user\Documents\WindowsPowerShell\Modules\Pester\5.7.1\Pester.psm1 : ligne 835
à &lt;ScriptBlock&gt;, C:\Users\user\Documents\WindowsPowerShell\Modules\Pester\5.7.1\Pester.psm1 : ligne 893
à &lt;ScriptBlock&gt;, C:\Users\user\Documents\WindowsPowerShell\Modules\Pester\5.7.1\Pester.psm1 : ligne 2024
à &lt;ScriptBlock&gt;, C:\Users\user\Documents\WindowsPowerShell\Modules\Pester\5.7.1\Pester.psm1 : ligne 1985
à Invoke-ScriptBlock, C:\Users\user\Documents\WindowsPowerShell\Modules\Pester\5.7.1\Pester.psm1 : ligne 2160
à Invoke-Block, C:\Users\user\Documents\WindowsPowerShell\Modules\Pester\5.7.1\Pester.psm1 : ligne 940
à &lt;ScriptBlock&gt;, C:\Users\user\Documents\WindowsPowerShell\Modules\Pester\5.7.1\Pester.psm1 : ligne 893
à &lt;ScriptBlock&gt;, C:\Users\user\Documents\WindowsPowerShell\Modules\Pester\5.7.1\Pester.psm1 : ligne 2024
à &lt;ScriptBlock&gt;, C:\Users\user\Documents\WindowsPowerShell\Modules\Pester\5.7.1\Pester.psm1 : ligne 1985
à Invoke-ScriptBlock, C:\Users\user\Documents\WindowsPowerShell\Modules\Pester\5.7.1\Pester.psm1 : ligne 2160
à Invoke-Block, C:\Users\user\Documents\WindowsPowerShell\Modules\Pester\5.7.1\Pester.psm1 : ligne 940
à &lt;ScriptBlock&gt;, C:\Users\user\Documents\WindowsPowerShell\Modules\Pester\5.7.1\Pester.psm1 : ligne 893
à &lt;ScriptBlock&gt;, C:\Users\user\Documents\WindowsPowerShell\Modules\Pester\5.7.1\Pester.psm1 : ligne 2024
à &lt;ScriptBlock&gt;, C:\Users\user\Documents\WindowsPowerShell\Modules\Pester\5.7.1\Pester.psm1 : ligne 1985
à Invoke-ScriptBlock, C:\Users\user\Documents\WindowsPowerShell\Modules\Pester\5.7.1\Pester.psm1 : ligne 2160
à Invoke-Block, C:\Users\user\Documents\WindowsPowerShell\Modules\Pester\5.7.1\Pester.psm1 : ligne 940
à &lt;ScriptBlock&gt;, C:\Users\user\Documents\WindowsPowerShell\Modules\Pester\5.7.1\Pester.psm1 : ligne 1688
à &lt;ScriptBlock&gt;, C:\Users\user\Documents\WindowsPowerShell\Modules\Pester\5.7.1\Pester.ps1 : ligne 3
à &lt;ScriptBlock&gt;, C:\Users\user\Documents\WindowsPowerShell\Modules\Pester\5.7.1\Pester.psm1 : ligne 3260
à Invoke-InNewScriptScope, C:\Users\user\Documents\WindowsPowerShell\Modules\Pester\5.7.1\Pester.psm1 : ligne 3267
à Run-Test, C:\Users\user\Documents\WindowsPowerShell\Modules\Pester\5.7.1\Pester.psm1 : ligne 1691
à Invoke-Test, C:\Users\user\Documents\WindowsPowerShell\Modules\Pester\5.7.1\Pester.psm1 : ligne 2512
à Invoke-Pester&lt;End&gt;, C:\Users\user\Documents\WindowsPowerShell\Modules\Pester\5.7.1\Pester.psm1 : ligne 4960
à &lt;ScriptBlock&gt;, D:\DO\WEB\N8N_tests\PROJETS\EMAIL_SENDER_1\tools\scripts\roadmap-parser\module\Tests\Invoke-AllTests.ps1 : ligne 86
à &lt;ScriptBlock&gt;, &lt;Aucun fichier&gt; : ligne 1</stack-trace>
                    </failure>
                  </test-case>
                  <test-case description="Devrait retourner False pour une valeur invalide" name="Test-Custom.Validation avec ValidationScript.Devrait retourner False pour une valeur invalide" time="0.2254" asserts="0" success="False" result="Failure" executed="True">
                    <failure>
                      <message>CommandNotFoundException: Le terme « Test-Custom » n'est pas reconnu comme nom d'applet de commande, fonction, fichier de script ou programme exécutable. Vérifiez l'orthographe du nom, ou si un chemin d'accès existe, vérifiez que le chemin d'accès est correct et réessayez.</message>
                      <stack-trace>à &lt;ScriptBlock&gt;, D:\DO\WEB\N8N_tests\PROJETS\EMAIL_SENDER_1\tools\scripts\roadmap-parser\module\Tests\Validation\Test-Custom.Tests.ps1 : ligne 30
à &lt;ScriptBlock&gt;, C:\Users\user\Documents\WindowsPowerShell\Modules\Pester\5.7.1\Pester.psm1 : ligne 2024
à &lt;ScriptBlock&gt;, C:\Users\user\Documents\WindowsPowerShell\Modules\Pester\5.7.1\Pester.psm1 : ligne 1985
à Invoke-ScriptBlock, C:\Users\user\Documents\WindowsPowerShell\Modules\Pester\5.7.1\Pester.psm1 : ligne 2157
à Invoke-TestItem, C:\Users\user\Documents\WindowsPowerShell\Modules\Pester\5.7.1\Pester.psm1 : ligne 1199
à Invoke-Block, C:\Users\user\Documents\WindowsPowerShell\Modules\Pester\5.7.1\Pester.psm1 : ligne 835
à &lt;ScriptBlock&gt;, C:\Users\user\Documents\WindowsPowerShell\Modules\Pester\5.7.1\Pester.psm1 : ligne 893
à &lt;ScriptBlock&gt;, C:\Users\user\Documents\WindowsPowerShell\Modules\Pester\5.7.1\Pester.psm1 : ligne 2024
à &lt;ScriptBlock&gt;, C:\Users\user\Documents\WindowsPowerShell\Modules\Pester\5.7.1\Pester.psm1 : ligne 1985
à Invoke-ScriptBlock, C:\Users\user\Documents\WindowsPowerShell\Modules\Pester\5.7.1\Pester.psm1 : ligne 2160
à Invoke-Block, C:\Users\user\Documents\WindowsPowerShell\Modules\Pester\5.7.1\Pester.psm1 : ligne 940
à &lt;ScriptBlock&gt;, C:\Users\user\Documents\WindowsPowerShell\Modules\Pester\5.7.1\Pester.psm1 : ligne 893
à &lt;ScriptBlock&gt;, C:\Users\user\Documents\WindowsPowerShell\Modules\Pester\5.7.1\Pester.psm1 : ligne 2024
à &lt;ScriptBlock&gt;, C:\Users\user\Documents\WindowsPowerShell\Modules\Pester\5.7.1\Pester.psm1 : ligne 1985
à Invoke-ScriptBlock, C:\Users\user\Documents\WindowsPowerShell\Modules\Pester\5.7.1\Pester.psm1 : ligne 2160
à Invoke-Block, C:\Users\user\Documents\WindowsPowerShell\Modules\Pester\5.7.1\Pester.psm1 : ligne 940
à &lt;ScriptBlock&gt;, C:\Users\user\Documents\WindowsPowerShell\Modules\Pester\5.7.1\Pester.psm1 : ligne 893
à &lt;ScriptBlock&gt;, C:\Users\user\Documents\WindowsPowerShell\Modules\Pester\5.7.1\Pester.psm1 : ligne 2024
à &lt;ScriptBlock&gt;, C:\Users\user\Documents\WindowsPowerShell\Modules\Pester\5.7.1\Pester.psm1 : ligne 1985
à Invoke-ScriptBlock, C:\Users\user\Documents\WindowsPowerShell\Modules\Pester\5.7.1\Pester.psm1 : ligne 2160
à Invoke-Block, C:\Users\user\Documents\WindowsPowerShell\Modules\Pester\5.7.1\Pester.psm1 : ligne 940
à &lt;ScriptBlock&gt;, C:\Users\user\Documents\WindowsPowerShell\Modules\Pester\5.7.1\Pester.psm1 : ligne 1688
à &lt;ScriptBlock&gt;, C:\Users\user\Documents\WindowsPowerShell\Modules\Pester\5.7.1\Pester.ps1 : ligne 3
à &lt;ScriptBlock&gt;, C:\Users\user\Documents\WindowsPowerShell\Modules\Pester\5.7.1\Pester.psm1 : ligne 3260
à Invoke-InNewScriptScope, C:\Users\user\Documents\WindowsPowerShell\Modules\Pester\5.7.1\Pester.psm1 : ligne 3267
à Run-Test, C:\Users\user\Documents\WindowsPowerShell\Modules\Pester\5.7.1\Pester.psm1 : ligne 1691
à Invoke-Test, C:\Users\user\Documents\WindowsPowerShell\Modules\Pester\5.7.1\Pester.psm1 : ligne 2512
à Invoke-Pester&lt;End&gt;, C:\Users\user\Documents\WindowsPowerShell\Modules\Pester\5.7.1\Pester.psm1 : ligne 4960
à &lt;ScriptBlock&gt;, D:\DO\WEB\N8N_tests\PROJETS\EMAIL_SENDER_1\tools\scripts\roadmap-parser\module\Tests\Invoke-AllTests.ps1 : ligne 86
à &lt;ScriptBlock&gt;, &lt;Aucun fichier&gt; : ligne 1</stack-trace>
                    </failure>
                  </test-case>
                </results>
              </test-suite>
              <test-suite type="TestFixture" name="Test-Custom.Validation avec ThrowOnFailure" executed="True" result="Failure" success="False" time="2.6052" asserts="0" description="Test-Custom.Validation avec ThrowOnFailure">
                <results>
                  <test-case description="Devrait lever une exception en cas d'Ã©chec avec ThrowOnFailure" name="Test-Custom.Validation avec ThrowOnFailure.Devrait lever une exception en cas d'Ã©chec avec ThrowOnFailure" time="0.3584" asserts="0" success="True" result="Success" executed="True" />
                  <test-case description="Ne devrait pas lever d'exception en cas de succÃ¨s avec ThrowOnFailure" name="Test-Custom.Validation avec ThrowOnFailure.Ne devrait pas lever d'exception en cas de succÃ¨s avec ThrowOnFailure" time="0.3302" asserts="0" success="False" result="Failure" executed="True">
                    <failure>
                      <message>Expected no exception to be thrown, but an exception "Le terme « Test-Custom » n'est pas reconnu comme nom d'applet de commande, fonction, fichier de script ou programme exécutable. Vérifiez l'orthographe du nom, ou si un chemin d'accès existe, vérifiez que le chemin d'accès est correct et réessayez." was thrown Au caractère D:\DO\WEB\N8N_tests\PROJETS\EMAIL_SENDER_1\tools\scripts\roadmap-parser\module\Tests\Validation\Test-Custom.Tests.ps1:40 : 15
    +             { Test-Custom -Value 42 -ValidationFunction { param($val) ...
    +               ~~~~~~~~~~~.</message>
                      <stack-trace>at { Test-Custom -Value 42 -ValidationFunction { param($val) $val -gt 0 -and $val -lt 100 } -ThrowOnFailure } | Should -Not -Throw, D:\DO\WEB\N8N_tests\PROJETS\EMAIL_SENDER_1\tools\scripts\roadmap-parser\module\Tests\Validation\Test-Custom.Tests.ps1:40
à Invoke-Assertion, C:\Users\user\Documents\WindowsPowerShell\Modules\Pester\5.7.1\Pester.psm1 : ligne 8250
à Should&lt;End&gt;, C:\Users\user\Documents\WindowsPowerShell\Modules\Pester\5.7.1\Pester.psm1 : ligne 8193
à &lt;ScriptBlock&gt;, D:\DO\WEB\N8N_tests\PROJETS\EMAIL_SENDER_1\tools\scripts\roadmap-parser\module\Tests\Validation\Test-Custom.Tests.ps1 : ligne 40
à &lt;ScriptBlock&gt;, C:\Users\user\Documents\WindowsPowerShell\Modules\Pester\5.7.1\Pester.psm1 : ligne 2024
à &lt;ScriptBlock&gt;, C:\Users\user\Documents\WindowsPowerShell\Modules\Pester\5.7.1\Pester.psm1 : ligne 1985
à Invoke-ScriptBlock, C:\Users\user\Documents\WindowsPowerShell\Modules\Pester\5.7.1\Pester.psm1 : ligne 2157
à Invoke-TestItem, C:\Users\user\Documents\WindowsPowerShell\Modules\Pester\5.7.1\Pester.psm1 : ligne 1199
à Invoke-Block, C:\Users\user\Documents\WindowsPowerShell\Modules\Pester\5.7.1\Pester.psm1 : ligne 835
à &lt;ScriptBlock&gt;, C:\Users\user\Documents\WindowsPowerShell\Modules\Pester\5.7.1\Pester.psm1 : ligne 893
à &lt;ScriptBlock&gt;, C:\Users\user\Documents\WindowsPowerShell\Modules\Pester\5.7.1\Pester.psm1 : ligne 2024
à &lt;ScriptBlock&gt;, C:\Users\user\Documents\WindowsPowerShell\Modules\Pester\5.7.1\Pester.psm1 : ligne 1985
à Invoke-ScriptBlock, C:\Users\user\Documents\WindowsPowerShell\Modules\Pester\5.7.1\Pester.psm1 : ligne 2160
à Invoke-Block, C:\Users\user\Documents\WindowsPowerShell\Modules\Pester\5.7.1\Pester.psm1 : ligne 940
à &lt;ScriptBlock&gt;, C:\Users\user\Documents\WindowsPowerShell\Modules\Pester\5.7.1\Pester.psm1 : ligne 893
à &lt;ScriptBlock&gt;, C:\Users\user\Documents\WindowsPowerShell\Modules\Pester\5.7.1\Pester.psm1 : ligne 2024
à &lt;ScriptBlock&gt;, C:\Users\user\Documents\WindowsPowerShell\Modules\Pester\5.7.1\Pester.psm1 : ligne 1985
à Invoke-ScriptBlock, C:\Users\user\Documents\WindowsPowerShell\Modules\Pester\5.7.1\Pester.psm1 : ligne 2160
à Invoke-Block, C:\Users\user\Documents\WindowsPowerShell\Modules\Pester\5.7.1\Pester.psm1 : ligne 940
à &lt;ScriptBlock&gt;, C:\Users\user\Documents\WindowsPowerShell\Modules\Pester\5.7.1\Pester.psm1 : ligne 893
à &lt;ScriptBlock&gt;, C:\Users\user\Documents\WindowsPowerShell\Modules\Pester\5.7.1\Pester.psm1 : ligne 2024
à &lt;ScriptBlock&gt;, C:\Users\user\Documents\WindowsPowerShell\Modules\Pester\5.7.1\Pester.psm1 : ligne 1985
à Invoke-ScriptBlock, C:\Users\user\Documents\WindowsPowerShell\Modules\Pester\5.7.1\Pester.psm1 : ligne 2160
à Invoke-Block, C:\Users\user\Documents\WindowsPowerShell\Modules\Pester\5.7.1\Pester.psm1 : ligne 940
à &lt;ScriptBlock&gt;, C:\Users\user\Documents\WindowsPowerShell\Modules\Pester\5.7.1\Pester.psm1 : ligne 1688
à &lt;ScriptBlock&gt;, C:\Users\user\Documents\WindowsPowerShell\Modules\Pester\5.7.1\Pester.ps1 : ligne 3
à &lt;ScriptBlock&gt;, C:\Users\user\Documents\WindowsPowerShell\Modules\Pester\5.7.1\Pester.psm1 : ligne 3260
à Invoke-InNewScriptScope, C:\Users\user\Documents\WindowsPowerShell\Modules\Pester\5.7.1\Pester.psm1 : ligne 3267
à Run-Test, C:\Users\user\Documents\WindowsPowerShell\Modules\Pester\5.7.1\Pester.psm1 : ligne 1691
à Invoke-Test, C:\Users\user\Documents\WindowsPowerShell\Modules\Pester\5.7.1\Pester.psm1 : ligne 2512
à Invoke-Pester&lt;End&gt;, C:\Users\user\Documents\WindowsPowerShell\Modules\Pester\5.7.1\Pester.psm1 : ligne 4960
à &lt;ScriptBlock&gt;, D:\DO\WEB\N8N_tests\PROJETS\EMAIL_SENDER_1\tools\scripts\roadmap-parser\module\Tests\Invoke-AllTests.ps1 : ligne 86
à &lt;ScriptBlock&gt;, &lt;Aucun fichier&gt; : ligne 1</stack-trace>
                    </failure>
                  </test-case>
                </results>
              </test-suite>
              <test-suite type="TestFixture" name="Test-Custom.Validation avec message d'erreur personnalisÃ©" executed="True" result="Failure" success="False" time="3.3337" asserts="0" description="Test-Custom.Validation avec message d'erreur personnalisÃ©">
                <results>
                  <test-case description="Devrait utiliser le message d'erreur personnalisÃ© en cas d'Ã©chec" name="Test-Custom.Validation avec message d'erreur personnalisÃ©.Devrait utiliser le message d'erreur personnalisÃ© en cas d'Ã©chec" time="0.5785" asserts="0" success="False" result="Failure" executed="True">
                    <failure>
                      <message>Expected strings to be the same, but they were different.
Expected length: 30
Actual length:   247
Strings differ at index 0.
Expected: 'Message d'erreur personnalisÃ©'
But was:  'Le terme « Test-Custom » n'est pas reconnu comme nom d'applet de commande, fonction, ...'
           ^</message>
                      <stack-trace>at $exceptionMessage | Should -Be $customErrorMessage, D:\DO\WEB\N8N_tests\PROJETS\EMAIL_SENDER_1\tools\scripts\roadmap-parser\module\Tests\Validation\Test-Custom.Tests.ps1:55
à Invoke-Assertion, C:\Users\user\Documents\WindowsPowerShell\Modules\Pester\5.7.1\Pester.psm1 : ligne 8250
à Should&lt;End&gt;, C:\Users\user\Documents\WindowsPowerShell\Modules\Pester\5.7.1\Pester.psm1 : ligne 8189
à &lt;ScriptBlock&gt;, D:\DO\WEB\N8N_tests\PROJETS\EMAIL_SENDER_1\tools\scripts\roadmap-parser\module\Tests\Validation\Test-Custom.Tests.ps1 : ligne 55
à &lt;ScriptBlock&gt;, C:\Users\user\Documents\WindowsPowerShell\Modules\Pester\5.7.1\Pester.psm1 : ligne 2024
à &lt;ScriptBlock&gt;, C:\Users\user\Documents\WindowsPowerShell\Modules\Pester\5.7.1\Pester.psm1 : ligne 1985
à Invoke-ScriptBlock, C:\Users\user\Documents\WindowsPowerShell\Modules\Pester\5.7.1\Pester.psm1 : ligne 2157
à Invoke-TestItem, C:\Users\user\Documents\WindowsPowerShell\Modules\Pester\5.7.1\Pester.psm1 : ligne 1199
à Invoke-Block, C:\Users\user\Documents\WindowsPowerShell\Modules\Pester\5.7.1\Pester.psm1 : ligne 835
à &lt;ScriptBlock&gt;, C:\Users\user\Documents\WindowsPowerShell\Modules\Pester\5.7.1\Pester.psm1 : ligne 893
à &lt;ScriptBlock&gt;, C:\Users\user\Documents\WindowsPowerShell\Modules\Pester\5.7.1\Pester.psm1 : ligne 2024
à &lt;ScriptBlock&gt;, C:\Users\user\Documents\WindowsPowerShell\Modules\Pester\5.7.1\Pester.psm1 : ligne 1985
à Invoke-ScriptBlock, C:\Users\user\Documents\WindowsPowerShell\Modules\Pester\5.7.1\Pester.psm1 : ligne 2160
à Invoke-Block, C:\Users\user\Documents\WindowsPowerShell\Modules\Pester\5.7.1\Pester.psm1 : ligne 940
à &lt;ScriptBlock&gt;, C:\Users\user\Documents\WindowsPowerShell\Modules\Pester\5.7.1\Pester.psm1 : ligne 893
à &lt;ScriptBlock&gt;, C:\Users\user\Documents\WindowsPowerShell\Modules\Pester\5.7.1\Pester.psm1 : ligne 2024
à &lt;ScriptBlock&gt;, C:\Users\user\Documents\WindowsPowerShell\Modules\Pester\5.7.1\Pester.psm1 : ligne 1985
à Invoke-ScriptBlock, C:\Users\user\Documents\WindowsPowerShell\Modules\Pester\5.7.1\Pester.psm1 : ligne 2160
à Invoke-Block, C:\Users\user\Documents\WindowsPowerShell\Modules\Pester\5.7.1\Pester.psm1 : ligne 940
à &lt;ScriptBlock&gt;, C:\Users\user\Documents\WindowsPowerShell\Modules\Pester\5.7.1\Pester.psm1 : ligne 893
à &lt;ScriptBlock&gt;, C:\Users\user\Documents\WindowsPowerShell\Modules\Pester\5.7.1\Pester.psm1 : ligne 2024
à &lt;ScriptBlock&gt;, C:\Users\user\Documents\WindowsPowerShell\Modules\Pester\5.7.1\Pester.psm1 : ligne 1985
à Invoke-ScriptBlock, C:\Users\user\Documents\WindowsPowerShell\Modules\Pester\5.7.1\Pester.psm1 : ligne 2160
à Invoke-Block, C:\Users\user\Documents\WindowsPowerShell\Modules\Pester\5.7.1\Pester.psm1 : ligne 940
à &lt;ScriptBlock&gt;, C:\Users\user\Documents\WindowsPowerShell\Modules\Pester\5.7.1\Pester.psm1 : ligne 1688
à &lt;ScriptBlock&gt;, C:\Users\user\Documents\WindowsPowerShell\Modules\Pester\5.7.1\Pester.ps1 : ligne 3
à &lt;ScriptBlock&gt;, C:\Users\user\Documents\WindowsPowerShell\Modules\Pester\5.7.1\Pester.psm1 : ligne 3260
à Invoke-InNewScriptScope, C:\Users\user\Documents\WindowsPowerShell\Modules\Pester\5.7.1\Pester.psm1 : ligne 3267
à Run-Test, C:\Users\user\Documents\WindowsPowerShell\Modules\Pester\5.7.1\Pester.psm1 : ligne 1691
à Invoke-Test, C:\Users\user\Documents\WindowsPowerShell\Modules\Pester\5.7.1\Pester.psm1 : ligne 2512
à Invoke-Pester&lt;End&gt;, C:\Users\user\Documents\WindowsPowerShell\Modules\Pester\5.7.1\Pester.psm1 : ligne 4960
à &lt;ScriptBlock&gt;, D:\DO\WEB\N8N_tests\PROJETS\EMAIL_SENDER_1\tools\scripts\roadmap-parser\module\Tests\Invoke-AllTests.ps1 : ligne 86
à &lt;ScriptBlock&gt;, &lt;Aucun fichier&gt; : ligne 1</stack-trace>
                    </failure>
                  </test-case>
                </results>
              </test-suite>
              <test-suite type="TestFixture" name="Test-Custom.Gestion des erreurs dans la fonction de validation" executed="True" result="Failure" success="False" time="4.0475" asserts="0" description="Test-Custom.Gestion des erreurs dans la fonction de validation">
                <results>
                  <test-case description="Devrait retourner False si la fonction de validation lÃ¨ve une exception" name="Test-Custom.Gestion des erreurs dans la fonction de validation.Devrait retourner False si la fonction de validation lÃ¨ve une exception" time="0.2838" asserts="0" success="False" result="Failure" executed="True">
                    <failure>
                      <message>CommandNotFoundException: Le terme « Test-Custom » n'est pas reconnu comme nom d'applet de commande, fonction, fichier de script ou programme exécutable. Vérifiez l'orthographe du nom, ou si un chemin d'accès existe, vérifiez que le chemin d'accès est correct et réessayez.</message>
                      <stack-trace>à &lt;ScriptBlock&gt;, D:\DO\WEB\N8N_tests\PROJETS\EMAIL_SENDER_1\tools\scripts\roadmap-parser\module\Tests\Validation\Test-Custom.Tests.ps1 : ligne 61
à &lt;ScriptBlock&gt;, C:\Users\user\Documents\WindowsPowerShell\Modules\Pester\5.7.1\Pester.psm1 : ligne 2024
à &lt;ScriptBlock&gt;, C:\Users\user\Documents\WindowsPowerShell\Modules\Pester\5.7.1\Pester.psm1 : ligne 1985
à Invoke-ScriptBlock, C:\Users\user\Documents\WindowsPowerShell\Modules\Pester\5.7.1\Pester.psm1 : ligne 2157
à Invoke-TestItem, C:\Users\user\Documents\WindowsPowerShell\Modules\Pester\5.7.1\Pester.psm1 : ligne 1199
à Invoke-Block, C:\Users\user\Documents\WindowsPowerShell\Modules\Pester\5.7.1\Pester.psm1 : ligne 835
à &lt;ScriptBlock&gt;, C:\Users\user\Documents\WindowsPowerShell\Modules\Pester\5.7.1\Pester.psm1 : ligne 893
à &lt;ScriptBlock&gt;, C:\Users\user\Documents\WindowsPowerShell\Modules\Pester\5.7.1\Pester.psm1 : ligne 2024
à &lt;ScriptBlock&gt;, C:\Users\user\Documents\WindowsPowerShell\Modules\Pester\5.7.1\Pester.psm1 : ligne 1985
à Invoke-ScriptBlock, C:\Users\user\Documents\WindowsPowerShell\Modules\Pester\5.7.1\Pester.psm1 : ligne 2160
à Invoke-Block, C:\Users\user\Documents\WindowsPowerShell\Modules\Pester\5.7.1\Pester.psm1 : ligne 940
à &lt;ScriptBlock&gt;, C:\Users\user\Documents\WindowsPowerShell\Modules\Pester\5.7.1\Pester.psm1 : ligne 893
à &lt;ScriptBlock&gt;, C:\Users\user\Documents\WindowsPowerShell\Modules\Pester\5.7.1\Pester.psm1 : ligne 2024
à &lt;ScriptBlock&gt;, C:\Users\user\Documents\WindowsPowerShell\Modules\Pester\5.7.1\Pester.psm1 : ligne 1985
à Invoke-ScriptBlock, C:\Users\user\Documents\WindowsPowerShell\Modules\Pester\5.7.1\Pester.psm1 : ligne 2160
à Invoke-Block, C:\Users\user\Documents\WindowsPowerShell\Modules\Pester\5.7.1\Pester.psm1 : ligne 940
à &lt;ScriptBlock&gt;, C:\Users\user\Documents\WindowsPowerShell\Modules\Pester\5.7.1\Pester.psm1 : ligne 893
à &lt;ScriptBlock&gt;, C:\Users\user\Documents\WindowsPowerShell\Modules\Pester\5.7.1\Pester.psm1 : ligne 2024
à &lt;ScriptBlock&gt;, C:\Users\user\Documents\WindowsPowerShell\Modules\Pester\5.7.1\Pester.psm1 : ligne 1985
à Invoke-ScriptBlock, C:\Users\user\Documents\WindowsPowerShell\Modules\Pester\5.7.1\Pester.psm1 : ligne 2160
à Invoke-Block, C:\Users\user\Documents\WindowsPowerShell\Modules\Pester\5.7.1\Pester.psm1 : ligne 940
à &lt;ScriptBlock&gt;, C:\Users\user\Documents\WindowsPowerShell\Modules\Pester\5.7.1\Pester.psm1 : ligne 1688
à &lt;ScriptBlock&gt;, C:\Users\user\Documents\WindowsPowerShell\Modules\Pester\5.7.1\Pester.ps1 : ligne 3
à &lt;ScriptBlock&gt;, C:\Users\user\Documents\WindowsPowerShell\Modules\Pester\5.7.1\Pester.psm1 : ligne 3260
à Invoke-InNewScriptScope, C:\Users\user\Documents\WindowsPowerShell\Modules\Pester\5.7.1\Pester.psm1 : ligne 3267
à Run-Test, C:\Users\user\Documents\WindowsPowerShell\Modules\Pester\5.7.1\Pester.psm1 : ligne 1691
à Invoke-Test, C:\Users\user\Documents\WindowsPowerShell\Modules\Pester\5.7.1\Pester.psm1 : ligne 2512
à Invoke-Pester&lt;End&gt;, C:\Users\user\Documents\WindowsPowerShell\Modules\Pester\5.7.1\Pester.psm1 : ligne 4960
à &lt;ScriptBlock&gt;, D:\DO\WEB\N8N_tests\PROJETS\EMAIL_SENDER_1\tools\scripts\roadmap-parser\module\Tests\Invoke-AllTests.ps1 : ligne 86
à &lt;ScriptBlock&gt;, &lt;Aucun fichier&gt; : ligne 1</stack-trace>
                    </failure>
                  </test-case>
                  <test-case description="Devrait utiliser un message d'erreur par dÃ©faut si la fonction de validation lÃ¨ve une exception" name="Test-Custom.Gestion des erreurs dans la fonction de validation.Devrait utiliser un message d'erreur par dÃ©faut si la fonction de validation lÃ¨ve une exception" time="0.3003" asserts="0" success="False" result="Failure" executed="True">
                    <failure>
                      <message>Expected regular expression 'Erreur lors de l'exÃ©cution de la validation personnalisÃ©e' to match 'Le terme « Test-Custom » n'est pas reconnu comme nom d'applet de commande, fonction, fichier de script ou programme exécutable. Vérifiez l'orthographe du nom, ou si un chemin d'accès existe, vérifiez que le chemin d'accès est correct et réessayez.', but it did not match.</message>
                      <stack-trace>at $exceptionMessage | Should -Match "Erreur lors de l'exÃ©cution de la validation personnalisÃ©e", D:\DO\WEB\N8N_tests\PROJETS\EMAIL_SENDER_1\tools\scripts\roadmap-parser\module\Tests\Validation\Test-Custom.Tests.ps1:73
à Invoke-Assertion, C:\Users\user\Documents\WindowsPowerShell\Modules\Pester\5.7.1\Pester.psm1 : ligne 8250
à Should&lt;End&gt;, C:\Users\user\Documents\WindowsPowerShell\Modules\Pester\5.7.1\Pester.psm1 : ligne 8193
à &lt;ScriptBlock&gt;, D:\DO\WEB\N8N_tests\PROJETS\EMAIL_SENDER_1\tools\scripts\roadmap-parser\module\Tests\Validation\Test-Custom.Tests.ps1 : ligne 73
à &lt;ScriptBlock&gt;, C:\Users\user\Documents\WindowsPowerShell\Modules\Pester\5.7.1\Pester.psm1 : ligne 2024
à &lt;ScriptBlock&gt;, C:\Users\user\Documents\WindowsPowerShell\Modules\Pester\5.7.1\Pester.psm1 : ligne 1985
à Invoke-ScriptBlock, C:\Users\user\Documents\WindowsPowerShell\Modules\Pester\5.7.1\Pester.psm1 : ligne 2157
à Invoke-TestItem, C:\Users\user\Documents\WindowsPowerShell\Modules\Pester\5.7.1\Pester.psm1 : ligne 1199
à Invoke-Block, C:\Users\user\Documents\WindowsPowerShell\Modules\Pester\5.7.1\Pester.psm1 : ligne 835
à &lt;ScriptBlock&gt;, C:\Users\user\Documents\WindowsPowerShell\Modules\Pester\5.7.1\Pester.psm1 : ligne 893
à &lt;ScriptBlock&gt;, C:\Users\user\Documents\WindowsPowerShell\Modules\Pester\5.7.1\Pester.psm1 : ligne 2024
à &lt;ScriptBlock&gt;, C:\Users\user\Documents\WindowsPowerShell\Modules\Pester\5.7.1\Pester.psm1 : ligne 1985
à Invoke-ScriptBlock, C:\Users\user\Documents\WindowsPowerShell\Modules\Pester\5.7.1\Pester.psm1 : ligne 2160
à Invoke-Block, C:\Users\user\Documents\WindowsPowerShell\Modules\Pester\5.7.1\Pester.psm1 : ligne 940
à &lt;ScriptBlock&gt;, C:\Users\user\Documents\WindowsPowerShell\Modules\Pester\5.7.1\Pester.psm1 : ligne 893
à &lt;ScriptBlock&gt;, C:\Users\user\Documents\WindowsPowerShell\Modules\Pester\5.7.1\Pester.psm1 : ligne 2024
à &lt;ScriptBlock&gt;, C:\Users\user\Documents\WindowsPowerShell\Modules\Pester\5.7.1\Pester.psm1 : ligne 1985
à Invoke-ScriptBlock, C:\Users\user\Documents\WindowsPowerShell\Modules\Pester\5.7.1\Pester.psm1 : ligne 2160
à Invoke-Block, C:\Users\user\Documents\WindowsPowerShell\Modules\Pester\5.7.1\Pester.psm1 : ligne 940
à &lt;ScriptBlock&gt;, C:\Users\user\Documents\WindowsPowerShell\Modules\Pester\5.7.1\Pester.psm1 : ligne 893
à &lt;ScriptBlock&gt;, C:\Users\user\Documents\WindowsPowerShell\Modules\Pester\5.7.1\Pester.psm1 : ligne 2024
à &lt;ScriptBlock&gt;, C:\Users\user\Documents\WindowsPowerShell\Modules\Pester\5.7.1\Pester.psm1 : ligne 1985
à Invoke-ScriptBlock, C:\Users\user\Documents\WindowsPowerShell\Modules\Pester\5.7.1\Pester.psm1 : ligne 2160
à Invoke-Block, C:\Users\user\Documents\WindowsPowerShell\Modules\Pester\5.7.1\Pester.psm1 : ligne 940
à &lt;ScriptBlock&gt;, C:\Users\user\Documents\WindowsPowerShell\Modules\Pester\5.7.1\Pester.psm1 : ligne 1688
à &lt;ScriptBlock&gt;, C:\Users\user\Documents\WindowsPowerShell\Modules\Pester\5.7.1\Pester.ps1 : ligne 3
à &lt;ScriptBlock&gt;, C:\Users\user\Documents\WindowsPowerShell\Modules\Pester\5.7.1\Pester.psm1 : ligne 3260
à Invoke-InNewScriptScope, C:\Users\user\Documents\WindowsPowerShell\Modules\Pester\5.7.1\Pester.psm1 : ligne 3267
à Run-Test, C:\Users\user\Documents\WindowsPowerShell\Modules\Pester\5.7.1\Pester.psm1 : ligne 1691
à Invoke-Test, C:\Users\user\Documents\WindowsPowerShell\Modules\Pester\5.7.1\Pester.psm1 : ligne 2512
à Invoke-Pester&lt;End&gt;, C:\Users\user\Documents\WindowsPowerShell\Modules\Pester\5.7.1\Pester.psm1 : ligne 4960
à &lt;ScriptBlock&gt;, D:\DO\WEB\N8N_tests\PROJETS\EMAIL_SENDER_1\tools\scripts\roadmap-parser\module\Tests\Invoke-AllTests.ps1 : ligne 86
à &lt;ScriptBlock&gt;, &lt;Aucun fichier&gt; : ligne 1</stack-trace>
                    </failure>
                  </test-case>
                </results>
              </test-suite>
            </results>
          </test-suite>
        </results>
      </test-suite>
      <test-suite type="TestFixture" name="D:\DO\WEB\N8N_tests\PROJETS\EMAIL_SENDER_1\tools\scripts\roadmap-parser\module\Tests\Validation\Test-DataType.Tests.ps1" executed="True" result="Failure" success="False" time="11.2329" asserts="0" description="D:\DO\WEB\N8N_tests\PROJETS\EMAIL_SENDER_1\tools\scripts\roadmap-parser\module\Tests\Validation\Test-DataType.Tests.ps1">
        <results>
          <test-suite type="TestFixture" name="Test-DataType" executed="True" result="Failure" success="False" time="10.4658" asserts="0" description="Test-DataType">
            <results>
              <test-suite type="TestFixture" name="Test-DataType.Validation de type String" executed="True" result="Failure" success="False" time="0.6248" asserts="0" description="Test-DataType.Validation de type String">
                <results>
                  <test-case description="Devrait retourner True pour une chaÃ®ne de caractÃ¨res" name="Test-DataType.Validation de type String.Devrait retourner True pour une chaÃ®ne de caractÃ¨res" time="0.2824" asserts="0" success="False" result="Failure" executed="True">
                    <failure>
                      <message>CommandNotFoundException: Le terme « Test-DataType » n'est pas reconnu comme nom d'applet de commande, fonction, fichier de script ou programme exécutable. Vérifiez l'orthographe du nom, ou si un chemin d'accès existe, vérifiez que le chemin d'accès est correct et réessayez.</message>
                      <stack-trace>à &lt;ScriptBlock&gt;, D:\DO\WEB\N8N_tests\PROJETS\EMAIL_SENDER_1\tools\scripts\roadmap-parser\module\Tests\Validation\Test-DataType.Tests.ps1 : ligne 16
à &lt;ScriptBlock&gt;, C:\Users\user\Documents\WindowsPowerShell\Modules\Pester\5.7.1\Pester.psm1 : ligne 2024
à &lt;ScriptBlock&gt;, C:\Users\user\Documents\WindowsPowerShell\Modules\Pester\5.7.1\Pester.psm1 : ligne 1985
à Invoke-ScriptBlock, C:\Users\user\Documents\WindowsPowerShell\Modules\Pester\5.7.1\Pester.psm1 : ligne 2157
à Invoke-TestItem, C:\Users\user\Documents\WindowsPowerShell\Modules\Pester\5.7.1\Pester.psm1 : ligne 1199
à Invoke-Block, C:\Users\user\Documents\WindowsPowerShell\Modules\Pester\5.7.1\Pester.psm1 : ligne 835
à &lt;ScriptBlock&gt;, C:\Users\user\Documents\WindowsPowerShell\Modules\Pester\5.7.1\Pester.psm1 : ligne 893
à &lt;ScriptBlock&gt;, C:\Users\user\Documents\WindowsPowerShell\Modules\Pester\5.7.1\Pester.psm1 : ligne 2024
à &lt;ScriptBlock&gt;, C:\Users\user\Documents\WindowsPowerShell\Modules\Pester\5.7.1\Pester.psm1 : ligne 1985
à Invoke-ScriptBlock, C:\Users\user\Documents\WindowsPowerShell\Modules\Pester\5.7.1\Pester.psm1 : ligne 2160
à Invoke-Block, C:\Users\user\Documents\WindowsPowerShell\Modules\Pester\5.7.1\Pester.psm1 : ligne 940
à &lt;ScriptBlock&gt;, C:\Users\user\Documents\WindowsPowerShell\Modules\Pester\5.7.1\Pester.psm1 : ligne 893
à &lt;ScriptBlock&gt;, C:\Users\user\Documents\WindowsPowerShell\Modules\Pester\5.7.1\Pester.psm1 : ligne 2024
à &lt;ScriptBlock&gt;, C:\Users\user\Documents\WindowsPowerShell\Modules\Pester\5.7.1\Pester.psm1 : ligne 1985
à Invoke-ScriptBlock, C:\Users\user\Documents\WindowsPowerShell\Modules\Pester\5.7.1\Pester.psm1 : ligne 2160
à Invoke-Block, C:\Users\user\Documents\WindowsPowerShell\Modules\Pester\5.7.1\Pester.psm1 : ligne 940
à &lt;ScriptBlock&gt;, C:\Users\user\Documents\WindowsPowerShell\Modules\Pester\5.7.1\Pester.psm1 : ligne 893
à &lt;ScriptBlock&gt;, C:\Users\user\Documents\WindowsPowerShell\Modules\Pester\5.7.1\Pester.psm1 : ligne 2024
à &lt;ScriptBlock&gt;, C:\Users\user\Documents\WindowsPowerShell\Modules\Pester\5.7.1\Pester.psm1 : ligne 1985
à Invoke-ScriptBlock, C:\Users\user\Documents\WindowsPowerShell\Modules\Pester\5.7.1\Pester.psm1 : ligne 2160
à Invoke-Block, C:\Users\user\Documents\WindowsPowerShell\Modules\Pester\5.7.1\Pester.psm1 : ligne 940
à &lt;ScriptBlock&gt;, C:\Users\user\Documents\WindowsPowerShell\Modules\Pester\5.7.1\Pester.psm1 : ligne 1688
à &lt;ScriptBlock&gt;, C:\Users\user\Documents\WindowsPowerShell\Modules\Pester\5.7.1\Pester.ps1 : ligne 3
à &lt;ScriptBlock&gt;, C:\Users\user\Documents\WindowsPowerShell\Modules\Pester\5.7.1\Pester.psm1 : ligne 3260
à Invoke-InNewScriptScope, C:\Users\user\Documents\WindowsPowerShell\Modules\Pester\5.7.1\Pester.psm1 : ligne 3267
à Run-Test, C:\Users\user\Documents\WindowsPowerShell\Modules\Pester\5.7.1\Pester.psm1 : ligne 1691
à Invoke-Test, C:\Users\user\Documents\WindowsPowerShell\Modules\Pester\5.7.1\Pester.psm1 : ligne 2512
à Invoke-Pester&lt;End&gt;, C:\Users\user\Documents\WindowsPowerShell\Modules\Pester\5.7.1\Pester.psm1 : ligne 4960
à &lt;ScriptBlock&gt;, D:\DO\WEB\N8N_tests\PROJETS\EMAIL_SENDER_1\tools\scripts\roadmap-parser\module\Tests\Invoke-AllTests.ps1 : ligne 86
à &lt;ScriptBlock&gt;, &lt;Aucun fichier&gt; : ligne 1</stack-trace>
                    </failure>
                  </test-case>
                  <test-case description="Devrait retourner False pour un entier" name="Test-DataType.Validation de type String.Devrait retourner False pour un entier" time="0.2166" asserts="0" success="False" result="Failure" executed="True">
                    <failure>
                      <message>CommandNotFoundException: Le terme « Test-DataType » n'est pas reconnu comme nom d'applet de commande, fonction, fichier de script ou programme exécutable. Vérifiez l'orthographe du nom, ou si un chemin d'accès existe, vérifiez que le chemin d'accès est correct et réessayez.</message>
                      <stack-trace>à &lt;ScriptBlock&gt;, D:\DO\WEB\N8N_tests\PROJETS\EMAIL_SENDER_1\tools\scripts\roadmap-parser\module\Tests\Validation\Test-DataType.Tests.ps1 : ligne 20
à &lt;ScriptBlock&gt;, C:\Users\user\Documents\WindowsPowerShell\Modules\Pester\5.7.1\Pester.psm1 : ligne 2024
à &lt;ScriptBlock&gt;, C:\Users\user\Documents\WindowsPowerShell\Modules\Pester\5.7.1\Pester.psm1 : ligne 1985
à Invoke-ScriptBlock, C:\Users\user\Documents\WindowsPowerShell\Modules\Pester\5.7.1\Pester.psm1 : ligne 2157
à Invoke-TestItem, C:\Users\user\Documents\WindowsPowerShell\Modules\Pester\5.7.1\Pester.psm1 : ligne 1199
à Invoke-Block, C:\Users\user\Documents\WindowsPowerShell\Modules\Pester\5.7.1\Pester.psm1 : ligne 835
à &lt;ScriptBlock&gt;, C:\Users\user\Documents\WindowsPowerShell\Modules\Pester\5.7.1\Pester.psm1 : ligne 893
à &lt;ScriptBlock&gt;, C:\Users\user\Documents\WindowsPowerShell\Modules\Pester\5.7.1\Pester.psm1 : ligne 2024
à &lt;ScriptBlock&gt;, C:\Users\user\Documents\WindowsPowerShell\Modules\Pester\5.7.1\Pester.psm1 : ligne 1985
à Invoke-ScriptBlock, C:\Users\user\Documents\WindowsPowerShell\Modules\Pester\5.7.1\Pester.psm1 : ligne 2160
à Invoke-Block, C:\Users\user\Documents\WindowsPowerShell\Modules\Pester\5.7.1\Pester.psm1 : ligne 940
à &lt;ScriptBlock&gt;, C:\Users\user\Documents\WindowsPowerShell\Modules\Pester\5.7.1\Pester.psm1 : ligne 893
à &lt;ScriptBlock&gt;, C:\Users\user\Documents\WindowsPowerShell\Modules\Pester\5.7.1\Pester.psm1 : ligne 2024
à &lt;ScriptBlock&gt;, C:\Users\user\Documents\WindowsPowerShell\Modules\Pester\5.7.1\Pester.psm1 : ligne 1985
à Invoke-ScriptBlock, C:\Users\user\Documents\WindowsPowerShell\Modules\Pester\5.7.1\Pester.psm1 : ligne 2160
à Invoke-Block, C:\Users\user\Documents\WindowsPowerShell\Modules\Pester\5.7.1\Pester.psm1 : ligne 940
à &lt;ScriptBlock&gt;, C:\Users\user\Documents\WindowsPowerShell\Modules\Pester\5.7.1\Pester.psm1 : ligne 893
à &lt;ScriptBlock&gt;, C:\Users\user\Documents\WindowsPowerShell\Modules\Pester\5.7.1\Pester.psm1 : ligne 2024
à &lt;ScriptBlock&gt;, C:\Users\user\Documents\WindowsPowerShell\Modules\Pester\5.7.1\Pester.psm1 : ligne 1985
à Invoke-ScriptBlock, C:\Users\user\Documents\WindowsPowerShell\Modules\Pester\5.7.1\Pester.psm1 : ligne 2160
à Invoke-Block, C:\Users\user\Documents\WindowsPowerShell\Modules\Pester\5.7.1\Pester.psm1 : ligne 940
à &lt;ScriptBlock&gt;, C:\Users\user\Documents\WindowsPowerShell\Modules\Pester\5.7.1\Pester.psm1 : ligne 1688
à &lt;ScriptBlock&gt;, C:\Users\user\Documents\WindowsPowerShell\Modules\Pester\5.7.1\Pester.ps1 : ligne 3
à &lt;ScriptBlock&gt;, C:\Users\user\Documents\WindowsPowerShell\Modules\Pester\5.7.1\Pester.psm1 : ligne 3260
à Invoke-InNewScriptScope, C:\Users\user\Documents\WindowsPowerShell\Modules\Pester\5.7.1\Pester.psm1 : ligne 3267
à Run-Test, C:\Users\user\Documents\WindowsPowerShell\Modules\Pester\5.7.1\Pester.psm1 : ligne 1691
à Invoke-Test, C:\Users\user\Documents\WindowsPowerShell\Modules\Pester\5.7.1\Pester.psm1 : ligne 2512
à Invoke-Pester&lt;End&gt;, C:\Users\user\Documents\WindowsPowerShell\Modules\Pester\5.7.1\Pester.psm1 : ligne 4960
à &lt;ScriptBlock&gt;, D:\DO\WEB\N8N_tests\PROJETS\EMAIL_SENDER_1\tools\scripts\roadmap-parser\module\Tests\Invoke-AllTests.ps1 : ligne 86
à &lt;ScriptBlock&gt;, &lt;Aucun fichier&gt; : ligne 1</stack-trace>
                    </failure>
                  </test-case>
                </results>
              </test-suite>
              <test-suite type="TestFixture" name="Test-DataType.Validation de type Integer" executed="True" result="Failure" success="False" time="1.2163" asserts="0" description="Test-DataType.Validation de type Integer">
                <results>
                  <test-case description="Devrait retourner True pour un entier" name="Test-DataType.Validation de type Integer.Devrait retourner True pour un entier" time="0.2508" asserts="0" success="False" result="Failure" executed="True">
                    <failure>
                      <message>CommandNotFoundException: Le terme « Test-DataType » n'est pas reconnu comme nom d'applet de commande, fonction, fichier de script ou programme exécutable. Vérifiez l'orthographe du nom, ou si un chemin d'accès existe, vérifiez que le chemin d'accès est correct et réessayez.</message>
                      <stack-trace>à &lt;ScriptBlock&gt;, D:\DO\WEB\N8N_tests\PROJETS\EMAIL_SENDER_1\tools\scripts\roadmap-parser\module\Tests\Validation\Test-DataType.Tests.ps1 : ligne 26
à &lt;ScriptBlock&gt;, C:\Users\user\Documents\WindowsPowerShell\Modules\Pester\5.7.1\Pester.psm1 : ligne 2024
à &lt;ScriptBlock&gt;, C:\Users\user\Documents\WindowsPowerShell\Modules\Pester\5.7.1\Pester.psm1 : ligne 1985
à Invoke-ScriptBlock, C:\Users\user\Documents\WindowsPowerShell\Modules\Pester\5.7.1\Pester.psm1 : ligne 2157
à Invoke-TestItem, C:\Users\user\Documents\WindowsPowerShell\Modules\Pester\5.7.1\Pester.psm1 : ligne 1199
à Invoke-Block, C:\Users\user\Documents\WindowsPowerShell\Modules\Pester\5.7.1\Pester.psm1 : ligne 835
à &lt;ScriptBlock&gt;, C:\Users\user\Documents\WindowsPowerShell\Modules\Pester\5.7.1\Pester.psm1 : ligne 893
à &lt;ScriptBlock&gt;, C:\Users\user\Documents\WindowsPowerShell\Modules\Pester\5.7.1\Pester.psm1 : ligne 2024
à &lt;ScriptBlock&gt;, C:\Users\user\Documents\WindowsPowerShell\Modules\Pester\5.7.1\Pester.psm1 : ligne 1985
à Invoke-ScriptBlock, C:\Users\user\Documents\WindowsPowerShell\Modules\Pester\5.7.1\Pester.psm1 : ligne 2160
à Invoke-Block, C:\Users\user\Documents\WindowsPowerShell\Modules\Pester\5.7.1\Pester.psm1 : ligne 940
à &lt;ScriptBlock&gt;, C:\Users\user\Documents\WindowsPowerShell\Modules\Pester\5.7.1\Pester.psm1 : ligne 893
à &lt;ScriptBlock&gt;, C:\Users\user\Documents\WindowsPowerShell\Modules\Pester\5.7.1\Pester.psm1 : ligne 2024
à &lt;ScriptBlock&gt;, C:\Users\user\Documents\WindowsPowerShell\Modules\Pester\5.7.1\Pester.psm1 : ligne 1985
à Invoke-ScriptBlock, C:\Users\user\Documents\WindowsPowerShell\Modules\Pester\5.7.1\Pester.psm1 : ligne 2160
à Invoke-Block, C:\Users\user\Documents\WindowsPowerShell\Modules\Pester\5.7.1\Pester.psm1 : ligne 940
à &lt;ScriptBlock&gt;, C:\Users\user\Documents\WindowsPowerShell\Modules\Pester\5.7.1\Pester.psm1 : ligne 893
à &lt;ScriptBlock&gt;, C:\Users\user\Documents\WindowsPowerShell\Modules\Pester\5.7.1\Pester.psm1 : ligne 2024
à &lt;ScriptBlock&gt;, C:\Users\user\Documents\WindowsPowerShell\Modules\Pester\5.7.1\Pester.psm1 : ligne 1985
à Invoke-ScriptBlock, C:\Users\user\Documents\WindowsPowerShell\Modules\Pester\5.7.1\Pester.psm1 : ligne 2160
à Invoke-Block, C:\Users\user\Documents\WindowsPowerShell\Modules\Pester\5.7.1\Pester.psm1 : ligne 940
à &lt;ScriptBlock&gt;, C:\Users\user\Documents\WindowsPowerShell\Modules\Pester\5.7.1\Pester.psm1 : ligne 1688
à &lt;ScriptBlock&gt;, C:\Users\user\Documents\WindowsPowerShell\Modules\Pester\5.7.1\Pester.ps1 : ligne 3
à &lt;ScriptBlock&gt;, C:\Users\user\Documents\WindowsPowerShell\Modules\Pester\5.7.1\Pester.psm1 : ligne 3260
à Invoke-InNewScriptScope, C:\Users\user\Documents\WindowsPowerShell\Modules\Pester\5.7.1\Pester.psm1 : ligne 3267
à Run-Test, C:\Users\user\Documents\WindowsPowerShell\Modules\Pester\5.7.1\Pester.psm1 : ligne 1691
à Invoke-Test, C:\Users\user\Documents\WindowsPowerShell\Modules\Pester\5.7.1\Pester.psm1 : ligne 2512
à Invoke-Pester&lt;End&gt;, C:\Users\user\Documents\WindowsPowerShell\Modules\Pester\5.7.1\Pester.psm1 : ligne 4960
à &lt;ScriptBlock&gt;, D:\DO\WEB\N8N_tests\PROJETS\EMAIL_SENDER_1\tools\scripts\roadmap-parser\module\Tests\Invoke-AllTests.ps1 : ligne 86
à &lt;ScriptBlock&gt;, &lt;Aucun fichier&gt; : ligne 1</stack-trace>
                    </failure>
                  </test-case>
                  <test-case description="Devrait retourner False pour une chaÃ®ne de caractÃ¨res" name="Test-DataType.Validation de type Integer.Devrait retourner False pour une chaÃ®ne de caractÃ¨res" time="0.2283" asserts="0" success="False" result="Failure" executed="True">
                    <failure>
                      <message>CommandNotFoundException: Le terme « Test-DataType » n'est pas reconnu comme nom d'applet de commande, fonction, fichier de script ou programme exécutable. Vérifiez l'orthographe du nom, ou si un chemin d'accès existe, vérifiez que le chemin d'accès est correct et réessayez.</message>
                      <stack-trace>à &lt;ScriptBlock&gt;, D:\DO\WEB\N8N_tests\PROJETS\EMAIL_SENDER_1\tools\scripts\roadmap-parser\module\Tests\Validation\Test-DataType.Tests.ps1 : ligne 30
à &lt;ScriptBlock&gt;, C:\Users\user\Documents\WindowsPowerShell\Modules\Pester\5.7.1\Pester.psm1 : ligne 2024
à &lt;ScriptBlock&gt;, C:\Users\user\Documents\WindowsPowerShell\Modules\Pester\5.7.1\Pester.psm1 : ligne 1985
à Invoke-ScriptBlock, C:\Users\user\Documents\WindowsPowerShell\Modules\Pester\5.7.1\Pester.psm1 : ligne 2157
à Invoke-TestItem, C:\Users\user\Documents\WindowsPowerShell\Modules\Pester\5.7.1\Pester.psm1 : ligne 1199
à Invoke-Block, C:\Users\user\Documents\WindowsPowerShell\Modules\Pester\5.7.1\Pester.psm1 : ligne 835
à &lt;ScriptBlock&gt;, C:\Users\user\Documents\WindowsPowerShell\Modules\Pester\5.7.1\Pester.psm1 : ligne 893
à &lt;ScriptBlock&gt;, C:\Users\user\Documents\WindowsPowerShell\Modules\Pester\5.7.1\Pester.psm1 : ligne 2024
à &lt;ScriptBlock&gt;, C:\Users\user\Documents\WindowsPowerShell\Modules\Pester\5.7.1\Pester.psm1 : ligne 1985
à Invoke-ScriptBlock, C:\Users\user\Documents\WindowsPowerShell\Modules\Pester\5.7.1\Pester.psm1 : ligne 2160
à Invoke-Block, C:\Users\user\Documents\WindowsPowerShell\Modules\Pester\5.7.1\Pester.psm1 : ligne 940
à &lt;ScriptBlock&gt;, C:\Users\user\Documents\WindowsPowerShell\Modules\Pester\5.7.1\Pester.psm1 : ligne 893
à &lt;ScriptBlock&gt;, C:\Users\user\Documents\WindowsPowerShell\Modules\Pester\5.7.1\Pester.psm1 : ligne 2024
à &lt;ScriptBlock&gt;, C:\Users\user\Documents\WindowsPowerShell\Modules\Pester\5.7.1\Pester.psm1 : ligne 1985
à Invoke-ScriptBlock, C:\Users\user\Documents\WindowsPowerShell\Modules\Pester\5.7.1\Pester.psm1 : ligne 2160
à Invoke-Block, C:\Users\user\Documents\WindowsPowerShell\Modules\Pester\5.7.1\Pester.psm1 : ligne 940
à &lt;ScriptBlock&gt;, C:\Users\user\Documents\WindowsPowerShell\Modules\Pester\5.7.1\Pester.psm1 : ligne 893
à &lt;ScriptBlock&gt;, C:\Users\user\Documents\WindowsPowerShell\Modules\Pester\5.7.1\Pester.psm1 : ligne 2024
à &lt;ScriptBlock&gt;, C:\Users\user\Documents\WindowsPowerShell\Modules\Pester\5.7.1\Pester.psm1 : ligne 1985
à Invoke-ScriptBlock, C:\Users\user\Documents\WindowsPowerShell\Modules\Pester\5.7.1\Pester.psm1 : ligne 2160
à Invoke-Block, C:\Users\user\Documents\WindowsPowerShell\Modules\Pester\5.7.1\Pester.psm1 : ligne 940
à &lt;ScriptBlock&gt;, C:\Users\user\Documents\WindowsPowerShell\Modules\Pester\5.7.1\Pester.psm1 : ligne 1688
à &lt;ScriptBlock&gt;, C:\Users\user\Documents\WindowsPowerShell\Modules\Pester\5.7.1\Pester.ps1 : ligne 3
à &lt;ScriptBlock&gt;, C:\Users\user\Documents\WindowsPowerShell\Modules\Pester\5.7.1\Pester.psm1 : ligne 3260
à Invoke-InNewScriptScope, C:\Users\user\Documents\WindowsPowerShell\Modules\Pester\5.7.1\Pester.psm1 : ligne 3267
à Run-Test, C:\Users\user\Documents\WindowsPowerShell\Modules\Pester\5.7.1\Pester.psm1 : ligne 1691
à Invoke-Test, C:\Users\user\Documents\WindowsPowerShell\Modules\Pester\5.7.1\Pester.psm1 : ligne 2512
à Invoke-Pester&lt;End&gt;, C:\Users\user\Documents\WindowsPowerShell\Modules\Pester\5.7.1\Pester.psm1 : ligne 4960
à &lt;ScriptBlock&gt;, D:\DO\WEB\N8N_tests\PROJETS\EMAIL_SENDER_1\tools\scripts\roadmap-parser\module\Tests\Invoke-AllTests.ps1 : ligne 86
à &lt;ScriptBlock&gt;, &lt;Aucun fichier&gt; : ligne 1</stack-trace>
                    </failure>
                  </test-case>
                </results>
              </test-suite>
              <test-suite type="TestFixture" name="Test-DataType.Validation de type Decimal" executed="True" result="Failure" success="False" time="1.7743" asserts="0" description="Test-DataType.Validation de type Decimal">
                <results>
                  <test-case description="Devrait retourner True pour un nombre dÃ©cimal" name="Test-DataType.Validation de type Decimal.Devrait retourner True pour un nombre dÃ©cimal" time="0.234" asserts="0" success="False" result="Failure" executed="True">
                    <failure>
                      <message>CommandNotFoundException: Le terme « Test-DataType » n'est pas reconnu comme nom d'applet de commande, fonction, fichier de script ou programme exécutable. Vérifiez l'orthographe du nom, ou si un chemin d'accès existe, vérifiez que le chemin d'accès est correct et réessayez.</message>
                      <stack-trace>à &lt;ScriptBlock&gt;, D:\DO\WEB\N8N_tests\PROJETS\EMAIL_SENDER_1\tools\scripts\roadmap-parser\module\Tests\Validation\Test-DataType.Tests.ps1 : ligne 36
à &lt;ScriptBlock&gt;, C:\Users\user\Documents\WindowsPowerShell\Modules\Pester\5.7.1\Pester.psm1 : ligne 2024
à &lt;ScriptBlock&gt;, C:\Users\user\Documents\WindowsPowerShell\Modules\Pester\5.7.1\Pester.psm1 : ligne 1985
à Invoke-ScriptBlock, C:\Users\user\Documents\WindowsPowerShell\Modules\Pester\5.7.1\Pester.psm1 : ligne 2157
à Invoke-TestItem, C:\Users\user\Documents\WindowsPowerShell\Modules\Pester\5.7.1\Pester.psm1 : ligne 1199
à Invoke-Block, C:\Users\user\Documents\WindowsPowerShell\Modules\Pester\5.7.1\Pester.psm1 : ligne 835
à &lt;ScriptBlock&gt;, C:\Users\user\Documents\WindowsPowerShell\Modules\Pester\5.7.1\Pester.psm1 : ligne 893
à &lt;ScriptBlock&gt;, C:\Users\user\Documents\WindowsPowerShell\Modules\Pester\5.7.1\Pester.psm1 : ligne 2024
à &lt;ScriptBlock&gt;, C:\Users\user\Documents\WindowsPowerShell\Modules\Pester\5.7.1\Pester.psm1 : ligne 1985
à Invoke-ScriptBlock, C:\Users\user\Documents\WindowsPowerShell\Modules\Pester\5.7.1\Pester.psm1 : ligne 2160
à Invoke-Block, C:\Users\user\Documents\WindowsPowerShell\Modules\Pester\5.7.1\Pester.psm1 : ligne 940
à &lt;ScriptBlock&gt;, C:\Users\user\Documents\WindowsPowerShell\Modules\Pester\5.7.1\Pester.psm1 : ligne 893
à &lt;ScriptBlock&gt;, C:\Users\user\Documents\WindowsPowerShell\Modules\Pester\5.7.1\Pester.psm1 : ligne 2024
à &lt;ScriptBlock&gt;, C:\Users\user\Documents\WindowsPowerShell\Modules\Pester\5.7.1\Pester.psm1 : ligne 1985
à Invoke-ScriptBlock, C:\Users\user\Documents\WindowsPowerShell\Modules\Pester\5.7.1\Pester.psm1 : ligne 2160
à Invoke-Block, C:\Users\user\Documents\WindowsPowerShell\Modules\Pester\5.7.1\Pester.psm1 : ligne 940
à &lt;ScriptBlock&gt;, C:\Users\user\Documents\WindowsPowerShell\Modules\Pester\5.7.1\Pester.psm1 : ligne 893
à &lt;ScriptBlock&gt;, C:\Users\user\Documents\WindowsPowerShell\Modules\Pester\5.7.1\Pester.psm1 : ligne 2024
à &lt;ScriptBlock&gt;, C:\Users\user\Documents\WindowsPowerShell\Modules\Pester\5.7.1\Pester.psm1 : ligne 1985
à Invoke-ScriptBlock, C:\Users\user\Documents\WindowsPowerShell\Modules\Pester\5.7.1\Pester.psm1 : ligne 2160
à Invoke-Block, C:\Users\user\Documents\WindowsPowerShell\Modules\Pester\5.7.1\Pester.psm1 : ligne 940
à &lt;ScriptBlock&gt;, C:\Users\user\Documents\WindowsPowerShell\Modules\Pester\5.7.1\Pester.psm1 : ligne 1688
à &lt;ScriptBlock&gt;, C:\Users\user\Documents\WindowsPowerShell\Modules\Pester\5.7.1\Pester.ps1 : ligne 3
à &lt;ScriptBlock&gt;, C:\Users\user\Documents\WindowsPowerShell\Modules\Pester\5.7.1\Pester.psm1 : ligne 3260
à Invoke-InNewScriptScope, C:\Users\user\Documents\WindowsPowerShell\Modules\Pester\5.7.1\Pester.psm1 : ligne 3267
à Run-Test, C:\Users\user\Documents\WindowsPowerShell\Modules\Pester\5.7.1\Pester.psm1 : ligne 1691
à Invoke-Test, C:\Users\user\Documents\WindowsPowerShell\Modules\Pester\5.7.1\Pester.psm1 : ligne 2512
à Invoke-Pester&lt;End&gt;, C:\Users\user\Documents\WindowsPowerShell\Modules\Pester\5.7.1\Pester.psm1 : ligne 4960
à &lt;ScriptBlock&gt;, D:\DO\WEB\N8N_tests\PROJETS\EMAIL_SENDER_1\tools\scripts\roadmap-parser\module\Tests\Invoke-AllTests.ps1 : ligne 86
à &lt;ScriptBlock&gt;, &lt;Aucun fichier&gt; : ligne 1</stack-trace>
                    </failure>
                  </test-case>
                  <test-case description="Devrait retourner False pour une chaÃ®ne de caractÃ¨res" name="Test-DataType.Validation de type Decimal.Devrait retourner False pour une chaÃ®ne de caractÃ¨res" time="0.2145" asserts="0" success="False" result="Failure" executed="True">
                    <failure>
                      <message>CommandNotFoundException: Le terme « Test-DataType » n'est pas reconnu comme nom d'applet de commande, fonction, fichier de script ou programme exécutable. Vérifiez l'orthographe du nom, ou si un chemin d'accès existe, vérifiez que le chemin d'accès est correct et réessayez.</message>
                      <stack-trace>à &lt;ScriptBlock&gt;, D:\DO\WEB\N8N_tests\PROJETS\EMAIL_SENDER_1\tools\scripts\roadmap-parser\module\Tests\Validation\Test-DataType.Tests.ps1 : ligne 40
à &lt;ScriptBlock&gt;, C:\Users\user\Documents\WindowsPowerShell\Modules\Pester\5.7.1\Pester.psm1 : ligne 2024
à &lt;ScriptBlock&gt;, C:\Users\user\Documents\WindowsPowerShell\Modules\Pester\5.7.1\Pester.psm1 : ligne 1985
à Invoke-ScriptBlock, C:\Users\user\Documents\WindowsPowerShell\Modules\Pester\5.7.1\Pester.psm1 : ligne 2157
à Invoke-TestItem, C:\Users\user\Documents\WindowsPowerShell\Modules\Pester\5.7.1\Pester.psm1 : ligne 1199
à Invoke-Block, C:\Users\user\Documents\WindowsPowerShell\Modules\Pester\5.7.1\Pester.psm1 : ligne 835
à &lt;ScriptBlock&gt;, C:\Users\user\Documents\WindowsPowerShell\Modules\Pester\5.7.1\Pester.psm1 : ligne 893
à &lt;ScriptBlock&gt;, C:\Users\user\Documents\WindowsPowerShell\Modules\Pester\5.7.1\Pester.psm1 : ligne 2024
à &lt;ScriptBlock&gt;, C:\Users\user\Documents\WindowsPowerShell\Modules\Pester\5.7.1\Pester.psm1 : ligne 1985
à Invoke-ScriptBlock, C:\Users\user\Documents\WindowsPowerShell\Modules\Pester\5.7.1\Pester.psm1 : ligne 2160
à Invoke-Block, C:\Users\user\Documents\WindowsPowerShell\Modules\Pester\5.7.1\Pester.psm1 : ligne 940
à &lt;ScriptBlock&gt;, C:\Users\user\Documents\WindowsPowerShell\Modules\Pester\5.7.1\Pester.psm1 : ligne 893
à &lt;ScriptBlock&gt;, C:\Users\user\Documents\WindowsPowerShell\Modules\Pester\5.7.1\Pester.psm1 : ligne 2024
à &lt;ScriptBlock&gt;, C:\Users\user\Documents\WindowsPowerShell\Modules\Pester\5.7.1\Pester.psm1 : ligne 1985
à Invoke-ScriptBlock, C:\Users\user\Documents\WindowsPowerShell\Modules\Pester\5.7.1\Pester.psm1 : ligne 2160
à Invoke-Block, C:\Users\user\Documents\WindowsPowerShell\Modules\Pester\5.7.1\Pester.psm1 : ligne 940
à &lt;ScriptBlock&gt;, C:\Users\user\Documents\WindowsPowerShell\Modules\Pester\5.7.1\Pester.psm1 : ligne 893
à &lt;ScriptBlock&gt;, C:\Users\user\Documents\WindowsPowerShell\Modules\Pester\5.7.1\Pester.psm1 : ligne 2024
à &lt;ScriptBlock&gt;, C:\Users\user\Documents\WindowsPowerShell\Modules\Pester\5.7.1\Pester.psm1 : ligne 1985
à Invoke-ScriptBlock, C:\Users\user\Documents\WindowsPowerShell\Modules\Pester\5.7.1\Pester.psm1 : ligne 2160
à Invoke-Block, C:\Users\user\Documents\WindowsPowerShell\Modules\Pester\5.7.1\Pester.psm1 : ligne 940
à &lt;ScriptBlock&gt;, C:\Users\user\Documents\WindowsPowerShell\Modules\Pester\5.7.1\Pester.psm1 : ligne 1688
à &lt;ScriptBlock&gt;, C:\Users\user\Documents\WindowsPowerShell\Modules\Pester\5.7.1\Pester.ps1 : ligne 3
à &lt;ScriptBlock&gt;, C:\Users\user\Documents\WindowsPowerShell\Modules\Pester\5.7.1\Pester.psm1 : ligne 3260
à Invoke-InNewScriptScope, C:\Users\user\Documents\WindowsPowerShell\Modules\Pester\5.7.1\Pester.psm1 : ligne 3267
à Run-Test, C:\Users\user\Documents\WindowsPowerShell\Modules\Pester\5.7.1\Pester.psm1 : ligne 1691
à Invoke-Test, C:\Users\user\Documents\WindowsPowerShell\Modules\Pester\5.7.1\Pester.psm1 : ligne 2512
à Invoke-Pester&lt;End&gt;, C:\Users\user\Documents\WindowsPowerShell\Modules\Pester\5.7.1\Pester.psm1 : ligne 4960
à &lt;ScriptBlock&gt;, D:\DO\WEB\N8N_tests\PROJETS\EMAIL_SENDER_1\tools\scripts\roadmap-parser\module\Tests\Invoke-AllTests.ps1 : ligne 86
à &lt;ScriptBlock&gt;, &lt;Aucun fichier&gt; : ligne 1</stack-trace>
                    </failure>
                  </test-case>
                </results>
              </test-suite>
              <test-suite type="TestFixture" name="Test-DataType.Validation de type Boolean" executed="True" result="Failure" success="False" time="2.4265" asserts="0" description="Test-DataType.Validation de type Boolean">
                <results>
                  <test-case description="Devrait retourner True pour un boolÃ©en" name="Test-DataType.Validation de type Boolean.Devrait retourner True pour un boolÃ©en" time="0.2675" asserts="0" success="False" result="Failure" executed="True">
                    <failure>
                      <message>CommandNotFoundException: Le terme « Test-DataType » n'est pas reconnu comme nom d'applet de commande, fonction, fichier de script ou programme exécutable. Vérifiez l'orthographe du nom, ou si un chemin d'accès existe, vérifiez que le chemin d'accès est correct et réessayez.</message>
                      <stack-trace>à &lt;ScriptBlock&gt;, D:\DO\WEB\N8N_tests\PROJETS\EMAIL_SENDER_1\tools\scripts\roadmap-parser\module\Tests\Validation\Test-DataType.Tests.ps1 : ligne 46
à &lt;ScriptBlock&gt;, C:\Users\user\Documents\WindowsPowerShell\Modules\Pester\5.7.1\Pester.psm1 : ligne 2024
à &lt;ScriptBlock&gt;, C:\Users\user\Documents\WindowsPowerShell\Modules\Pester\5.7.1\Pester.psm1 : ligne 1985
à Invoke-ScriptBlock, C:\Users\user\Documents\WindowsPowerShell\Modules\Pester\5.7.1\Pester.psm1 : ligne 2157
à Invoke-TestItem, C:\Users\user\Documents\WindowsPowerShell\Modules\Pester\5.7.1\Pester.psm1 : ligne 1199
à Invoke-Block, C:\Users\user\Documents\WindowsPowerShell\Modules\Pester\5.7.1\Pester.psm1 : ligne 835
à &lt;ScriptBlock&gt;, C:\Users\user\Documents\WindowsPowerShell\Modules\Pester\5.7.1\Pester.psm1 : ligne 893
à &lt;ScriptBlock&gt;, C:\Users\user\Documents\WindowsPowerShell\Modules\Pester\5.7.1\Pester.psm1 : ligne 2024
à &lt;ScriptBlock&gt;, C:\Users\user\Documents\WindowsPowerShell\Modules\Pester\5.7.1\Pester.psm1 : ligne 1985
à Invoke-ScriptBlock, C:\Users\user\Documents\WindowsPowerShell\Modules\Pester\5.7.1\Pester.psm1 : ligne 2160
à Invoke-Block, C:\Users\user\Documents\WindowsPowerShell\Modules\Pester\5.7.1\Pester.psm1 : ligne 940
à &lt;ScriptBlock&gt;, C:\Users\user\Documents\WindowsPowerShell\Modules\Pester\5.7.1\Pester.psm1 : ligne 893
à &lt;ScriptBlock&gt;, C:\Users\user\Documents\WindowsPowerShell\Modules\Pester\5.7.1\Pester.psm1 : ligne 2024
à &lt;ScriptBlock&gt;, C:\Users\user\Documents\WindowsPowerShell\Modules\Pester\5.7.1\Pester.psm1 : ligne 1985
à Invoke-ScriptBlock, C:\Users\user\Documents\WindowsPowerShell\Modules\Pester\5.7.1\Pester.psm1 : ligne 2160
à Invoke-Block, C:\Users\user\Documents\WindowsPowerShell\Modules\Pester\5.7.1\Pester.psm1 : ligne 940
à &lt;ScriptBlock&gt;, C:\Users\user\Documents\WindowsPowerShell\Modules\Pester\5.7.1\Pester.psm1 : ligne 893
à &lt;ScriptBlock&gt;, C:\Users\user\Documents\WindowsPowerShell\Modules\Pester\5.7.1\Pester.psm1 : ligne 2024
à &lt;ScriptBlock&gt;, C:\Users\user\Documents\WindowsPowerShell\Modules\Pester\5.7.1\Pester.psm1 : ligne 1985
à Invoke-ScriptBlock, C:\Users\user\Documents\WindowsPowerShell\Modules\Pester\5.7.1\Pester.psm1 : ligne 2160
à Invoke-Block, C:\Users\user\Documents\WindowsPowerShell\Modules\Pester\5.7.1\Pester.psm1 : ligne 940
à &lt;ScriptBlock&gt;, C:\Users\user\Documents\WindowsPowerShell\Modules\Pester\5.7.1\Pester.psm1 : ligne 1688
à &lt;ScriptBlock&gt;, C:\Users\user\Documents\WindowsPowerShell\Modules\Pester\5.7.1\Pester.ps1 : ligne 3
à &lt;ScriptBlock&gt;, C:\Users\user\Documents\WindowsPowerShell\Modules\Pester\5.7.1\Pester.psm1 : ligne 3260
à Invoke-InNewScriptScope, C:\Users\user\Documents\WindowsPowerShell\Modules\Pester\5.7.1\Pester.psm1 : ligne 3267
à Run-Test, C:\Users\user\Documents\WindowsPowerShell\Modules\Pester\5.7.1\Pester.psm1 : ligne 1691
à Invoke-Test, C:\Users\user\Documents\WindowsPowerShell\Modules\Pester\5.7.1\Pester.psm1 : ligne 2512
à Invoke-Pester&lt;End&gt;, C:\Users\user\Documents\WindowsPowerShell\Modules\Pester\5.7.1\Pester.psm1 : ligne 4960
à &lt;ScriptBlock&gt;, D:\DO\WEB\N8N_tests\PROJETS\EMAIL_SENDER_1\tools\scripts\roadmap-parser\module\Tests\Invoke-AllTests.ps1 : ligne 86
à &lt;ScriptBlock&gt;, &lt;Aucun fichier&gt; : ligne 1</stack-trace>
                    </failure>
                  </test-case>
                  <test-case description="Devrait retourner False pour une chaÃ®ne de caractÃ¨res" name="Test-DataType.Validation de type Boolean.Devrait retourner False pour une chaÃ®ne de caractÃ¨res" time="0.2571" asserts="0" success="False" result="Failure" executed="True">
                    <failure>
                      <message>CommandNotFoundException: Le terme « Test-DataType » n'est pas reconnu comme nom d'applet de commande, fonction, fichier de script ou programme exécutable. Vérifiez l'orthographe du nom, ou si un chemin d'accès existe, vérifiez que le chemin d'accès est correct et réessayez.</message>
                      <stack-trace>à &lt;ScriptBlock&gt;, D:\DO\WEB\N8N_tests\PROJETS\EMAIL_SENDER_1\tools\scripts\roadmap-parser\module\Tests\Validation\Test-DataType.Tests.ps1 : ligne 50
à &lt;ScriptBlock&gt;, C:\Users\user\Documents\WindowsPowerShell\Modules\Pester\5.7.1\Pester.psm1 : ligne 2024
à &lt;ScriptBlock&gt;, C:\Users\user\Documents\WindowsPowerShell\Modules\Pester\5.7.1\Pester.psm1 : ligne 1985
à Invoke-ScriptBlock, C:\Users\user\Documents\WindowsPowerShell\Modules\Pester\5.7.1\Pester.psm1 : ligne 2157
à Invoke-TestItem, C:\Users\user\Documents\WindowsPowerShell\Modules\Pester\5.7.1\Pester.psm1 : ligne 1199
à Invoke-Block, C:\Users\user\Documents\WindowsPowerShell\Modules\Pester\5.7.1\Pester.psm1 : ligne 835
à &lt;ScriptBlock&gt;, C:\Users\user\Documents\WindowsPowerShell\Modules\Pester\5.7.1\Pester.psm1 : ligne 893
à &lt;ScriptBlock&gt;, C:\Users\user\Documents\WindowsPowerShell\Modules\Pester\5.7.1\Pester.psm1 : ligne 2024
à &lt;ScriptBlock&gt;, C:\Users\user\Documents\WindowsPowerShell\Modules\Pester\5.7.1\Pester.psm1 : ligne 1985
à Invoke-ScriptBlock, C:\Users\user\Documents\WindowsPowerShell\Modules\Pester\5.7.1\Pester.psm1 : ligne 2160
à Invoke-Block, C:\Users\user\Documents\WindowsPowerShell\Modules\Pester\5.7.1\Pester.psm1 : ligne 940
à &lt;ScriptBlock&gt;, C:\Users\user\Documents\WindowsPowerShell\Modules\Pester\5.7.1\Pester.psm1 : ligne 893
à &lt;ScriptBlock&gt;, C:\Users\user\Documents\WindowsPowerShell\Modules\Pester\5.7.1\Pester.psm1 : ligne 2024
à &lt;ScriptBlock&gt;, C:\Users\user\Documents\WindowsPowerShell\Modules\Pester\5.7.1\Pester.psm1 : ligne 1985
à Invoke-ScriptBlock, C:\Users\user\Documents\WindowsPowerShell\Modules\Pester\5.7.1\Pester.psm1 : ligne 2160
à Invoke-Block, C:\Users\user\Documents\WindowsPowerShell\Modules\Pester\5.7.1\Pester.psm1 : ligne 940
à &lt;ScriptBlock&gt;, C:\Users\user\Documents\WindowsPowerShell\Modules\Pester\5.7.1\Pester.psm1 : ligne 893
à &lt;ScriptBlock&gt;, C:\Users\user\Documents\WindowsPowerShell\Modules\Pester\5.7.1\Pester.psm1 : ligne 2024
à &lt;ScriptBlock&gt;, C:\Users\user\Documents\WindowsPowerShell\Modules\Pester\5.7.1\Pester.psm1 : ligne 1985
à Invoke-ScriptBlock, C:\Users\user\Documents\WindowsPowerShell\Modules\Pester\5.7.1\Pester.psm1 : ligne 2160
à Invoke-Block, C:\Users\user\Documents\WindowsPowerShell\Modules\Pester\5.7.1\Pester.psm1 : ligne 940
à &lt;ScriptBlock&gt;, C:\Users\user\Documents\WindowsPowerShell\Modules\Pester\5.7.1\Pester.psm1 : ligne 1688
à &lt;ScriptBlock&gt;, C:\Users\user\Documents\WindowsPowerShell\Modules\Pester\5.7.1\Pester.ps1 : ligne 3
à &lt;ScriptBlock&gt;, C:\Users\user\Documents\WindowsPowerShell\Modules\Pester\5.7.1\Pester.psm1 : ligne 3260
à Invoke-InNewScriptScope, C:\Users\user\Documents\WindowsPowerShell\Modules\Pester\5.7.1\Pester.psm1 : ligne 3267
à Run-Test, C:\Users\user\Documents\WindowsPowerShell\Modules\Pester\5.7.1\Pester.psm1 : ligne 1691
à Invoke-Test, C:\Users\user\Documents\WindowsPowerShell\Modules\Pester\5.7.1\Pester.psm1 : ligne 2512
à Invoke-Pester&lt;End&gt;, C:\Users\user\Documents\WindowsPowerShell\Modules\Pester\5.7.1\Pester.psm1 : ligne 4960
à &lt;ScriptBlock&gt;, D:\DO\WEB\N8N_tests\PROJETS\EMAIL_SENDER_1\tools\scripts\roadmap-parser\module\Tests\Invoke-AllTests.ps1 : ligne 86
à &lt;ScriptBlock&gt;, &lt;Aucun fichier&gt; : ligne 1</stack-trace>
                    </failure>
                  </test-case>
                </results>
              </test-suite>
              <test-suite type="TestFixture" name="Test-DataType.Validation de type DateTime" executed="True" result="Failure" success="False" time="3.0633" asserts="0" description="Test-DataType.Validation de type DateTime">
                <results>
                  <test-case description="Devrait retourner True pour une date/heure" name="Test-DataType.Validation de type DateTime.Devrait retourner True pour une date/heure" time="0.2798" asserts="0" success="False" result="Failure" executed="True">
                    <failure>
                      <message>CommandNotFoundException: Le terme « Test-DataType » n'est pas reconnu comme nom d'applet de commande, fonction, fichier de script ou programme exécutable. Vérifiez l'orthographe du nom, ou si un chemin d'accès existe, vérifiez que le chemin d'accès est correct et réessayez.</message>
                      <stack-trace>à &lt;ScriptBlock&gt;, D:\DO\WEB\N8N_tests\PROJETS\EMAIL_SENDER_1\tools\scripts\roadmap-parser\module\Tests\Validation\Test-DataType.Tests.ps1 : ligne 56
à &lt;ScriptBlock&gt;, C:\Users\user\Documents\WindowsPowerShell\Modules\Pester\5.7.1\Pester.psm1 : ligne 2024
à &lt;ScriptBlock&gt;, C:\Users\user\Documents\WindowsPowerShell\Modules\Pester\5.7.1\Pester.psm1 : ligne 1985
à Invoke-ScriptBlock, C:\Users\user\Documents\WindowsPowerShell\Modules\Pester\5.7.1\Pester.psm1 : ligne 2157
à Invoke-TestItem, C:\Users\user\Documents\WindowsPowerShell\Modules\Pester\5.7.1\Pester.psm1 : ligne 1199
à Invoke-Block, C:\Users\user\Documents\WindowsPowerShell\Modules\Pester\5.7.1\Pester.psm1 : ligne 835
à &lt;ScriptBlock&gt;, C:\Users\user\Documents\WindowsPowerShell\Modules\Pester\5.7.1\Pester.psm1 : ligne 893
à &lt;ScriptBlock&gt;, C:\Users\user\Documents\WindowsPowerShell\Modules\Pester\5.7.1\Pester.psm1 : ligne 2024
à &lt;ScriptBlock&gt;, C:\Users\user\Documents\WindowsPowerShell\Modules\Pester\5.7.1\Pester.psm1 : ligne 1985
à Invoke-ScriptBlock, C:\Users\user\Documents\WindowsPowerShell\Modules\Pester\5.7.1\Pester.psm1 : ligne 2160
à Invoke-Block, C:\Users\user\Documents\WindowsPowerShell\Modules\Pester\5.7.1\Pester.psm1 : ligne 940
à &lt;ScriptBlock&gt;, C:\Users\user\Documents\WindowsPowerShell\Modules\Pester\5.7.1\Pester.psm1 : ligne 893
à &lt;ScriptBlock&gt;, C:\Users\user\Documents\WindowsPowerShell\Modules\Pester\5.7.1\Pester.psm1 : ligne 2024
à &lt;ScriptBlock&gt;, C:\Users\user\Documents\WindowsPowerShell\Modules\Pester\5.7.1\Pester.psm1 : ligne 1985
à Invoke-ScriptBlock, C:\Users\user\Documents\WindowsPowerShell\Modules\Pester\5.7.1\Pester.psm1 : ligne 2160
à Invoke-Block, C:\Users\user\Documents\WindowsPowerShell\Modules\Pester\5.7.1\Pester.psm1 : ligne 940
à &lt;ScriptBlock&gt;, C:\Users\user\Documents\WindowsPowerShell\Modules\Pester\5.7.1\Pester.psm1 : ligne 893
à &lt;ScriptBlock&gt;, C:\Users\user\Documents\WindowsPowerShell\Modules\Pester\5.7.1\Pester.psm1 : ligne 2024
à &lt;ScriptBlock&gt;, C:\Users\user\Documents\WindowsPowerShell\Modules\Pester\5.7.1\Pester.psm1 : ligne 1985
à Invoke-ScriptBlock, C:\Users\user\Documents\WindowsPowerShell\Modules\Pester\5.7.1\Pester.psm1 : ligne 2160
à Invoke-Block, C:\Users\user\Documents\WindowsPowerShell\Modules\Pester\5.7.1\Pester.psm1 : ligne 940
à &lt;ScriptBlock&gt;, C:\Users\user\Documents\WindowsPowerShell\Modules\Pester\5.7.1\Pester.psm1 : ligne 1688
à &lt;ScriptBlock&gt;, C:\Users\user\Documents\WindowsPowerShell\Modules\Pester\5.7.1\Pester.ps1 : ligne 3
à &lt;ScriptBlock&gt;, C:\Users\user\Documents\WindowsPowerShell\Modules\Pester\5.7.1\Pester.psm1 : ligne 3260
à Invoke-InNewScriptScope, C:\Users\user\Documents\WindowsPowerShell\Modules\Pester\5.7.1\Pester.psm1 : ligne 3267
à Run-Test, C:\Users\user\Documents\WindowsPowerShell\Modules\Pester\5.7.1\Pester.psm1 : ligne 1691
à Invoke-Test, C:\Users\user\Documents\WindowsPowerShell\Modules\Pester\5.7.1\Pester.psm1 : ligne 2512
à Invoke-Pester&lt;End&gt;, C:\Users\user\Documents\WindowsPowerShell\Modules\Pester\5.7.1\Pester.psm1 : ligne 4960
à &lt;ScriptBlock&gt;, D:\DO\WEB\N8N_tests\PROJETS\EMAIL_SENDER_1\tools\scripts\roadmap-parser\module\Tests\Invoke-AllTests.ps1 : ligne 86
à &lt;ScriptBlock&gt;, &lt;Aucun fichier&gt; : ligne 1</stack-trace>
                    </failure>
                  </test-case>
                  <test-case description="Devrait retourner False pour une chaÃ®ne de caractÃ¨res" name="Test-DataType.Validation de type DateTime.Devrait retourner False pour une chaÃ®ne de caractÃ¨res" time="0.2258" asserts="0" success="False" result="Failure" executed="True">
                    <failure>
                      <message>CommandNotFoundException: Le terme « Test-DataType » n'est pas reconnu comme nom d'applet de commande, fonction, fichier de script ou programme exécutable. Vérifiez l'orthographe du nom, ou si un chemin d'accès existe, vérifiez que le chemin d'accès est correct et réessayez.</message>
                      <stack-trace>à &lt;ScriptBlock&gt;, D:\DO\WEB\N8N_tests\PROJETS\EMAIL_SENDER_1\tools\scripts\roadmap-parser\module\Tests\Validation\Test-DataType.Tests.ps1 : ligne 60
à &lt;ScriptBlock&gt;, C:\Users\user\Documents\WindowsPowerShell\Modules\Pester\5.7.1\Pester.psm1 : ligne 2024
à &lt;ScriptBlock&gt;, C:\Users\user\Documents\WindowsPowerShell\Modules\Pester\5.7.1\Pester.psm1 : ligne 1985
à Invoke-ScriptBlock, C:\Users\user\Documents\WindowsPowerShell\Modules\Pester\5.7.1\Pester.psm1 : ligne 2157
à Invoke-TestItem, C:\Users\user\Documents\WindowsPowerShell\Modules\Pester\5.7.1\Pester.psm1 : ligne 1199
à Invoke-Block, C:\Users\user\Documents\WindowsPowerShell\Modules\Pester\5.7.1\Pester.psm1 : ligne 835
à &lt;ScriptBlock&gt;, C:\Users\user\Documents\WindowsPowerShell\Modules\Pester\5.7.1\Pester.psm1 : ligne 893
à &lt;ScriptBlock&gt;, C:\Users\user\Documents\WindowsPowerShell\Modules\Pester\5.7.1\Pester.psm1 : ligne 2024
à &lt;ScriptBlock&gt;, C:\Users\user\Documents\WindowsPowerShell\Modules\Pester\5.7.1\Pester.psm1 : ligne 1985
à Invoke-ScriptBlock, C:\Users\user\Documents\WindowsPowerShell\Modules\Pester\5.7.1\Pester.psm1 : ligne 2160
à Invoke-Block, C:\Users\user\Documents\WindowsPowerShell\Modules\Pester\5.7.1\Pester.psm1 : ligne 940
à &lt;ScriptBlock&gt;, C:\Users\user\Documents\WindowsPowerShell\Modules\Pester\5.7.1\Pester.psm1 : ligne 893
à &lt;ScriptBlock&gt;, C:\Users\user\Documents\WindowsPowerShell\Modules\Pester\5.7.1\Pester.psm1 : ligne 2024
à &lt;ScriptBlock&gt;, C:\Users\user\Documents\WindowsPowerShell\Modules\Pester\5.7.1\Pester.psm1 : ligne 1985
à Invoke-ScriptBlock, C:\Users\user\Documents\WindowsPowerShell\Modules\Pester\5.7.1\Pester.psm1 : ligne 2160
à Invoke-Block, C:\Users\user\Documents\WindowsPowerShell\Modules\Pester\5.7.1\Pester.psm1 : ligne 940
à &lt;ScriptBlock&gt;, C:\Users\user\Documents\WindowsPowerShell\Modules\Pester\5.7.1\Pester.psm1 : ligne 893
à &lt;ScriptBlock&gt;, C:\Users\user\Documents\WindowsPowerShell\Modules\Pester\5.7.1\Pester.psm1 : ligne 2024
à &lt;ScriptBlock&gt;, C:\Users\user\Documents\WindowsPowerShell\Modules\Pester\5.7.1\Pester.psm1 : ligne 1985
à Invoke-ScriptBlock, C:\Users\user\Documents\WindowsPowerShell\Modules\Pester\5.7.1\Pester.psm1 : ligne 2160
à Invoke-Block, C:\Users\user\Documents\WindowsPowerShell\Modules\Pester\5.7.1\Pester.psm1 : ligne 940
à &lt;ScriptBlock&gt;, C:\Users\user\Documents\WindowsPowerShell\Modules\Pester\5.7.1\Pester.psm1 : ligne 1688
à &lt;ScriptBlock&gt;, C:\Users\user\Documents\WindowsPowerShell\Modules\Pester\5.7.1\Pester.ps1 : ligne 3
à &lt;ScriptBlock&gt;, C:\Users\user\Documents\WindowsPowerShell\Modules\Pester\5.7.1\Pester.psm1 : ligne 3260
à Invoke-InNewScriptScope, C:\Users\user\Documents\WindowsPowerShell\Modules\Pester\5.7.1\Pester.psm1 : ligne 3267
à Run-Test, C:\Users\user\Documents\WindowsPowerShell\Modules\Pester\5.7.1\Pester.psm1 : ligne 1691
à Invoke-Test, C:\Users\user\Documents\WindowsPowerShell\Modules\Pester\5.7.1\Pester.psm1 : ligne 2512
à Invoke-Pester&lt;End&gt;, C:\Users\user\Documents\WindowsPowerShell\Modules\Pester\5.7.1\Pester.psm1 : ligne 4960
à &lt;ScriptBlock&gt;, D:\DO\WEB\N8N_tests\PROJETS\EMAIL_SENDER_1\tools\scripts\roadmap-parser\module\Tests\Invoke-AllTests.ps1 : ligne 86
à &lt;ScriptBlock&gt;, &lt;Aucun fichier&gt; : ligne 1</stack-trace>
                    </failure>
                  </test-case>
                </results>
              </test-suite>
              <test-suite type="TestFixture" name="Test-DataType.Validation de type Array" executed="True" result="Failure" success="False" time="3.6582" asserts="0" description="Test-DataType.Validation de type Array">
                <results>
[...]
à &lt;ScriptBlock&gt;, C:\Users\user\Documents\WindowsPowerShell\Modules\Pester\5.7.1\Pester.psm1 : ligne 1688
à &lt;ScriptBlock&gt;, C:\Users\user\Documents\WindowsPowerShell\Modules\Pester\5.7.1\Pester.ps1 : ligne 3
à &lt;ScriptBlock&gt;, C:\Users\user\Documents\WindowsPowerShell\Modules\Pester\5.7.1\Pester.psm1 : ligne 3260
à Invoke-InNewScriptScope, C:\Users\user\Documents\WindowsPowerShell\Modules\Pester\5.7.1\Pester.psm1 : ligne 3267
à Run-Test, C:\Users\user\Documents\WindowsPowerShell\Modules\Pester\5.7.1\Pester.psm1 : ligne 1691
à Invoke-Test, C:\Users\user\Documents\WindowsPowerShell\Modules\Pester\5.7.1\Pester.psm1 : ligne 2512
à Invoke-Pester&lt;End&gt;, C:\Users\user\Documents\WindowsPowerShell\Modules\Pester\5.7.1\Pester.psm1 : ligne 4960
à &lt;ScriptBlock&gt;, D:\DO\WEB\N8N_tests\PROJETS\EMAIL_SENDER_1\tools\scripts\roadmap-parser\module\Tests\Invoke-AllTests.ps1 : ligne 86
à &lt;ScriptBlock&gt;, &lt;Aucun fichier&gt; : ligne 1</stack-trace>
                    </failure>
                  </test-case>
                </results>
              </test-suite>
              <test-suite type="TestFixture" name="Test-RoadmapInput.Validation combinÃ©e" executed="True" result="Failure" success="False" time="4.176" asserts="0" description="Test-RoadmapInput.Validation combinÃ©e">
                <results>
                  <test-case description="Devrait retourner True pour une valeur valide avec plusieurs validations" name="Test-RoadmapInput.Validation combinÃ©e.Devrait retourner True pour une valeur valide avec plusieurs validations" time="0.2651" asserts="0" success="False" result="Failure" executed="True">
                    <failure>
                      <message>CommandNotFoundException: Le terme « Test-RoadmapInput » n'est pas reconnu comme nom d'applet de commande, fonction, fichier de script ou programme exécutable. Vérifiez l'orthographe du nom, ou si un chemin d'accès existe, vérifiez que le chemin d'accès est correct et réessayez.</message>
                      <stack-trace>à &lt;ScriptBlock&gt;, D:\DO\WEB\N8N_tests\PROJETS\EMAIL_SENDER_1\tools\scripts\roadmap-parser\module\Tests\Validation\Test-RoadmapInput.Tests.ps1 : ligne 88
à &lt;ScriptBlock&gt;, C:\Users\user\Documents\WindowsPowerShell\Modules\Pester\5.7.1\Pester.psm1 : ligne 2024
à &lt;ScriptBlock&gt;, C:\Users\user\Documents\WindowsPowerShell\Modules\Pester\5.7.1\Pester.psm1 : ligne 1985
à Invoke-ScriptBlock, C:\Users\user\Documents\WindowsPowerShell\Modules\Pester\5.7.1\Pester.psm1 : ligne 2157
à Invoke-TestItem, C:\Users\user\Documents\WindowsPowerShell\Modules\Pester\5.7.1\Pester.psm1 : ligne 1199
à Invoke-Block, C:\Users\user\Documents\WindowsPowerShell\Modules\Pester\5.7.1\Pester.psm1 : ligne 835
à &lt;ScriptBlock&gt;, C:\Users\user\Documents\WindowsPowerShell\Modules\Pester\5.7.1\Pester.psm1 : ligne 893
à &lt;ScriptBlock&gt;, C:\Users\user\Documents\WindowsPowerShell\Modules\Pester\5.7.1\Pester.psm1 : ligne 2024
à &lt;ScriptBlock&gt;, C:\Users\user\Documents\WindowsPowerShell\Modules\Pester\5.7.1\Pester.psm1 : ligne 1985
à Invoke-ScriptBlock, C:\Users\user\Documents\WindowsPowerShell\Modules\Pester\5.7.1\Pester.psm1 : ligne 2160
à Invoke-Block, C:\Users\user\Documents\WindowsPowerShell\Modules\Pester\5.7.1\Pester.psm1 : ligne 940
à &lt;ScriptBlock&gt;, C:\Users\user\Documents\WindowsPowerShell\Modules\Pester\5.7.1\Pester.psm1 : ligne 893
à &lt;ScriptBlock&gt;, C:\Users\user\Documents\WindowsPowerShell\Modules\Pester\5.7.1\Pester.psm1 : ligne 2024
à &lt;ScriptBlock&gt;, C:\Users\user\Documents\WindowsPowerShell\Modules\Pester\5.7.1\Pester.psm1 : ligne 1985
à Invoke-ScriptBlock, C:\Users\user\Documents\WindowsPowerShell\Modules\Pester\5.7.1\Pester.psm1 : ligne 2160
à Invoke-Block, C:\Users\user\Documents\WindowsPowerShell\Modules\Pester\5.7.1\Pester.psm1 : ligne 940
à &lt;ScriptBlock&gt;, C:\Users\user\Documents\WindowsPowerShell\Modules\Pester\5.7.1\Pester.psm1 : ligne 893
à &lt;ScriptBlock&gt;, C:\Users\user\Documents\WindowsPowerShell\Modules\Pester\5.7.1\Pester.psm1 : ligne 2024
à &lt;ScriptBlock&gt;, C:\Users\user\Documents\WindowsPowerShell\Modules\Pester\5.7.1\Pester.psm1 : ligne 1985
à Invoke-ScriptBlock, C:\Users\user\Documents\WindowsPowerShell\Modules\Pester\5.7.1\Pester.psm1 : ligne 2160
à Invoke-Block, C:\Users\user\Documents\WindowsPowerShell\Modules\Pester\5.7.1\Pester.psm1 : ligne 940
à &lt;ScriptBlock&gt;, C:\Users\user\Documents\WindowsPowerShell\Modules\Pester\5.7.1\Pester.psm1 : ligne 1688
à &lt;ScriptBlock&gt;, C:\Users\user\Documents\WindowsPowerShell\Modules\Pester\5.7.1\Pester.ps1 : ligne 3
à &lt;ScriptBlock&gt;, C:\Users\user\Documents\WindowsPowerShell\Modules\Pester\5.7.1\Pester.psm1 : ligne 3260
à Invoke-InNewScriptScope, C:\Users\user\Documents\WindowsPowerShell\Modules\Pester\5.7.1\Pester.psm1 : ligne 3267
à Run-Test, C:\Users\user\Documents\WindowsPowerShell\Modules\Pester\5.7.1\Pester.psm1 : ligne 1691
à Invoke-Test, C:\Users\user\Documents\WindowsPowerShell\Modules\Pester\5.7.1\Pester.psm1 : ligne 2512
à Invoke-Pester&lt;End&gt;, C:\Users\user\Documents\WindowsPowerShell\Modules\Pester\5.7.1\Pester.psm1 : ligne 4960
à &lt;ScriptBlock&gt;, D:\DO\WEB\N8N_tests\PROJETS\EMAIL_SENDER_1\tools\scripts\roadmap-parser\module\Tests\Invoke-AllTests.ps1 : ligne 86
à &lt;ScriptBlock&gt;, &lt;Aucun fichier&gt; : ligne 1</stack-trace>
                    </failure>
                  </test-case>
                  <test-case description="Devrait retourner False si une des validations Ã©choue" name="Test-RoadmapInput.Validation combinÃ©e.Devrait retourner False si une des validations Ã©choue" time="0.2415" asserts="0" success="False" result="Failure" executed="True">
                    <failure>
                      <message>CommandNotFoundException: Le terme « Test-RoadmapInput » n'est pas reconnu comme nom d'applet de commande, fonction, fichier de script ou programme exécutable. Vérifiez l'orthographe du nom, ou si un chemin d'accès existe, vérifiez que le chemin d'accès est correct et réessayez.</message>
                      <stack-trace>à &lt;ScriptBlock&gt;, D:\DO\WEB\N8N_tests\PROJETS\EMAIL_SENDER_1\tools\scripts\roadmap-parser\module\Tests\Validation\Test-RoadmapInput.Tests.ps1 : ligne 92
à &lt;ScriptBlock&gt;, C:\Users\user\Documents\WindowsPowerShell\Modules\Pester\5.7.1\Pester.psm1 : ligne 2024
à &lt;ScriptBlock&gt;, C:\Users\user\Documents\WindowsPowerShell\Modules\Pester\5.7.1\Pester.psm1 : ligne 1985
à Invoke-ScriptBlock, C:\Users\user\Documents\WindowsPowerShell\Modules\Pester\5.7.1\Pester.psm1 : ligne 2157
à Invoke-TestItem, C:\Users\user\Documents\WindowsPowerShell\Modules\Pester\5.7.1\Pester.psm1 : ligne 1199
à Invoke-Block, C:\Users\user\Documents\WindowsPowerShell\Modules\Pester\5.7.1\Pester.psm1 : ligne 835
à &lt;ScriptBlock&gt;, C:\Users\user\Documents\WindowsPowerShell\Modules\Pester\5.7.1\Pester.psm1 : ligne 893
à &lt;ScriptBlock&gt;, C:\Users\user\Documents\WindowsPowerShell\Modules\Pester\5.7.1\Pester.psm1 : ligne 2024
à &lt;ScriptBlock&gt;, C:\Users\user\Documents\WindowsPowerShell\Modules\Pester\5.7.1\Pester.psm1 : ligne 1985
à Invoke-ScriptBlock, C:\Users\user\Documents\WindowsPowerShell\Modules\Pester\5.7.1\Pester.psm1 : ligne 2160
à Invoke-Block, C:\Users\user\Documents\WindowsPowerShell\Modules\Pester\5.7.1\Pester.psm1 : ligne 940
à &lt;ScriptBlock&gt;, C:\Users\user\Documents\WindowsPowerShell\Modules\Pester\5.7.1\Pester.psm1 : ligne 893
à &lt;ScriptBlock&gt;, C:\Users\user\Documents\WindowsPowerShell\Modules\Pester\5.7.1\Pester.psm1 : ligne 2024
à &lt;ScriptBlock&gt;, C:\Users\user\Documents\WindowsPowerShell\Modules\Pester\5.7.1\Pester.psm1 : ligne 1985
à Invoke-ScriptBlock, C:\Users\user\Documents\WindowsPowerShell\Modules\Pester\5.7.1\Pester.psm1 : ligne 2160
à Invoke-Block, C:\Users\user\Documents\WindowsPowerShell\Modules\Pester\5.7.1\Pester.psm1 : ligne 940
à &lt;ScriptBlock&gt;, C:\Users\user\Documents\WindowsPowerShell\Modules\Pester\5.7.1\Pester.psm1 : ligne 893
à &lt;ScriptBlock&gt;, C:\Users\user\Documents\WindowsPowerShell\Modules\Pester\5.7.1\Pester.psm1 : ligne 2024
à &lt;ScriptBlock&gt;, C:\Users\user\Documents\WindowsPowerShell\Modules\Pester\5.7.1\Pester.psm1 : ligne 1985
à Invoke-ScriptBlock, C:\Users\user\Documents\WindowsPowerShell\Modules\Pester\5.7.1\Pester.psm1 : ligne 2160
à Invoke-Block, C:\Users\user\Documents\WindowsPowerShell\Modules\Pester\5.7.1\Pester.psm1 : ligne 940
à &lt;ScriptBlock&gt;, C:\Users\user\Documents\WindowsPowerShell\Modules\Pester\5.7.1\Pester.psm1 : ligne 1688
à &lt;ScriptBlock&gt;, C:\Users\user\Documents\WindowsPowerShell\Modules\Pester\5.7.1\Pester.ps1 : ligne 3
à &lt;ScriptBlock&gt;, C:\Users\user\Documents\WindowsPowerShell\Modules\Pester\5.7.1\Pester.psm1 : ligne 3260
à Invoke-InNewScriptScope, C:\Users\user\Documents\WindowsPowerShell\Modules\Pester\5.7.1\Pester.psm1 : ligne 3267
à Run-Test, C:\Users\user\Documents\WindowsPowerShell\Modules\Pester\5.7.1\Pester.psm1 : ligne 1691
à Invoke-Test, C:\Users\user\Documents\WindowsPowerShell\Modules\Pester\5.7.1\Pester.psm1 : ligne 2512
à Invoke-Pester&lt;End&gt;, C:\Users\user\Documents\WindowsPowerShell\Modules\Pester\5.7.1\Pester.psm1 : ligne 4960
à &lt;ScriptBlock&gt;, D:\DO\WEB\N8N_tests\PROJETS\EMAIL_SENDER_1\tools\scripts\roadmap-parser\module\Tests\Invoke-AllTests.ps1 : ligne 86
à &lt;ScriptBlock&gt;, &lt;Aucun fichier&gt; : ligne 1</stack-trace>
                    </failure>
                  </test-case>
                </results>
              </test-suite>
              <test-suite type="TestFixture" name="Test-RoadmapInput.Validation avec ThrowOnFailure" executed="True" result="Failure" success="False" time="4.8126" asserts="0" description="Test-RoadmapInput.Validation avec ThrowOnFailure">
                <results>
                  <test-case description="Devrait lever une exception en cas d'Ã©chec avec ThrowOnFailure" name="Test-RoadmapInput.Validation avec ThrowOnFailure.Devrait lever une exception en cas d'Ã©chec avec ThrowOnFailure" time="0.2381" asserts="0" success="True" result="Success" executed="True" />
                  <test-case description="Ne devrait pas lever d'exception en cas de succÃ¨s avec ThrowOnFailure" name="Test-RoadmapInput.Validation avec ThrowOnFailure.Ne devrait pas lever d'exception en cas de succÃ¨s avec ThrowOnFailure" time="0.2922" asserts="0" success="False" result="Failure" executed="True">
                    <failure>
                      <message>Expected no exception to be thrown, but an exception "Le terme « Test-RoadmapInput » n'est pas reconnu comme nom d'applet de commande, fonction, fichier de script ou programme exécutable. Vérifiez l'orthographe du nom, ou si un chemin d'accès existe, vérifiez que le chemin d'accès est correct et réessayez." was thrown Au caractère D:\DO\WEB\N8N_tests\PROJETS\EMAIL_SENDER_1\tools\scripts\roadmap-parser\module\Tests\Validation\Test-RoadmapInput.Tests.ps1:102 : 15
    +             { Test-RoadmapInput -Value "user@example.com" -Format "Em ...
    +               ~~~~~~~~~~~~~~~~~.</message>
                      <stack-trace>at { Test-RoadmapInput -Value "user@example.com" -Format "Email" -ThrowOnFailure } | Should -Not -Throw, D:\DO\WEB\N8N_tests\PROJETS\EMAIL_SENDER_1\tools\scripts\roadmap-parser\module\Tests\Validation\Test-RoadmapInput.Tests.ps1:102
à Invoke-Assertion, C:\Users\user\Documents\WindowsPowerShell\Modules\Pester\5.7.1\Pester.psm1 : ligne 8250
à Should&lt;End&gt;, C:\Users\user\Documents\WindowsPowerShell\Modules\Pester\5.7.1\Pester.psm1 : ligne 8193
à &lt;ScriptBlock&gt;, D:\DO\WEB\N8N_tests\PROJETS\EMAIL_SENDER_1\tools\scripts\roadmap-parser\module\Tests\Validation\Test-RoadmapInput.Tests.ps1 : ligne 102
à &lt;ScriptBlock&gt;, C:\Users\user\Documents\WindowsPowerShell\Modules\Pester\5.7.1\Pester.psm1 : ligne 2024
à &lt;ScriptBlock&gt;, C:\Users\user\Documents\WindowsPowerShell\Modules\Pester\5.7.1\Pester.psm1 : ligne 1985
à Invoke-ScriptBlock, C:\Users\user\Documents\WindowsPowerShell\Modules\Pester\5.7.1\Pester.psm1 : ligne 2157
à Invoke-TestItem, C:\Users\user\Documents\WindowsPowerShell\Modules\Pester\5.7.1\Pester.psm1 : ligne 1199
à Invoke-Block, C:\Users\user\Documents\WindowsPowerShell\Modules\Pester\5.7.1\Pester.psm1 : ligne 835
à &lt;ScriptBlock&gt;, C:\Users\user\Documents\WindowsPowerShell\Modules\Pester\5.7.1\Pester.psm1 : ligne 893
à &lt;ScriptBlock&gt;, C:\Users\user\Documents\WindowsPowerShell\Modules\Pester\5.7.1\Pester.psm1 : ligne 2024
à &lt;ScriptBlock&gt;, C:\Users\user\Documents\WindowsPowerShell\Modules\Pester\5.7.1\Pester.psm1 : ligne 1985
à Invoke-ScriptBlock, C:\Users\user\Documents\WindowsPowerShell\Modules\Pester\5.7.1\Pester.psm1 : ligne 2160
à Invoke-Block, C:\Users\user\Documents\WindowsPowerShell\Modules\Pester\5.7.1\Pester.psm1 : ligne 940
à &lt;ScriptBlock&gt;, C:\Users\user\Documents\WindowsPowerShell\Modules\Pester\5.7.1\Pester.psm1 : ligne 893
à &lt;ScriptBlock&gt;, C:\Users\user\Documents\WindowsPowerShell\Modules\Pester\5.7.1\Pester.psm1 : ligne 2024
à &lt;ScriptBlock&gt;, C:\Users\user\Documents\WindowsPowerShell\Modules\Pester\5.7.1\Pester.psm1 : ligne 1985
à Invoke-ScriptBlock, C:\Users\user\Documents\WindowsPowerShell\Modules\Pester\5.7.1\Pester.psm1 : ligne 2160
à Invoke-Block, C:\Users\user\Documents\WindowsPowerShell\Modules\Pester\5.7.1\Pester.psm1 : ligne 940
à &lt;ScriptBlock&gt;, C:\Users\user\Documents\WindowsPowerShell\Modules\Pester\5.7.1\Pester.psm1 : ligne 893
à &lt;ScriptBlock&gt;, C:\Users\user\Documents\WindowsPowerShell\Modules\Pester\5.7.1\Pester.psm1 : ligne 2024
à &lt;ScriptBlock&gt;, C:\Users\user\Documents\WindowsPowerShell\Modules\Pester\5.7.1\Pester.psm1 : ligne 1985
à Invoke-ScriptBlock, C:\Users\user\Documents\WindowsPowerShell\Modules\Pester\5.7.1\Pester.psm1 : ligne 2160
à Invoke-Block, C:\Users\user\Documents\WindowsPowerShell\Modules\Pester\5.7.1\Pester.psm1 : ligne 940
à &lt;ScriptBlock&gt;, C:\Users\user\Documents\WindowsPowerShell\Modules\Pester\5.7.1\Pester.psm1 : ligne 1688
à &lt;ScriptBlock&gt;, C:\Users\user\Documents\WindowsPowerShell\Modules\Pester\5.7.1\Pester.ps1 : ligne 3
à &lt;ScriptBlock&gt;, C:\Users\user\Documents\WindowsPowerShell\Modules\Pester\5.7.1\Pester.psm1 : ligne 3260
à Invoke-InNewScriptScope, C:\Users\user\Documents\WindowsPowerShell\Modules\Pester\5.7.1\Pester.psm1 : ligne 3267
à Run-Test, C:\Users\user\Documents\WindowsPowerShell\Modules\Pester\5.7.1\Pester.psm1 : ligne 1691
à Invoke-Test, C:\Users\user\Documents\WindowsPowerShell\Modules\Pester\5.7.1\Pester.psm1 : ligne 2512
à Invoke-Pester&lt;End&gt;, C:\Users\user\Documents\WindowsPowerShell\Modules\Pester\5.7.1\Pester.psm1 : ligne 4960
à &lt;ScriptBlock&gt;, D:\DO\WEB\N8N_tests\PROJETS\EMAIL_SENDER_1\tools\scripts\roadmap-parser\module\Tests\Invoke-AllTests.ps1 : ligne 86
à &lt;ScriptBlock&gt;, &lt;Aucun fichier&gt; : ligne 1</stack-trace>
                    </failure>
                  </test-case>
                </results>
              </test-suite>
              <test-suite type="TestFixture" name="Test-RoadmapInput.Validation avec message d'erreur personnalisÃ©" executed="True" result="Failure" success="False" time="5.2677" asserts="0" description="Test-RoadmapInput.Validation avec message d'erreur personnalisÃ©">
                <results>
                  <test-case description="Devrait utiliser le message d'erreur personnalisÃ© en cas d'Ã©chec" name="Test-RoadmapInput.Validation avec message d'erreur personnalisÃ©.Devrait utiliser le message d'erreur personnalisÃ© en cas d'Ã©chec" time="0.3389" asserts="0" success="False" result="Failure" executed="True">
                    <failure>
                      <message>Expected strings to be the same, but they were different.
Expected length: 30
Actual length:   253
Strings differ at index 0.
Expected: 'Message d'erreur personnalisÃ©'
But was:  'Le terme « Test-RoadmapInput » n'est pas reconnu comme nom d'applet de commande, fonc...'
           ^</message>
                      <stack-trace>at $exceptionMessage | Should -Be $customErrorMessage, D:\DO\WEB\N8N_tests\PROJETS\EMAIL_SENDER_1\tools\scripts\roadmap-parser\module\Tests\Validation\Test-RoadmapInput.Tests.ps1:117
à Invoke-Assertion, C:\Users\user\Documents\WindowsPowerShell\Modules\Pester\5.7.1\Pester.psm1 : ligne 8250
à Should&lt;End&gt;, C:\Users\user\Documents\WindowsPowerShell\Modules\Pester\5.7.1\Pester.psm1 : ligne 8189
à &lt;ScriptBlock&gt;, D:\DO\WEB\N8N_tests\PROJETS\EMAIL_SENDER_1\tools\scripts\roadmap-parser\module\Tests\Validation\Test-RoadmapInput.Tests.ps1 : ligne 117
à &lt;ScriptBlock&gt;, C:\Users\user\Documents\WindowsPowerShell\Modules\Pester\5.7.1\Pester.psm1 : ligne 2024
à &lt;ScriptBlock&gt;, C:\Users\user\Documents\WindowsPowerShell\Modules\Pester\5.7.1\Pester.psm1 : ligne 1985
à Invoke-ScriptBlock, C:\Users\user\Documents\WindowsPowerShell\Modules\Pester\5.7.1\Pester.psm1 : ligne 2157
à Invoke-TestItem, C:\Users\user\Documents\WindowsPowerShell\Modules\Pester\5.7.1\Pester.psm1 : ligne 1199
à Invoke-Block, C:\Users\user\Documents\WindowsPowerShell\Modules\Pester\5.7.1\Pester.psm1 : ligne 835
à &lt;ScriptBlock&gt;, C:\Users\user\Documents\WindowsPowerShell\Modules\Pester\5.7.1\Pester.psm1 : ligne 893
à &lt;ScriptBlock&gt;, C:\Users\user\Documents\WindowsPowerShell\Modules\Pester\5.7.1\Pester.psm1 : ligne 2024
à &lt;ScriptBlock&gt;, C:\Users\user\Documents\WindowsPowerShell\Modules\Pester\5.7.1\Pester.psm1 : ligne 1985
à Invoke-ScriptBlock, C:\Users\user\Documents\WindowsPowerShell\Modules\Pester\5.7.1\Pester.psm1 : ligne 2160
à Invoke-Block, C:\Users\user\Documents\WindowsPowerShell\Modules\Pester\5.7.1\Pester.psm1 : ligne 940
à &lt;ScriptBlock&gt;, C:\Users\user\Documents\WindowsPowerShell\Modules\Pester\5.7.1\Pester.psm1 : ligne 893
à &lt;ScriptBlock&gt;, C:\Users\user\Documents\WindowsPowerShell\Modules\Pester\5.7.1\Pester.psm1 : ligne 2024
à &lt;ScriptBlock&gt;, C:\Users\user\Documents\WindowsPowerShell\Modules\Pester\5.7.1\Pester.psm1 : ligne 1985
à Invoke-ScriptBlock, C:\Users\user\Documents\WindowsPowerShell\Modules\Pester\5.7.1\Pester.psm1 : ligne 2160
à Invoke-Block, C:\Users\user\Documents\WindowsPowerShell\Modules\Pester\5.7.1\Pester.psm1 : ligne 940
à &lt;ScriptBlock&gt;, C:\Users\user\Documents\WindowsPowerShell\Modules\Pester\5.7.1\Pester.psm1 : ligne 893
à &lt;ScriptBlock&gt;, C:\Users\user\Documents\WindowsPowerShell\Modules\Pester\5.7.1\Pester.psm1 : ligne 2024
à &lt;ScriptBlock&gt;, C:\Users\user\Documents\WindowsPowerShell\Modules\Pester\5.7.1\Pester.psm1 : ligne 1985
à Invoke-ScriptBlock, C:\Users\user\Documents\WindowsPowerShell\Modules\Pester\5.7.1\Pester.psm1 : ligne 2160
à Invoke-Block, C:\Users\user\Documents\WindowsPowerShell\Modules\Pester\5.7.1\Pester.psm1 : ligne 940
à &lt;ScriptBlock&gt;, C:\Users\user\Documents\WindowsPowerShell\Modules\Pester\5.7.1\Pester.psm1 : ligne 1688
à &lt;ScriptBlock&gt;, C:\Users\user\Documents\WindowsPowerShell\Modules\Pester\5.7.1\Pester.ps1 : ligne 3
à &lt;ScriptBlock&gt;, C:\Users\user\Documents\WindowsPowerShell\Modules\Pester\5.7.1\Pester.psm1 : ligne 3260
à Invoke-InNewScriptScope, C:\Users\user\Documents\WindowsPowerShell\Modules\Pester\5.7.1\Pester.psm1 : ligne 3267
à Run-Test, C:\Users\user\Documents\WindowsPowerShell\Modules\Pester\5.7.1\Pester.psm1 : ligne 1691
à Invoke-Test, C:\Users\user\Documents\WindowsPowerShell\Modules\Pester\5.7.1\Pester.psm1 : ligne 2512
à Invoke-Pester&lt;End&gt;, C:\Users\user\Documents\WindowsPowerShell\Modules\Pester\5.7.1\Pester.psm1 : ligne 4960
à &lt;ScriptBlock&gt;, D:\DO\WEB\N8N_tests\PROJETS\EMAIL_SENDER_1\tools\scripts\roadmap-parser\module\Tests\Invoke-AllTests.ps1 : ligne 86
à &lt;ScriptBlock&gt;, &lt;Aucun fichier&gt; : ligne 1</stack-trace>
                    </failure>
                  </test-case>
                </results>
              </test-suite>
            </results>
          </test-suite>
        </results>
      </test-suite>
    </results>
  </test-suite>
</test-results>