mode: set
github.com/gerivdb/email-sender-1/development/managers/gateway-manager/discovery.go:12.44,15.22 2 0
github.com/gerivdb/email-sender-1/development/managers/gateway-manager/discovery.go:15.22,17.17 2 0
github.com/gerivdb/email-sender-1/development/managers/gateway-manager/discovery.go:17.17,19.4 1 0
github.com/gerivdb/email-sender-1/development/managers/gateway-manager/discovery.go:21.3,22.17 2 0
github.com/gerivdb/email-sender-1/development/managers/gateway-manager/discovery.go:22.17,24.4 1 0
github.com/gerivdb/email-sender-1/development/managers/gateway-manager/discovery.go:26.3,26.59 1 0
github.com/gerivdb/email-sender-1/development/managers/gateway-manager/discovery.go:27.8,29.3 1 0
github.com/gerivdb/email-sender-1/development/managers/gateway-manager/discovery.go:31.2,31.12 1 0
github.com/gerivdb/email-sender-1/development/managers/gateway-manager/gateway.go:27.19,35.2 1 1
github.com/gerivdb/email-sender-1/development/managers/gateway-manager/gateway.go:38.35,40.2 1 1
github.com/gerivdb/email-sender-1/development/managers/gateway-manager/gateway.go:43.126,48.16 3 1
github.com/gerivdb/email-sender-1/development/managers/gateway-manager/gateway.go:48.16,51.3 1 0
github.com/gerivdb/email-sender-1/development/managers/gateway-manager/gateway.go:51.8,53.3 1 1
github.com/gerivdb/email-sender-1/development/managers/gateway-manager/gateway.go:56.2,57.16 2 1
github.com/gerivdb/email-sender-1/development/managers/gateway-manager/gateway.go:57.16,59.3 1 0
github.com/gerivdb/email-sender-1/development/managers/gateway-manager/gateway.go:59.8,61.3 1 1
github.com/gerivdb/email-sender-1/development/managers/gateway-manager/gateway.go:64.2,66.16 3 1
github.com/gerivdb/email-sender-1/development/managers/gateway-manager/gateway.go:66.16,68.3 1 0
github.com/gerivdb/email-sender-1/development/managers/gateway-manager/gateway.go:68.8,70.3 1 1
github.com/gerivdb/email-sender-1/development/managers/gateway-manager/gateway.go:73.2,74.16 2 1
github.com/gerivdb/email-sender-1/development/managers/gateway-manager/gateway.go:74.16,76.3 1 0
github.com/gerivdb/email-sender-1/development/managers/gateway-manager/gateway.go:76.8,78.3 1 1
github.com/gerivdb/email-sender-1/development/managers/gateway-manager/gateway.go:80.2,81.68 2 1
github.com/gerivdb/email-sender-1/development/managers/gateway-manager/discovery/discovery.go:20.54,23.18 1 0
github.com/gerivdb/email-sender-1/development/managers/gateway-manager/discovery/discovery.go:23.18,25.3 1 0
github.com/gerivdb/email-sender-1/development/managers/gateway-manager/discovery/discovery.go:26.2,26.18 1 0
github.com/gerivdb/email-sender-1/development/managers/gateway-manager/discovery/discovery.go:26.18,28.3 1 0
github.com/gerivdb/email-sender-1/development/managers/gateway-manager/discovery/discovery.go:29.2,29.12 1 0
github.com/gerivdb/email-sender-1/development/managers/gateway-manager/discovery/discovery.go:33.40,39.29 5 0
github.com/gerivdb/email-sender-1/development/managers/gateway-manager/discovery/discovery.go:39.29,41.17 2 0
github.com/gerivdb/email-sender-1/development/managers/gateway-manager/discovery/discovery.go:41.17,44.67 3 0
github.com/gerivdb/email-sender-1/development/managers/gateway-manager/discovery/discovery.go:44.67,47.5 2 0
github.com/gerivdb/email-sender-1/development/managers/gateway-manager/discovery/discovery.go:50.2,50.16 1 0
