mode: set
email_sender/pkg/fmoua/ai/intelligence_engine.go:36.101,37.19 1 1
email_sender/pkg/fmoua/ai/intelligence_engine.go:37.19,39.3 1 1
email_sender/pkg/fmoua/ai/intelligence_engine.go:41.2,45.16 3 1
email_sender/pkg/fmoua/ai/intelligence_engine.go:45.16,47.3 1 0
email_sender/pkg/fmoua/ai/intelligence_engine.go:50.2,70.20 5 1
email_sender/pkg/fmoua/ai/intelligence_engine.go:74.63,80.50 3 1
email_sender/pkg/fmoua/ai/intelligence_engine.go:80.50,82.3 1 0
email_sender/pkg/fmoua/ai/intelligence_engine.go:85.2,85.51 1 1
email_sender/pkg/fmoua/ai/intelligence_engine.go:85.51,87.3 1 0
email_sender/pkg/fmoua/ai/intelligence_engine.go:90.2,90.52 1 1
email_sender/pkg/fmoua/ai/intelligence_engine.go:90.52,92.3 1 0
email_sender/pkg/fmoua/ai/intelligence_engine.go:95.2,95.49 1 1
email_sender/pkg/fmoua/ai/intelligence_engine.go:95.49,97.3 1 0
email_sender/pkg/fmoua/ai/intelligence_engine.go:99.2,104.12 3 1
email_sender/pkg/fmoua/ai/intelligence_engine.go:108.97,110.15 2 1
email_sender/pkg/fmoua/ai/intelligence_engine.go:110.15,112.3 1 1
email_sender/pkg/fmoua/ai/intelligence_engine.go:114.2,117.72 2 1
email_sender/pkg/fmoua/ai/intelligence_engine.go:117.72,122.3 2 1
email_sender/pkg/fmoua/ai/intelligence_engine.go:125.2,126.16 2 1
email_sender/pkg/fmoua/ai/intelligence_engine.go:126.16,128.3 1 0
email_sender/pkg/fmoua/ai/intelligence_engine.go:131.2,140.22 4 1
email_sender/pkg/fmoua/ai/intelligence_engine.go:144.99,147.16 2 1
email_sender/pkg/fmoua/ai/intelligence_engine.go:147.16,149.3 1 0
email_sender/pkg/fmoua/ai/intelligence_engine.go:152.2,153.16 2 1
email_sender/pkg/fmoua/ai/intelligence_engine.go:153.16,155.3 1 0
email_sender/pkg/fmoua/ai/intelligence_engine.go:157.2,157.22 1 1
email_sender/pkg/fmoua/ai/intelligence_engine.go:161.119,163.15 2 1
email_sender/pkg/fmoua/ai/intelligence_engine.go:163.15,165.3 1 1
email_sender/pkg/fmoua/ai/intelligence_engine.go:167.2,196.22 3 1
email_sender/pkg/fmoua/ai/intelligence_engine.go:200.114,202.15 2 1
email_sender/pkg/fmoua/ai/intelligence_engine.go:202.15,204.3 1 1
email_sender/pkg/fmoua/ai/intelligence_engine.go:206.2,230.22 2 1
email_sender/pkg/fmoua/ai/intelligence_engine.go:234.81,240.2 4 1
email_sender/pkg/fmoua/ai/intelligence_engine.go:243.76,251.36 5 1
email_sender/pkg/fmoua/ai/intelligence_engine.go:251.36,253.3 1 1
email_sender/pkg/fmoua/ai/intelligence_engine.go:256.2,256.43 1 1
email_sender/pkg/fmoua/ai/intelligence_engine.go:256.43,258.3 1 1
email_sender/pkg/fmoua/ai/intelligence_engine.go:258.8,263.3 1 1
email_sender/pkg/fmoua/ai/intelligence_engine.go:266.2,266.38 1 1
email_sender/pkg/fmoua/ai/intelligence_engine.go:270.43,275.46 3 1
email_sender/pkg/fmoua/ai/intelligence_engine.go:275.46,277.3 1 0
email_sender/pkg/fmoua/ai/intelligence_engine.go:279.2,279.48 1 1
email_sender/pkg/fmoua/ai/intelligence_engine.go:279.48,281.3 1 0
email_sender/pkg/fmoua/ai/intelligence_engine.go:283.2,284.12 2 1
email_sender/pkg/fmoua/ai/qdrant_client.go:23.93,29.2 1 1
email_sender/pkg/fmoua/ai/qdrant_client.go:32.57,42.2 5 1
email_sender/pkg/fmoua/ai/qdrant_client.go:45.37,49.2 3 1
email_sender/pkg/fmoua/ai/qdrant_client.go:52.70,53.18 1 1
email_sender/pkg/fmoua/ai/qdrant_client.go:53.18,55.3 1 1
email_sender/pkg/fmoua/ai/qdrant_client.go:58.2,59.24 2 1
email_sender/pkg/fmoua/ai/qdrant_client.go:59.24,61.3 1 1
email_sender/pkg/fmoua/ai/qdrant_client.go:63.2,63.20 1 1
email_sender/pkg/fmoua/ai/qdrant_client.go:76.71,82.2 1 1
email_sender/pkg/fmoua/ai/qdrant_client.go:85.64,86.44 1 1
email_sender/pkg/fmoua/ai/qdrant_client.go:86.44,89.3 2 1
email_sender/pkg/fmoua/ai/qdrant_client.go:90.2,91.12 2 1
email_sender/pkg/fmoua/ai/qdrant_client.go:95.74,96.31 1 1
email_sender/pkg/fmoua/ai/qdrant_client.go:96.31,98.26 1 1
email_sender/pkg/fmoua/ai/qdrant_client.go:98.26,100.9 2 1
email_sender/pkg/fmoua/ai/qdrant_client.go:103.2,103.25 1 1
email_sender/pkg/fmoua/ai/qdrant_client.go:107.40,111.2 2 1
email_sender/pkg/fmoua/ai/qdrant_client.go:120.84,125.2 1 1
email_sender/pkg/fmoua/ai/qdrant_client.go:128.59,131.2 2 1
email_sender/pkg/fmoua/ai/qdrant_client.go:134.39,137.2 2 1
email_sender/pkg/fmoua/ai/qdrant_client.go:140.87,143.23 2 1
email_sender/pkg/fmoua/ai/qdrant_client.go:143.23,145.3 1 1
email_sender/pkg/fmoua/ai/qdrant_client.go:147.2,165.22 2 1
email_sender/pkg/fmoua/ai/qdrant_client.go:175.82,180.2 1 1
email_sender/pkg/fmoua/ai/qdrant_client.go:183.42,186.2 2 1
email_sender/pkg/fmoua/ai/qdrant_client.go:189.81,197.37 4 1
email_sender/pkg/fmoua/ai/qdrant_client.go:197.37,199.17 2 1
email_sender/pkg/fmoua/ai/qdrant_client.go:199.17,201.4 1 0
email_sender/pkg/fmoua/ai/qdrant_client.go:202.3,202.36 1 1
email_sender/pkg/fmoua/ai/qdrant_client.go:205.2,209.21 2 1
email_sender/pkg/fmoua/core/config.go:33.63,37.45 3 1
email_sender/pkg/fmoua/core/config.go:37.45,39.3 1 1
email_sender/pkg/fmoua/core/config.go:41.2,46.49 5 1
email_sender/pkg/fmoua/core/config.go:46.49,48.3 1 0
email_sender/pkg/fmoua/core/config.go:50.2,50.45 1 1
email_sender/pkg/fmoua/core/config.go:50.45,55.3 4 0
email_sender/pkg/fmoua/core/config.go:56.2,56.46 1 1
email_sender/pkg/fmoua/core/config.go:56.46,61.66 4 1
email_sender/pkg/fmoua/core/config.go:61.66,62.54 1 0
email_sender/pkg/fmoua/core/config.go:62.54,63.58 1 0
email_sender/pkg/fmoua/core/config.go:63.58,69.6 1 0
email_sender/pkg/fmoua/core/config.go:74.3,74.47 1 1
email_sender/pkg/fmoua/core/config.go:74.47,76.44 2 1
email_sender/pkg/fmoua/core/config.go:76.44,77.68 1 1
email_sender/pkg/fmoua/core/config.go:77.68,83.6 1 0
email_sender/pkg/fmoua/core/config.go:88.3,88.53 1 1
email_sender/pkg/fmoua/core/config.go:88.53,90.4 1 1
email_sender/pkg/fmoua/core/config.go:91.3,91.48 1 1
email_sender/pkg/fmoua/core/config.go:91.48,93.4 1 1
email_sender/pkg/fmoua/core/config.go:94.3,94.44 1 1
email_sender/pkg/fmoua/core/config.go:94.44,96.4 1 1
email_sender/pkg/fmoua/core/config.go:99.2,99.30 1 1
email_sender/pkg/fmoua/core/config.go:99.30,108.3 8 1
email_sender/pkg/fmoua/core/config.go:110.2,110.35 1 1
email_sender/pkg/fmoua/core/config.go:110.35,121.40 3 1
email_sender/pkg/fmoua/core/config.go:121.40,123.4 1 1
email_sender/pkg/fmoua/core/config.go:124.3,124.39 1 1
email_sender/pkg/fmoua/core/config.go:124.39,126.4 1 1
email_sender/pkg/fmoua/core/config.go:127.3,127.50 1 1
email_sender/pkg/fmoua/core/config.go:127.50,129.4 1 1
email_sender/pkg/fmoua/core/config.go:130.3,130.45 1 1
email_sender/pkg/fmoua/core/config.go:130.45,132.4 1 1
email_sender/pkg/fmoua/core/config.go:133.3,133.50 1 1
email_sender/pkg/fmoua/core/config.go:133.50,135.4 1 1
email_sender/pkg/fmoua/core/config.go:138.2,141.53 2 1
email_sender/pkg/fmoua/core/config.go:141.53,143.3 1 1
email_sender/pkg/fmoua/core/config.go:145.2,145.21 1 0
email_sender/pkg/fmoua/core/config.go:149.53,150.19 1 1
email_sender/pkg/fmoua/core/config.go:150.19,152.3 1 1
email_sender/pkg/fmoua/core/config.go:154.2,155.89 2 1
email_sender/pkg/fmoua/core/config.go:155.89,157.3 1 1
email_sender/pkg/fmoua/core/config.go:160.2,160.73 1 1
email_sender/pkg/fmoua/core/config.go:160.73,162.3 1 1
email_sender/pkg/fmoua/core/config.go:165.2,165.62 1 1
email_sender/pkg/fmoua/core/config.go:165.62,167.3 1 1
email_sender/pkg/fmoua/core/config.go:169.2,170.46 2 1
email_sender/pkg/fmoua/core/config.go:170.46,172.3 1 1
email_sender/pkg/fmoua/core/config.go:174.2,174.12 1 1
email_sender/pkg/fmoua/core/config.go:178.43,345.2 1 1
email_sender/pkg/fmoua/core/config.go:348.68,349.52 1 1
email_sender/pkg/fmoua/core/config.go:349.52,351.3 1 1
email_sender/pkg/fmoua/core/config.go:353.2,370.44 15 1
email_sender/pkg/fmoua/core/config.go:370.44,372.3 1 1
email_sender/pkg/fmoua/core/config.go:374.2,374.12 1 1
email_sender/pkg/fmoua/core/config.go:380.70,387.2 1 1
email_sender/pkg/fmoua/core/config.go:390.42,392.2 1 1
email_sender/pkg/fmoua/core/config.go:395.53,397.54 2 1
email_sender/pkg/fmoua/core/config.go:397.54,398.21 1 1
email_sender/pkg/fmoua/core/config.go:398.21,400.4 1 1
email_sender/pkg/fmoua/core/config.go:402.2,402.16 1 1
email_sender/pkg/fmoua/core/config.go:406.91,408.13 2 1
email_sender/pkg/fmoua/core/config.go:408.13,410.3 1 1
email_sender/pkg/fmoua/core/config.go:411.2,411.21 1 1
email_sender/pkg/fmoua/core/orchestrator.go:46.37,61.2 3 1
email_sender/pkg/fmoua/core/orchestrator.go:64.68,70.54 3 1
email_sender/pkg/fmoua/core/orchestrator.go:70.54,72.3 1 1
email_sender/pkg/fmoua/core/orchestrator.go:75.2,83.12 4 1
email_sender/pkg/fmoua/core/orchestrator.go:87.59,91.6 3 1
email_sender/pkg/fmoua/core/orchestrator.go:91.6,92.10 1 1
email_sender/pkg/fmoua/core/orchestrator.go:93.23,94.10 1 1
email_sender/pkg/fmoua/core/orchestrator.go:95.19,96.29 1 0
email_sender/pkg/fmoua/core/orchestrator.go:102.59,107.31 4 1
email_sender/pkg/fmoua/core/orchestrator.go:107.31,116.3 3 1
email_sender/pkg/fmoua/core/orchestrator.go:120.104,122.15 2 1
email_sender/pkg/fmoua/core/orchestrator.go:122.15,124.3 1 1
email_sender/pkg/fmoua/core/orchestrator.go:126.2,130.29 2 1
email_sender/pkg/fmoua/core/orchestrator.go:130.29,132.3 1 1
email_sender/pkg/fmoua/core/orchestrator.go:135.2,136.16 2 1
email_sender/pkg/fmoua/core/orchestrator.go:136.16,139.3 2 1
email_sender/pkg/fmoua/core/orchestrator.go:142.2,142.63 1 1
email_sender/pkg/fmoua/core/orchestrator.go:142.63,145.3 2 1
email_sender/pkg/fmoua/core/orchestrator.go:147.2,153.22 3 1
email_sender/pkg/fmoua/core/orchestrator.go:157.101,158.42 1 1
email_sender/pkg/fmoua/core/orchestrator.go:158.42,165.49 2 1
email_sender/pkg/fmoua/core/orchestrator.go:165.49,167.4 1 1
email_sender/pkg/fmoua/core/orchestrator.go:169.2,169.12 1 1
email_sender/pkg/fmoua/core/orchestrator.go:173.92,179.16 3 1
email_sender/pkg/fmoua/core/orchestrator.go:179.16,181.3 1 1
email_sender/pkg/fmoua/core/orchestrator.go:183.2,188.12 2 1
email_sender/pkg/fmoua/core/orchestrator.go:192.85,208.61 2 1
email_sender/pkg/fmoua/core/orchestrator.go:208.61,210.3 1 1
email_sender/pkg/fmoua/core/orchestrator.go:213.2,213.25 1 1
email_sender/pkg/fmoua/core/orchestrator.go:217.85,219.15 2 1
email_sender/pkg/fmoua/core/orchestrator.go:219.15,221.3 1 1
email_sender/pkg/fmoua/core/orchestrator.go:223.2,229.16 3 1
email_sender/pkg/fmoua/core/orchestrator.go:229.16,231.3 1 1
email_sender/pkg/fmoua/core/orchestrator.go:234.2,234.38 1 1
email_sender/pkg/fmoua/core/orchestrator.go:234.38,239.17 2 1
email_sender/pkg/fmoua/core/orchestrator.go:239.17,241.4 1 0
email_sender/pkg/fmoua/core/orchestrator.go:243.3,243.62 1 1
email_sender/pkg/fmoua/core/orchestrator.go:243.62,246.4 1 1
email_sender/pkg/fmoua/core/orchestrator.go:250.2,250.33 1 1
email_sender/pkg/fmoua/core/orchestrator.go:250.33,251.71 1 1
email_sender/pkg/fmoua/core/orchestrator.go:251.71,254.4 2 0
email_sender/pkg/fmoua/core/orchestrator.go:257.2,263.12 3 1
email_sender/pkg/fmoua/core/orchestrator.go:267.111,269.25 1 1
email_sender/pkg/fmoua/core/orchestrator.go:269.25,270.48 1 1
email_sender/pkg/fmoua/core/orchestrator.go:270.48,272.4 1 0
email_sender/pkg/fmoua/core/orchestrator.go:276.2,281.16 2 1
email_sender/pkg/fmoua/core/orchestrator.go:281.16,283.3 1 0
email_sender/pkg/fmoua/core/orchestrator.go:285.2,290.12 2 1
email_sender/pkg/fmoua/core/orchestrator.go:294.69,300.2 2 1
email_sender/pkg/fmoua/core/orchestrator.go:303.70,311.28 4 1
email_sender/pkg/fmoua/core/orchestrator.go:311.28,314.3 2 1
email_sender/pkg/fmoua/core/orchestrator.go:317.2,331.15 7 1
email_sender/pkg/fmoua/core/orchestrator.go:335.115,339.39 3 1
email_sender/pkg/fmoua/core/orchestrator.go:339.39,340.23 1 1
email_sender/pkg/fmoua/core/orchestrator.go:340.23,342.4 1 1
email_sender/pkg/fmoua/core/orchestrator.go:345.2,347.9 2 1
email_sender/pkg/fmoua/core/orchestrator.go:348.30,349.19 1 1
email_sender/pkg/fmoua/core/orchestrator.go:350.30,351.19 1 1
email_sender/pkg/fmoua/core/orchestrator.go:352.10,353.20 1 1
email_sender/pkg/fmoua/core/orchestrator.go:358.92,365.16 5 1
email_sender/pkg/fmoua/core/orchestrator.go:365.16,367.3 1 1
email_sender/pkg/fmoua/core/orchestrator.go:367.8,369.3 1 1
email_sender/pkg/fmoua/core/orchestrator.go:372.2,372.36 1 1
email_sender/pkg/fmoua/core/orchestrator.go:372.36,374.3 1 1
email_sender/pkg/fmoua/core/orchestrator.go:377.2,377.45 1 1
email_sender/pkg/fmoua/core/orchestrator.go:377.45,379.3 1 1
email_sender/pkg/fmoua/core/orchestrator.go:379.8,383.3 1 1
email_sender/pkg/fmoua/core/orchestrator.go:387.48,397.2 5 1
email_sender/pkg/fmoua/core/orchestrator.go:400.77,406.2 4 1
email_sender/pkg/fmoua/integration/manager_hub.go:37.91,38.19 1 1
email_sender/pkg/fmoua/integration/manager_hub.go:38.19,40.3 1 1
email_sender/pkg/fmoua/integration/manager_hub.go:42.2,54.49 3 1
email_sender/pkg/fmoua/integration/manager_hub.go:54.49,56.3 1 0
email_sender/pkg/fmoua/integration/manager_hub.go:58.2,58.17 1 1
email_sender/pkg/fmoua/integration/manager_hub.go:62.49,86.43 3 1
email_sender/pkg/fmoua/integration/manager_hub.go:86.43,88.17 2 1
email_sender/pkg/fmoua/integration/manager_hub.go:88.17,92.12 2 0
email_sender/pkg/fmoua/integration/manager_hub.go:94.3,101.77 3 1
email_sender/pkg/fmoua/integration/manager_hub.go:104.2,104.12 1 1
email_sender/pkg/fmoua/integration/manager_hub.go:108.89,112.2 1 1
email_sender/pkg/fmoua/integration/manager_hub.go:115.55,122.40 4 1
email_sender/pkg/fmoua/integration/manager_hub.go:122.40,124.37 2 1
email_sender/pkg/fmoua/integration/manager_hub.go:124.37,126.41 2 1
email_sender/pkg/fmoua/integration/manager_hub.go:126.41,129.5 2 0
email_sender/pkg/fmoua/integration/manager_hub.go:130.4,130.78 1 1
email_sender/pkg/fmoua/integration/manager_hub.go:134.2,135.12 2 1
email_sender/pkg/fmoua/integration/manager_hub.go:135.12,138.3 2 1
email_sender/pkg/fmoua/integration/manager_hub.go:140.2,140.9 1 1
email_sender/pkg/fmoua/integration/manager_hub.go:141.14,145.27 3 1
email_sender/pkg/fmoua/integration/manager_hub.go:145.27,147.4 1 0
email_sender/pkg/fmoua/integration/manager_hub.go:148.3,148.27 1 1
email_sender/pkg/fmoua/integration/manager_hub.go:148.27,150.4 1 0
email_sender/pkg/fmoua/integration/manager_hub.go:151.38,152.49 1 0
email_sender/pkg/fmoua/integration/manager_hub.go:156.2,161.12 3 1
email_sender/pkg/fmoua/integration/manager_hub.go:165.41,166.6 1 1
email_sender/pkg/fmoua/integration/manager_hub.go:166.6,167.10 1 1
email_sender/pkg/fmoua/integration/manager_hub.go:168.23,169.10 1 1
email_sender/pkg/fmoua/integration/manager_hub.go:170.27,171.27 1 1
email_sender/pkg/fmoua/integration/manager_hub.go:177.44,181.40 3 1
email_sender/pkg/fmoua/integration/manager_hub.go:181.40,191.17 5 1
email_sender/pkg/fmoua/integration/manager_hub.go:191.17,193.4 1 1
email_sender/pkg/fmoua/integration/manager_hub.go:195.3,197.24 2 1
email_sender/pkg/fmoua/integration/manager_hub.go:197.24,202.4 1 1
email_sender/pkg/fmoua/integration/manager_hub.go:207.74,212.13 4 1
email_sender/pkg/fmoua/integration/manager_hub.go:212.13,214.3 1 1
email_sender/pkg/fmoua/integration/manager_hub.go:216.2,216.21 1 1
email_sender/pkg/fmoua/integration/manager_hub.go:220.75,225.43 4 1
email_sender/pkg/fmoua/integration/manager_hub.go:225.43,227.3 1 1
email_sender/pkg/fmoua/integration/manager_hub.go:229.2,229.15 1 1
email_sender/pkg/fmoua/integration/manager_hub.go:233.51,238.43 4 1
email_sender/pkg/fmoua/integration/manager_hub.go:238.43,239.23 1 1
email_sender/pkg/fmoua/integration/manager_hub.go:239.23,241.4 1 1
email_sender/pkg/fmoua/integration/manager_hub.go:244.2,244.15 1 1
email_sender/pkg/fmoua/integration/manager_hub.go:248.35,255.40 5 1
email_sender/pkg/fmoua/integration/manager_hub.go:255.40,256.40 1 1
email_sender/pkg/fmoua/integration/manager_hub.go:256.40,258.4 1 0
email_sender/pkg/fmoua/integration/manager_hub.go:261.2,261.21 1 1
email_sender/pkg/fmoua/integration/manager_hub.go:261.21,263.3 1 0
email_sender/pkg/fmoua/integration/manager_hub.go:265.2,266.12 2 1
email_sender/pkg/fmoua/integration/manager_hub.go:270.129,272.16 2 1
email_sender/pkg/fmoua/integration/manager_hub.go:272.16,274.3 1 1
email_sender/pkg/fmoua/integration/manager_hub.go:277.2,281.23 4 1
email_sender/pkg/fmoua/integration/manager_hub.go:281.23,283.3 1 0
email_sender/pkg/fmoua/integration/manager_hub.go:286.2,290.80 2 1
email_sender/pkg/fmoua/integration/manager_proxy.go:27.106,36.2 1 1
email_sender/pkg/fmoua/integration/manager_proxy.go:39.38,41.2 1 1
email_sender/pkg/fmoua/integration/manager_proxy.go:44.57,50.2 1 1
email_sender/pkg/fmoua/integration/manager_proxy.go:53.57,65.2 6 1
email_sender/pkg/fmoua/integration/manager_proxy.go:68.37,75.2 4 1
email_sender/pkg/fmoua/integration/manager_proxy.go:78.39,79.18 1 1
email_sender/pkg/fmoua/integration/manager_proxy.go:79.18,81.3 1 1
email_sender/pkg/fmoua/integration/manager_proxy.go:84.2,87.32 2 1
email_sender/pkg/fmoua/integration/manager_proxy.go:87.32,89.3 1 0
email_sender/pkg/fmoua/integration/manager_proxy.go:91.2,91.12 1 1
email_sender/pkg/fmoua/integration/manager_proxy.go:101.104,106.2 1 0
email_sender/pkg/fmoua/integration/manager_proxy.go:109.108,119.2 3 0
email_sender/pkg/fmoua/integration/manager_proxy.go:122.64,136.2 1 0
email_sender/pkg/fmoua/integration/manager_proxy.go:145.94,150.2 1 0
email_sender/pkg/fmoua/integration/manager_proxy.go:153.103,162.2 3 0
email_sender/pkg/fmoua/integration/manager_proxy.go:165.61,176.2 1 0
