[2025-06-17 13:36:56] [INFO] üöÄ Starting Phase 0.4 Integration Tests
[2025-06-17 13:36:56] [INFO] Root Path: D:\DO\WEB\N8N_tests\PROJETS\EMAIL_SENDER_1
[2025-06-17 13:36:56] [INFO] Log File: D:\DO\WEB\N8N_tests\PROJETS\EMAIL_SENDER_1\phase-0.4-test-log-20250617-133656.txt
[2025-06-17 13:36:56] [INFO] === Testing GraphicsOptimizer ===
[2025-06-17 13:36:56] [SUCCESS] ‚úÖ GraphicsOptimizer File Existence - File found at expected location
[2025-06-17 13:36:56] [INFO] Compiling GraphicsOptimizer...
[2025-06-17 13:37:06] [ERROR] ‚ùå GraphicsOptimizer TypeScript Compilation - Compilation errors: src/extensions/error-pattern-analyzer/src/test/integration/granularization.integration.test.ts(351,24): error TS18046: 'error' is of type 'unknown'. src/extensions/error-pattern-analyzer/src/test/stress/stress.test.ts(101,65): error TS18046: 'error' is of type 'unknown'. src/extensions/error-pattern-analyzer/src/test/stress/stress.test.ts(108,32): error TS18046: 'error' is of type 'unknown'. src/extensions/error-pattern-analyzer/src/test/stress/stress.test.ts(301,65): error TS18046: 'error' is of type 'unknown'. src/extensions/error-pattern-analyzer/src/test/suite/index.ts(7,23): error TS2351: This expression is not constructable.   Type 'typeof Mocha' has no construct signatures. src/extensions/error-pattern-analyzer/src/test/suite/index.ts(15,9): error TS2349: This expression is not callable.   Type 'typeof G' has no call signatures. src/extensions/error-pattern-analyzer/src/test/suite/index.ts(15,52): error TS7006: Parameter 'err' implicitly has an 'any' type. src/extensions/error-pattern-analyzer/src/test/suite/index.ts(15,57): error TS7006: Parameter 'files' implicitly has an 'any' type. src/extensions/error-pattern-analyzer/src/test/suite/index.ts(21,27): error TS7006: Parameter 'f' implicitly has an 'any' type. src/extensions/error-pattern-analyzer/src/test/suite/index.ts(25,27): error TS7006: Parameter 'failures' implicitly has an 'any' type. src/extensions/error-pattern-analyzer/src/test/unit/selectionGranularizer.test.ts(39,13): error TS2322: Type 'SinonStub<[column?: ViewColumn | undefined, preserveFocus?: boolean | undefined], void>' is not assignable to type '{ (preserveFocus?: boolean | undefined): void; (column?: ViewColumn | undefined, preserveFocus?: boolean | undefined): void; }'.   Types of parameters 'column' and 'preserveFocus' are incompatible.     Type 'boolean | undefined' is not assignable to type 'ViewColumn | undefined'.       Type 'false' is not assignable to type 'ViewColumn | undefined'. src/extensions/error-pattern-analyzer/src/test/unit/selectionGranularizer.test.ts(50,66): error TS2345: Argument of type 'OutputChannel' is not assignable to parameter of type 'LogOutputChannel'.   Type 'OutputChannel' is missing the following properties from type 'LogOutputChannel': logLevel, onDidChangeLogLevel, trace, debug, and 3 more. src/extensions/error-pattern-analyzer/src/test/unit/selectionGranularizer.test.ts(66,68): error TS2339: Property 'calledWith' does not exist on type 'Assertion'. src/extensions/error-pattern-analyzer/src/test/unit/selectionGranularizer.test.ts(134,24): error TS18046: 'error' is of type 'unknown'. src/extensions/error-pattern-analyzer/src/test/unit/selectionGranularizer.test.ts(145,24): error TS18046: 'error' is of type 'unknown'. src/extensions/error-pattern-analyzer/src/test/unit/selectionGranularizer.test.ts(194,48): error TS2339: Property 'called' does not exist on type 'Assertion'. src/extensions/error-pattern-analyzer/src/test/unit/selectionGranularizer.test.ts(195,68): error TS2339: Property 'called' does not exist on type 'Assertion'. src/extensions/error-pattern-analyzer/src/test/unit/selectionGranularizer.test.ts(196,65): error TS2339: Property 'called' does not exist on type 'Assertion'. src/extensions/error-pattern-analyzer/src/test/unit/selectionGranularizer.test.ts(325,36): error TS7006: Parameter 'c' implicitly has an 'any' type. src/extensions/error-pattern-analyzer/src/test/unit/selectionGranularizer.test.ts(335,36): error TS7006: Parameter 'c' implicitly has an 'any' type. src/extensions/error-pattern-analyzer/src/test/unit/selectionGranularizer.test.ts(345,36): error TS7006: Parameter 'c' implicitly has an 'any' type. src/extensions/error-pattern-analyzer/src/test/unit/selectionGranularizer.test.ts(461,24): error TS18046: 'error' is of type 'unknown'. src/extensions/error-pattern-analyzer/src/test/unit/selectionGranularizer.test.ts(462,24): error TS18046: 'error' is of type 'unknown'. src/extensions/error-pattern-analyzer/src/test/unit/selectionGranularizer.test.ts(502,24): error TS18046: 'error' is of type 'unknown'. src/extensions/error-pattern-analyzer/src/test/unit/selectionGranularizer.test.ts(503,24): error TS18046: 'error' is of type 'unknown'. src/extensions/error-pattern-analyzer/src/test/unit/selectionGranularizer.test.ts(568,48): error TS2339: Property 'called' does not exist on type 'Assertion'. src/managers/environment/EnvironmentVirtualManager.ts(203,26): error TS2678: Type '"auto"' is not comparable to type '"merge" | "override" | "isolate"'. src/managers/graphics/GraphicsOptimizer.ts(592,37): error TS2339: Property 'getParameter' does not exist on type 'RenderingContext'.   Property 'getParameter' does not exist on type 'CanvasRenderingContext2D'. src/managers/graphics/GraphicsOptimizer.ts(592,53): error TS2339: Property 'RENDERER' does not exist on type 'RenderingContext'.   Property 'RENDERER' does not exist on type 'CanvasRenderingContext2D'. src/managers/graphics/GraphicsOptimizer.ts(593,35): error TS2339: Property 'getParameter' does not exist on type 'RenderingContext'.   Property 'getParameter' does not exist on type 'CanvasRenderingContext2D'. src/managers/graphics/GraphicsOptimizer.ts(593,51): error TS2339: Property 'VENDOR' does not exist on type 'RenderingContext'.   Property 'VENDOR' does not exist on type 'CanvasRenderingContext2D'. src/managers/terminal/TerminalManager.ts(396,9): error TS2322: Type '{ [x: string]: string | undefined; }' is not assignable to type '{ [key: string]: string; }'.   'string' index signatures are incompatible.     Type 'string | undefined' is not assignable to type 'string'.       Type 'undefined' is not assignable to type 'string'. src/managers/terminal/TerminalManager.ts(419,13): error TS2322: Type 'Thenable<number | undefined>' is not assignable to type 'number'. src/managers/terminal/TerminalManager.ts(420,13): error TS2322: Type 'Thenable<number | undefined>' is not assignable to type 'number'. src/managers/terminal/TerminalManager.ts(463,26): error TS2345: Argument of type 'Thenable<number | undefined>' is not assignable to parameter of type 'number'. src/managers/terminal/TerminalManager.ts(645,49): error TS2345: Argument of type 'Thenable<number | undefined>' is not assignable to parameter of type 'number'. src/mcp/servers/gdrive/index.ts(3,30): error TS2307: Cannot find module '@google-cloud/local-auth' or its corresponding type declarations. src/mcp/servers/gdrive/index.ts(4,24): error TS2307: Cannot find module '@modelcontextprotocol/sdk/server/index.js' or its corresponding type declarations. src/mcp/servers/gdrive/index.ts(5,38): error TS2307: Cannot find module '@modelcontextprotocol/sdk/server/stdio.js' or its corresponding type declarations. src/mcp/servers/gdrive/index.ts(11,8): error TS2307: Cannot find module '@modelcontextprotocol/sdk/types.js' or its corresponding type declarations. src/mcp/servers/gdrive/index.ts(13,24): error TS2307: Cannot find module 'googleapis' or its corresponding type declarations. src/mcp/servers/gdrive/index.ts(32,61): error TS7006: Parameter 'request' implicitly has an 'any' type. src/mcp/servers/gdrive/index.ts(47,27): error TS7006: Parameter 'file' implicitly has an 'any' type. src/mcp/servers/gdrive/index.ts(56,60): error TS7006: Parameter 'request' implicitly has an 'any' type. src/mcp/servers/gdrive/index.ts(151,56): error TS7006: Parameter 'request' implicitly has an 'any' type. src/mcp/servers/gdrive/index.ts(180,30): error TS1343: The 'import.meta' meta-property is only allowed when the '--module' option is 'es2020', 'es2022', 'esnext', 'system', 'node16', 'node18', or 'nodenext'. src/mcp/servers/gdrive/index.ts(188,34): error TS1343: The 'import.meta' meta-property is only allowed when the '--module' option is 'es2020', 'es2022', 'esnext', 'system', 'node16', 'node18', or 'nodenext'. src/n8n/nodes/augment-client/AugmentClient.node.ts(1,35): error TS2307: Cannot find module 'n8n-core' or its corresponding type declarations. src/n8n/nodes/augment-client/AugmentClient.node.ts(7,8): error TS2307: Cannot find module 'n8n-workflow' or its corresponding type declarations. src/n8n/nodes/augment-client/AugmentClient.node.ts(287,39): error TS18046: 'error' is of type 'unknown'. src/n8n/nodes/augment-client/AugmentClientApi.credentials.ts(4,8): error TS2307: Cannot find module 'n8n-workflow' or its corresponding type declarations. src/n8n/nodes/mcp-client/MCP.node.ts(1,35): error TS2307: Cannot find module 'n8n-core' or its corresponding type declarations. src/n8n/nodes/mcp-client/MCP.node.ts(7,8): error TS2307: Cannot find module 'n8n-workflow' or its corresponding type declarations. src/n8n/nodes/mcp-client/MCP.node.ts(8,43): error TS2307: Cannot find module 'axios' or its corresponding type declarations. src/n8n/nodes/mcp-client/MCP.node.ts(207,60): error TS18046: 'error' is of type 'unknown'. src/n8n/nodes/mcp-client/MCP.node.ts(237,9): error TS7053: Element implicitly has an 'any' type because expression of type 'string' can't be used to index type '{}'.   No index signature with a parameter of type 'string' was found on type '{}'. src/n8n/nodes/mcp-client/MCP.node.ts(281,38): error TS7006: Parameter 'data' implicitly has an 'any' type. src/n8n/nodes/mcp-client/MCP.node.ts(285,38): error TS7006: Parameter 'data' implicitly has an 'any' type. src/n8n/nodes/mcp-client/MCP.node.ts(313,24): error TS18046: 'error' is of type 'unknown'. src/n8n/nodes/mcp-client/MCP.node.ts(317,9): error TS18046: 'error' is of type 'unknown'. src/n8n/nodes/mcp-client/MCP.node.ts(318,10): error TS18046: 'error' is of type 'unknown'. src/n8n/nodes/mcp-client/MCP.node.ts(321,17): error TS18046: 'error' is of type 'unknown'. src/n8n/nodes/mcp-client/MCP.node.ts(324,17): error TS18046: 'error' is of type 'unknown'. src/n8n/nodes/mcp-client/MCP.node.ts(326,22): error TS18046: 'error' is of type 'unknown'. src/n8n/nodes/mcp-client/MCP.node.ts(336,27): error TS18046: 'error' is of type 'unknown'. src/n8n/nodes/mcp-client/MCP.node.ts(339,16): error TS18046: 'error' is of type 'unknown'. src/n8n/nodes/mcp-client/MCP.node.ts(342,16): error TS18046: 'error' is of type 'unknown'. src/n8n/nodes/mcp-client/MCP.node.ts(352,17): error TS18046: 'error' is of type 'unknown'. src/n8n/nodes/mcp-client/MCP.node.ts(362,46): error TS18046: 'error' is of type 'unknown'. src/n8n/nodes/mcp-client/MCPClientApi.credentials.ts(4,8): error TS2307: Cannot find module 'n8n-workflow' or its corresponding type declarations. src/n8n/nodes/mcp-memory/MCPMemory.node.ts(1,35): error TS2307: Cannot find module 'n8n-core' or its corresponding type declarations. src/n8n/nodes/mcp-memory/MCPMemory.node.ts(7,8): error TS2307: Cannot find module 'n8n-workflow' or its corresponding type declarations. src/n8n/nodes/mcp-memory/MCPMemory.node.ts(8,43): error TS2307: Cannot find module 'axios' or its corresponding type declarations. src/n8n/nodes/mcp-memory/MCPMemory.node.ts(215,53): error TS18046: 'error' is of type 'unknown'. src/n8n/nodes/mcp-memory/MCPMemory.node.ts(254,60): error TS18046: 'error' is of type 'unknown'. src/n8n/nodes/mcp-memory/MCPMemory.node.ts(282,57): error TS18046: 'error' is of type 'unknown'. src/n8n/nodes/mcp-memory/MCPMemory.node.ts(329,9): error TS7053: Element implicitly has an 'any' type because expression of type 'string' can't be used to index type '{}'.   No index signature with a parameter of type 'string' was found on type '{}'. src/n8n/nodes/mcp-memory/MCPMemory.node.ts(342,53): error TS18046: 'error' is of type 'unknown'. src/n8n/nodes/mcp-memory/MCPMemory.node.ts(363,60): error TS18046: 'error' is of type 'unknown'. src/n8n/nodes/mcp-memory/MCPMemory.node.ts(380,57): error TS18046: 'error' is of type 'unknown'. src/n8n/nodes/mcp-memory/MCPMemory.node.ts(410,38): error TS7006: Parameter 'data' implicitly has an 'any' type. src/n8n/nodes/mcp-memory/MCPMemory.node.ts(414,38): error TS7006: Parameter 'data' implicitly has an 'any' type. src/n8n/nodes/mcp-memory/MCPMemory.node.ts(442,24): error TS18046: 'error' is of type 'unknown'. src/n8n/nodes/mcp-memory/MCPMemory.node.ts(446,9): error TS18046: 'error' is of type 'unknown'. src/n8n/nodes/mcp-memory/MCPMemory.node.ts(447,10): error TS18046: 'error' is of type 'unknown'. src/n8n/nodes/mcp-memory/MCPMemory.node.ts(450,17): error TS18046: 'error' is of type 'unknown'. src/n8n/nodes/mcp-memory/MCPMemory.node.ts(453,17): error TS18046: 'error' is of type 'unknown'. src/n8n/nodes/mcp-memory/MCPMemory.node.ts(455,22): error TS18046: 'error' is of type 'unknown'. src/n8n/nodes/mcp-memory/MCPMemory.node.ts(465,27): error TS18046: 'error' is of type 'unknown'. src/n8n/nodes/mcp-memory/MCPMemory.node.ts(468,16): error TS18046: 'error' is of type 'unknown'. src/n8n/nodes/mcp-memory/MCPMemory.node.ts(471,16): error TS18046: 'error' is of type 'unknown'. src/n8n/nodes/mcp-memory/MCPMemory.node.ts(481,17): error TS18046: 'error' is of type 'unknown'. src/n8n/nodes/mcp-memory/MCPMemory.node.ts(491,46): error TS18046: 'error' is of type 'unknown'.
[2025-06-17 13:37:06] [SUCCESS] ‚úÖ GraphicsOptimizer WebGL Methods - WebGL optimization methods found
[2025-06-17 13:37:06] [SUCCESS] ‚úÖ GraphicsOptimizer Canvas Methods - Canvas optimization methods found
[2025-06-17 13:37:06] [SUCCESS] ‚úÖ GraphicsOptimizer Frame Rate Management - Frame rate management found
[2025-06-17 13:37:06] [SUCCESS] ‚úÖ GraphicsOptimizer Memory Management - Graphics memory management found
[2025-06-17 13:37:06] [SUCCESS] ‚úÖ GraphicsOptimizer UI Responsiveness - UI responsiveness features found
[2025-06-17 13:37:06] [INFO] === Testing PowerManager ===
[2025-06-17 13:37:06] [SUCCESS] ‚úÖ PowerManager File Existence - File found at expected location
[2025-06-17 13:37:06] [SUCCESS] ‚úÖ PowerManager Battery Management - Battery management features found
[2025-06-17 13:37:06] [SUCCESS] ‚úÖ PowerManager Performance Scaling - Performance scaling found
[2025-06-17 13:37:06] [SUCCESS] ‚úÖ PowerManager Background Management - Background activity management found
[2025-06-17 13:37:06] [SUCCESS] ‚úÖ PowerManager Thermal Management - Thermal management found
[2025-06-17 13:37:06] [SUCCESS] ‚úÖ PowerManager Power Profiles - Power profile management found
[2025-06-17 13:37:06] [INFO] === Testing Integration ===
[2025-06-17 13:37:06] [SUCCESS] ‚úÖ Integration Directory Structure - Required directories validation
[2025-06-17 13:37:06] [SUCCESS] ‚úÖ Integration Package Configuration - package.json found
[2025-06-17 13:37:09] [SUCCESS] ‚úÖ Integration TypeScript Environment - TypeScript available: Version 5.8.2
[2025-06-17 13:37:10] [INFO] === Performance Tests ===
[2025-06-17 13:37:10] [SUCCESS] ‚úÖ Performance GraphicsOptimizer Size - File size: 31678 bytes
[2025-06-17 13:37:10] [SUCCESS] ‚úÖ Performance PowerManager Size - File size: 30718 bytes
[2025-06-17 13:37:10] [SUCCESS] ‚úÖ Performance Memory Baseline - Memory usage stable
[2025-06-17 13:37:10] [INFO] === FINAL TEST RESULTS ===
[2025-06-17 13:37:10] [INFO] Total Tests: 19
[2025-06-17 13:37:10] [SUCCESS] Passed: 18
[2025-06-17 13:37:10] [ERROR] Failed: 1
[2025-06-17 13:37:10] [WARNING] Warnings: 0
[2025-06-17 13:37:10] [SUCCESS] Success Rate: 94.74%
[2025-06-17 13:37:10] [INFO] Detailed results saved to: D:\DO\WEB\N8N_tests\PROJETS\EMAIL_SENDER_1\test-results\phase-0.4-results-20250617-133710.json
[2025-06-17 13:37:10] [INFO] Performing cleanup...
[2025-06-17 13:37:10] [ERROR] ‚ùå Some tests failed. Please review the results above.
