<?xml version="1.0" encoding="utf-8" standalone="no"?>
<test-results xmlns:xsi="http://www.w3.org/2001/XMLSchema-instance" xsi:noNamespaceSchemaLocation="nunit_schema_2.5.xsd" name="Pester" total="35" errors="0" failures="26" not-run="0" inconclusive="0" ignored="0" skipped="0" invalid="0" date="2025-04-28" time="18:48:04">
  <environment platform="Microsoft Windows 10 Famille|C:\Windows|\Device\Harddisk0\Partition2" user-domain="DESKTOP-ORG3GN0" clr-version="9.0.1" cwd="D:\DO\WEB\N8N_tests\PROJETS\EMAIL_SENDER_1" user="user" os-version="10.0.19045" nunit-version="2.5.8.0" machine-name="DESKTOP-ORG3GN0" />
  <culture-info current-culture="fr-FR" current-uiculture="fr-FR" />
  <test-suite type="TestFixture" name="Pester" executed="True" result="Failure" success="False" time="5.8931" asserts="0" description="Pester">
    <results>
      <test-suite type="TestFixture" name="D:\DO\WEB\N8N_tests\PROJETS\EMAIL_SENDER_1\development\scripts\manager\testing\AnalysisFunctions.Fixed.Tests.ps1" executed="True" result="Failure" success="False" time="2.6027" asserts="0" description="D:\DO\WEB\N8N_tests\PROJETS\EMAIL_SENDER_1\development\scripts\manager\testing\AnalysisFunctions.Fixed.Tests.ps1">
        <results>
          <test-suite type="TestFixture" name="Tests des fonctions d'analyse des scripts du manager (version corrigée)" executed="True" result="Failure" success="False" time="1.5424" asserts="0" description="Tests des fonctions d'analyse des scripts du manager (version corrigée)">
            <results>
              <test-suite type="TestFixture" name="Tests des fonctions d'analyse des scripts du manager (version corrigée).Tests de la fonction Get-ScriptInfo avec mocks" executed="True" result="Failure" success="False" time="0.8761" asserts="0" description="Tests des fonctions d'analyse des scripts du manager (version corrigée).Tests de la fonction Get-ScriptInfo avec mocks">
                <results>
                  <test-case description="Devrait extraire les informations d'un script bien documenté" name="Tests des fonctions d'analyse des scripts du manager (version corrigée).Tests de la fonction Get-ScriptInfo avec mocks.Devrait extraire les informations d'un script bien documenté" time="0.4272" asserts="0" success="False" result="Failure" executed="True">
                    <failure>
                      <message>CommandNotFoundException: The term 'Get-ScriptInfo' is not recognized as a name of a cmdlet, function, script file, or executable program.
Check the spelling of the name, or if a path was included, verify that the path is correct and try again.</message>
                      <stack-trace>at &lt;ScriptBlock&gt;, D:\DO\WEB\N8N_tests\PROJETS\EMAIL_SENDER_1\development\scripts\manager\testing\AnalysisFunctions.Fixed.Tests.ps1:207</stack-trace>
                    </failure>
                  </test-case>
                  <test-case description="Devrait extraire les informations d'un script mal documenté" name="Tests des fonctions d'analyse des scripts du manager (version corrigée).Tests de la fonction Get-ScriptInfo avec mocks.Devrait extraire les informations d'un script mal documenté" time="0.0979" asserts="0" success="False" result="Failure" executed="True">
                    <failure>
                      <message>CommandNotFoundException: The term 'Get-ScriptInfo' is not recognized as a name of a cmdlet, function, script file, or executable program.
Check the spelling of the name, or if a path was included, verify that the path is correct and try again.</message>
                      <stack-trace>at &lt;ScriptBlock&gt;, D:\DO\WEB\N8N_tests\PROJETS\EMAIL_SENDER_1\development\scripts\manager\testing\AnalysisFunctions.Fixed.Tests.ps1:221</stack-trace>
                    </failure>
                  </test-case>
                </results>
              </test-suite>
              <test-suite type="TestFixture" name="Tests des fonctions d'analyse des scripts du manager (version corrigée).Tests de la fonction Test-ScriptQuality" executed="True" result="Failure" success="False" time="1.4999" asserts="0" description="Tests des fonctions d'analyse des scripts du manager (version corrigée).Tests de la fonction Test-ScriptQuality">
                <results>
                  <test-case description="Devrait valider un script de bonne qualité" name="Tests des fonctions d'analyse des scripts du manager (version corrigée).Tests de la fonction Test-ScriptQuality.Devrait valider un script de bonne qualité" time="0.1052" asserts="0" success="False" result="Failure" executed="True">
                    <failure>
                      <message>CommandNotFoundException: The term 'Test-ScriptQuality' is not recognized as a name of a cmdlet, function, script file, or executable program.
Check the spelling of the name, or if a path was included, verify that the path is correct and try again.</message>
                      <stack-trace>at &lt;ScriptBlock&gt;, D:\DO\WEB\N8N_tests\PROJETS\EMAIL_SENDER_1\development\scripts\manager\testing\AnalysisFunctions.Fixed.Tests.ps1:246</stack-trace>
                    </failure>
                  </test-case>
                  <test-case description="Devrait détecter un script trop court" name="Tests des fonctions d'analyse des scripts du manager (version corrigée).Tests de la fonction Test-ScriptQuality.Devrait détecter un script trop court" time="0.1151" asserts="0" success="False" result="Failure" executed="True">
                    <failure>
                      <message>CommandNotFoundException: The term 'Test-ScriptQuality' is not recognized as a name of a cmdlet, function, script file, or executable program.
Check the spelling of the name, or if a path was included, verify that the path is correct and try again.</message>
                      <stack-trace>at &lt;ScriptBlock&gt;, D:\DO\WEB\N8N_tests\PROJETS\EMAIL_SENDER_1\development\scripts\manager\testing\AnalysisFunctions.Fixed.Tests.ps1:261</stack-trace>
                    </failure>
                  </test-case>
                  <test-case description="Devrait détecter un script trop long" name="Tests des fonctions d'analyse des scripts du manager (version corrigée).Tests de la fonction Test-ScriptQuality.Devrait détecter un script trop long" time="0.1" asserts="0" success="False" result="Failure" executed="True">
                    <failure>
                      <message>CommandNotFoundException: The term 'Test-ScriptQuality' is not recognized as a name of a cmdlet, function, script file, or executable program.
Check the spelling of the name, or if a path was included, verify that the path is correct and try again.</message>
                      <stack-trace>at &lt;ScriptBlock&gt;, D:\DO\WEB\N8N_tests\PROJETS\EMAIL_SENDER_1\development\scripts\manager\testing\AnalysisFunctions.Fixed.Tests.ps1:276</stack-trace>
                    </failure>
                  </test-case>
                  <test-case description="Devrait détecter un ratio de commentaires trop faible" name="Tests des fonctions d'analyse des scripts du manager (version corrigée).Tests de la fonction Test-ScriptQuality.Devrait détecter un ratio de commentaires trop faible" time="0.0912" asserts="0" success="False" result="Failure" executed="True">
                    <failure>
                      <message>CommandNotFoundException: The term 'Test-ScriptQuality' is not recognized as a name of a cmdlet, function, script file, or executable program.
Check the spelling of the name, or if a path was included, verify that the path is correct and try again.</message>
                      <stack-trace>at &lt;ScriptBlock&gt;, D:\DO\WEB\N8N_tests\PROJETS\EMAIL_SENDER_1\development\scripts\manager\testing\AnalysisFunctions.Fixed.Tests.ps1:291</stack-trace>
                    </failure>
                  </test-case>
                  <test-case description="Devrait détecter un ratio de lignes vides trop élevé" name="Tests des fonctions d'analyse des scripts du manager (version corrigée).Tests de la fonction Test-ScriptQuality.Devrait détecter un ratio de lignes vides trop élevé" time="0.0922" asserts="0" success="False" result="Failure" executed="True">
                    <failure>
                      <message>CommandNotFoundException: The term 'Test-ScriptQuality' is not recognized as a name of a cmdlet, function, script file, or executable program.
Check the spelling of the name, or if a path was included, verify that the path is correct and try again.</message>
                      <stack-trace>at &lt;ScriptBlock&gt;, D:\DO\WEB\N8N_tests\PROJETS\EMAIL_SENDER_1\development\scripts\manager\testing\AnalysisFunctions.Fixed.Tests.ps1:306</stack-trace>
                    </failure>
                  </test-case>
                  <test-case description="Devrait détecter des éléments manquants" name="Tests des fonctions d'analyse des scripts du manager (version corrigée).Tests de la fonction Test-ScriptQuality.Devrait détecter des éléments manquants" time="0.0964" asserts="0" success="False" result="Failure" executed="True">
                    <failure>
                      <message>CommandNotFoundException: The term 'Test-ScriptQuality' is not recognized as a name of a cmdlet, function, script file, or executable program.
Check the spelling of the name, or if a path was included, verify that the path is correct and try again.</message>
                      <stack-trace>at &lt;ScriptBlock&gt;, D:\DO\WEB\N8N_tests\PROJETS\EMAIL_SENDER_1\development\scripts\manager\testing\AnalysisFunctions.Fixed.Tests.ps1:321</stack-trace>
                    </failure>
                  </test-case>
                </results>
              </test-suite>
            </results>
          </test-suite>
        </results>
      </test-suite>
      <test-suite type="TestFixture" name="D:\DO\WEB\N8N_tests\PROJETS\EMAIL_SENDER_1\development\scripts\manager\testing\Integration.Fixed.Tests.ps1" executed="True" result="Success" success="True" time="1.2513" asserts="0" description="D:\DO\WEB\N8N_tests\PROJETS\EMAIL_SENDER_1\development\scripts\manager\testing\Integration.Fixed.Tests.ps1">
        <results>
          <test-suite type="TestFixture" name="Tests d'intégration du script manager (version corrigée)" executed="True" result="Success" success="True" time="0.922" asserts="0" description="Tests d'intégration du script manager (version corrigée)">
            <results>
              <test-suite type="TestFixture" name="Tests d'intégration du script manager (version corrigée).Tests de la structure des dossiers" executed="True" result="Success" success="True" time="0.3413" asserts="0" description="Tests d'intégration du script manager (version corrigée).Tests de la structure des dossiers">
                <results>
                  <test-case description="Le dossier manager devrait exister" name="Tests d'intégration du script manager (version corrigée).Tests de la structure des dossiers.Le dossier manager devrait exister" time="0.1461" asserts="0" success="True" result="Success" executed="True" />
                  <test-case description="Le dossier README.md devrait exister" name="Tests d'intégration du script manager (version corrigée).Tests de la structure des dossiers.Le dossier README.md devrait exister" time="0.0179" asserts="0" success="True" result="Success" executed="True" />
                  <test-case description="Le dossier testing devrait exister" name="Tests d'intégration du script manager (version corrigée).Tests de la structure des dossiers.Le dossier testing devrait exister" time="0.019" asserts="0" success="True" result="Success" executed="True" />
                  <test-case description="Le dossier _templates devrait exister" name="Tests d'intégration du script manager (version corrigée).Tests de la structure des dossiers.Le dossier _templates devrait exister" time="0.0968" asserts="0" success="True" result="Success" executed="True" />
                </results>
              </test-suite>
              <test-suite type="TestFixture" name="Tests d'intégration du script manager (version corrigée).Tests des templates Hygen" executed="True" result="Success" success="True" time="0.4316" asserts="0" description="Tests d'intégration du script manager (version corrigée).Tests des templates Hygen">
                <results>
                  <test-case description="Le fichier .hygen.js devrait exister" name="Tests d'intégration du script manager (version corrigée).Tests des templates Hygen.Le fichier .hygen.js devrait exister" time="0.0211" asserts="0" success="True" result="Success" executed="True" />
                  <test-case description="Le dossier script/new devrait exister" name="Tests d'intégration du script manager (version corrigée).Tests des templates Hygen.Le dossier script/new devrait exister" time="0.0167" asserts="0" success="True" result="Success" executed="True" />
                  <test-case description="Le dossier module/new devrait exister" name="Tests d'intégration du script manager (version corrigée).Tests des templates Hygen.Le dossier module/new devrait exister" time="0.0185" asserts="0" success="True" result="Success" executed="True" />
                </results>
              </test-suite>
              <test-suite type="TestFixture" name="Tests d'intégration du script manager (version corrigée).Tests de flux de travail avec mocks" executed="True" result="Success" success="True" time="0.677" asserts="0" description="Tests d'intégration du script manager (version corrigée).Tests de flux de travail avec mocks">
                <results>
                  <test-case description="Devrait pouvoir exécuter le flux de travail complet" name="Tests d'intégration du script manager (version corrigée).Tests de flux de travail avec mocks.Devrait pouvoir exécuter le flux de travail complet" time="0.2009" asserts="0" success="True" result="Success" executed="True" />
                </results>
              </test-suite>
              <test-suite type="TestFixture" name="Tests d'intégration du script manager (version corrigée).Tests de compatibilité avec les scripts de maintenance" executed="True" result="Success" success="True" time="0.8992" asserts="0" description="Tests d'intégration du script manager (version corrigée).Tests de compatibilité avec les scripts de maintenance">
                <results>
                  <test-case description="Devrait être compatible avec les scripts de maintenance" name="Tests d'intégration du script manager (version corrigée).Tests de compatibilité avec les scripts de maintenance.Devrait être compatible avec les scripts de maintenance" time="0.1565" asserts="0" success="True" result="Success" executed="True" />
                </results>
              </test-suite>
            </results>
          </test-suite>
        </results>
      </test-suite>
      <test-suite type="TestFixture" name="D:\DO\WEB\N8N_tests\PROJETS\EMAIL_SENDER_1\development\scripts\manager\testing\OrganizationFunctions.Fixed.Tests.ps1" executed="True" result="Failure" success="False" time="1.9162" asserts="0" description="D:\DO\WEB\N8N_tests\PROJETS\EMAIL_SENDER_1\development\scripts\manager\testing\OrganizationFunctions.Fixed.Tests.ps1">
        <results>
          <test-suite type="TestFixture" name="Tests des fonctions d'organisation des scripts du manager (version corrigée)" executed="True" result="Failure" success="False" time="1.5727" asserts="0" description="Tests des fonctions d'organisation des scripts du manager (version corrigée)">
            <results>
              <test-suite type="TestFixture" name="Tests des fonctions d'organisation des scripts du manager (version corrigée).Tests de la fonction Get-ScriptCategory" executed="True" result="Failure" success="False" time="1.2842" asserts="0" description="Tests des fonctions d'organisation des scripts du manager (version corrigée).Tests de la fonction Get-ScriptCategory">
                <results>
                  <test-case description="Devrait retourner 'analysis' pour un fichier contenant 'analyze' dans son nom" name="Tests des fonctions d'organisation des scripts du manager (version corrigée).Tests de la fonction Get-ScriptCategory.Devrait retourner 'analysis' pour un fichier contenant 'analyze' dans son nom" time="0.0933" asserts="0" success="False" result="Failure" executed="True">
                    <failure>
                      <message>CommandNotFoundException: The term 'Get-ScriptCategory' is not recognized as a name of a cmdlet, function, script file, or executable program.
Check the spelling of the name, or if a path was included, verify that the path is correct and try again.</message>
                      <stack-trace>at &lt;ScriptBlock&gt;, D:\DO\WEB\N8N_tests\PROJETS\EMAIL_SENDER_1\development\scripts\manager\testing\OrganizationFunctions.Fixed.Tests.ps1:170</stack-trace>
                    </failure>
                  </test-case>
                  <test-case description="Devrait retourner 'organization' pour un fichier contenant 'organize' dans son nom" name="Tests des fonctions d'organisation des scripts du manager (version corrigée).Tests de la fonction Get-ScriptCategory.Devrait retourner 'organization' pour un fichier contenant 'organize' dans son nom" time="0.091" asserts="0" success="False" result="Failure" executed="True">
                    <failure>
                      <message>CommandNotFoundException: The term 'Get-ScriptCategory' is not recognized as a name of a cmdlet, function, script file, or executable program.
Check the spelling of the name, or if a path was included, verify that the path is correct and try again.</message>
                      <stack-trace>at &lt;ScriptBlock&gt;, D:\DO\WEB\N8N_tests\PROJETS\EMAIL_SENDER_1\development\scripts\manager\testing\OrganizationFunctions.Fixed.Tests.ps1:174</stack-trace>
                    </failure>
                  </test-case>
                  <test-case description="Devrait retourner 'inventory' pour un fichier contenant 'inventory' dans son nom" name="Tests des fonctions d'organisation des scripts du manager (version corrigée).Tests de la fonction Get-ScriptCategory.Devrait retourner 'inventory' pour un fichier contenant 'inventory' dans son nom" time="0.0882" asserts="0" success="False" result="Failure" executed="True">
                    <failure>
                      <message>CommandNotFoundException: The term 'Get-ScriptCategory' is not recognized as a name of a cmdlet, function, script file, or executable program.
Check the spelling of the name, or if a path was included, verify that the path is correct and try again.</message>
                      <stack-trace>at &lt;ScriptBlock&gt;, D:\DO\WEB\N8N_tests\PROJETS\EMAIL_SENDER_1\development\scripts\manager\testing\OrganizationFunctions.Fixed.Tests.ps1:178</stack-trace>
                    </failure>
                  </test-case>
                  <test-case description="Devrait retourner 'documentation' pour un fichier contenant 'document' dans son nom" name="Tests des fonctions d'organisation des scripts du manager (version corrigée).Tests de la fonction Get-ScriptCategory.Devrait retourner 'documentation' pour un fichier contenant 'document' dans son nom" time="0.0931" asserts="0" success="False" result="Failure" executed="True">
                    <failure>
                      <message>CommandNotFoundException: The term 'Get-ScriptCategory' is not recognized as a name of a cmdlet, function, script file, or executable program.
Check the spelling of the name, or if a path was included, verify that the path is correct and try again.</message>
                      <stack-trace>at &lt;ScriptBlock&gt;, D:\DO\WEB\N8N_tests\PROJETS\EMAIL_SENDER_1\development\scripts\manager\testing\OrganizationFunctions.Fixed.Tests.ps1:182</stack-trace>
                    </failure>
                  </test-case>
                  <test-case description="Devrait retourner 'monitoring' pour un fichier contenant 'monitor' dans son nom" name="Tests des fonctions d'organisation des scripts du manager (version corrigée).Tests de la fonction Get-ScriptCategory.Devrait retourner 'monitoring' pour un fichier contenant 'monitor' dans son nom" time="0.1294" asserts="0" success="False" result="Failure" executed="True">
                    <failure>
                      <message>CommandNotFoundException: The term 'Get-ScriptCategory' is not recognized as a name of a cmdlet, function, script file, or executable program.
Check the spelling of the name, or if a path was included, verify that the path is correct and try again.</message>
                      <stack-trace>at &lt;ScriptBlock&gt;, D:\DO\WEB\N8N_tests\PROJETS\EMAIL_SENDER_1\development\scripts\manager\testing\OrganizationFunctions.Fixed.Tests.ps1:186</stack-trace>
                    </failure>
                  </test-case>
                  <test-case description="Devrait retourner 'optimization' pour un fichier contenant 'optimize' dans son nom" name="Tests des fonctions d'organisation des scripts du manager (version corrigée).Tests de la fonction Get-ScriptCategory.Devrait retourner 'optimization' pour un fichier contenant 'optimize' dans son nom" time="0.0961" asserts="0" success="False" result="Failure" executed="True">
                    <failure>
                      <message>CommandNotFoundException: The term 'Get-ScriptCategory' is not recognized as a name of a cmdlet, function, script file, or executable program.
Check the spelling of the name, or if a path was included, verify that the path is correct and try again.</message>
                      <stack-trace>at &lt;ScriptBlock&gt;, D:\DO\WEB\N8N_tests\PROJETS\EMAIL_SENDER_1\development\scripts\manager\testing\OrganizationFunctions.Fixed.Tests.ps1:190</stack-trace>
                    </failure>
                  </test-case>
                  <test-case description="Devrait retourner 'testing' pour un fichier contenant 'test' dans son nom" name="Tests des fonctions d'organisation des scripts du manager (version corrigée).Tests de la fonction Get-ScriptCategory.Devrait retourner 'testing' pour un fichier contenant 'test' dans son nom" time="0.0804" asserts="0" success="False" result="Failure" executed="True">
                    <failure>
                      <message>CommandNotFoundException: The term 'Get-ScriptCategory' is not recognized as a name of a cmdlet, function, script file, or executable program.
Check the spelling of the name, or if a path was included, verify that the path is correct and try again.</message>
                      <stack-trace>at &lt;ScriptBlock&gt;, D:\DO\WEB\N8N_tests\PROJETS\EMAIL_SENDER_1\development\scripts\manager\testing\OrganizationFunctions.Fixed.Tests.ps1:194</stack-trace>
                    </failure>
                  </test-case>
                  <test-case description="Devrait retourner 'configuration' pour un fichier contenant 'config' dans son nom" name="Tests des fonctions d'organisation des scripts du manager (version corrigée).Tests de la fonction Get-ScriptCategory.Devrait retourner 'configuration' pour un fichier contenant 'config' dans son nom" time="0.0842" asserts="0" success="False" result="Failure" executed="True">
                    <failure>
                      <message>CommandNotFoundException: The term 'Get-ScriptCategory' is not recognized as a name of a cmdlet, function, script file, or executable program.
Check the spelling of the name, or if a path was included, verify that the path is correct and try again.</message>
                      <stack-trace>at &lt;ScriptBlock&gt;, D:\DO\WEB\N8N_tests\PROJETS\EMAIL_SENDER_1\development\scripts\manager\testing\OrganizationFunctions.Fixed.Tests.ps1:198</stack-trace>
                    </failure>
                  </test-case>
                  <test-case description="Devrait retourner 'generation' pour un fichier contenant 'generate' dans son nom" name="Tests des fonctions d'organisation des scripts du manager (version corrigée).Tests de la fonction Get-ScriptCategory.Devrait retourner 'generation' pour un fichier contenant 'generate' dans son nom" time="0.0812" asserts="0" success="False" result="Failure" executed="True">
                    <failure>
                      <message>CommandNotFoundException: The term 'Get-ScriptCategory' is not recognized as a name of a cmdlet, function, script file, or executable program.
Check the spelling of the name, or if a path was included, verify that the path is correct and try again.</message>
                      <stack-trace>at &lt;ScriptBlock&gt;, D:\DO\WEB\N8N_tests\PROJETS\EMAIL_SENDER_1\development\scripts\manager\testing\OrganizationFunctions.Fixed.Tests.ps1:202</stack-trace>
                    </failure>
                  </test-case>
                  <test-case description="Devrait retourner 'integration' pour un fichier contenant 'integrate' dans son nom" name="Tests des fonctions d'organisation des scripts du manager (version corrigée).Tests de la fonction Get-ScriptCategory.Devrait retourner 'integration' pour un fichier contenant 'integrate' dans son nom" time="0.0936" asserts="0" success="False" result="Failure" executed="True">
                    <failure>
                      <message>CommandNotFoundException: The term 'Get-ScriptCategory' is not recognized as a name of a cmdlet, function, script file, or executable program.
Check the spelling of the name, or if a path was included, verify that the path is correct and try again.</message>
                      <stack-trace>at &lt;ScriptBlock&gt;, D:\DO\WEB\N8N_tests\PROJETS\EMAIL_SENDER_1\development\scripts\manager\testing\OrganizationFunctions.Fixed.Tests.ps1:206</stack-trace>
                    </failure>
                  </test-case>
                  <test-case description="Devrait retourner 'ui' pour un fichier contenant 'ui' dans son nom" name="Tests des fonctions d'organisation des scripts du manager (version corrigée).Tests de la fonction Get-ScriptCategory.Devrait retourner 'ui' pour un fichier contenant 'ui' dans son nom" time="0.0807" asserts="0" success="False" result="Failure" executed="True">
                    <failure>
                      <message>CommandNotFoundException: The term 'Get-ScriptCategory' is not recognized as a name of a cmdlet, function, script file, or executable program.
Check the spelling of the name, or if a path was included, verify that the path is correct and try again.</message>
                      <stack-trace>at &lt;ScriptBlock&gt;, D:\DO\WEB\N8N_tests\PROJETS\EMAIL_SENDER_1\development\scripts\manager\testing\OrganizationFunctions.Fixed.Tests.ps1:210</stack-trace>
                    </failure>
                  </test-case>
                  <test-case description="Devrait retourner 'core' pour un fichier sans mot-clé reconnu" name="Tests des fonctions d'organisation des scripts du manager (version corrigée).Tests de la fonction Get-ScriptCategory.Devrait retourner 'core' pour un fichier sans mot-clé reconnu" time="0.0793" asserts="0" success="False" result="Failure" executed="True">
                    <failure>
                      <message>CommandNotFoundException: The term 'Get-ScriptCategory' is not recognized as a name of a cmdlet, function, script file, or executable program.
Check the spelling of the name, or if a path was included, verify that the path is correct and try again.</message>
                      <stack-trace>at &lt;ScriptBlock&gt;, D:\DO\WEB\N8N_tests\PROJETS\EMAIL_SENDER_1\development\scripts\manager\testing\OrganizationFunctions.Fixed.Tests.ps1:214</stack-trace>
                    </failure>
                  </test-case>
                  <test-case description="Devrait analyser le contenu si le nom ne contient pas de mot-clé reconnu" name="Tests des fonctions d'organisation des scripts du manager (version corrigée).Tests de la fonction Get-ScriptCategory.Devrait analyser le contenu si le nom ne contient pas de mot-clé reconnu" time="0.0808" asserts="0" success="False" result="Failure" executed="True">
                    <failure>
                      <message>CommandNotFoundException: The term 'Get-ScriptCategory' is not recognized as a name of a cmdlet, function, script file, or executable program.
Check the spelling of the name, or if a path was included, verify that the path is correct and try again.</message>
                      <stack-trace>at &lt;ScriptBlock&gt;, D:\DO\WEB\N8N_tests\PROJETS\EMAIL_SENDER_1\development\scripts\manager\testing\OrganizationFunctions.Fixed.Tests.ps1:219</stack-trace>
                    </failure>
                  </test-case>
                  <test-case description="Devrait retourner 'core' si ni le nom ni le contenu ne contiennent de mot-clé reconnu" name="Tests des fonctions d'organisation des scripts du manager (version corrigée).Tests de la fonction Get-ScriptCategory.Devrait retourner 'core' si ni le nom ni le contenu ne contiennent de mot-clé reconnu" time="0.0864" asserts="0" success="False" result="Failure" executed="True">
                    <failure>
                      <message>CommandNotFoundException: The term 'Get-ScriptCategory' is not recognized as a name of a cmdlet, function, script file, or executable program.
Check the spelling of the name, or if a path was included, verify that the path is correct and try again.</message>
                      <stack-trace>at &lt;ScriptBlock&gt;, D:\DO\WEB\N8N_tests\PROJETS\EMAIL_SENDER_1\development\scripts\manager\testing\OrganizationFunctions.Fixed.Tests.ps1:224</stack-trace>
                    </failure>
                  </test-case>
                </results>
              </test-suite>
              <test-suite type="TestFixture" name="Tests des fonctions d'organisation des scripts du manager (version corrigée).Tests de la fonction Backup-File avec mocks" executed="True" result="Failure" success="False" time="1.4075" asserts="0" description="Tests des fonctions d'organisation des scripts du manager (version corrigée).Tests de la fonction Backup-File avec mocks">
                <results>
                  <test-case description="Devrait créer une sauvegarde du fichier" name="Tests des fonctions d'organisation des scripts du manager (version corrigée).Tests de la fonction Backup-File avec mocks.Devrait créer une sauvegarde du fichier" time="0.0861" asserts="0" success="False" result="Failure" executed="True">
                    <failure>
                      <message>CommandNotFoundException: The term 'Backup-File' is not recognized as a name of a cmdlet, function, script file, or executable program.
Check the spelling of the name, or if a path was included, verify that the path is correct and try again.</message>
                      <stack-trace>at &lt;ScriptBlock&gt;, D:\DO\WEB\N8N_tests\PROJETS\EMAIL_SENDER_1\development\scripts\manager\testing\OrganizationFunctions.Fixed.Tests.ps1:235</stack-trace>
                    </failure>
                  </test-case>
                </results>
              </test-suite>
              <test-suite type="TestFixture" name="Tests des fonctions d'organisation des scripts du manager (version corrigée).Tests de la fonction Move-ScriptToCategory avec mocks" executed="True" result="Failure" success="False" time="1.554" asserts="0" description="Tests des fonctions d'organisation des scripts du manager (version corrigée).Tests de la fonction Move-ScriptToCategory avec mocks">
                <results>
                  <test-case description="Devrait déplacer le fichier dans le sous-dossier approprié" name="Tests des fonctions d'organisation des scripts du manager (version corrigée).Tests de la fonction Move-ScriptToCategory avec mocks.Devrait déplacer le fichier dans le sous-dossier approprié" time="0" asserts="0" success="False" result="Failure" executed="True">
                    <failure>
                      <message>This test should run but it did not. Most likely a setup in some parent block failed.</message>
                      <stack-trace />
                    </failure>
                  </test-case>
                  <test-case description="Devrait créer le dossier cible s'il n'existe pas" name="Tests des fonctions d'organisation des scripts du manager (version corrigée).Tests de la fonction Move-ScriptToCategory avec mocks.Devrait créer le dossier cible s'il n'existe pas" time="0" asserts="0" success="False" result="Failure" executed="True">
                    <failure>
                      <message>This test should run but it did not. Most likely a setup in some parent block failed.</message>
                      <stack-trace />
                    </failure>
                  </test-case>
                  <test-case description="Devrait créer une sauvegarde si demandé" name="Tests des fonctions d'organisation des scripts du manager (version corrigée).Tests de la fonction Move-ScriptToCategory avec mocks.Devrait créer une sauvegarde si demandé" time="0" asserts="0" success="False" result="Failure" executed="True">
                    <failure>
                      <message>This test should run but it did not. Most likely a setup in some parent block failed.</message>
                      <stack-trace />
                    </failure>
                  </test-case>
                </results>
              </test-suite>
            </results>
          </test-suite>
        </results>
      </test-suite>
    </results>
  </test-suite>
</test-results>