<?xml version="1.0" encoding="utf-8" standalone="no"?>
<test-results xmlns:xsi="http://www.w3.org/2001/XMLSchema-instance" xsi:noNamespaceSchemaLocation="nunit_schema_2.5.xsd" name="Pester" total="40" errors="0" failures="35" not-run="0" inconclusive="0" ignored="0" skipped="2" invalid="0" date="2025-04-28" time="18:29:22">
  <environment platform="Microsoft Windows 10 Famille|C:\Windows|\Device\Harddisk0\Partition2" nunit-version="2.5.8.0" user="user" cwd="D:\DO\WEB\N8N_tests\PROJETS\EMAIL_SENDER_1" os-version="10.0.19045" user-domain="DESKTOP-ORG3GN0" machine-name="DESKTOP-ORG3GN0" clr-version="9.0.1" />
  <culture-info current-culture="fr-FR" current-uiculture="fr-FR" />
  <test-suite type="TestFixture" name="Pester" executed="True" result="Failure" success="False" time="5.7284" asserts="0" description="Pester">
    <results>
      <test-suite type="TestFixture" name="D:\DO\WEB\N8N_tests\PROJETS\EMAIL_SENDER_1\development\scripts\manager\testing\AnalysisFunctions.Tests.ps1" executed="True" result="Failure" success="False" time="1.1396" asserts="0" description="D:\DO\WEB\N8N_tests\PROJETS\EMAIL_SENDER_1\development\scripts\manager\testing\AnalysisFunctions.Tests.ps1">
        <results>
          <test-suite type="TestFixture" name="Tests des fonctions d'analyse des scripts du manager" executed="True" result="Failure" success="False" time="0.8864" asserts="0" description="Tests des fonctions d'analyse des scripts du manager">
            <results>
              <test-suite type="TestFixture" name="Tests des fonctions d'analyse des scripts du manager.Tests de la fonction Get-ScriptInfo" executed="True" result="Failure" success="False" time="0.2599" asserts="0" description="Tests des fonctions d'analyse des scripts du manager.Tests de la fonction Get-ScriptInfo">
                <results>
                  <test-case description="Devrait extraire les informations d'un script bien documenté" name="Tests des fonctions d'analyse des scripts du manager.Tests de la fonction Get-ScriptInfo.Devrait extraire les informations d'un script bien documenté" time="0.0899" asserts="0" success="False" result="Failure" executed="True">
                    <failure>
                      <message>CommandNotFoundException: The term 'Get-ScriptInfo' is not recognized as a name of a cmdlet, function, script file, or executable program.
Check the spelling of the name, or if a path was included, verify that the path is correct and try again.</message>
                      <stack-trace>at &lt;ScriptBlock&gt;, D:\DO\WEB\N8N_tests\PROJETS\EMAIL_SENDER_1\development\scripts\manager\testing\AnalysisFunctions.Tests.ps1:218</stack-trace>
                    </failure>
                  </test-case>
                  <test-case description="Devrait extraire les informations d'un script mal documenté" name="Tests des fonctions d'analyse des scripts du manager.Tests de la fonction Get-ScriptInfo.Devrait extraire les informations d'un script mal documenté" time="0.0955" asserts="0" success="False" result="Failure" executed="True">
                    <failure>
                      <message>CommandNotFoundException: The term 'Get-ScriptInfo' is not recognized as a name of a cmdlet, function, script file, or executable program.
Check the spelling of the name, or if a path was included, verify that the path is correct and try again.</message>
                      <stack-trace>at &lt;ScriptBlock&gt;, D:\DO\WEB\N8N_tests\PROJETS\EMAIL_SENDER_1\development\scripts\manager\testing\AnalysisFunctions.Tests.ps1:232</stack-trace>
                    </failure>
                  </test-case>
                </results>
              </test-suite>
              <test-suite type="TestFixture" name="Tests des fonctions d'analyse des scripts du manager.Tests de la fonction Test-ScriptQuality" executed="True" result="Failure" success="False" time="0.8552" asserts="0" description="Tests des fonctions d'analyse des scripts du manager.Tests de la fonction Test-ScriptQuality">
                <results>
                  <test-case description="Devrait valider un script de bonne qualité" name="Tests des fonctions d'analyse des scripts du manager.Tests de la fonction Test-ScriptQuality.Devrait valider un script de bonne qualité" time="0.1042" asserts="0" success="False" result="Failure" executed="True">
                    <failure>
                      <message>CommandNotFoundException: The term 'Test-ScriptQuality' is not recognized as a name of a cmdlet, function, script file, or executable program.
Check the spelling of the name, or if a path was included, verify that the path is correct and try again.</message>
                      <stack-trace>at &lt;ScriptBlock&gt;, D:\DO\WEB\N8N_tests\PROJETS\EMAIL_SENDER_1\development\scripts\manager\testing\AnalysisFunctions.Tests.ps1:257</stack-trace>
                    </failure>
                  </test-case>
                  <test-case description="Devrait détecter un script trop court" name="Tests des fonctions d'analyse des scripts du manager.Tests de la fonction Test-ScriptQuality.Devrait détecter un script trop court" time="0.1079" asserts="0" success="False" result="Failure" executed="True">
                    <failure>
                      <message>CommandNotFoundException: The term 'Test-ScriptQuality' is not recognized as a name of a cmdlet, function, script file, or executable program.
Check the spelling of the name, or if a path was included, verify that the path is correct and try again.</message>
                      <stack-trace>at &lt;ScriptBlock&gt;, D:\DO\WEB\N8N_tests\PROJETS\EMAIL_SENDER_1\development\scripts\manager\testing\AnalysisFunctions.Tests.ps1:272</stack-trace>
                    </failure>
                  </test-case>
                  <test-case description="Devrait détecter un script trop long" name="Tests des fonctions d'analyse des scripts du manager.Tests de la fonction Test-ScriptQuality.Devrait détecter un script trop long" time="0.1235" asserts="0" success="False" result="Failure" executed="True">
                    <failure>
                      <message>CommandNotFoundException: The term 'Test-ScriptQuality' is not recognized as a name of a cmdlet, function, script file, or executable program.
Check the spelling of the name, or if a path was included, verify that the path is correct and try again.</message>
                      <stack-trace>at &lt;ScriptBlock&gt;, D:\DO\WEB\N8N_tests\PROJETS\EMAIL_SENDER_1\development\scripts\manager\testing\AnalysisFunctions.Tests.ps1:287</stack-trace>
                    </failure>
                  </test-case>
                  <test-case description="Devrait détecter un ratio de commentaires trop faible" name="Tests des fonctions d'analyse des scripts du manager.Tests de la fonction Test-ScriptQuality.Devrait détecter un ratio de commentaires trop faible" time="0.0881" asserts="0" success="False" result="Failure" executed="True">
                    <failure>
                      <message>CommandNotFoundException: The term 'Test-ScriptQuality' is not recognized as a name of a cmdlet, function, script file, or executable program.
Check the spelling of the name, or if a path was included, verify that the path is correct and try again.</message>
                      <stack-trace>at &lt;ScriptBlock&gt;, D:\DO\WEB\N8N_tests\PROJETS\EMAIL_SENDER_1\development\scripts\manager\testing\AnalysisFunctions.Tests.ps1:302</stack-trace>
                    </failure>
                  </test-case>
                  <test-case description="Devrait détecter un ratio de lignes vides trop élevé" name="Tests des fonctions d'analyse des scripts du manager.Tests de la fonction Test-ScriptQuality.Devrait détecter un ratio de lignes vides trop élevé" time="0.0778" asserts="0" success="False" result="Failure" executed="True">
                    <failure>
                      <message>CommandNotFoundException: The term 'Test-ScriptQuality' is not recognized as a name of a cmdlet, function, script file, or executable program.
Check the spelling of the name, or if a path was included, verify that the path is correct and try again.</message>
                      <stack-trace>at &lt;ScriptBlock&gt;, D:\DO\WEB\N8N_tests\PROJETS\EMAIL_SENDER_1\development\scripts\manager\testing\AnalysisFunctions.Tests.ps1:317</stack-trace>
                    </failure>
                  </test-case>
                  <test-case description="Devrait détecter des éléments manquants" name="Tests des fonctions d'analyse des scripts du manager.Tests de la fonction Test-ScriptQuality.Devrait détecter des éléments manquants" time="0.0756" asserts="0" success="False" result="Failure" executed="True">
                    <failure>
                      <message>CommandNotFoundException: The term 'Test-ScriptQuality' is not recognized as a name of a cmdlet, function, script file, or executable program.
Check the spelling of the name, or if a path was included, verify that the path is correct and try again.</message>
                      <stack-trace>at &lt;ScriptBlock&gt;, D:\DO\WEB\N8N_tests\PROJETS\EMAIL_SENDER_1\development\scripts\manager\testing\AnalysisFunctions.Tests.ps1:332</stack-trace>
                    </failure>
                  </test-case>
                </results>
              </test-suite>
            </results>
          </test-suite>
        </results>
      </test-suite>
      <test-suite type="TestFixture" name="D:\DO\WEB\N8N_tests\PROJETS\EMAIL_SENDER_1\development\scripts\manager\testing\Integration.Tests.ps1" executed="True" result="Ignored" success="True" time="0.5719" asserts="0" description="D:\DO\WEB\N8N_tests\PROJETS\EMAIL_SENDER_1\development\scripts\manager\testing\Integration.Tests.ps1">
        <results>
          <test-suite type="TestFixture" name="Tests d'intégration du script manager" executed="True" result="Ignored" success="True" time="0.3693" asserts="0" description="Tests d'intégration du script manager">
            <results>
              <test-suite type="TestFixture" name="Tests d'intégration du script manager.Tests d'initialisation de l'environnement" executed="True" result="Success" success="True" time="0.3026" asserts="0" description="Tests d'intégration du script manager.Tests d'initialisation de l'environnement">
                <results>
                  <test-case description="Devrait avoir une structure de dossiers valide" name="Tests d'intégration du script manager.Tests d'initialisation de l'environnement.Devrait avoir une structure de dossiers valide" time="0.0817" asserts="0" success="True" result="Success" executed="True" />
                  <test-case description="Devrait avoir des scripts valides" name="Tests d'intégration du script manager.Tests d'initialisation de l'environnement.Devrait avoir des scripts valides" time="0.0223" asserts="0" success="True" result="Success" executed="True" />
                  <test-case description="Les scripts devraient avoir un contenu valide" name="Tests d'intégration du script manager.Tests d'initialisation de l'environnement.Les scripts devraient avoir un contenu valide" time="0.0409" asserts="0" success="True" result="Success" executed="True" />
                </results>
              </test-suite>
              <test-suite type="TestFixture" name="Tests d'intégration du script manager.Tests de flux de travail" executed="True" result="Ignored" success="True" time="0.3256" asserts="0" description="Tests d'intégration du script manager.Tests de flux de travail">
                <results>
                  <test-case description="Devrait pouvoir exécuter le flux de travail complet" name="Tests d'intégration du script manager.Tests de flux de travail.Devrait pouvoir exécuter le flux de travail complet" time="0.0071" asserts="0" success="False" result="Ignored" executed="False" />
                </results>
              </test-suite>
              <test-suite type="TestFixture" name="Tests d'intégration du script manager.Tests de compatibilité avec les scripts de maintenance" executed="True" result="Ignored" success="True" time="0.3516" asserts="0" description="Tests d'intégration du script manager.Tests de compatibilité avec les scripts de maintenance">
                <results>
                  <test-case description="Devrait être compatible avec les scripts de maintenance" name="Tests d'intégration du script manager.Tests de compatibilité avec les scripts de maintenance.Devrait être compatible avec les scripts de maintenance" time="0.0066" asserts="0" success="False" result="Ignored" executed="False" />
                </results>
              </test-suite>
            </results>
          </test-suite>
        </results>
      </test-suite>
      <test-suite type="TestFixture" name="D:\DO\WEB\N8N_tests\PROJETS\EMAIL_SENDER_1\development\scripts\manager\testing\InventoryFunctions.Tests.ps1" executed="True" result="Failure" success="False" time="0.7696" asserts="0" description="D:\DO\WEB\N8N_tests\PROJETS\EMAIL_SENDER_1\development\scripts\manager\testing\InventoryFunctions.Tests.ps1">
        <results>
          <test-suite type="TestFixture" name="Tests des fonctions d'inventaire des scripts du manager" executed="True" result="Failure" success="False" time="0.5141" asserts="0" description="Tests des fonctions d'inventaire des scripts du manager">
            <results>
              <test-suite type="TestFixture" name="Tests des fonctions d'inventaire des scripts du manager.Tests de la fonction Get-ScriptInventory" executed="True" result="Failure" success="False" time="0.3541" asserts="0" description="Tests des fonctions d'inventaire des scripts du manager.Tests de la fonction Get-ScriptInventory">
                <results>
                  <test-case description="Devrait créer un inventaire des scripts" name="Tests des fonctions d'inventaire des scripts du manager.Tests de la fonction Get-ScriptInventory.Devrait créer un inventaire des scripts" time="0.0914" asserts="0" success="False" result="Failure" executed="True">
                    <failure>
                      <message>CommandNotFoundException: The term 'Get-ScriptInventory' is not recognized as a name of a cmdlet, function, script file, or executable program.
Check the spelling of the name, or if a path was included, verify that the path is correct and try again.</message>
                      <stack-trace>at &lt;ScriptBlock&gt;, D:\DO\WEB\N8N_tests\PROJETS\EMAIL_SENDER_1\development\scripts\manager\testing\InventoryFunctions.Tests.ps1:170</stack-trace>
                    </failure>
                  </test-case>
                  <test-case description="Devrait compter les scripts par répertoire" name="Tests des fonctions d'inventaire des scripts du manager.Tests de la fonction Get-ScriptInventory.Devrait compter les scripts par répertoire" time="0.074" asserts="0" success="False" result="Failure" executed="True">
                    <failure>
                      <message>CommandNotFoundException: The term 'Get-ScriptInventory' is not recognized as a name of a cmdlet, function, script file, or executable program.
Check the spelling of the name, or if a path was included, verify that the path is correct and try again.</message>
                      <stack-trace>at &lt;ScriptBlock&gt;, D:\DO\WEB\N8N_tests\PROJETS\EMAIL_SENDER_1\development\scripts\manager\testing\InventoryFunctions.Tests.ps1:180</stack-trace>
                    </failure>
                  </test-case>
                  <test-case description="Devrait filtrer les scripts par extension" name="Tests des fonctions d'inventaire des scripts du manager.Tests de la fonction Get-ScriptInventory.Devrait filtrer les scripts par extension" time="0.0725" asserts="0" success="False" result="Failure" executed="True">
                    <failure>
                      <message>CommandNotFoundException: The term 'Get-ScriptInventory' is not recognized as a name of a cmdlet, function, script file, or executable program.
Check the spelling of the name, or if a path was included, verify that the path is correct and try again.</message>
                      <stack-trace>at &lt;ScriptBlock&gt;, D:\DO\WEB\N8N_tests\PROJETS\EMAIL_SENDER_1\development\scripts\manager\testing\InventoryFunctions.Tests.ps1:187</stack-trace>
                    </failure>
                  </test-case>
                </results>
              </test-suite>
              <test-suite type="TestFixture" name="Tests des fonctions d'inventaire des scripts du manager.Tests de la fonction Find-Script" executed="True" result="Failure" success="False" time="0.4612" asserts="0" description="Tests des fonctions d'inventaire des scripts du manager.Tests de la fonction Find-Script">
                <results>
                  <test-case description="Devrait trouver des scripts par nom" name="Tests des fonctions d'inventaire des scripts du manager.Tests de la fonction Find-Script.Devrait trouver des scripts par nom" time="0.024" asserts="0" success="False" result="Failure" executed="True">
                    <failure>
                      <message>ParameterBindingException: A parameter cannot be found that matches parameter name 'Inventory'.</message>
                      <stack-trace>at &lt;ScriptBlock&gt;, D:\DO\WEB\N8N_tests\PROJETS\EMAIL_SENDER_1\development\scripts\manager\testing\InventoryFunctions.Tests.ps1:241</stack-trace>
                    </failure>
                  </test-case>
                  <test-case description="Devrait trouver des scripts par extension" name="Tests des fonctions d'inventaire des scripts du manager.Tests de la fonction Find-Script.Devrait trouver des scripts par extension" time="0.0138" asserts="0" success="False" result="Failure" executed="True">
                    <failure>
                      <message>ParameterBindingException: A parameter cannot be found that matches parameter name 'Inventory'.</message>
                      <stack-trace>at &lt;ScriptBlock&gt;, D:\DO\WEB\N8N_tests\PROJETS\EMAIL_SENDER_1\development\scripts\manager\testing\InventoryFunctions.Tests.ps1:248</stack-trace>
                    </failure>
                  </test-case>
                  <test-case description="Devrait trouver des scripts par répertoire" name="Tests des fonctions d'inventaire des scripts du manager.Tests de la fonction Find-Script.Devrait trouver des scripts par répertoire" time="0.0154" asserts="0" success="False" result="Failure" executed="True">
                    <failure>
                      <message>ParameterBindingException: A parameter cannot be found that matches parameter name 'Inventory'.</message>
                      <stack-trace>at &lt;ScriptBlock&gt;, D:\DO\WEB\N8N_tests\PROJETS\EMAIL_SENDER_1\development\scripts\manager\testing\InventoryFunctions.Tests.ps1:254</stack-trace>
                    </failure>
                  </test-case>
                  <test-case description="Devrait combiner les filtres" name="Tests des fonctions d'inventaire des scripts du manager.Tests de la fonction Find-Script.Devrait combiner les filtres" time="0.0153" asserts="0" success="False" result="Failure" executed="True">
                    <failure>
                      <message>ParameterBindingException: A parameter cannot be found that matches parameter name 'Inventory'.</message>
                      <stack-trace>at &lt;ScriptBlock&gt;, D:\DO\WEB\N8N_tests\PROJETS\EMAIL_SENDER_1\development\scripts\manager\testing\InventoryFunctions.Tests.ps1:261</stack-trace>
                    </failure>
                  </test-case>
                  <test-case description="Devrait retourner un tableau vide si aucun script ne correspond" name="Tests des fonctions d'inventaire des scripts du manager.Tests de la fonction Find-Script.Devrait retourner un tableau vide si aucun script ne correspond" time="0.0135" asserts="0" success="False" result="Failure" executed="True">
                    <failure>
                      <message>ParameterBindingException: A parameter cannot be found that matches parameter name 'Inventory'.</message>
                      <stack-trace>at &lt;ScriptBlock&gt;, D:\DO\WEB\N8N_tests\PROJETS\EMAIL_SENDER_1\development\scripts\manager\testing\InventoryFunctions.Tests.ps1:267</stack-trace>
                    </failure>
                  </test-case>
                </results>
              </test-suite>
            </results>
          </test-suite>
        </results>
      </test-suite>
      <test-suite type="TestFixture" name="D:\DO\WEB\N8N_tests\PROJETS\EMAIL_SENDER_1\development\scripts\manager\testing\OrganizationFunctions.Tests.ps1" executed="True" result="Failure" success="False" time="3.2473" asserts="0" description="D:\DO\WEB\N8N_tests\PROJETS\EMAIL_SENDER_1\development\scripts\manager\testing\OrganizationFunctions.Tests.ps1">
        <results>
          <test-suite type="TestFixture" name="Tests des fonctions d'organisation des scripts du manager" executed="True" result="Failure" success="False" time="2.609" asserts="0" description="Tests des fonctions d'organisation des scripts du manager">
            <results>
              <test-suite type="TestFixture" name="Tests des fonctions d'organisation des scripts du manager.Tests de la fonction Get-ScriptCategory" executed="True" result="Failure" success="False" time="1.8949" asserts="0" description="Tests des fonctions d'organisation des scripts du manager.Tests de la fonction Get-ScriptCategory">
                <results>
                  <test-case description="Devrait retourner 'analysis' pour un fichier contenant 'analyze' dans son nom" name="Tests des fonctions d'organisation des scripts du manager.Tests de la fonction Get-ScriptCategory.Devrait retourner 'analysis' pour un fichier contenant 'analyze' dans son nom" time="0.1049" asserts="0" success="False" result="Failure" executed="True">
                    <failure>
                      <message>CommandNotFoundException: The term 'Get-ScriptCategory' is not recognized as a name of a cmdlet, function, script file, or executable program.
Check the spelling of the name, or if a path was included, verify that the path is correct and try again.</message>
                      <stack-trace>at &lt;ScriptBlock&gt;, D:\DO\WEB\N8N_tests\PROJETS\EMAIL_SENDER_1\development\scripts\manager\testing\OrganizationFunctions.Tests.ps1:29</stack-trace>
                    </failure>
                  </test-case>
                  <test-case description="Devrait retourner 'organization' pour un fichier contenant 'organize' dans son nom" name="Tests des fonctions d'organisation des scripts du manager.Tests de la fonction Get-ScriptCategory.Devrait retourner 'organization' pour un fichier contenant 'organize' dans son nom" time="0.0976" asserts="0" success="False" result="Failure" executed="True">
                    <failure>
                      <message>CommandNotFoundException: The term 'Get-ScriptCategory' is not recognized as a name of a cmdlet, function, script file, or executable program.
Check the spelling of the name, or if a path was included, verify that the path is correct and try again.</message>
                      <stack-trace>at &lt;ScriptBlock&gt;, D:\DO\WEB\N8N_tests\PROJETS\EMAIL_SENDER_1\development\scripts\manager\testing\OrganizationFunctions.Tests.ps1:33</stack-trace>
                    </failure>
                  </test-case>
                  <test-case description="Devrait retourner 'inventory' pour un fichier contenant 'inventory' dans son nom" name="Tests des fonctions d'organisation des scripts du manager.Tests de la fonction Get-ScriptCategory.Devrait retourner 'inventory' pour un fichier contenant 'inventory' dans son nom" time="0.1387" asserts="0" success="False" result="Failure" executed="True">
                    <failure>
                      <message>CommandNotFoundException: The term 'Get-ScriptCategory' is not recognized as a name of a cmdlet, function, script file, or executable program.
Check the spelling of the name, or if a path was included, verify that the path is correct and try again.</message>
                      <stack-trace>at &lt;ScriptBlock&gt;, D:\DO\WEB\N8N_tests\PROJETS\EMAIL_SENDER_1\development\scripts\manager\testing\OrganizationFunctions.Tests.ps1:37</stack-trace>
                    </failure>
                  </test-case>
                  <test-case description="Devrait retourner 'documentation' pour un fichier contenant 'document' dans son nom" name="Tests des fonctions d'organisation des scripts du manager.Tests de la fonction Get-ScriptCategory.Devrait retourner 'documentation' pour un fichier contenant 'document' dans son nom" time="0.1097" asserts="0" success="False" result="Failure" executed="True">
                    <failure>
                      <message>CommandNotFoundException: The term 'Get-ScriptCategory' is not recognized as a name of a cmdlet, function, script file, or executable program.
Check the spelling of the name, or if a path was included, verify that the path is correct and try again.</message>
                      <stack-trace>at &lt;ScriptBlock&gt;, D:\DO\WEB\N8N_tests\PROJETS\EMAIL_SENDER_1\development\scripts\manager\testing\OrganizationFunctions.Tests.ps1:41</stack-trace>
                    </failure>
                  </test-case>
                  <test-case description="Devrait retourner 'monitoring' pour un fichier contenant 'monitor' dans son nom" name="Tests des fonctions d'organisation des scripts du manager.Tests de la fonction Get-ScriptCategory.Devrait retourner 'monitoring' pour un fichier contenant 'monitor' dans son nom" time="0.1224" asserts="0" success="False" result="Failure" executed="True">
                    <failure>
                      <message>CommandNotFoundException: The term 'Get-ScriptCategory' is not recognized as a name of a cmdlet, function, script file, or executable program.
Check the spelling of the name, or if a path was included, verify that the path is correct and try again.</message>
                      <stack-trace>at &lt;ScriptBlock&gt;, D:\DO\WEB\N8N_tests\PROJETS\EMAIL_SENDER_1\development\scripts\manager\testing\OrganizationFunctions.Tests.ps1:45</stack-trace>
                    </failure>
                  </test-case>
                  <test-case description="Devrait retourner 'optimization' pour un fichier contenant 'optimize' dans son nom" name="Tests des fonctions d'organisation des scripts du manager.Tests de la fonction Get-ScriptCategory.Devrait retourner 'optimization' pour un fichier contenant 'optimize' dans son nom" time="0.0921" asserts="0" success="False" result="Failure" executed="True">
                    <failure>
                      <message>CommandNotFoundException: The term 'Get-ScriptCategory' is not recognized as a name of a cmdlet, function, script file, or executable program.
Check the spelling of the name, or if a path was included, verify that the path is correct and try again.</message>
                      <stack-trace>at &lt;ScriptBlock&gt;, D:\DO\WEB\N8N_tests\PROJETS\EMAIL_SENDER_1\development\scripts\manager\testing\OrganizationFunctions.Tests.ps1:49</stack-trace>
                    </failure>
                  </test-case>
                  <test-case description="Devrait retourner 'testing' pour un fichier contenant 'test' dans son nom" name="Tests des fonctions d'organisation des scripts du manager.Tests de la fonction Get-ScriptCategory.Devrait retourner 'testing' pour un fichier contenant 'test' dans son nom" time="0.0995" asserts="0" success="False" result="Failure" executed="True">
                    <failure>
                      <message>CommandNotFoundException: The term 'Get-ScriptCategory' is not recognized as a name of a cmdlet, function, script file, or executable program.
Check the spelling of the name, or if a path was included, verify that the path is correct and try again.</message>
                      <stack-trace>at &lt;ScriptBlock&gt;, D:\DO\WEB\N8N_tests\PROJETS\EMAIL_SENDER_1\development\scripts\manager\testing\OrganizationFunctions.Tests.ps1:53</stack-trace>
                    </failure>
                  </test-case>
                  <test-case description="Devrait retourner 'configuration' pour un fichier contenant 'config' dans son nom" name="Tests des fonctions d'organisation des scripts du manager.Tests de la fonction Get-ScriptCategory.Devrait retourner 'configuration' pour un fichier contenant 'config' dans son nom" time="0.1164" asserts="0" success="False" result="Failure" executed="True">
                    <failure>
                      <message>CommandNotFoundException: The term 'Get-ScriptCategory' is not recognized as a name of a cmdlet, function, script file, or executable program.
Check the spelling of the name, or if a path was included, verify that the path is correct and try again.</message>
                      <stack-trace>at &lt;ScriptBlock&gt;, D:\DO\WEB\N8N_tests\PROJETS\EMAIL_SENDER_1\development\scripts\manager\testing\OrganizationFunctions.Tests.ps1:57</stack-trace>
                    </failure>
                  </test-case>
                  <test-case description="Devrait retourner 'generation' pour un fichier contenant 'generate' dans son nom" name="Tests des fonctions d'organisation des scripts du manager.Tests de la fonction Get-ScriptCategory.Devrait retourner 'generation' pour un fichier contenant 'generate' dans son nom" time="0.1002" asserts="0" success="False" result="Failure" executed="True">
                    <failure>
                      <message>CommandNotFoundException: The term 'Get-ScriptCategory' is not recognized as a name of a cmdlet, function, script file, or executable program.
Check the spelling of the name, or if a path was included, verify that the path is correct and try again.</message>
                      <stack-trace>at &lt;ScriptBlock&gt;, D:\DO\WEB\N8N_tests\PROJETS\EMAIL_SENDER_1\development\scripts\manager\testing\OrganizationFunctions.Tests.ps1:61</stack-trace>
                    </failure>
                  </test-case>
                  <test-case description="Devrait retourner 'integration' pour un fichier contenant 'integrate' dans son nom" name="Tests des fonctions d'organisation des scripts du manager.Tests de la fonction Get-ScriptCategory.Devrait retourner 'integration' pour un fichier contenant 'integrate' dans son nom" time="0.102" asserts="0" success="False" result="Failure" executed="True">
                    <failure>
                      <message>CommandNotFoundException: The term 'Get-ScriptCategory' is not recognized as a name of a cmdlet, function, script file, or executable program.
Check the spelling of the name, or if a path was included, verify that the path is correct and try again.</message>
                      <stack-trace>at &lt;ScriptBlock&gt;, D:\DO\WEB\N8N_tests\PROJETS\EMAIL_SENDER_1\development\scripts\manager\testing\OrganizationFunctions.Tests.ps1:65</stack-trace>
                    </failure>
                  </test-case>
                  <test-case description="Devrait retourner 'ui' pour un fichier contenant 'ui' dans son nom" name="Tests des fonctions d'organisation des scripts du manager.Tests de la fonction Get-ScriptCategory.Devrait retourner 'ui' pour un fichier contenant 'ui' dans son nom" time="0.0847" asserts="0" success="False" result="Failure" executed="True">
                    <failure>
                      <message>CommandNotFoundException: The term 'Get-ScriptCategory' is not recognized as a name of a cmdlet, function, script file, or executable program.
Check the spelling of the name, or if a path was included, verify that the path is correct and try again.</message>
                      <stack-trace>at &lt;ScriptBlock&gt;, D:\DO\WEB\N8N_tests\PROJETS\EMAIL_SENDER_1\development\scripts\manager\testing\OrganizationFunctions.Tests.ps1:69</stack-trace>
                    </failure>
                  </test-case>
                  <test-case description="Devrait retourner 'core' pour un fichier sans mot-clé reconnu" name="Tests des fonctions d'organisation des scripts du manager.Tests de la fonction Get-ScriptCategory.Devrait retourner 'core' pour un fichier sans mot-clé reconnu" time="0.4178" asserts="0" success="False" result="Failure" executed="True">
                    <failure>
                      <message>CommandNotFoundException: The term 'Get-ScriptCategory' is not recognized as a name of a cmdlet, function, script file, or executable program.
Check the spelling of the name, or if a path was included, verify that the path is correct and try again.</message>
                      <stack-trace>at &lt;ScriptBlock&gt;, D:\DO\WEB\N8N_tests\PROJETS\EMAIL_SENDER_1\development\scripts\manager\testing\OrganizationFunctions.Tests.ps1:73</stack-trace>
                    </failure>
                  </test-case>
                  <test-case description="Devrait analyser le contenu si le nom ne contient pas de mot-clé reconnu" name="Tests des fonctions d'organisation des scripts du manager.Tests de la fonction Get-ScriptCategory.Devrait analyser le contenu si le nom ne contient pas de mot-clé reconnu" time="0.1495" asserts="0" success="False" result="Failure" executed="True">
                    <failure>
                      <message>CommandNotFoundException: The term 'Get-ScriptCategory' is not recognized as a name of a cmdlet, function, script file, or executable program.
Check the spelling of the name, or if a path was included, verify that the path is correct and try again.</message>
                      <stack-trace>at &lt;ScriptBlock&gt;, D:\DO\WEB\N8N_tests\PROJETS\EMAIL_SENDER_1\development\scripts\manager\testing\OrganizationFunctions.Tests.ps1:78</stack-trace>
                    </failure>
                  </test-case>
                  <test-case description="Devrait retourner 'core' si ni le nom ni le contenu ne contiennent de mot-clé reconnu" name="Tests des fonctions d'organisation des scripts du manager.Tests de la fonction Get-ScriptCategory.Devrait retourner 'core' si ni le nom ni le contenu ne contiennent de mot-clé reconnu" time="0.1288" asserts="0" success="False" result="Failure" executed="True">
                    <failure>
                      <message>CommandNotFoundException: The term 'Get-ScriptCategory' is not recognized as a name of a cmdlet, function, script file, or executable program.
Check the spelling of the name, or if a path was included, verify that the path is correct and try again.</message>
                      <stack-trace>at &lt;ScriptBlock&gt;, D:\DO\WEB\N8N_tests\PROJETS\EMAIL_SENDER_1\development\scripts\manager\testing\OrganizationFunctions.Tests.ps1:83</stack-trace>
                    </failure>
                  </test-case>
                </results>
              </test-suite>
              <test-suite type="TestFixture" name="Tests des fonctions d'organisation des scripts du manager.Tests de la fonction Backup-File" executed="True" result="Failure" success="False" time="2.2553" asserts="0" description="Tests des fonctions d'organisation des scripts du manager.Tests de la fonction Backup-File">
                <results>
                  <test-case description="Devrait créer une sauvegarde du fichier" name="Tests des fonctions d'organisation des scripts du manager.Tests de la fonction Backup-File.Devrait créer une sauvegarde du fichier" time="0.1057" asserts="0" success="False" result="Failure" executed="True">
                    <failure>
                      <message>CommandNotFoundException: The term 'Backup-File' is not recognized as a name of a cmdlet, function, script file, or executable program.
Check the spelling of the name, or if a path was included, verify that the path is correct and try again.</message>
                      <stack-trace>at &lt;ScriptBlock&gt;, D:\DO\WEB\N8N_tests\PROJETS\EMAIL_SENDER_1\development\scripts\manager\testing\OrganizationFunctions.Tests.ps1:113</stack-trace>
                    </failure>
                  </test-case>
                  <test-case description="Le contenu de la sauvegarde devrait être identique à l'original" name="Tests des fonctions d'organisation des scripts du manager.Tests de la fonction Backup-File.Le contenu de la sauvegarde devrait être identique à l'original" time="0.1607" asserts="0" success="False" result="Failure" executed="True">
                    <failure>
                      <message>Expected '# Test file
', but got $null.</message>
                      <stack-trace>at $backupContent | Should -Be $originalContent, D:\DO\WEB\N8N_tests\PROJETS\EMAIL_SENDER_1\development\scripts\manager\testing\OrganizationFunctions.Tests.ps1:121
at &lt;ScriptBlock&gt;, D:\DO\WEB\N8N_tests\PROJETS\EMAIL_SENDER_1\development\scripts\manager\testing\OrganizationFunctions.Tests.ps1:121</stack-trace>
                    </failure>
                  </test-case>
                </results>
              </test-suite>
              <test-suite type="TestFixture" name="Tests des fonctions d'organisation des scripts du manager.Tests de la fonction Move-ScriptToCategory" executed="True" result="Failure" success="False" time="2.5916" asserts="0" description="Tests des fonctions d'organisation des scripts du manager.Tests de la fonction Move-ScriptToCategory">
                <results>
                  <test-case description="Devrait déplacer le fichier dans le sous-dossier approprié" name="Tests des fonctions d'organisation des scripts du manager.Tests de la fonction Move-ScriptToCategory.Devrait déplacer le fichier dans le sous-dossier approprié" time="0.1288" asserts="0" success="False" result="Failure" executed="True">
                    <failure>
                      <message>CommandNotFoundException: The term 'Move-ScriptToCategory' is not recognized as a name of a cmdlet, function, script file, or executable program.
Check the spelling of the name, or if a path was included, verify that the path is correct and try again.</message>
                      <stack-trace>at &lt;ScriptBlock&gt;, D:\DO\WEB\N8N_tests\PROJETS\EMAIL_SENDER_1\development\scripts\manager\testing\OrganizationFunctions.Tests.ps1:156</stack-trace>
                    </failure>
                  </test-case>
                  <test-case description="Le dossier cible devrait être créé s'il n'existe pas" name="Tests des fonctions d'organisation des scripts du manager.Tests de la fonction Move-ScriptToCategory.Le dossier cible devrait être créé s'il n'existe pas" time="0.0551" asserts="0" success="False" result="Failure" executed="True">
                    <failure>
                      <message>Expected $true, but got $false.</message>
                      <stack-trace>at Test-Path -Path "$script:managerDir/testing" | Should -Be $true, D:\DO\WEB\N8N_tests\PROJETS\EMAIL_SENDER_1\development\scripts\manager\testing\OrganizationFunctions.Tests.ps1:162
at &lt;ScriptBlock&gt;, D:\DO\WEB\N8N_tests\PROJETS\EMAIL_SENDER_1\development\scripts\manager\testing\OrganizationFunctions.Tests.ps1:162</stack-trace>
                    </failure>
                  </test-case>
                  <test-case description="Le fichier original ne devrait plus exister" name="Tests des fonctions d'organisation des scripts du manager.Tests de la fonction Move-ScriptToCategory.Le fichier original ne devrait plus exister" time="0.0477" asserts="0" success="False" result="Failure" executed="True">
                    <failure>
                      <message>Expected $false, but got $true.</message>
                      <stack-trace>at Test-Path -Path $script:testFilePath | Should -Be $false, D:\DO\WEB\N8N_tests\PROJETS\EMAIL_SENDER_1\development\scripts\manager\testing\OrganizationFunctions.Tests.ps1:166
at &lt;ScriptBlock&gt;, D:\DO\WEB\N8N_tests\PROJETS\EMAIL_SENDER_1\development\scripts\manager\testing\OrganizationFunctions.Tests.ps1:166</stack-trace>
                    </failure>
                  </test-case>
                </results>
              </test-suite>
            </results>
          </test-suite>
        </results>
      </test-suite>
    </results>
  </test-suite>
</test-results>