{"total": {"lines":{"total":1571,"covered":490,"skipped":0,"pct":31.19},"statements":{"total":1610,"covered":499,"skipped":0,"pct":30.99},"functions":{"total":309,"covered":88,"skipped":0,"pct":28.47},"branches":{"total":729,"covered":154,"skipped":0,"pct":21.12},"branchesTrue":{"total":0,"covered":0,"skipped":0,"pct":100}}
,"D:\\DO\\WEB\\N8N_tests\\PROJETS\\EMAIL_SENDER_1\\projet\\roadmaps\\visualization\\MetroMapCustomizer.js": {"lines":{"total":90,"covered":45,"skipped":0,"pct":50},"functions":{"total":18,"covered":7,"skipped":0,"pct":38.88},"statements":{"total":90,"covered":45,"skipped":0,"pct":50},"branches":{"total":36,"covered":18,"skipped":0,"pct":50}}
,"D:\\DO\\WEB\\N8N_tests\\PROJETS\\EMAIL_SENDER_1\\projet\\roadmaps\\visualization\\MetroMapFilters.js": {"lines":{"total":128,"covered":113,"skipped":0,"pct":88.28},"functions":{"total":24,"covered":24,"skipped":0,"pct":100},"statements":{"total":128,"covered":113,"skipped":0,"pct":88.28},"branches":{"total":76,"covered":50,"skipped":0,"pct":65.78}}
,"D:\\DO\\WEB\\N8N_tests\\PROJETS\\EMAIL_SENDER_1\\projet\\roadmaps\\visualization\\MetroMapInteractiveRenderer.js": {"lines":{"total":409,"covered":151,"skipped":0,"pct":36.91},"functions":{"total":83,"covered":15,"skipped":0,"pct":18.07},"statements":{"total":409,"covered":151,"skipped":0,"pct":36.91},"branches":{"total":180,"covered":41,"skipped":0,"pct":22.77}}
,"D:\\DO\\WEB\\N8N_tests\\PROJETS\\EMAIL_SENDER_1\\projet\\roadmaps\\visualization\\MetroMapLayoutEngine.js": {"lines":{"total":224,"covered":181,"skipped":0,"pct":80.8},"functions":{"total":54,"covered":42,"skipped":0,"pct":77.77},"statements":{"total":236,"covered":190,"skipped":0,"pct":80.5},"branches":{"total":76,"covered":45,"skipped":0,"pct":59.21}}
,"D:\\DO\\WEB\\N8N_tests\\PROJETS\\EMAIL_SENDER_1\\projet\\roadmaps\\visualization\\MetroMapVisualizerEnhanced.js": {"lines":{"total":222,"covered":0,"skipped":0,"pct":0},"functions":{"total":36,"covered":0,"skipped":0,"pct":0},"statements":{"total":246,"covered":0,"skipped":0,"pct":0},"branches":{"total":133,"covered":0,"skipped":0,"pct":0}}
,"D:\\DO\\WEB\\N8N_tests\\PROJETS\\EMAIL_SENDER_1\\projet\\roadmaps\\visualization\\babel.config.js": {"lines":{"total":0,"covered":0,"skipped":0,"pct":0},"functions":{"total":0,"covered":0,"skipped":0,"pct":0},"statements":{"total":0,"covered":0,"skipped":0,"pct":0},"branches":{"total":0,"covered":0,"skipped":0,"pct":0}}
,"D:\\DO\\WEB\\N8N_tests\\PROJETS\\EMAIL_SENDER_1\\projet\\roadmaps\\visualization\\cosmos-data-converter.js": {"lines":{"total":57,"covered":0,"skipped":0,"pct":0},"functions":{"total":8,"covered":0,"skipped":0,"pct":0},"statements":{"total":57,"covered":0,"skipped":0,"pct":0},"branches":{"total":50,"covered":0,"skipped":0,"pct":0}}
,"D:\\DO\\WEB\\N8N_tests\\PROJETS\\EMAIL_SENDER_1\\projet\\roadmaps\\visualization\\cosmos-visualization.js": {"lines":{"total":88,"covered":0,"skipped":0,"pct":0},"functions":{"total":35,"covered":0,"skipped":0,"pct":0},"statements":{"total":89,"covered":0,"skipped":0,"pct":0},"branches":{"total":27,"covered":0,"skipped":0,"pct":0}}
,"D:\\DO\\WEB\\N8N_tests\\PROJETS\\EMAIL_SENDER_1\\projet\\roadmaps\\visualization\\generate-cosmos-data.js": {"lines":{"total":36,"covered":0,"skipped":0,"pct":0},"functions":{"total":2,"covered":0,"skipped":0,"pct":0},"statements":{"total":36,"covered":0,"skipped":0,"pct":0},"branches":{"total":4,"covered":0,"skipped":0,"pct":0}}
,"D:\\DO\\WEB\\N8N_tests\\PROJETS\\EMAIL_SENDER_1\\projet\\roadmaps\\visualization\\generate-metro-data.js": {"lines":{"total":77,"covered":0,"skipped":0,"pct":0},"functions":{"total":14,"covered":0,"skipped":0,"pct":0},"statements":{"total":77,"covered":0,"skipped":0,"pct":0},"branches":{"total":44,"covered":0,"skipped":0,"pct":0}}
,"D:\\DO\\WEB\\N8N_tests\\PROJETS\\EMAIL_SENDER_1\\projet\\roadmaps\\visualization\\metro-map-cognitive.js": {"lines":{"total":198,"covered":0,"skipped":0,"pct":0},"functions":{"total":31,"covered":0,"skipped":0,"pct":0},"statements":{"total":200,"covered":0,"skipped":0,"pct":0},"branches":{"total":91,"covered":0,"skipped":0,"pct":0}}
,"D:\\DO\\WEB\\N8N_tests\\PROJETS\\EMAIL_SENDER_1\\projet\\roadmaps\\visualization\\scripts\\coverage-report.js": {"lines":{"total":42,"covered":0,"skipped":0,"pct":0},"functions":{"total":4,"covered":0,"skipped":0,"pct":0},"statements":{"total":42,"covered":0,"skipped":0,"pct":0},"branches":{"total":12,"covered":0,"skipped":0,"pct":0}}
}
