TN:
SF:MetroMapCustomizer.js
FN:22,(anonymous_0)
FN:175,(anonymous_1)
FN:258,(anonymous_2)
FN:290,(anonymous_3)
FN:319,(anonymous_4)
FN:339,(anonymous_5)
FN:357,(anonymous_6)
FN:372,(anonymous_7)
FN:386,(anonymous_8)
FN:402,(anonymous_9)
FN:418,(anonymous_10)
FN:456,(anonymous_11)
FN:497,(anonymous_12)
FN:514,(anonymous_13)
FN:535,(anonymous_14)
FN:544,(anonymous_15)
FN:551,(anonymous_16)
FN:567,(anonymous_17)
FNF:18
FNH:7
FNDA:10,(anonymous_0)
FNDA:11,(anonymous_1)
FNDA:1,(anonymous_2)
FNDA:1,(anonymous_3)
FNDA:0,(anonymous_4)
FNDA:0,(anonymous_5)
FNDA:0,(anonymous_6)
FNDA:0,(anonymous_7)
FNDA:0,(anonymous_8)
FNDA:0,(anonymous_9)
FNDA:1,(anonymous_10)
FNDA:0,(anonymous_11)
FNDA:0,(anonymous_12)
FNDA:0,(anonymous_13)
FNDA:9,(anonymous_14)
FNDA:0,(anonymous_15)
FNDA:0,(anonymous_16)
FNDA:9,(anonymous_17)
DA:23,10
DA:24,10
DA:27,10
DA:160,10
DA:168,10
DA:177,11
DA:178,1
DA:179,1
DA:183,10
DA:186,10
DA:189,10
DA:190,10
DA:193,10
DA:245,10
DA:248,10
DA:250,10
DA:260,1
DA:262,1
DA:263,0
DA:264,0
DA:268,1
DA:269,0
DA:271,1
DA:274,1
DA:275,3
DA:280,1
DA:282,1
DA:292,1
DA:293,0
DA:294,0
DA:298,1
DA:299,0
DA:301,1
DA:304,1
DA:305,3
DA:310,1
DA:312,1
DA:321,0
DA:322,0
DA:323,0
DA:327,0
DA:330,0
DA:332,0
DA:341,0
DA:347,0
DA:349,0
DA:359,0
DA:362,0
DA:364,0
DA:374,0
DA:377,0
DA:379,0
DA:388,0
DA:394,0
DA:396,0
DA:404,0
DA:405,0
DA:406,0
DA:409,0
DA:411,0
DA:420,1
DA:427,1
DA:428,3
DA:436,1
DA:437,1
DA:438,2
DA:439,2
DA:449,1
DA:458,0
DA:466,0
DA:467,0
DA:476,0
DA:477,0
DA:478,0
DA:479,0
DA:490,0
DA:499,0
DA:502,0
DA:507,0
DA:516,0
DA:528,0
DA:537,9
DA:538,0
DA:544,9
DA:545,0
DA:551,9
DA:552,0
DA:558,9
DA:569,9
DA:580,9
LF:90
LH:45
BRDA:22,0,0,9
BRDA:177,1,0,1
BRDA:177,1,1,10
BRDA:199,2,0,10
BRDA:199,2,1,10
BRDA:205,3,0,10
BRDA:205,3,1,9
BRDA:262,4,0,0
BRDA:262,4,1,1
BRDA:268,5,0,0
BRDA:268,5,1,1
BRDA:292,6,0,0
BRDA:292,6,1,1
BRDA:298,7,0,0
BRDA:298,7,1,1
BRDA:321,8,0,0
BRDA:321,8,1,0
BRDA:436,9,0,1
BRDA:436,9,1,0
BRDA:436,10,0,1
BRDA:436,10,1,1
BRDA:438,11,0,2
BRDA:438,11,1,0
BRDA:438,12,0,2
BRDA:438,12,1,2
BRDA:476,13,0,0
BRDA:476,13,1,0
BRDA:476,14,0,0
BRDA:476,14,1,0
BRDA:478,15,0,0
BRDA:478,15,1,0
BRDA:478,16,0,0
BRDA:478,16,1,0
BRDA:537,17,0,0
BRDA:537,17,1,9
BRDA:567,18,0,0
BRF:36
BRH:18
end_of_record
TN:
SF:MetroMapFilters.js
FN:22,(anonymous_0)
FN:83,(anonymous_1)
FN:127,(anonymous_2)
FN:151,(anonymous_3)
FN:160,(anonymous_4)
FN:169,(anonymous_5)
FN:178,(anonymous_6)
FN:187,(anonymous_7)
FN:198,(anonymous_8)
FN:205,(anonymous_9)
FN:222,(anonymous_10)
FN:229,(anonymous_11)
FN:241,(anonymous_12)
FN:248,(anonymous_13)
FN:271,(anonymous_14)
FN:283,(anonymous_15)
FN:319,(anonymous_16)
FN:326,(anonymous_17)
FN:388,(anonymous_18)
FN:391,(anonymous_19)
FN:405,(anonymous_20)
FN:428,(anonymous_21)
FN:435,(anonymous_22)
FN:443,(anonymous_23)
FNF:24
FNH:24
FNDA:20,(anonymous_0)
FNDA:1,(anonymous_1)
FNDA:1,(anonymous_2)
FNDA:1,(anonymous_3)
FNDA:1,(anonymous_4)
FNDA:1,(anonymous_5)
FNDA:1,(anonymous_6)
FNDA:1,(anonymous_7)
FNDA:1,(anonymous_8)
FNDA:4,(anonymous_9)
FNDA:1,(anonymous_10)
FNDA:7,(anonymous_11)
FNDA:1,(anonymous_12)
FNDA:4,(anonymous_13)
FNDA:1,(anonymous_14)
FNDA:4,(anonymous_15)
FNDA:6,(anonymous_16)
FNDA:24,(anonymous_17)
FNDA:1,(anonymous_18)
FNDA:7,(anonymous_19)
FNDA:7,(anonymous_20)
FNDA:1,(anonymous_21)
FNDA:7,(anonymous_22)
FNDA:1,(anonymous_23)
DA:23,20
DA:24,20
DA:27,20
DA:67,20
DA:85,1
DA:88,1
DA:91,1
DA:92,1
DA:96,1
DA:97,1
DA:101,1
DA:102,1
DA:106,1
DA:107,1
DA:111,1
DA:112,1
DA:116,1
DA:119,1
DA:121,1
DA:129,1
DA:130,1
DA:131,1
DA:132,1
DA:133,1
DA:136,1
DA:139,1
DA:142,1
DA:144,1
DA:152,1
DA:153,1
DA:161,1
DA:162,1
DA:170,1
DA:171,1
DA:179,1
DA:180,1
DA:188,1
DA:189,1
DA:200,1
DA:201,0
DA:205,1
DA:206,4
DA:207,4
DA:211,1
DA:213,1
DA:224,1
DA:225,0
DA:229,1
DA:230,7
DA:231,7
DA:243,1
DA:244,0
DA:248,1
DA:249,4
DA:252,4
DA:253,0
DA:256,4
DA:260,1
DA:262,1
DA:273,1
DA:274,0
DA:278,1
DA:283,1
DA:285,4
DA:286,4
DA:288,4
DA:289,4
DA:293,4
DA:295,1
DA:296,1
DA:299,1
DA:304,3
DA:308,1
DA:310,1
DA:321,6
DA:322,0
DA:326,6
DA:328,24
DA:329,24
DA:330,24
DA:332,24
DA:333,0
DA:336,24
DA:337,24
DA:340,24
DA:342,8
DA:343,4
DA:345,4
DA:347,4
DA:348,0
DA:350,4
DA:352,4
DA:353,0
DA:355,4
DA:357,4
DA:358,3
DA:360,1
DA:362,4
DA:363,4
DA:364,4
DA:365,0
DA:368,0
DA:369,0
DA:371,4
DA:375,17
DA:379,6
DA:381,6
DA:390,1
DA:391,1
DA:392,7
DA:405,1
DA:406,7
DA:408,7
DA:409,7
DA:416,7
DA:421,1
DA:430,1
DA:431,0
DA:435,1
DA:436,7
DA:437,6
DA:442,1
DA:443,1
DA:444,1
DA:446,1
DA:447,1
DA:452,0
DA:453,0
LF:128
LH:113
BRDA:22,0,0,18
BRDA:91,1,0,1
BRDA:91,1,1,0
BRDA:91,2,0,1
BRDA:91,2,1,1
BRDA:96,3,0,1
BRDA:96,3,1,0
BRDA:96,4,0,1
BRDA:96,4,1,1
BRDA:101,5,0,1
BRDA:101,5,1,0
BRDA:101,6,0,1
BRDA:101,6,1,1
BRDA:106,7,0,1
BRDA:106,7,1,0
BRDA:106,8,0,1
BRDA:106,8,1,1
BRDA:111,9,0,1
BRDA:111,9,1,0
BRDA:111,10,0,1
BRDA:111,10,1,1
BRDA:200,11,0,0
BRDA:200,11,1,1
BRDA:224,12,0,0
BRDA:224,12,1,1
BRDA:243,13,0,0
BRDA:243,13,1,1
BRDA:252,14,0,0
BRDA:252,14,1,4
BRDA:273,15,0,0
BRDA:273,15,1,1
BRDA:273,16,0,1
BRDA:273,16,1,1
BRDA:278,17,0,0
BRDA:278,17,1,1
BRDA:288,18,0,4
BRDA:288,18,1,0
BRDA:289,19,0,0
BRDA:289,19,1,4
BRDA:293,20,0,1
BRDA:293,20,1,3
BRDA:295,21,0,1
BRDA:295,21,1,0
BRDA:321,22,0,0
BRDA:321,22,1,6
BRDA:332,23,0,0
BRDA:332,23,1,24
BRDA:340,24,0,8
BRDA:340,24,1,4
BRDA:340,24,2,4
BRDA:340,24,3,4
BRDA:340,24,4,4
BRDA:342,25,0,4
BRDA:342,25,1,4
BRDA:347,26,0,0
BRDA:347,26,1,4
BRDA:352,27,0,0
BRDA:352,27,1,4
BRDA:357,28,0,3
BRDA:357,28,1,1
BRDA:364,29,0,0
BRDA:364,29,1,4
BRDA:390,30,0,1
BRDA:390,30,1,0
BRDA:408,31,0,7
BRDA:408,31,1,0
BRDA:430,32,0,0
BRDA:430,32,1,1
BRDA:436,33,0,6
BRDA:436,33,1,1
BRDA:442,34,0,1
BRDA:442,34,1,0
BRDA:446,35,0,1
BRDA:446,35,1,0
BRDA:452,36,0,0
BRDA:452,36,1,0
BRF:76
BRH:50
end_of_record
TN:
SF:MetroMapInteractiveRenderer.js
FN:22,(anonymous_0)
FN:101,(anonymous_1)
FN:134,(anonymous_2)
FN:153,(anonymous_3)
FN:165,(anonymous_4)
FN:186,(anonymous_5)
FN:206,(anonymous_6)
FN:220,(anonymous_7)
FN:236,(anonymous_8)
FN:292,(anonymous_9)
FN:305,(anonymous_10)
FN:343,(anonymous_11)
FN:413,(anonymous_12)
FN:421,(anonymous_13)
FN:445,(anonymous_14)
FN:461,(anonymous_15)
FN:466,(anonymous_16)
FN:479,(anonymous_17)
FN:518,(anonymous_18)
FN:527,(anonymous_19)
FN:531,(anonymous_20)
FN:536,(anonymous_21)
FN:553,(anonymous_22)
FN:945,(anonymous_23)
FN:947,(anonymous_24)
FN:948,(anonymous_25)
FN:958,(anonymous_26)
FN:964,(anonymous_27)
FN:970,(anonymous_28)
FN:976,(anonymous_29)
FN:982,(anonymous_30)
FN:988,(anonymous_31)
FN:994,(anonymous_32)
FN:1000,(anonymous_33)
FN:1005,(anonymous_34)
FN:1010,(anonymous_35)
FN:1017,(anonymous_36)
FN:1024,(anonymous_37)
FN:1034,(anonymous_38)
FN:1051,(anonymous_39)
FN:1066,(anonymous_40)
FN:1078,(anonymous_41)
FN:1097,(anonymous_42)
FN:1122,(anonymous_43)
FN:1149,(anonymous_44)
FN:1172,(anonymous_45)
FN:1180,(anonymous_46)
FN:1193,(anonymous_47)
FN:1212,(anonymous_48)
FN:1234,(anonymous_49)
FN:1256,(anonymous_50)
FN:1273,(anonymous_51)
FN:1275,(anonymous_52)
FN:1289,(anonymous_53)
FN:1309,(anonymous_54)
FN:1335,(anonymous_55)
FN:1370,(anonymous_56)
FN:1382,(anonymous_57)
FN:1395,(anonymous_58)
FN:1408,(anonymous_59)
FN:1445,(anonymous_60)
FN:1457,(anonymous_61)
FN:1470,(anonymous_62)
FN:1484,(anonymous_63)
FN:1536,(anonymous_64)
FN:1537,(anonymous_65)
FN:1550,(anonymous_66)
FN:1606,(anonymous_67)
FN:1612,(anonymous_68)
FN:1623,(anonymous_69)
FN:1632,(anonymous_70)
FN:1643,(anonymous_71)
FN:1645,(anonymous_72)
FN:1653,(anonymous_73)
FN:1673,(anonymous_74)
FN:1686,(anonymous_75)
FN:1691,(anonymous_76)
FN:1708,(anonymous_77)
FN:1717,(anonymous_78)
FN:1745,(anonymous_79)
FN:1752,(anonymous_80)
FN:1766,(anonymous_81)
FN:1813,(anonymous_82)
FNF:83
FNH:15
FNDA:23,(anonymous_0)
FNDA:9,(anonymous_1)
FNDA:9,(anonymous_2)
FNDA:0,(anonymous_3)
FNDA:0,(anonymous_4)
FNDA:0,(anonymous_5)
FNDA:0,(anonymous_6)
FNDA:0,(anonymous_7)
FNDA:9,(anonymous_8)
FNDA:0,(anonymous_9)
FNDA:2,(anonymous_10)
FNDA:1,(anonymous_11)
FNDA:0,(anonymous_12)
FNDA:0,(anonymous_13)
FNDA:0,(anonymous_14)
FNDA:0,(anonymous_15)
FNDA:0,(anonymous_16)
FNDA:3,(anonymous_17)
FNDA:3,(anonymous_18)
FNDA:0,(anonymous_19)
FNDA:0,(anonymous_20)
FNDA:3,(anonymous_21)
FNDA:8,(anonymous_22)
FNDA:9,(anonymous_23)
FNDA:108,(anonymous_24)
FNDA:0,(anonymous_25)
FNDA:0,(anonymous_26)
FNDA:0,(anonymous_27)
FNDA:0,(anonymous_28)
FNDA:0,(anonymous_29)
FNDA:0,(anonymous_30)
FNDA:0,(anonymous_31)
FNDA:0,(anonymous_32)
FNDA:0,(anonymous_33)
FNDA:0,(anonymous_34)
FNDA:0,(anonymous_35)
FNDA:0,(anonymous_36)
FNDA:0,(anonymous_37)
FNDA:0,(anonymous_38)
FNDA:0,(anonymous_39)
FNDA:0,(anonymous_40)
FNDA:0,(anonymous_41)
FNDA:0,(anonymous_42)
FNDA:0,(anonymous_43)
FNDA:0,(anonymous_44)
FNDA:0,(anonymous_45)
FNDA:0,(anonymous_46)
FNDA:0,(anonymous_47)
FNDA:0,(anonymous_48)
FNDA:0,(anonymous_49)
FNDA:0,(anonymous_50)
FNDA:0,(anonymous_51)
FNDA:0,(anonymous_52)
FNDA:0,(anonymous_53)
FNDA:0,(anonymous_54)
FNDA:1,(anonymous_55)
FNDA:0,(anonymous_56)
FNDA:0,(anonymous_57)
FNDA:0,(anonymous_58)
FNDA:0,(anonymous_59)
FNDA:0,(anonymous_60)
FNDA:0,(anonymous_61)
FNDA:0,(anonymous_62)
FNDA:0,(anonymous_63)
FNDA:0,(anonymous_64)
FNDA:0,(anonymous_65)
FNDA:0,(anonymous_66)
FNDA:0,(anonymous_67)
FNDA:0,(anonymous_68)
FNDA:0,(anonymous_69)
FNDA:0,(anonymous_70)
FNDA:0,(anonymous_71)
FNDA:0,(anonymous_72)
FNDA:0,(anonymous_73)
FNDA:0,(anonymous_74)
FNDA:0,(anonymous_75)
FNDA:0,(anonymous_76)
FNDA:0,(anonymous_77)
FNDA:0,(anonymous_78)
FNDA:9,(anonymous_79)
FNDA:0,(anonymous_80)
FNDA:9,(anonymous_81)
FNDA:0,(anonymous_82)
DA:23,23
DA:24,23
DA:27,23
DA:82,23
DA:94,23
DA:103,9
DA:104,0
DA:105,0
DA:109,9
DA:112,9
DA:113,9
DA:117,9
DA:118,9
DA:122,9
DA:123,9
DA:127,9
DA:136,9
DA:137,9
DA:138,9
DA:141,9
DA:144,9
DA:145,9
DA:146,9
DA:149,9
DA:150,9
DA:151,9
DA:152,9
DA:153,9
DA:154,0
DA:161,9
DA:162,9
DA:163,9
DA:164,9
DA:165,9
DA:166,0
DA:173,9
DA:174,9
DA:177,9
DA:181,9
DA:182,9
DA:183,9
DA:184,9
DA:185,9
DA:186,9
DA:187,0
DA:197,9
DA:201,9
DA:202,9
DA:203,9
DA:204,9
DA:205,9
DA:206,9
DA:207,0
DA:211,9
DA:215,9
DA:216,9
DA:217,9
DA:218,9
DA:219,9
DA:220,9
DA:221,0
DA:225,9
DA:229,9
DA:238,9
DA:239,9
DA:242,9
DA:245,9
DA:289,9
DA:290,9
DA:292,9
DA:293,0
DA:294,0
DA:298,9
DA:306,2
DA:308,2
DA:310,1
DA:311,1
DA:312,0
DA:313,0
DA:314,0
DA:315,0
DA:316,0
DA:317,0
DA:321,1
DA:324,1
DA:325,1
DA:326,0
DA:327,0
DA:328,0
DA:329,0
DA:330,0
DA:331,0
DA:335,1
DA:345,1
DA:346,1
DA:349,1
DA:406,1
DA:409,1
DA:412,1
DA:413,1
DA:414,0
DA:418,1
DA:419,1
DA:421,1
DA:422,0
DA:423,0
DA:425,0
DA:427,0
DA:428,0
DA:430,0
DA:431,0
DA:433,0
DA:434,0
DA:436,0
DA:437,0
DA:440,0
DA:444,1
DA:445,1
DA:447,0
DA:448,0
DA:449,0
DA:450,0
DA:453,0
DA:456,0
DA:460,1
DA:461,1
DA:462,0
DA:466,1
DA:467,0
DA:481,3
DA:482,3
DA:483,3
DA:485,3
DA:486,3
DA:491,3
DA:501,3
DA:503,1
DA:504,1
DA:506,1
DA:507,1
DA:508,1
DA:510,1
DA:511,1
DA:513,0
DA:517,3
DA:520,3
DA:521,3
DA:522,3
DA:523,3
DA:524,3
DA:527,3
DA:528,0
DA:532,0
DA:534,0
DA:538,3
DA:539,3
DA:540,3
DA:542,3
DA:543,3
DA:555,8
DA:556,7
DA:560,1
DA:561,1
DA:564,1
DA:938,1
DA:947,9
DA:948,108
DA:949,0
DA:950,0
DA:952,0
DA:958,9
DA:959,0
DA:960,0
DA:964,9
DA:965,0
DA:966,0
DA:970,9
DA:971,0
DA:972,0
DA:976,9
DA:977,0
DA:978,0
DA:982,9
DA:983,0
DA:984,0
DA:988,9
DA:989,0
DA:990,0
DA:994,9
DA:995,0
DA:996,0
DA:1000,9
DA:1001,0
DA:1005,9
DA:1006,0
DA:1010,9
DA:1011,0
DA:1012,0
DA:1017,9
DA:1018,0
DA:1019,0
DA:1024,9
DA:1025,0
DA:1036,0
DA:1037,0
DA:1038,0
DA:1040,0
DA:1041,0
DA:1045,0
DA:1053,0
DA:1054,0
DA:1065,0
DA:1066,0
DA:1067,0
DA:1077,0
DA:1078,0
DA:1079,0
DA:1089,0
DA:1099,0
DA:1102,0
DA:1111,0
DA:1114,0
DA:1124,0
DA:1127,0
DA:1128,0
DA:1138,0
DA:1141,0
DA:1151,0
DA:1161,0
DA:1164,0
DA:1174,0
DA:1182,0
DA:1192,0
DA:1193,0
DA:1194,0
DA:1204,0
DA:1214,0
DA:1223,0
DA:1226,0
DA:1236,0
DA:1245,0
DA:1248,0
DA:1258,0
DA:1261,0
DA:1262,0
DA:1266,0
DA:1275,0
DA:1276,0
DA:1277,0
DA:1279,0
DA:1282,0
DA:1291,0
DA:1301,0
DA:1311,0
DA:1314,0
DA:1315,0
DA:1316,0
DA:1318,0
DA:1319,0
DA:1320,0
DA:1321,0
DA:1323,0
DA:1327,0
DA:1337,1
DA:1338,0
DA:1342,1
DA:1343,1
DA:1346,1
DA:1349,1
DA:1361,1
DA:1364,1
DA:1367,1
DA:1370,1
DA:1371,0
DA:1372,0
DA:1384,0
DA:1385,0
DA:1389,0
DA:1392,0
DA:1395,0
DA:1396,0
DA:1397,0
DA:1399,0
DA:1410,0
DA:1411,0
DA:1415,0
DA:1416,0
DA:1419,0
DA:1420,0
DA:1421,0
DA:1424,0
DA:1436,0
DA:1439,0
DA:1442,0
DA:1445,0
DA:1446,0
DA:1447,0
DA:1459,0
DA:1460,0
DA:1464,0
DA:1467,0
DA:1470,0
DA:1471,0
DA:1472,0
DA:1474,0
DA:1486,0
DA:1487,0
DA:1490,0
DA:1495,0
DA:1497,0
DA:1498,0
DA:1501,0
DA:1503,0
DA:1504,0
DA:1506,0
DA:1507,0
DA:1509,0
DA:1510,0
DA:1512,0
DA:1513,0
DA:1517,0
DA:1518,0
DA:1520,0
DA:1521,0
DA:1524,0
DA:1528,0
DA:1529,0
DA:1537,0
DA:1538,0
DA:1539,0
DA:1540,0
DA:1552,0
DA:1555,0
DA:1556,0
DA:1559,0
DA:1599,0
DA:1602,0
DA:1605,0
DA:1606,0
DA:1607,0
DA:1611,0
DA:1612,0
DA:1613,0
DA:1614,0
DA:1615,0
DA:1618,0
DA:1622,0
DA:1623,0
DA:1624,0
DA:1625,0
DA:1631,0
DA:1632,0
DA:1633,0
DA:1642,0
DA:1643,0
DA:1644,0
DA:1645,0
DA:1646,0
DA:1647,0
DA:1649,0
DA:1652,0
DA:1653,0
DA:1655,0
DA:1656,0
DA:1657,0
DA:1660,0
DA:1669,0
DA:1673,0
DA:1674,0
DA:1678,0
DA:1688,0
DA:1691,0
DA:1692,0
DA:1693,0
DA:1695,0
DA:1698,0
DA:1709,0
DA:1711,0
DA:1712,0
DA:1715,0
DA:1717,0
DA:1718,0
DA:1719,0
DA:1720,0
DA:1722,0
DA:1723,0
DA:1724,0
DA:1726,0
DA:1737,0
DA:1738,0
DA:1747,9
DA:1748,0
DA:1752,9
DA:1753,0
DA:1754,0
DA:1758,9
DA:1768,9
DA:1770,9
DA:1771,0
DA:1772,9
DA:1773,0
DA:1775,9
DA:1779,9
DA:1780,9
DA:1784,0
DA:1787,0
DA:1804,0
DA:1815,0
DA:1826,0
LF:409
LH:151
BRDA:22,0,0,18
BRDA:103,1,0,0
BRDA:103,1,1,9
BRDA:112,2,0,9
BRDA:112,2,1,0
BRDA:117,3,0,9
BRDA:117,3,1,0
BRDA:117,4,0,9
BRDA:117,4,1,9
BRDA:122,5,0,9
BRDA:122,5,1,0
BRDA:122,6,0,9
BRDA:122,6,1,9
BRDA:144,7,0,9
BRDA:144,7,1,0
BRDA:181,8,0,9
BRDA:181,8,1,0
BRDA:201,9,0,9
BRDA:201,9,1,0
BRDA:215,10,0,9
BRDA:215,10,1,0
BRDA:294,11,0,0
BRDA:294,11,1,0
BRDA:308,12,0,1
BRDA:308,12,1,1
BRDA:310,13,0,1
BRDA:310,13,1,0
BRDA:312,14,0,0
BRDA:312,14,1,0
BRDA:314,15,0,0
BRDA:314,15,1,0
BRDA:316,16,0,0
BRDA:316,16,1,0
BRDA:324,17,0,1
BRDA:324,17,1,0
BRDA:326,18,0,0
BRDA:326,18,1,0
BRDA:328,19,0,0
BRDA:328,19,1,0
BRDA:330,20,0,0
BRDA:330,20,1,0
BRDA:425,21,0,0
BRDA:425,21,1,0
BRDA:425,21,2,0
BRDA:425,21,3,0
BRDA:481,22,0,3
BRDA:481,22,1,0
BRDA:482,23,0,3
BRDA:482,23,1,0
BRDA:485,24,0,3
BRDA:485,24,1,0
BRDA:494,25,0,3
BRDA:494,25,1,0
BRDA:501,26,0,1
BRDA:501,26,1,1
BRDA:501,26,2,1
BRDA:501,26,3,0
BRDA:506,27,0,1
BRDA:506,27,1,0
BRDA:538,28,0,3
BRDA:538,28,1,0
BRDA:539,29,0,3
BRDA:539,29,1,0
BRDA:542,30,0,3
BRDA:542,30,1,0
BRDA:555,31,0,7
BRDA:555,31,1,1
BRDA:1011,32,0,0
BRDA:1011,32,1,0
BRDA:1018,33,0,0
BRDA:1018,33,1,0
BRDA:1036,34,0,0
BRDA:1036,34,1,0
BRDA:1053,35,0,0
BRDA:1053,35,1,0
BRDA:1127,36,0,0
BRDA:1127,36,1,0
BRDA:1185,37,0,0
BRDA:1185,37,1,0
BRDA:1261,38,0,0
BRDA:1261,38,1,0
BRDA:1261,39,0,0
BRDA:1261,39,1,0
BRDA:1315,40,0,0
BRDA:1315,40,1,0
BRDA:1316,41,0,0
BRDA:1316,41,1,0
BRDA:1318,42,0,0
BRDA:1318,42,1,0
BRDA:1320,43,0,0
BRDA:1320,43,1,0
BRDA:1337,44,0,0
BRDA:1337,44,1,1
BRDA:1351,45,0,1
BRDA:1351,45,1,0
BRDA:1354,46,0,1
BRDA:1354,46,1,0
BRDA:1355,47,0,1
BRDA:1355,47,1,0
BRDA:1356,48,0,1
BRDA:1356,48,1,0
BRDA:1371,49,0,0
BRDA:1371,49,1,0
BRDA:1384,50,0,0
BRDA:1384,50,1,0
BRDA:1396,51,0,0
BRDA:1396,51,1,0
BRDA:1410,52,0,0
BRDA:1410,52,1,0
BRDA:1429,53,0,0
BRDA:1429,53,1,0
BRDA:1430,54,0,0
BRDA:1430,54,1,0
BRDA:1431,55,0,0
BRDA:1431,55,1,0
BRDA:1446,56,0,0
BRDA:1446,56,1,0
BRDA:1459,57,0,0
BRDA:1459,57,1,0
BRDA:1471,58,0,0
BRDA:1471,58,1,0
BRDA:1495,59,0,0
BRDA:1495,59,1,0
BRDA:1495,60,0,0
BRDA:1495,60,1,0
BRDA:1501,61,0,0
BRDA:1501,61,1,0
BRDA:1501,61,2,0
BRDA:1501,61,3,0
BRDA:1539,62,0,0
BRDA:1539,62,1,0
BRDA:1562,63,0,0
BRDA:1562,63,1,0
BRDA:1566,64,0,0
BRDA:1566,64,1,0
BRDA:1573,65,0,0
BRDA:1573,65,1,0
BRDA:1575,66,0,0
BRDA:1575,66,1,0
BRDA:1611,67,0,0
BRDA:1611,67,1,0
BRDA:1613,68,0,0
BRDA:1613,68,1,0
BRDA:1622,69,0,0
BRDA:1622,69,1,0
BRDA:1624,70,0,0
BRDA:1624,70,1,0
BRDA:1692,71,0,0
BRDA:1692,71,1,0
BRDA:1711,72,0,0
BRDA:1711,72,1,0
BRDA:1722,73,0,0
BRDA:1722,73,1,0
BRDA:1727,74,0,0
BRDA:1727,74,1,0
BRDA:1728,75,0,0
BRDA:1728,75,1,0
BRDA:1730,76,0,0
BRDA:1730,76,1,0
BRDA:1731,77,0,0
BRDA:1731,77,1,0
BRDA:1747,78,0,0
BRDA:1747,78,1,9
BRDA:1747,79,0,9
BRDA:1747,79,1,9
BRDA:1770,80,0,0
BRDA:1770,80,1,9
BRDA:1772,81,0,0
BRDA:1772,81,1,9
BRDA:1779,82,0,9
BRDA:1779,82,1,0
BRDA:1792,83,0,0
BRDA:1792,83,1,0
BRDA:1793,84,0,0
BRDA:1793,84,1,0
BRDA:1798,85,0,0
BRDA:1798,85,1,0
BRDA:1799,86,0,0
BRDA:1799,86,1,0
BRDA:1813,87,0,0
BRF:180
BRH:41
end_of_record
TN:
SF:MetroMapLayoutEngine.js
FN:20,(anonymous_0)
FN:59,(anonymous_1)
FN:90,(anonymous_2)
FN:95,(anonymous_3)
FN:111,(anonymous_4)
FN:116,(anonymous_5)
FN:133,(anonymous_6)
FN:160,(anonymous_7)
FN:166,(anonymous_8)
FN:170,(anonymous_9)
FN:180,visit
FN:189,(anonymous_11)
FN:200,(anonymous_12)
FN:213,(anonymous_13)
FN:213,(anonymous_14)
FN:221,(anonymous_15)
FN:229,(anonymous_16)
FN:234,(anonymous_17)
FN:240,(anonymous_18)
FN:240,(anonymous_19)
FN:244,(anonymous_20)
FN:253,(anonymous_21)
FN:264,(anonymous_22)
FN:273,(anonymous_23)
FN:278,(anonymous_24)
FN:295,(anonymous_25)
FN:301,(anonymous_26)
FN:310,(anonymous_27)
FN:315,(anonymous_28)
FN:332,(anonymous_29)
FN:350,(anonymous_30)
FN:355,(anonymous_31)
FN:357,(anonymous_32)
FN:362,(anonymous_33)
FN:378,(anonymous_34)
FN:386,(anonymous_35)
FN:399,(anonymous_36)
FN:444,(anonymous_37)
FN:447,(anonymous_38)
FN:462,(anonymous_39)
FN:479,(anonymous_40)
FN:480,(anonymous_41)
FN:481,(anonymous_42)
FN:501,(anonymous_43)
FN:508,(anonymous_44)
FN:513,(anonymous_45)
FN:558,(anonymous_46)
FN:567,(anonymous_47)
FN:573,(anonymous_48)
FN:579,(anonymous_49)
FN:591,(anonymous_50)
FN:609,(anonymous_51)
FN:620,(anonymous_52)
FN:631,(anonymous_53)
FNF:54
FNH:42
FNDA:17,(anonymous_0)
FNDA:10,(anonymous_1)
FNDA:10,(anonymous_2)
FNDA:41,(anonymous_3)
FNDA:15,(anonymous_4)
FNDA:33,(anonymous_5)
FNDA:10,(anonymous_6)
FNDA:10,(anonymous_7)
FNDA:41,(anonymous_8)
FNDA:33,(anonymous_9)
FNDA:45,visit
FNDA:33,(anonymous_11)
FNDA:41,(anonymous_12)
FNDA:37,(anonymous_13)
FNDA:133,(anonymous_14)
FNDA:1,(anonymous_15)
FNDA:4,(anonymous_16)
FNDA:4,(anonymous_17)
FNDA:4,(anonymous_18)
FNDA:0,(anonymous_19)
FNDA:4,(anonymous_20)
FNDA:0,(anonymous_21)
FNDA:3,(anonymous_22)
FNDA:10,(anonymous_23)
FNDA:41,(anonymous_24)
FNDA:10,(anonymous_25)
FNDA:41,(anonymous_26)
FNDA:41,(anonymous_27)
FNDA:0,(anonymous_28)
FNDA:41,(anonymous_29)
FNDA:0,(anonymous_30)
FNDA:0,(anonymous_31)
FNDA:0,(anonymous_32)
FNDA:0,(anonymous_33)
FNDA:0,(anonymous_34)
FNDA:0,(anonymous_35)
FNDA:10,(anonymous_36)
FNDA:500,(anonymous_37)
FNDA:2050,(anonymous_38)
FNDA:510,(anonymous_39)
FNDA:1683,(anonymous_40)
FNDA:5100,(anonymous_41)
FNDA:7650,(anonymous_42)
FNDA:10,(anonymous_43)
FNDA:41,(anonymous_44)
FNDA:33,(anonymous_45)
FNDA:10,(anonymous_46)
FNDA:41,(anonymous_47)
FNDA:41,(anonymous_48)
FNDA:33,(anonymous_49)
FNDA:66,(anonymous_50)
FNDA:0,(anonymous_51)
FNDA:0,(anonymous_52)
FNDA:0,(anonymous_53)
DA:21,17
DA:50,17
DA:51,17
DA:60,10
DA:63,10
DA:65,10
DA:66,10
DA:68,0
DA:69,0
DA:71,0
DA:72,0
DA:74,0
DA:75,0
DA:77,0
DA:81,10
DA:92,10
DA:95,10
DA:97,41
DA:98,41
DA:102,41
DA:105,41
DA:109,10
DA:110,10
DA:111,10
DA:112,15
DA:116,10
DA:117,33
DA:118,33
DA:119,0
DA:121,33
DA:125,10
DA:135,10
DA:138,10
DA:141,10
DA:144,10
DA:147,10
DA:149,10
DA:161,10
DA:162,10
DA:165,10
DA:166,10
DA:167,41
DA:170,10
DA:171,33
DA:175,10
DA:176,10
DA:177,10
DA:178,10
DA:181,45
DA:182,1
DA:183,1
DA:186,44
DA:187,41
DA:189,41
DA:190,33
DA:193,41
DA:194,41
DA:195,41
DA:200,10
DA:201,41
DA:202,12
DA:207,10
DA:208,1
DA:209,1
DA:213,133
DA:222,1
DA:223,1
DA:226,1
DA:227,1
DA:229,1
DA:230,4
DA:231,4
DA:234,1
DA:235,4
DA:236,4
DA:240,4
DA:243,1
DA:244,1
DA:245,4
DA:249,1
DA:250,1
DA:251,0
DA:253,0
DA:254,0
DA:256,0
DA:257,0
DA:258,0
DA:264,3
DA:274,10
DA:275,10
DA:278,10
DA:279,41
DA:280,38
DA:282,3
DA:286,10
DA:296,10
DA:297,10
DA:300,10
DA:301,10
DA:302,41
DA:303,41
DA:304,41
DA:306,41
DA:310,10
DA:311,41
DA:315,41
DA:317,0
DA:318,0
DA:320,0
DA:321,0
DA:324,0
DA:325,0
DA:328,0
DA:332,41
DA:333,41
DA:334,38
DA:336,3
DA:341,10
DA:351,0
DA:352,0
DA:355,0
DA:356,0
DA:357,0
DA:358,0
DA:359,0
DA:361,0
DA:362,0
DA:363,0
DA:364,0
DA:369,0
DA:379,0
DA:380,0
DA:383,0
DA:384,0
DA:386,0
DA:387,0
DA:390,0
DA:403,10
DA:404,10
DA:405,10
DA:407,10
DA:408,10
DA:409,10
DA:411,10
DA:413,10
DA:415,500
DA:418,500
DA:421,500
DA:422,307
DA:424,307
DA:425,194
DA:426,194
DA:431,500
DA:434,10
DA:445,500
DA:447,500
DA:449,2050
DA:450,2050
DA:453,500
DA:463,510
DA:466,510
DA:467,2091
DA:468,5202
DA:469,5202
DA:470,5202
DA:472,5202
DA:473,2
DA:479,510
DA:480,5100
DA:481,7650
DA:483,1683
DA:484,1683
DA:485,1683
DA:486,1683
DA:488,1683
DA:492,510
DA:502,10
DA:503,10
DA:504,10
DA:507,10
DA:508,10
DA:509,41
DA:513,10
DA:514,33
DA:515,33
DA:517,33
DA:519,33
DA:520,33
DA:523,33
DA:524,33
DA:525,33
DA:528,33
DA:530,31
DA:531,31
DA:533,31
DA:539,2
DA:540,2
DA:542,2
DA:550,10
DA:560,10
DA:561,10
DA:564,10
DA:565,10
DA:567,10
DA:568,41
DA:569,41
DA:573,10
DA:574,41
DA:575,41
DA:579,10
DA:580,33
DA:581,33
DA:582,33
DA:585,33
DA:586,33
DA:587,33
DA:590,33
DA:591,33
DA:592,66
DA:593,66
DA:598,10
DA:612,0
DA:623,0
DA:634,0
LF:224
LH:181
BRDA:20,0,0,13
BRDA:63,1,0,10
BRDA:63,1,1,0
BRDA:63,1,2,0
BRDA:63,1,3,0
BRDA:63,1,4,0
BRDA:97,2,0,41
BRDA:97,2,1,0
BRDA:102,3,0,41
BRDA:102,3,1,0
BRDA:105,4,0,41
BRDA:105,4,1,41
BRDA:110,5,0,10
BRDA:110,5,1,0
BRDA:117,6,0,33
BRDA:117,6,1,0
BRDA:118,7,0,0
BRDA:118,7,1,33
BRDA:181,8,0,1
BRDA:181,8,1,44
BRDA:186,9,0,41
BRDA:186,9,1,3
BRDA:201,10,0,12
BRDA:201,10,1,29
BRDA:207,11,0,1
BRDA:207,11,1,9
BRDA:236,12,0,4
BRDA:236,12,1,4
BRDA:257,13,0,0
BRDA:257,13,1,0
BRDA:279,14,0,38
BRDA:279,14,1,3
BRDA:302,15,0,38
BRDA:302,15,1,3
BRDA:303,16,0,41
BRDA:303,16,1,0
BRDA:324,17,0,0
BRDA:324,17,1,0
BRDA:333,18,0,38
BRDA:333,18,1,3
BRDA:356,19,0,0
BRDA:356,19,1,0
BRDA:358,20,0,0
BRDA:358,20,1,0
BRDA:361,21,0,0
BRDA:361,21,1,0
BRDA:363,22,0,0
BRDA:363,22,1,0
BRDA:379,23,0,0
BRDA:379,23,1,0
BRDA:387,24,0,0
BRDA:387,24,1,0
BRDA:421,25,0,307
BRDA:421,25,1,193
BRDA:421,26,0,500
BRDA:421,26,1,306
BRDA:424,27,0,194
BRDA:424,27,1,113
BRDA:472,28,0,2
BRDA:472,28,1,5200
BRDA:483,29,0,1683
BRDA:483,29,1,0
BRDA:483,30,0,1683
BRDA:483,30,1,1683
BRDA:517,31,0,33
BRDA:517,31,1,0
BRDA:517,32,0,33
BRDA:517,32,1,33
BRDA:528,33,0,31
BRDA:528,33,1,2
BRDA:580,34,0,33
BRDA:580,34,1,0
BRDA:585,35,0,33
BRDA:585,35,1,0
BRDA:590,36,0,33
BRDA:590,36,1,0
BRF:76
BRH:45
end_of_record
TN:
SF:MetroMapVisualizerEnhanced.js
FN:26,(anonymous_0)
FN:73,(anonymous_1)
FN:153,(anonymous_2)
FN:157,(anonymous_3)
FN:171,(anonymous_4)
FN:186,(anonymous_5)
FN:192,(anonymous_6)
FN:199,(anonymous_7)
FN:212,(anonymous_8)
FN:231,(anonymous_9)
FN:245,(anonymous_10)
FN:261,(anonymous_11)
FN:268,(anonymous_12)
FN:307,(anonymous_13)
FN:328,(anonymous_14)
FN:333,(anonymous_15)
FN:338,(anonymous_16)
FN:363,(anonymous_17)
FN:408,(anonymous_18)
FN:422,(anonymous_19)
FN:432,(anonymous_20)
FN:435,(anonymous_21)
FN:450,(anonymous_22)
FN:477,(anonymous_23)
FN:492,(anonymous_24)
FN:504,(anonymous_25)
FN:523,(anonymous_26)
FN:532,(anonymous_27)
FN:596,(anonymous_28)
FN:603,doSegmentsIntersect
FN:605,orientation
FN:612,onSegment
FN:669,(anonymous_32)
FN:676,doSegmentsIntersect
FN:678,orientation
FN:685,onSegment
FNF:36
FNH:0
FNDA:0,(anonymous_0)
FNDA:0,(anonymous_1)
FNDA:0,(anonymous_2)
FNDA:0,(anonymous_3)
FNDA:0,(anonymous_4)
FNDA:0,(anonymous_5)
FNDA:0,(anonymous_6)
FNDA:0,(anonymous_7)
FNDA:0,(anonymous_8)
FNDA:0,(anonymous_9)
FNDA:0,(anonymous_10)
FNDA:0,(anonymous_11)
FNDA:0,(anonymous_12)
FNDA:0,(anonymous_13)
FNDA:0,(anonymous_14)
FNDA:0,(anonymous_15)
FNDA:0,(anonymous_16)
FNDA:0,(anonymous_17)
FNDA:0,(anonymous_18)
FNDA:0,(anonymous_19)
FNDA:0,(anonymous_20)
FNDA:0,(anonymous_21)
FNDA:0,(anonymous_22)
FNDA:0,(anonymous_23)
FNDA:0,(anonymous_24)
FNDA:0,(anonymous_25)
FNDA:0,(anonymous_26)
FNDA:0,(anonymous_27)
FNDA:0,(anonymous_28)
FNDA:0,doSegmentsIntersect
FNDA:0,orientation
FNDA:0,onSegment
FNDA:0,(anonymous_32)
FNDA:0,doSegmentsIntersect
FNDA:0,orientation
FNDA:0,onSegment
DA:28,0
DA:42,0
DA:47,0
DA:49,0
DA:51,0
DA:52,0
DA:55,0
DA:56,0
DA:57,0
DA:58,0
DA:62,0
DA:65,0
DA:66,0
DA:74,0
DA:76,0
DA:78,0
DA:79,0
DA:82,0
DA:83,0
DA:87,0
DA:145,0
DA:154,0
DA:157,0
DA:158,0
DA:159,0
DA:161,0
DA:162,0
DA:163,0
DA:169,0
DA:171,0
DA:172,0
DA:173,0
DA:174,0
DA:175,0
DA:176,0
DA:177,0
DA:178,0
DA:179,0
DA:180,0
DA:181,0
DA:184,0
DA:186,0
DA:187,0
DA:190,0
DA:192,0
DA:193,0
DA:194,0
DA:199,0
DA:200,0
DA:201,0
DA:212,0
DA:213,0
DA:214,0
DA:233,0
DA:234,0
DA:237,0
DA:247,0
DA:250,0
DA:253,0
DA:262,0
DA:263,0
DA:264,0
DA:265,0
DA:268,0
DA:269,0
DA:272,0
DA:278,0
DA:281,0
DA:282,0
DA:283,0
DA:286,0
DA:287,0
DA:288,0
DA:297,0
DA:307,0
DA:308,0
DA:310,0
DA:317,0
DA:329,0
DA:332,0
DA:333,0
DA:334,0
DA:338,0
DA:339,0
DA:340,0
DA:342,0
DA:343,0
DA:352,0
DA:362,0
DA:363,0
DA:364,0
DA:365,0
DA:366,0
DA:368,0
DA:369,0
DA:371,0
DA:372,0
DA:373,0
DA:375,0
DA:376,0
DA:377,0
DA:380,0
DA:381,0
DA:384,0
DA:385,0
DA:388,0
DA:389,0
DA:392,0
DA:409,0
DA:411,0
DA:413,0
DA:414,0
DA:417,0
DA:418,0
DA:422,0
DA:424,0
DA:425,0
DA:429,0
DA:432,0
DA:433,0
DA:435,0
DA:436,0
DA:450,0
DA:451,0
DA:465,0
DA:466,0
DA:469,0
DA:479,0
DA:485,0
DA:493,0
DA:494,0
DA:497,0
DA:505,0
DA:511,0
DA:514,0
DA:515,0
DA:525,0
DA:527,0
DA:528,0
DA:531,0
DA:532,0
DA:533,0
DA:534,0
DA:535,0
DA:536,0
DA:539,0
DA:540,0
DA:541,0
DA:544,0
DA:547,0
DA:549,0
DA:560,0
DA:561,0
DA:562,0
DA:565,0
DA:566,0
DA:567,0
DA:568,0
DA:571,0
DA:574,0
DA:576,0
DA:588,0
DA:597,0
DA:599,0
DA:600,0
DA:606,0
DA:607,0
DA:608,0
DA:613,0
DA:617,0
DA:618,0
DA:619,0
DA:620,0
DA:623,0
DA:626,0
DA:627,0
DA:628,0
DA:629,0
DA:631,0
DA:635,0
DA:636,0
DA:637,0
DA:638,0
DA:641,0
DA:645,0
DA:649,0
DA:650,0
DA:651,0
DA:652,0
DA:655,0
DA:656,0
DA:661,0
DA:670,0
DA:672,0
DA:673,0
DA:679,0
DA:680,0
DA:681,0
DA:686,0
DA:690,0
DA:691,0
DA:692,0
DA:693,0
DA:696,0
DA:699,0
DA:700,0
DA:701,0
DA:702,0
DA:704,0
DA:708,0
DA:709,0
DA:710,0
DA:711,0
DA:714,0
DA:716,0
DA:720,0
DA:721,0
DA:722,0
DA:723,0
DA:726,0
DA:727,0
DA:732,0
LF:222
LH:0
BRDA:26,0,0,0
BRDA:58,1,0,0
BRDA:58,1,1,0
BRDA:82,2,0,0
BRDA:82,2,1,0
BRDA:154,3,0,0
BRDA:154,3,1,0
BRDA:165,4,0,0
BRDA:165,4,1,0
BRDA:166,5,0,0
BRDA:166,5,1,0
BRDA:213,6,0,0
BRDA:213,6,1,0
BRDA:233,7,0,0
BRDA:233,7,1,0
BRDA:281,8,0,0
BRDA:281,8,1,0
BRDA:286,9,0,0
BRDA:286,9,1,0
BRDA:287,10,0,0
BRDA:287,10,1,0
BRDA:291,11,0,0
BRDA:291,11,1,0
BRDA:329,12,0,0
BRDA:329,12,1,0
BRDA:342,13,0,0
BRDA:342,13,1,0
BRDA:342,14,0,0
BRDA:342,14,1,0
BRDA:362,15,0,0
BRDA:362,15,1,0
BRDA:364,16,0,0
BRDA:364,16,1,0
BRDA:364,17,0,0
BRDA:364,17,1,0
BRDA:366,18,0,0
BRDA:366,18,1,0
BRDA:371,19,0,0
BRDA:371,19,1,0
BRDA:371,20,0,0
BRDA:371,20,1,0
BRDA:417,21,0,0
BRDA:417,21,1,0
BRDA:424,22,0,0
BRDA:424,22,1,0
BRDA:493,23,0,0
BRDA:493,23,1,0
BRDA:514,24,0,0
BRDA:514,24,1,0
BRDA:525,25,0,0
BRDA:525,25,1,0
BRDA:560,26,0,0
BRDA:560,26,1,0
BRDA:571,27,0,0
BRDA:571,27,1,0
BRDA:597,28,0,0
BRDA:597,28,1,0
BRDA:607,29,0,0
BRDA:607,29,1,0
BRDA:608,30,0,0
BRDA:608,30,1,0
BRDA:613,31,0,0
BRDA:613,31,1,0
BRDA:613,31,2,0
BRDA:613,31,3,0
BRDA:623,32,0,0
BRDA:623,32,1,0
BRDA:623,33,0,0
BRDA:623,33,1,0
BRDA:626,34,0,0
BRDA:626,34,1,0
BRDA:626,35,0,0
BRDA:626,35,1,0
BRDA:627,36,0,0
BRDA:627,36,1,0
BRDA:627,37,0,0
BRDA:627,37,1,0
BRDA:628,38,0,0
BRDA:628,38,1,0
BRDA:628,39,0,0
BRDA:628,39,1,0
BRDA:629,40,0,0
BRDA:629,40,1,0
BRDA:629,41,0,0
BRDA:629,41,1,0
BRDA:641,42,0,0
BRDA:641,42,1,0
BRDA:641,43,0,0
BRDA:641,43,1,0
BRDA:641,43,2,0
BRDA:641,43,3,0
BRDA:655,44,0,0
BRDA:655,44,1,0
BRDA:670,45,0,0
BRDA:670,45,1,0
BRDA:670,46,0,0
BRDA:670,46,1,0
BRDA:680,47,0,0
BRDA:680,47,1,0
BRDA:681,48,0,0
BRDA:681,48,1,0
BRDA:686,49,0,0
BRDA:686,49,1,0
BRDA:686,49,2,0
BRDA:686,49,3,0
BRDA:696,50,0,0
BRDA:696,50,1,0
BRDA:696,51,0,0
BRDA:696,51,1,0
BRDA:699,52,0,0
BRDA:699,52,1,0
BRDA:699,53,0,0
BRDA:699,53,1,0
BRDA:700,54,0,0
BRDA:700,54,1,0
BRDA:700,55,0,0
BRDA:700,55,1,0
BRDA:701,56,0,0
BRDA:701,56,1,0
BRDA:701,57,0,0
BRDA:701,57,1,0
BRDA:702,58,0,0
BRDA:702,58,1,0
BRDA:702,59,0,0
BRDA:702,59,1,0
BRDA:714,60,0,0
BRDA:714,60,1,0
BRDA:714,61,0,0
BRDA:714,61,1,0
BRDA:714,61,2,0
BRDA:714,61,3,0
BRDA:726,62,0,0
BRDA:726,62,1,0
BRF:133
BRH:0
end_of_record
TN:
SF:babel.config.js
FNF:0
FNH:0
LF:0
LH:0
BRF:0
BRH:0
end_of_record
TN:
SF:cosmos-data-converter.js
FN:16,convertRoadmapToCosmosData
FN:39,convertRoadmapObject
FN:54,convertNode
FN:93,(anonymous_3)
FN:144,generateSampleCosmosData
FN:221,convertAllRoadmapsToCosmosData
FN:230,(anonymous_6)
FN:231,(anonymous_7)
FNF:8
FNH:0
FNDA:0,convertRoadmapToCosmosData
FNDA:0,convertRoadmapObject
FNDA:0,convertNode
FNDA:0,(anonymous_3)
FNDA:0,generateSampleCosmosData
FNDA:0,convertAllRoadmapsToCosmosData
FNDA:0,(anonymous_6)
FNDA:0,(anonymous_7)
DA:7,0
DA:8,0
DA:17,0
DA:19,0
DA:20,0
DA:23,0
DA:26,0
DA:27,0
DA:29,0
DA:41,0
DA:51,0
DA:56,0
DA:57,0
DA:61,0
DA:62,0
DA:66,0
DA:67,0
DA:71,0
DA:75,0
DA:79,0
DA:80,0
DA:81,0
DA:82,0
DA:83,0
DA:90,0
DA:91,0
DA:93,0
DA:95,0
DA:96,0
DA:98,0
DA:99,0
DA:100,0
DA:104,0
DA:108,0
DA:111,0
DA:112,0
DA:113,0
DA:114,0
DA:120,0
DA:137,0
DA:145,0
DA:211,0
DA:212,0
DA:222,0
DA:224,0
DA:225,0
DA:229,0
DA:230,0
DA:231,0
DA:233,0
DA:236,0
DA:237,0
DA:238,0
DA:240,0
DA:243,0
DA:245,0
DA:249,0
LF:57
LH:0
BRDA:16,0,0,0
BRDA:39,1,0,0
BRDA:54,2,0,0
BRDA:56,3,0,0
BRDA:56,3,1,0
BRDA:61,4,0,0
BRDA:61,4,1,0
BRDA:61,5,0,0
BRDA:61,5,1,0
BRDA:66,6,0,0
BRDA:66,6,1,0
BRDA:66,7,0,0
BRDA:66,7,1,0
BRDA:71,8,0,0
BRDA:71,8,1,0
BRDA:71,9,0,0
BRDA:71,9,1,0
BRDA:71,9,2,0
BRDA:71,9,3,0
BRDA:80,10,0,0
BRDA:80,10,1,0
BRDA:80,11,0,0
BRDA:80,11,1,0
BRDA:82,12,0,0
BRDA:82,12,1,0
BRDA:91,13,0,0
BRDA:91,13,1,0
BRDA:91,14,0,0
BRDA:91,14,1,0
BRDA:98,15,0,0
BRDA:98,15,1,0
BRDA:98,16,0,0
BRDA:98,16,1,0
BRDA:100,17,0,0
BRDA:100,17,1,0
BRDA:100,18,0,0
BRDA:100,18,1,0
BRDA:104,19,0,0
BRDA:104,19,1,0
BRDA:104,20,0,0
BRDA:104,20,1,0
BRDA:113,21,0,0
BRDA:113,21,1,0
BRDA:124,22,0,0
BRDA:124,22,1,0
BRDA:126,23,0,0
BRDA:126,23,1,0
BRDA:221,24,0,0
BRDA:224,25,0,0
BRDA:224,25,1,0
BRF:50
BRH:0
end_of_record
TN:
SF:cosmos-visualization.js
FN:96,(anonymous_0)
FN:101,(anonymous_1)
FN:106,(anonymous_2)
FN:111,(anonymous_3)
FN:142,createCosmosVisualization
FN:171,(anonymous_5)
FN:213,(anonymous_6)
FN:222,(anonymous_7)
FN:231,handleContextMenuAction
FN:249,showNodeDetails
FN:255,editNode
FN:261,addChildNode
FN:267,deleteNode
FN:273,showContextMenu
FN:284,hideContextMenu
FN:289,(anonymous_15)
FN:294,render
FN:304,(anonymous_17)
FN:318,positionNode
FN:323,(anonymous_19)
FN:339,(anonymous_20)
FN:340,(anonymous_21)
FN:348,(anonymous_22)
FN:352,(anonymous_23)
FN:362,(anonymous_24)
FN:366,(anonymous_25)
FN:371,(anonymous_26)
FN:375,(anonymous_27)
FN:379,(anonymous_28)
FN:397,(anonymous_29)
FN:402,(anonymous_30)
FN:411,(anonymous_31)
FN:422,(anonymous_32)
FN:436,(anonymous_33)
FN:440,(anonymous_34)
FNF:35
FNH:0
FNDA:0,(anonymous_0)
FNDA:0,(anonymous_1)
FNDA:0,(anonymous_2)
FNDA:0,(anonymous_3)
FNDA:0,createCosmosVisualization
FNDA:0,(anonymous_5)
FNDA:0,(anonymous_6)
FNDA:0,(anonymous_7)
FNDA:0,handleContextMenuAction
FNDA:0,showNodeDetails
FNDA:0,editNode
FNDA:0,addChildNode
FNDA:0,deleteNode
FNDA:0,showContextMenu
FNDA:0,hideContextMenu
FNDA:0,(anonymous_15)
FNDA:0,render
FNDA:0,(anonymous_17)
FNDA:0,positionNode
FNDA:0,(anonymous_19)
FNDA:0,(anonymous_20)
FNDA:0,(anonymous_21)
FNDA:0,(anonymous_22)
FNDA:0,(anonymous_23)
FNDA:0,(anonymous_24)
FNDA:0,(anonymous_25)
FNDA:0,(anonymous_26)
FNDA:0,(anonymous_27)
FNDA:0,(anonymous_28)
FNDA:0,(anonymous_29)
FNDA:0,(anonymous_30)
FNDA:0,(anonymous_31)
FNDA:0,(anonymous_32)
FNDA:0,(anonymous_33)
FNDA:0,(anonymous_34)
DA:12,0
DA:96,0
DA:101,0
DA:106,0
DA:111,0
DA:144,0
DA:154,0
DA:157,0
DA:164,0
DA:169,0
DA:172,0
DA:176,0
DA:179,0
DA:182,0
DA:185,0
DA:188,0
DA:200,0
DA:213,0
DA:214,0
DA:223,0
DA:224,0
DA:225,0
DA:226,0
DA:232,0
DA:234,0
DA:235,0
DA:237,0
DA:238,0
DA:240,0
DA:241,0
DA:243,0
DA:244,0
DA:250,0
DA:256,0
DA:262,0
DA:268,0
DA:274,0
DA:276,0
DA:285,0
DA:289,0
DA:290,0
DA:296,0
DA:297,0
DA:298,0
DA:301,0
DA:304,0
DA:305,0
DA:306,0
DA:319,0
DA:320,0
DA:323,0
DA:324,0
DA:325,0
DA:327,0
DA:334,0
DA:339,0
DA:341,0
DA:342,0
DA:346,0
DA:349,0
DA:350,0
DA:353,0
DA:354,0
DA:360,0
DA:362,0
DA:367,0
DA:368,0
DA:372,0
DA:373,0
DA:375,0
DA:378,0
DA:381,0
DA:393,0
DA:398,0
DA:404,0
DA:407,0
DA:413,0
DA:414,0
DA:418,0
DA:423,0
DA:428,0
DA:431,0
DA:437,0
DA:438,0
DA:441,0
DA:442,0
DA:453,0
DA:454,0
LF:88
LH:0
BRDA:142,0,0,0
BRDA:147,1,0,0
BRDA:147,1,1,0
BRDA:148,2,0,0
BRDA:148,2,1,0
BRDA:149,3,0,0
BRDA:149,3,1,0
BRDA:150,4,0,0
BRDA:150,4,1,0
BRDA:232,5,0,0
BRDA:232,5,1,0
BRDA:232,5,2,0
BRDA:232,5,3,0
BRDA:305,6,0,0
BRDA:305,6,1,0
BRDA:319,7,0,0
BRDA:319,7,1,0
BRDA:349,8,0,0
BRDA:349,8,1,0
BRDA:353,9,0,0
BRDA:353,9,1,0
BRDA:372,10,0,0
BRDA:372,10,1,0
BRDA:385,11,0,0
BRDA:385,11,1,0
BRDA:453,12,0,0
BRDA:453,12,1,0
BRF:27
BRH:0
end_of_record
TN:
SF:generate-cosmos-data.js
FN:85,(anonymous_0)
FN:86,(anonymous_1)
FNF:2
FNH:0
FNDA:0,(anonymous_0)
FNDA:0,(anonymous_1)
DA:7,0
DA:8,0
DA:9,0
DA:12,0
DA:27,0
DA:28,0
DA:32,0
DA:33,0
DA:36,0
DA:37,0
DA:40,0
DA:43,0
DA:47,0
DA:54,0
DA:60,0
DA:67,0
DA:72,0
DA:78,0
DA:81,0
DA:84,0
DA:85,0
DA:86,0
DA:88,0
DA:90,0
DA:106,0
DA:107,0
DA:108,0
DA:109,0
DA:111,0
DA:116,0
DA:117,0
DA:118,0
DA:122,0
DA:325,0
DA:326,0
DA:327,0
LF:36
LH:0
BRDA:27,0,0,0
BRDA:27,0,1,0
BRDA:88,1,0,0
BRDA:88,1,1,0
BRF:4
BRH:0
end_of_record
TN:
SF:generate-metro-data.js
FN:28,convertToMetroFormat
FN:42,(anonymous_1)
FN:52,(anonymous_2)
FN:87,(anonymous_3)
FN:94,(anonymous_4)
FN:143,getLevelColor
FN:165,combineMetroData
FN:192,(anonymous_7)
FN:194,(anonymous_8)
FN:202,(anonymous_9)
FN:210,(anonymous_10)
FN:224,main
FN:228,(anonymous_12)
FN:235,(anonymous_13)
FNF:14
FNH:0
FNDA:0,convertToMetroFormat
FNDA:0,(anonymous_1)
FNDA:0,(anonymous_2)
FNDA:0,(anonymous_3)
FNDA:0,(anonymous_4)
FNDA:0,getLevelColor
FNDA:0,combineMetroData
FNDA:0,(anonymous_7)
FNDA:0,(anonymous_8)
FNDA:0,(anonymous_9)
FNDA:0,(anonymous_10)
FNDA:0,main
FNDA:0,(anonymous_12)
FNDA:0,(anonymous_13)
DA:8,0
DA:9,0
DA:12,0
DA:19,0
DA:20,0
DA:30,0
DA:33,0
DA:40,0
DA:42,0
DA:43,0
DA:52,0
DA:54,0
DA:55,0
DA:56,0
DA:59,0
DA:73,0
DA:76,0
DA:77,0
DA:86,0
DA:87,0
DA:88,0
DA:93,0
DA:94,0
DA:95,0
DA:106,0
DA:108,0
DA:109,0
DA:110,0
DA:111,0
DA:112,0
DA:113,0
DA:116,0
DA:118,0
DA:120,0
DA:135,0
DA:144,0
DA:157,0
DA:167,0
DA:187,0
DA:188,0
DA:189,0
DA:192,0
DA:194,0
DA:195,0
DA:196,0
DA:197,0
DA:202,0
DA:203,0
DA:204,0
DA:205,0
DA:210,0
DA:211,0
DA:212,0
DA:213,0
DA:218,0
DA:225,0
DA:227,0
DA:228,0
DA:230,0
DA:232,0
DA:235,0
DA:236,0
DA:237,0
DA:239,0
DA:241,0
DA:244,0
DA:247,0
DA:248,0
DA:251,0
DA:253,0
DA:258,0
DA:259,0
DA:260,0
DA:261,0
DA:264,0
DA:266,0
DA:271,0
LF:77
LH:0
BRDA:19,0,0,0
BRDA:19,0,1,0
BRDA:52,1,0,0
BRDA:52,2,0,0
BRDA:54,3,0,0
BRDA:54,3,1,0
BRDA:63,4,0,0
BRDA:63,4,1,0
BRDA:64,5,0,0
BRDA:64,5,1,0
BRDA:65,6,0,0
BRDA:65,6,1,0
BRDA:76,7,0,0
BRDA:76,7,1,0
BRDA:86,8,0,0
BRDA:86,8,1,0
BRDA:86,9,0,0
BRDA:86,9,1,0
BRDA:93,10,0,0
BRDA:93,10,1,0
BRDA:108,11,0,0
BRDA:108,11,1,0
BRDA:108,12,0,0
BRDA:108,12,1,0
BRDA:110,13,0,0
BRDA:110,13,1,0
BRDA:111,14,0,0
BRDA:111,14,1,0
BRDA:112,15,0,0
BRDA:112,15,1,0
BRDA:113,16,0,0
BRDA:113,16,1,0
BRDA:157,17,0,0
BRDA:157,17,1,0
BRDA:195,18,0,0
BRDA:195,18,1,0
BRDA:203,19,0,0
BRDA:203,19,1,0
BRDA:211,20,0,0
BRDA:211,20,1,0
BRDA:228,21,0,0
BRDA:228,21,1,0
BRDA:258,22,0,0
BRDA:258,22,1,0
BRF:44
BRH:0
end_of_record
TN:
SF:metro-map-cognitive.js
FN:25,(anonymous_0)
FN:92,(anonymous_1)
FN:137,(anonymous_2)
FN:146,(anonymous_3)
FN:173,(anonymous_4)
FN:187,(anonymous_5)
FN:196,(anonymous_6)
FN:206,(anonymous_7)
FN:311,(anonymous_8)
FN:313,(anonymous_9)
FN:332,(anonymous_10)
FN:346,(anonymous_11)
FN:364,(anonymous_12)
FN:380,(anonymous_13)
FN:390,(anonymous_14)
FN:400,(anonymous_15)
FN:410,(anonymous_16)
FN:448,(anonymous_17)
FN:468,(anonymous_18)
FN:481,(anonymous_19)
FN:518,(anonymous_20)
FN:528,(anonymous_21)
FN:532,(anonymous_22)
FN:578,(anonymous_23)
FN:585,(anonymous_24)
FN:613,(anonymous_25)
FN:647,(anonymous_26)
FN:657,(anonymous_27)
FN:694,(anonymous_28)
FN:700,(anonymous_29)
FN:717,(anonymous_30)
FNF:31
FNH:0
FNDA:0,(anonymous_0)
FNDA:0,(anonymous_1)
FNDA:0,(anonymous_2)
FNDA:0,(anonymous_3)
FNDA:0,(anonymous_4)
FNDA:0,(anonymous_5)
FNDA:0,(anonymous_6)
FNDA:0,(anonymous_7)
FNDA:0,(anonymous_8)
FNDA:0,(anonymous_9)
FNDA:0,(anonymous_10)
FNDA:0,(anonymous_11)
FNDA:0,(anonymous_12)
FNDA:0,(anonymous_13)
FNDA:0,(anonymous_14)
FNDA:0,(anonymous_15)
FNDA:0,(anonymous_16)
FNDA:0,(anonymous_17)
FNDA:0,(anonymous_18)
FNDA:0,(anonymous_19)
FNDA:0,(anonymous_20)
FNDA:0,(anonymous_21)
FNDA:0,(anonymous_22)
FNDA:0,(anonymous_23)
FNDA:0,(anonymous_24)
FNDA:0,(anonymous_25)
FNDA:0,(anonymous_26)
FNDA:0,(anonymous_27)
FNDA:0,(anonymous_28)
FNDA:0,(anonymous_29)
FNDA:0,(anonymous_30)
DA:26,0
DA:27,0
DA:81,0
DA:82,0
DA:83,0
DA:84,0
DA:85,0
DA:86,0
DA:93,0
DA:95,0
DA:96,0
DA:97,0
DA:101,0
DA:102,0
DA:103,0
DA:104,0
DA:108,0
DA:120,0
DA:123,0
DA:125,0
DA:127,0
DA:130,0
DA:138,0
DA:139,0
DA:140,0
DA:147,0
DA:148,0
DA:149,0
DA:153,0
DA:156,0
DA:157,0
DA:160,0
DA:163,0
DA:164,0
DA:166,0
DA:174,0
DA:175,0
DA:176,0
DA:178,0
DA:180,0
DA:188,0
DA:189,0
DA:190,0
DA:197,0
DA:198,0
DA:199,0
DA:207,0
DA:313,0
DA:314,0
DA:315,0
DA:318,0
DA:321,0
DA:322,0
DA:323,0
DA:325,0
DA:327,0
DA:332,0
DA:333,0
DA:334,0
DA:337,0
DA:338,0
DA:341,0
DA:342,0
DA:346,0
DA:347,0
DA:348,0
DA:351,0
DA:352,0
DA:355,0
DA:356,0
DA:365,0
DA:367,0
DA:368,0
DA:372,0
DA:373,0
DA:376,0
DA:377,0
DA:378,0
DA:379,0
DA:380,0
DA:381,0
DA:382,0
DA:386,0
DA:387,0
DA:388,0
DA:389,0
DA:390,0
DA:391,0
DA:392,0
DA:396,0
DA:397,0
DA:398,0
DA:399,0
DA:400,0
DA:401,0
DA:402,0
DA:406,0
DA:407,0
DA:408,0
DA:409,0
DA:410,0
DA:411,0
DA:415,0
DA:416,0
DA:417,0
DA:418,0
DA:421,0
DA:422,0
DA:423,0
DA:424,0
DA:427,0
DA:428,0
DA:430,0
DA:431,0
DA:432,0
DA:433,0
DA:436,0
DA:437,0
DA:440,0
DA:449,0
DA:450,0
DA:463,0
DA:466,0
DA:467,0
DA:468,0
DA:469,0
DA:476,0
DA:479,0
DA:480,0
DA:481,0
DA:482,0
DA:483,0
DA:490,0
DA:493,0
DA:494,0
DA:495,0
DA:509,0
DA:511,0
DA:519,0
DA:520,0
DA:529,0
DA:532,0
DA:534,0
DA:535,0
DA:539,0
DA:540,0
DA:541,0
DA:545,0
DA:562,0
DA:563,0
DA:577,0
DA:578,0
DA:579,0
DA:584,0
DA:585,0
DA:586,0
DA:602,0
DA:604,0
DA:618,0
DA:619,0
DA:623,0
DA:624,0
DA:629,0
DA:630,0
DA:635,0
DA:636,0
DA:637,0
DA:640,0
DA:648,0
DA:649,0
DA:659,0
DA:662,0
DA:664,0
DA:665,0
DA:666,0
DA:690,0
DA:693,0
DA:694,0
DA:695,0
DA:699,0
DA:700,0
DA:701,0
DA:702,0
DA:704,0
DA:706,0
DA:707,0
DA:718,0
DA:720,0
DA:723,0
DA:724,0
DA:726,0
DA:728,0
DA:732,0
DA:733,0
DA:736,0
DA:739,0
DA:744,0
DA:745,0
LF:198
LH:0
BRDA:25,0,0,0
BRDA:95,1,0,0
BRDA:95,1,1,0
BRDA:102,2,0,0
BRDA:102,2,1,0
BRDA:147,3,0,0
BRDA:147,3,1,0
BRDA:174,4,0,0
BRDA:174,4,1,0
BRDA:321,5,0,0
BRDA:321,5,1,0
BRDA:322,6,0,0
BRDA:322,6,1,0
BRDA:367,7,0,0
BRDA:367,7,1,0
BRDA:430,8,0,0
BRDA:430,8,1,0
BRDA:519,9,0,0
BRDA:519,9,1,0
BRDA:520,10,0,0
BRDA:520,10,1,0
BRDA:532,11,0,0
BRDA:532,12,0,0
BRDA:534,13,0,0
BRDA:534,13,1,0
BRDA:534,14,0,0
BRDA:534,14,1,0
BRDA:540,15,0,0
BRDA:540,15,1,0
BRDA:553,16,0,0
BRDA:553,16,1,0
BRDA:554,17,0,0
BRDA:554,17,1,0
BRDA:556,18,0,0
BRDA:556,18,1,0
BRDA:557,19,0,0
BRDA:557,19,1,0
BRDA:562,20,0,0
BRDA:562,20,1,0
BRDA:569,21,0,0
BRDA:569,21,1,0
BRDA:577,22,0,0
BRDA:577,22,1,0
BRDA:577,23,0,0
BRDA:577,23,1,0
BRDA:577,23,2,0
BRDA:584,24,0,0
BRDA:584,24,1,0
BRDA:618,25,0,0
BRDA:618,25,1,0
BRDA:619,26,0,0
BRDA:619,26,1,0
BRDA:619,26,2,0
BRDA:623,27,0,0
BRDA:623,27,1,0
BRDA:624,28,0,0
BRDA:624,28,1,0
BRDA:624,28,2,0
BRDA:624,28,3,0
BRDA:624,28,4,0
BRDA:629,29,0,0
BRDA:629,29,1,0
BRDA:630,30,0,0
BRDA:630,30,1,0
BRDA:630,30,2,0
BRDA:630,30,3,0
BRDA:630,30,4,0
BRDA:630,30,5,0
BRDA:630,30,6,0
BRDA:640,31,0,0
BRDA:640,31,1,0
BRDA:662,32,0,0
BRDA:662,32,1,0
BRDA:670,33,0,0
BRDA:670,33,1,0
BRDA:672,34,0,0
BRDA:672,34,1,0
BRDA:684,35,0,0
BRDA:684,35,1,0
BRDA:701,36,0,0
BRDA:701,36,1,0
BRDA:718,37,0,0
BRDA:718,37,1,0
BRDA:724,38,0,0
BRDA:724,38,1,0
BRDA:726,39,0,0
BRDA:726,39,1,0
BRDA:739,40,0,0
BRDA:739,40,1,0
BRDA:744,41,0,0
BRDA:744,41,1,0
BRF:91
BRH:0
end_of_record
TN:
SF:scripts\coverage-report.js
FN:26,formatPercentage
FN:31,formatCoverage
FN:55,(anonymous_2)
FN:69,(anonymous_3)
FNF:4
FNH:0
FNDA:0,formatPercentage
FNDA:0,formatCoverage
FNDA:0,(anonymous_2)
FNDA:0,(anonymous_3)
DA:10,0
DA:11,0
DA:14,0
DA:17,0
DA:18,0
DA:19,0
DA:23,0
DA:27,0
DA:32,0
DA:41,0
DA:44,0
DA:45,0
DA:46,0
DA:47,0
DA:48,0
DA:49,0
DA:50,0
DA:51,0
DA:54,0
DA:55,0
DA:56,0
DA:57,0
DA:58,0
DA:59,0
DA:60,0
DA:61,0
DA:62,0
DA:63,0
DA:68,0
DA:69,0
DA:70,0
DA:71,0
DA:72,0
DA:78,0
DA:79,0
DA:80,0
DA:81,0
DA:82,0
DA:83,0
DA:84,0
DA:89,0
DA:90,0
LF:42
LH:0
BRDA:17,0,0,0
BRDA:17,0,1,0
BRDA:56,1,0,0
BRDA:56,1,1,0
BRDA:70,2,0,0
BRDA:70,2,1,0
BRDA:72,3,0,0
BRDA:72,3,1,0
BRDA:73,4,0,0
BRDA:73,4,1,0
BRDA:73,4,2,0
BRDA:73,4,3,0
BRF:12
BRH:0
end_of_record
