<?xml version="1.0" encoding="UTF-8" standalone="no"?>
<!DOCTYPE report PUBLIC "-//JACOCO//DTD Report 1.1//EN" "report.dtd"[]>
<report name="Pester (05/19/2025 01:35:56)">
  <sessioninfo id="this" start="1747618546503" dump="1747618556030" />
  <package name="parallelization">
    <class name="parallelization/UnifiedParallel" sourcefilename="UnifiedParallel.psm1">
      <method name="&lt;script&gt;" desc="()" line="52">
        <counter type="INSTRUCTION" missed="0" covered="14" />
        <counter type="LINE" missed="0" covered="12" />
        <counter type="METHOD" missed="0" covered="1" />
      </method>
      <method name="ParallelResult" desc="()" line="101">
        <counter type="INSTRUCTION" missed="16" covered="0" />
        <counter type="LINE" missed="16" covered="0" />
        <counter type="METHOD" missed="1" covered="0" />
      </method>
      <method name="Complete" desc="()" line="123">
        <counter type="INSTRUCTION" missed="6" covered="0" />
        <counter type="LINE" missed="6" covered="0" />
        <counter type="METHOD" missed="1" covered="0" />
      </method>
      <method name="MarkFailed" desc="()" line="135">
        <counter type="INSTRUCTION" missed="7" covered="0" />
        <counter type="LINE" missed="7" covered="0" />
        <counter type="METHOD" missed="1" covered="0" />
      </method>
      <method name="AddTag" desc="()" line="148">
        <counter type="INSTRUCTION" missed="6" covered="0" />
        <counter type="LINE" missed="6" covered="0" />
        <counter type="METHOD" missed="1" covered="0" />
      </method>
      <method name="RemoveTag" desc="()" line="157">
        <counter type="INSTRUCTION" missed="6" covered="0" />
        <counter type="LINE" missed="6" covered="0" />
        <counter type="METHOD" missed="1" covered="0" />
      </method>
      <method name="GetTag" desc="()" line="166">
        <counter type="INSTRUCTION" missed="10" covered="0" />
        <counter type="LINE" missed="10" covered="0" />
        <counter type="METHOD" missed="1" covered="0" />
      </method>
      <method name="SetMetadata" desc="()" line="178">
        <counter type="INSTRUCTION" missed="3" covered="0" />
        <counter type="LINE" missed="3" covered="0" />
        <counter type="METHOD" missed="1" covered="0" />
      </method>
      <method name="UpdateMetadata" desc="()" line="187">
        <counter type="INSTRUCTION" missed="5" covered="0" />
        <counter type="LINE" missed="5" covered="0" />
        <counter type="METHOD" missed="1" covered="0" />
      </method>
      <method name="SetPriority" desc="()" line="199">
        <counter type="INSTRUCTION" missed="3" covered="0" />
        <counter type="LINE" missed="3" covered="0" />
        <counter type="METHOD" missed="1" covered="0" />
      </method>
      <method name="SetTaskType" desc="()" line="208">
        <counter type="INSTRUCTION" missed="3" covered="0" />
        <counter type="LINE" missed="3" covered="0" />
        <counter type="METHOD" missed="1" covered="0" />
      </method>
      <method name="SetCorrelationId" desc="()" line="217">
        <counter type="INSTRUCTION" missed="6" covered="0" />
        <counter type="LINE" missed="6" covered="0" />
        <counter type="METHOD" missed="1" covered="0" />
      </method>
      <method name="ToString" desc="()" line="226">
        <counter type="INSTRUCTION" missed="17" covered="0" />
        <counter type="LINE" missed="4" covered="0" />
        <counter type="METHOD" missed="1" covered="0" />
      </method>
      <method name="ParallelErrorInfo" desc="()" line="246">
        <counter type="INSTRUCTION" missed="18" covered="0" />
        <counter type="LINE" missed="18" covered="0" />
        <counter type="METHOD" missed="1" covered="0" />
      </method>
      <method name="IncrementRetryCount" desc="()" line="271">
        <counter type="INSTRUCTION" missed="3" covered="0" />
        <counter type="LINE" missed="3" covered="0" />
        <counter type="METHOD" missed="1" covered="0" />
      </method>
      <method name="SetRetryable" desc="()" line="280">
        <counter type="INSTRUCTION" missed="3" covered="0" />
        <counter type="LINE" missed="3" covered="0" />
        <counter type="METHOD" missed="1" covered="0" />
      </method>
      <method name="SetCategory" desc="()" line="289">
        <counter type="INSTRUCTION" missed="3" covered="0" />
        <counter type="LINE" missed="3" covered="0" />
        <counter type="METHOD" missed="1" covered="0" />
      </method>
      <method name="SetSeverity" desc="()" line="298">
        <counter type="INSTRUCTION" missed="3" covered="0" />
        <counter type="LINE" missed="3" covered="0" />
        <counter type="METHOD" missed="1" covered="0" />
      </method>
      <method name="SetSource" desc="()" line="307">
        <counter type="INSTRUCTION" missed="3" covered="0" />
        <counter type="LINE" missed="3" covered="0" />
        <counter type="METHOD" missed="1" covered="0" />
      </method>
      <method name="SetContext" desc="()" line="316">
        <counter type="INSTRUCTION" missed="3" covered="0" />
        <counter type="LINE" missed="3" covered="0" />
        <counter type="METHOD" missed="1" covered="0" />
      </method>
      <method name="UpdateContext" desc="()" line="325">
        <counter type="INSTRUCTION" missed="5" covered="0" />
        <counter type="LINE" missed="5" covered="0" />
        <counter type="METHOD" missed="1" covered="0" />
      </method>
      <method name="ParallelMetrics" desc="()" line="401">
        <counter type="INSTRUCTION" missed="14" covered="0" />
        <counter type="LINE" missed="14" covered="0" />
        <counter type="METHOD" missed="1" covered="0" />
      </method>
      <method name="UpdateFromResults" desc="()" line="418">
        <counter type="INSTRUCTION" missed="57" covered="0" />
        <counter type="LINE" missed="32" covered="0" />
        <counter type="METHOD" missed="1" covered="0" />
      </method>
      <method name="AddCustomMetric" desc="()" line="477">
        <counter type="INSTRUCTION" missed="3" covered="0" />
        <counter type="LINE" missed="3" covered="0" />
        <counter type="METHOD" missed="1" covered="0" />
      </method>
      <method name="RemoveCustomMetric" desc="()" line="486">
        <counter type="INSTRUCTION" missed="3" covered="0" />
        <counter type="LINE" missed="3" covered="0" />
        <counter type="METHOD" missed="1" covered="0" />
      </method>
      <method name="GetCustomMetric" desc="()" line="495">
        <counter type="INSTRUCTION" missed="5" covered="0" />
        <counter type="LINE" missed="5" covered="0" />
        <counter type="METHOD" missed="1" covered="0" />
      </method>
      <method name="UpdateResourceUsage" desc="()" line="507">
        <counter type="INSTRUCTION" missed="3" covered="0" />
        <counter type="LINE" missed="3" covered="0" />
        <counter type="METHOD" missed="1" covered="0" />
      </method>
      <method name="AddThreadEfficiency" desc="()" line="516">
        <counter type="INSTRUCTION" missed="3" covered="0" />
        <counter type="LINE" missed="3" covered="0" />
        <counter type="METHOD" missed="1" covered="0" />
      </method>
      <method name="IncrementActiveThreads" desc="()" line="525">
        <counter type="INSTRUCTION" missed="5" covered="0" />
        <counter type="LINE" missed="5" covered="0" />
        <counter type="METHOD" missed="1" covered="0" />
      </method>
      <method name="DecrementActiveThreads" desc="()" line="537">
        <counter type="INSTRUCTION" missed="4" covered="0" />
        <counter type="LINE" missed="4" covered="0" />
        <counter type="METHOD" missed="1" covered="0" />
      </method>
      <method name="GetSummary" desc="()" line="548">
        <counter type="INSTRUCTION" missed="24" covered="0" />
        <counter type="LINE" missed="19" covered="0" />
        <counter type="METHOD" missed="1" covered="0" />
      </method>
      <method name="Initialize-UnifiedParallel" desc="()" line="662">
        <counter type="INSTRUCTION" missed="88" covered="50" />
        <counter type="LINE" missed="85" covered="40" />
        <counter type="METHOD" missed="0" covered="1" />
      </method>
      <method name="Clear-UnifiedParallel" desc="()" line="863">
        <counter type="INSTRUCTION" missed="13" covered="22" />
        <counter type="LINE" missed="10" covered="21" />
        <counter type="METHOD" missed="0" covered="1" />
      </method>
      <method name="Test-ParameterValid" desc="()" line="943">
        <counter type="INSTRUCTION" missed="34" covered="0" />
        <counter type="LINE" missed="31" covered="0" />
        <counter type="METHOD" missed="1" covered="0" />
      </method>
      <method name="Write-ParallelError" desc="()" line="1055">
        <counter type="INSTRUCTION" missed="39" covered="0" />
        <counter type="LINE" missed="32" covered="0" />
        <counter type="METHOD" missed="1" covered="0" />
      </method>
      <method name="Get-ModuleInitialized" desc="()" line="1139">
        <counter type="INSTRUCTION" missed="0" covered="1" />
        <counter type="LINE" missed="0" covered="1" />
        <counter type="METHOD" missed="0" covered="1" />
      </method>
      <method name="Set-ModuleInitialized" desc="()" line="1169">
        <counter type="INSTRUCTION" missed="0" covered="2" />
        <counter type="LINE" missed="0" covered="2" />
        <counter type="METHOD" missed="0" covered="1" />
      </method>
      <method name="Get-ModuleConfig" desc="()" line="1193">
        <counter type="INSTRUCTION" missed="2" covered="3" />
        <counter type="LINE" missed="2" covered="2" />
        <counter type="METHOD" missed="0" covered="1" />
      </method>
      <method name="Set-ModuleConfig" desc="()" line="1227">
        <counter type="INSTRUCTION" missed="6" covered="0" />
        <counter type="LINE" missed="5" covered="0" />
        <counter type="METHOD" missed="1" covered="0" />
      </method>
      <method name="Write-ParallelLog" desc="()" line="1261">
        <counter type="INSTRUCTION" missed="25" covered="0" />
        <counter type="LINE" missed="21" covered="0" />
        <counter type="METHOD" missed="1" covered="0" />
      </method>
      <method name="Measure-ExecutionTime" desc="()" line="1332">
        <counter type="INSTRUCTION" missed="34" covered="0" />
        <counter type="LINE" missed="27" covered="0" />
        <counter type="METHOD" missed="1" covered="0" />
      </method>
      <method name="Invoke-UnifiedParallel" desc="()" line="1654">
        <counter type="INSTRUCTION" missed="264" covered="0" />
        <counter type="LINE" missed="248" covered="0" />
        <counter type="METHOD" missed="1" covered="0" />
      </method>
      <method name="Wait-ForCompletedRunspace" desc="()" line="2253">
        <counter type="INSTRUCTION" missed="77" covered="84" />
        <counter type="LINE" missed="69" covered="72" />
        <counter type="METHOD" missed="0" covered="1" />
      </method>
      <method name="Invoke-RunspaceProcessor" desc="()" line="2640">
        <counter type="INSTRUCTION" missed="115" covered="67" />
        <counter type="LINE" missed="93" covered="54" />
        <counter type="METHOD" missed="0" covered="1" />
      </method>
      <method name="Get-OptimalThreadCount" desc="()" line="2991">
        <counter type="INSTRUCTION" missed="52" covered="0" />
        <counter type="LINE" missed="48" covered="0" />
        <counter type="METHOD" missed="1" covered="0" />
      </method>
      <counter type="INSTRUCTION" missed="999" covered="243" />
      <counter type="LINE" missed="878" covered="204" />
      <counter type="METHOD" missed="37" covered="8" />
      <counter type="CLASS" missed="0" covered="1" />
    </class>
    <sourcefile name="UnifiedParallel.psm1">
      <line nr="52" mi="0" ci="2" mb="0" cb="0" />
      <line nr="53" mi="0" ci="2" mb="0" cb="0" />
      <line nr="54" mi="0" ci="1" mb="0" cb="0" />
      <line nr="55" mi="0" ci="1" mb="0" cb="0" />
      <line nr="56" mi="0" ci="1" mb="0" cb="0" />
      <line nr="64" mi="0" ci="1" mb="0" cb="0" />
      <line nr="67" mi="0" ci="1" mb="0" cb="0" />
      <line nr="70" mi="0" ci="1" mb="0" cb="0" />
      <line nr="73" mi="0" ci="1" mb="0" cb="0" />
      <line nr="76" mi="0" ci="1" mb="0" cb="0" />
      <line nr="79" mi="0" ci="1" mb="0" cb="0" />
      <line nr="101" mi="1" ci="0" mb="0" cb="0" />
      <line nr="102" mi="1" ci="0" mb="0" cb="0" />
      <line nr="103" mi="1" ci="0" mb="0" cb="0" />
      <line nr="104" mi="1" ci="0" mb="0" cb="0" />
      <line nr="105" mi="1" ci="0" mb="0" cb="0" />
      <line nr="106" mi="1" ci="0" mb="0" cb="0" />
      <line nr="107" mi="1" ci="0" mb="0" cb="0" />
      <line nr="108" mi="1" ci="0" mb="0" cb="0" />
      <line nr="112" mi="1" ci="0" mb="0" cb="0" />
      <line nr="113" mi="1" ci="0" mb="0" cb="0" />
      <line nr="114" mi="1" ci="0" mb="0" cb="0" />
      <line nr="115" mi="1" ci="0" mb="0" cb="0" />
      <line nr="116" mi="1" ci="0" mb="0" cb="0" />
      <line nr="117" mi="1" ci="0" mb="0" cb="0" />
      <line nr="118" mi="1" ci="0" mb="0" cb="0" />
      <line nr="119" mi="1" ci="0" mb="0" cb="0" />
      <line nr="123" mi="1" ci="0" mb="0" cb="0" />
      <line nr="125" mi="1" ci="0" mb="0" cb="0" />
      <line nr="126" mi="1" ci="0" mb="0" cb="0" />
      <line nr="127" mi="1" ci="0" mb="0" cb="0" />
      <line nr="128" mi="1" ci="0" mb="0" cb="0" />
      <line nr="130" mi="1" ci="0" mb="0" cb="0" />
      <line nr="135" mi="1" ci="0" mb="0" cb="0" />
      <line nr="137" mi="1" ci="0" mb="0" cb="0" />
      <line nr="138" mi="1" ci="0" mb="0" cb="0" />
      <line nr="139" mi="1" ci="0" mb="0" cb="0" />
      <line nr="140" mi="1" ci="0" mb="0" cb="0" />
      <line nr="141" mi="1" ci="0" mb="0" cb="0" />
      <line nr="143" mi="1" ci="0" mb="0" cb="0" />
      <line nr="148" mi="1" ci="0" mb="0" cb="0" />
      <line nr="150" mi="1" ci="0" mb="0" cb="0" />
      <line nr="152" mi="1" ci="0" mb="0" cb="0" />
      <line nr="157" mi="1" ci="0" mb="0" cb="0" />
      <line nr="159" mi="1" ci="0" mb="0" cb="0" />
      <line nr="161" mi="1" ci="0" mb="0" cb="0" />
      <line nr="166" mi="1" ci="0" mb="0" cb="0" />
      <line nr="168" mi="1" ci="0" mb="0" cb="0" />
      <line nr="169" mi="1" ci="0" mb="0" cb="0" />
      <line nr="171" mi="1" ci="0" mb="0" cb="0" />
      <line nr="173" mi="1" ci="0" mb="0" cb="0" />
      <line nr="178" mi="1" ci="0" mb="0" cb="0" />
      <line nr="180" mi="1" ci="0" mb="0" cb="0" />
      <line nr="182" mi="1" ci="0" mb="0" cb="0" />
      <line nr="187" mi="1" ci="0" mb="0" cb="0" />
      <line nr="189" mi="1" ci="0" mb="0" cb="0" />
      <line nr="190" mi="1" ci="0" mb="0" cb="0" />
      <line nr="192" mi="1" ci="0" mb="0" cb="0" />
      <line nr="194" mi="1" ci="0" mb="0" cb="0" />
      <line nr="199" mi="1" ci="0" mb="0" cb="0" />
      <line nr="201" mi="1" ci="0" mb="0" cb="0" />
      <line nr="203" mi="1" ci="0" mb="0" cb="0" />
      <line nr="208" mi="1" ci="0" mb="0" cb="0" />
      <line nr="210" mi="1" ci="0" mb="0" cb="0" />
      <line nr="212" mi="1" ci="0" mb="0" cb="0" />
      <line nr="217" mi="1" ci="0" mb="0" cb="0" />
      <line nr="219" mi="1" ci="0" mb="0" cb="0" />
      <line nr="221" mi="1" ci="0" mb="0" cb="0" />
      <line nr="226" mi="5" ci="0" mb="0" cb="0" />
      <line nr="246" mi="1" ci="0" mb="0" cb="0" />
      <line nr="247" mi="1" ci="0" mb="0" cb="0" />
      <line nr="248" mi="1" ci="0" mb="0" cb="0" />
      <line nr="249" mi="1" ci="0" mb="0" cb="0" />
      <line nr="250" mi="1" ci="0" mb="0" cb="0" />
      <line nr="251" mi="1" ci="0" mb="0" cb="0" />
      <line nr="252" mi="1" ci="0" mb="0" cb="0" />
      <line nr="253" mi="1" ci="0" mb="0" cb="0" />
      <line nr="254" mi="1" ci="0" mb="0" cb="0" />
      <line nr="257" mi="1" ci="0" mb="0" cb="0" />
      <line nr="258" mi="1" ci="0" mb="0" cb="0" />
      <line nr="259" mi="1" ci="0" mb="0" cb="0" />
      <line nr="260" mi="1" ci="0" mb="0" cb="0" />
      <line nr="261" mi="1" ci="0" mb="0" cb="0" />
      <line nr="262" mi="1" ci="0" mb="0" cb="0" />
      <line nr="263" mi="1" ci="0" mb="0" cb="0" />
      <line nr="264" mi="1" ci="0" mb="0" cb="0" />
      <line nr="266" mi="1" ci="0" mb="0" cb="0" />
      <line nr="271" mi="1" ci="0" mb="0" cb="0" />
      <line nr="273" mi="1" ci="0" mb="0" cb="0" />
      <line nr="275" mi="1" ci="0" mb="0" cb="0" />
      <line nr="280" mi="1" ci="0" mb="0" cb="0" />
      <line nr="282" mi="1" ci="0" mb="0" cb="0" />
      <line nr="284" mi="1" ci="0" mb="0" cb="0" />
      <line nr="289" mi="1" ci="0" mb="0" cb="0" />
      <line nr="291" mi="1" ci="0" mb="0" cb="0" />
      <line nr="293" mi="1" ci="0" mb="0" cb="0" />
      <line nr="298" mi="1" ci="0" mb="0" cb="0" />
      <line nr="300" mi="1" ci="0" mb="0" cb="0" />
      <line nr="302" mi="1" ci="0" mb="0" cb="0" />
      <line nr="307" mi="1" ci="0" mb="0" cb="0" />
      <line nr="309" mi="1" ci="0" mb="0" cb="0" />
      <line nr="311" mi="1" ci="0" mb="0" cb="0" />
      <line nr="316" mi="1" ci="0" mb="0" cb="0" />
      <line nr="318" mi="1" ci="0" mb="0" cb="0" />
      <line nr="320" mi="1" ci="0" mb="0" cb="0" />
      <line nr="325" mi="1" ci="0" mb="0" cb="0" />
      <line nr="327" mi="1" ci="0" mb="0" cb="0" />
      <line nr="328" mi="1" ci="0" mb="0" cb="0" />
      <line nr="330" mi="1" ci="0" mb="0" cb="0" />
      <line nr="332" mi="1" ci="0" mb="0" cb="0" />
      <line nr="337" mi="1" ci="0" mb="0" cb="0" />
      <line nr="339" mi="1" ci="0" mb="0" cb="0" />
      <line nr="341" mi="1" ci="0" mb="0" cb="0" />
      <line nr="346" mi="1" ci="0" mb="0" cb="0" />
      <line nr="348" mi="1" ci="0" mb="0" cb="0" />
      <line nr="350" mi="1" ci="0" mb="0" cb="0" />
      <line nr="355" mi="1" ci="0" mb="0" cb="0" />
      <line nr="357" mi="1" ci="0" mb="0" cb="0" />
      <line nr="359" mi="1" ci="0" mb="0" cb="0" />
      <line nr="364" mi="1" ci="0" mb="0" cb="0" />
      <line nr="366" mi="1" ci="0" mb="0" cb="0" />
      <line nr="367" mi="1" ci="0" mb="0" cb="0" />
      <line nr="369" mi="1" ci="0" mb="0" cb="0" />
      <line nr="371" mi="1" ci="0" mb="0" cb="0" />
      <line nr="376" mi="5" ci="0" mb="0" cb="0" />
      <line nr="401" mi="1" ci="0" mb="0" cb="0" />
      <line nr="402" mi="1" ci="0" mb="0" cb="0" />
      <line nr="403" mi="1" ci="0" mb="0" cb="0" />
      <line nr="404" mi="1" ci="0" mb="0" cb="0" />
      <line nr="405" mi="1" ci="0" mb="0" cb="0" />
      <line nr="406" mi="1" ci="0" mb="0" cb="0" />
      <line nr="407" mi="1" ci="0" mb="0" cb="0" />
      <line nr="408" mi="1" ci="0" mb="0" cb="0" />
      <line nr="409" mi="1" ci="0" mb="0" cb="0" />
      <line nr="410" mi="1" ci="0" mb="0" cb="0" />
      <line nr="411" mi="1" ci="0" mb="0" cb="0" />
      <line nr="412" mi="1" ci="0" mb="0" cb="0" />
      <line nr="413" mi="1" ci="0" mb="0" cb="0" />
      <line nr="414" mi="1" ci="0" mb="0" cb="0" />
      <line nr="418" mi="1" ci="0" mb="0" cb="0" />
      <line nr="420" mi="1" ci="0" mb="0" cb="0" />
      <line nr="421" mi="4" ci="0" mb="0" cb="0" />
      <line nr="422" mi="4" ci="0" mb="0" cb="0" />
      <line nr="424" mi="5" ci="0" mb="0" cb="0" />
      <line nr="425" mi="1" ci="0" mb="0" cb="0" />
      <line nr="426" mi="3" ci="0" mb="0" cb="0" />
      <line nr="427" mi="3" ci="0" mb="0" cb="0" />
      <line nr="428" mi="3" ci="0" mb="0" cb="0" />
      <line nr="429" mi="3" ci="0" mb="0" cb="0" />
      <line nr="433" mi="1" ci="0" mb="0" cb="0" />
      <line nr="434" mi="1" ci="0" mb="0" cb="0" />
      <line nr="435" mi="1" ci="0" mb="0" cb="0" />
      <line nr="436" mi="1" ci="0" mb="0" cb="0" />
      <line nr="437" mi="1" ci="0" mb="0" cb="0" />
      <line nr="439" mi="1" ci="0" mb="0" cb="0" />
      <line nr="445" mi="1" ci="0" mb="0" cb="0" />
      <line nr="446" mi="1" ci="0" mb="0" cb="0" />
      <line nr="447" mi="1" ci="0" mb="0" cb="0" />
      <line nr="448" mi="1" ci="0" mb="0" cb="0" />
      <line nr="449" mi="1" ci="0" mb="0" cb="0" />
      <line nr="451" mi="1" ci="0" mb="0" cb="0" />
      <line nr="457" mi="1" ci="0" mb="0" cb="0" />
      <line nr="458" mi="2" ci="0" mb="0" cb="0" />
      <line nr="459" mi="1" ci="0" mb="0" cb="0" />
      <line nr="460" mi="1" ci="0" mb="0" cb="0" />
      <line nr="461" mi="5" ci="0" mb="0" cb="0" />
      <line nr="462" mi="1" ci="0" mb="0" cb="0" />
      <line nr="463" mi="3" ci="0" mb="0" cb="0" />
      <line nr="464" mi="1" ci="0" mb="0" cb="0" />
      <line nr="470" mi="1" ci="0" mb="0" cb="0" />
      <line nr="472" mi="1" ci="0" mb="0" cb="0" />
      <line nr="477" mi="1" ci="0" mb="0" cb="0" />
      <line nr="479" mi="1" ci="0" mb="0" cb="0" />
      <line nr="481" mi="1" ci="0" mb="0" cb="0" />
      <line nr="486" mi="1" ci="0" mb="0" cb="0" />
      <line nr="488" mi="1" ci="0" mb="0" cb="0" />
      <line nr="490" mi="1" ci="0" mb="0" cb="0" />
      <line nr="495" mi="1" ci="0" mb="0" cb="0" />
      <line nr="497" mi="1" ci="0" mb="0" cb="0" />
      <line nr="498" mi="1" ci="0" mb="0" cb="0" />
      <line nr="500" mi="1" ci="0" mb="0" cb="0" />
      <line nr="502" mi="1" ci="0" mb="0" cb="0" />
      <line nr="507" mi="1" ci="0" mb="0" cb="0" />
      <line nr="509" mi="1" ci="0" mb="0" cb="0" />
      <line nr="511" mi="1" ci="0" mb="0" cb="0" />
      <line nr="516" mi="1" ci="0" mb="0" cb="0" />
      <line nr="518" mi="1" ci="0" mb="0" cb="0" />
      <line nr="520" mi="1" ci="0" mb="0" cb="0" />
      <line nr="525" mi="1" ci="0" mb="0" cb="0" />
      <line nr="527" mi="1" ci="0" mb="0" cb="0" />
      <line nr="528" mi="1" ci="0" mb="0" cb="0" />
      <line nr="529" mi="1" ci="0" mb="0" cb="0" />
      <line nr="532" mi="1" ci="0" mb="0" cb="0" />
      <line nr="537" mi="1" ci="0" mb="0" cb="0" />
      <line nr="539" mi="1" ci="0" mb="0" cb="0" />
      <line nr="540" mi="1" ci="0" mb="0" cb="0" />
      <line nr="543" mi="1" ci="0" mb="0" cb="0" />
      <line nr="548" mi="1" ci="0" mb="0" cb="0" />
      <line nr="550" mi="1" ci="0" mb="0" cb="0" />
      <line nr="551" mi="1" ci="0" mb="0" cb="0" />
      <line nr="552" mi="1" ci="0" mb="0" cb="0" />
      <line nr="553" mi="1" ci="0" mb="0" cb="0" />
      <line nr="554" mi="4" ci="0" mb="0" cb="0" />
      <line nr="555" mi="1" ci="0" mb="0" cb="0" />
      <line nr="556" mi="1" ci="0" mb="0" cb="0" />
      <line nr="557" mi="1" ci="0" mb="0" cb="0" />
      <line nr="558" mi="1" ci="0" mb="0" cb="0" />
      <line nr="559" mi="1" ci="0" mb="0" cb="0" />
      <line nr="560" mi="1" ci="0" mb="0" cb="0" />
      <line nr="561" mi="1" ci="0" mb="0" cb="0" />
      <line nr="562" mi="1" ci="0" mb="0" cb="0" />
      <line nr="563" mi="1" ci="0" mb="0" cb="0" />
      <line nr="564" mi="1" ci="0" mb="0" cb="0" />
      <line nr="565" mi="3" ci="0" mb="0" cb="0" />
      <line nr="567" mi="1" ci="0" mb="0" cb="0" />
      <line nr="569" mi="1" ci="0" mb="0" cb="0" />
      <line nr="574" mi="1" ci="0" mb="0" cb="0" />
      <line nr="575" mi="6" ci="0" mb="0" cb="0" />
      <line nr="662" mi="0" ci="1" mb="0" cb="0" />
      <line nr="666" mi="0" ci="1" mb="0" cb="0" />
      <line nr="668" mi="0" ci="2" mb="0" cb="0" />
      <line nr="669" mi="1" ci="0" mb="0" cb="0" />
      <line nr="670" mi="2" ci="0" mb="0" cb="0" />
      <line nr="674" mi="0" ci="1" mb="0" cb="0" />
      <line nr="677" mi="0" ci="2" mb="0" cb="0" />
      <line nr="679" mi="1" ci="0" mb="0" cb="0" />
      <line nr="680" mi="1" ci="0" mb="0" cb="0" />
      <line nr="682" mi="1" ci="0" mb="0" cb="0" />
      <line nr="687" mi="0" ci="1" mb="0" cb="0" />
      <line nr="689" mi="0" ci="2" mb="0" cb="0" />
      <line nr="690" mi="0" ci="1" mb="0" cb="0" />
      <line nr="693" mi="0" ci="2" mb="0" cb="0" />
      <line nr="694" mi="0" ci="2" mb="0" cb="0" />
      <line nr="695" mi="0" ci="2" mb="0" cb="0" />
      <line nr="697" mi="1" ci="0" mb="0" cb="0" />
      <line nr="699" mi="1" ci="0" mb="0" cb="0" />
      <line nr="700" mi="1" ci="0" mb="0" cb="0" />
      <line nr="701" mi="1" ci="0" mb="0" cb="0" />
      <line nr="702" mi="1" ci="0" mb="0" cb="0" />
      <line nr="703" mi="1" ci="0" mb="0" cb="0" />
      <line nr="704" mi="1" ci="0" mb="0" cb="0" />
      <line nr="705" mi="1" ci="0" mb="0" cb="0" />
      <line nr="706" mi="1" ci="0" mb="0" cb="0" />
      <line nr="707" mi="1" ci="0" mb="0" cb="0" />
      <line nr="708" mi="1" ci="0" mb="0" cb="0" />
      <line nr="709" mi="1" ci="0" mb="0" cb="0" />
      <line nr="711" mi="1" ci="0" mb="0" cb="0" />
      <line nr="712" mi="1" ci="0" mb="0" cb="0" />
      <line nr="713" mi="1" ci="0" mb="0" cb="0" />
      <line nr="714" mi="1" ci="0" mb="0" cb="0" />
      <line nr="715" mi="1" ci="0" mb="0" cb="0" />
      <line nr="717" mi="1" ci="0" mb="0" cb="0" />
      <line nr="718" mi="1" ci="0" mb="0" cb="0" />
      <line nr="719" mi="1" ci="0" mb="0" cb="0" />
      <line nr="720" mi="1" ci="0" mb="0" cb="0" />
      <line nr="722" mi="1" ci="0" mb="0" cb="0" />
      <line nr="723" mi="1" ci="0" mb="0" cb="0" />
      <line nr="724" mi="1" ci="0" mb="0" cb="0" />
      <line nr="725" mi="1" ci="0" mb="0" cb="0" />
      <line nr="726" mi="1" ci="0" mb="0" cb="0" />
      <line nr="727" mi="1" ci="0" mb="0" cb="0" />
      <line nr="728" mi="1" ci="0" mb="0" cb="0" />
      <line nr="733" mi="1" ci="0" mb="0" cb="0" />
      <line nr="735" mi="1" ci="0" mb="0" cb="0" />
      <line nr="736" mi="1" ci="0" mb="0" cb="0" />
      <line nr="737" mi="1" ci="0" mb="0" cb="0" />
      <line nr="738" mi="1" ci="0" mb="0" cb="0" />
      <line nr="739" mi="1" ci="0" mb="0" cb="0" />
      <line nr="740" mi="1" ci="0" mb="0" cb="0" />
      <line nr="741" mi="1" ci="0" mb="0" cb="0" />
      <line nr="742" mi="1" ci="0" mb="0" cb="0" />
      <line nr="743" mi="1" ci="0" mb="0" cb="0" />
      <line nr="744" mi="1" ci="0" mb="0" cb="0" />
      <line nr="745" mi="1" ci="0" mb="0" cb="0" />
      <line nr="747" mi="1" ci="0" mb="0" cb="0" />
      <line nr="748" mi="1" ci="0" mb="0" cb="0" />
      <line nr="749" mi="1" ci="0" mb="0" cb="0" />
      <line nr="750" mi="1" ci="0" mb="0" cb="0" />
      <line nr="751" mi="1" ci="0" mb="0" cb="0" />
      <line nr="753" mi="1" ci="0" mb="0" cb="0" />
      <line nr="754" mi="1" ci="0" mb="0" cb="0" />
      <line nr="755" mi="1" ci="0" mb="0" cb="0" />
      <line nr="756" mi="1" ci="0" mb="0" cb="0" />
      <line nr="758" mi="1" ci="0" mb="0" cb="0" />
      <line nr="759" mi="1" ci="0" mb="0" cb="0" />
      <line nr="760" mi="1" ci="0" mb="0" cb="0" />
      <line nr="761" mi="1" ci="0" mb="0" cb="0" />
      <line nr="762" mi="1" ci="0" mb="0" cb="0" />
      <line nr="763" mi="1" ci="0" mb="0" cb="0" />
      <line nr="764" mi="1" ci="0" mb="0" cb="0" />
      <line nr="770" mi="0" ci="1" mb="0" cb="0" />
      <line nr="773" mi="1" ci="0" mb="0" cb="0" />
      <line nr="774" mi="1" ci="0" mb="0" cb="0" />
      <line nr="775" mi="1" ci="0" mb="0" cb="0" />
      <line nr="776" mi="1" ci="0" mb="0" cb="0" />
      <line nr="777" mi="1" ci="0" mb="0" cb="0" />
      <line nr="778" mi="1" ci="0" mb="0" cb="0" />
      <line nr="779" mi="1" ci="0" mb="0" cb="0" />
      <line nr="781" mi="1" ci="0" mb="0" cb="0" />
      <line nr="785" mi="0" ci="1" mb="0" cb="0" />
      <line nr="786" mi="0" ci="1" mb="0" cb="0" />
      <line nr="787" mi="1" ci="0" mb="0" cb="0" />
      <line nr="788" mi="1" ci="0" mb="0" cb="0" />
      <line nr="791" mi="2" ci="0" mb="0" cb="0" />
      <line nr="792" mi="1" ci="0" mb="0" cb="0" />
      <line nr="793" mi="1" ci="0" mb="0" cb="0" />
      <line nr="794" mi="1" ci="0" mb="0" cb="0" />
      <line nr="795" mi="1" ci="0" mb="0" cb="0" />
      <line nr="799" mi="0" ci="1" mb="0" cb="0" />
      <line nr="800" mi="0" ci="1" mb="0" cb="0" />
      <line nr="801" mi="1" ci="0" mb="0" cb="0" />
      <line nr="802" mi="1" ci="0" mb="0" cb="0" />
      <line nr="805" mi="2" ci="0" mb="0" cb="0" />
      <line nr="806" mi="1" ci="0" mb="0" cb="0" />
      <line nr="807" mi="1" ci="0" mb="0" cb="0" />
      <line nr="808" mi="1" ci="0" mb="0" cb="0" />
      <line nr="809" mi="1" ci="0" mb="0" cb="0" />
      <line nr="810" mi="1" ci="0" mb="0" cb="0" />
      <line nr="811" mi="1" ci="0" mb="0" cb="0" />
      <line nr="816" mi="0" ci="1" mb="0" cb="0" />
      <line nr="817" mi="0" ci="1" mb="0" cb="0" />
      <line nr="818" mi="0" ci="1" mb="0" cb="0" />
      <line nr="819" mi="0" ci="1" mb="0" cb="0" />
      <line nr="820" mi="0" ci="1" mb="0" cb="0" />
      <line nr="821" mi="0" ci="1" mb="0" cb="0" />
      <line nr="822" mi="0" ci="1" mb="0" cb="0" />
      <line nr="823" mi="0" ci="1" mb="0" cb="0" />
      <line nr="824" mi="0" ci="1" mb="0" cb="0" />
      <line nr="826" mi="0" ci="2" mb="0" cb="0" />
      <line nr="829" mi="0" ci="1" mb="0" cb="0" />
      <line nr="830" mi="0" ci="1" mb="0" cb="0" />
      <line nr="831" mi="0" ci="1" mb="0" cb="0" />
      <line nr="832" mi="0" ci="1" mb="0" cb="0" />
      <line nr="833" mi="0" ci="1" mb="0" cb="0" />
      <line nr="834" mi="0" ci="1" mb="0" cb="0" />
      <line nr="835" mi="0" ci="1" mb="0" cb="0" />
      <line nr="836" mi="0" ci="1" mb="0" cb="0" />
      <line nr="837" mi="0" ci="1" mb="0" cb="0" />
      <line nr="839" mi="0" ci="2" mb="0" cb="0" />
      <line nr="842" mi="0" ci="1" mb="0" cb="0" />
      <line nr="844" mi="0" ci="2" mb="0" cb="0" />
      <line nr="845" mi="0" ci="2" mb="0" cb="0" />
      <line nr="850" mi="0" ci="1" mb="0" cb="0" />
      <line nr="863" mi="0" ci="1" mb="0" cb="0" />
      <line nr="866" mi="0" ci="2" mb="0" cb="0" />
      <line nr="867" mi="1" ci="0" mb="0" cb="0" />
      <line nr="873" mi="0" ci="1" mb="0" cb="0" />
      <line nr="875" mi="0" ci="1" mb="0" cb="0" />
      <line nr="878" mi="1" ci="0" mb="0" cb="0" />
      <line nr="879" mi="1" ci="0" mb="0" cb="0" />
      <line nr="882" mi="1" ci="0" mb="0" cb="0" />
      <line nr="883" mi="1" ci="0" mb="0" cb="0" />
      <line nr="884" mi="2" ci="0" mb="0" cb="0" />
      <line nr="886" mi="1" ci="0" mb="0" cb="0" />
      <line nr="887" mi="3" ci="0" mb="0" cb="0" />
      <line nr="888" mi="1" ci="0" mb="0" cb="0" />
      <line nr="891" mi="1" ci="0" mb="0" cb="0" />
      <line nr="897" mi="0" ci="1" mb="0" cb="0" />
      <line nr="898" mi="0" ci="1" mb="0" cb="0" />
      <line nr="899" mi="0" ci="1" mb="0" cb="0" />
      <line nr="903" mi="0" ci="1" mb="0" cb="0" />
      <line nr="904" mi="0" ci="1" mb="0" cb="0" />
      <line nr="905" mi="0" ci="1" mb="0" cb="0" />
      <line nr="909" mi="0" ci="1" mb="0" cb="0" />
      <line nr="910" mi="0" ci="1" mb="0" cb="0" />
      <line nr="911" mi="0" ci="1" mb="0" cb="0" />
      <line nr="912" mi="0" ci="1" mb="0" cb="0" />
      <line nr="913" mi="0" ci="1" mb="0" cb="0" />
      <line nr="914" mi="0" ci="1" mb="0" cb="0" />
      <line nr="916" mi="0" ci="1" mb="0" cb="0" />
      <line nr="919" mi="0" ci="1" mb="0" cb="0" />
      <line nr="920" mi="0" ci="1" mb="0" cb="0" />
      <line nr="921" mi="0" ci="1" mb="0" cb="0" />
      <line nr="926" mi="0" ci="1" mb="0" cb="0" />
      <line nr="943" mi="1" ci="0" mb="0" cb="0" />
      <line nr="956" mi="1" ci="0" mb="0" cb="0" />
      <line nr="957" mi="1" ci="0" mb="0" cb="0" />
      <line nr="961" mi="1" ci="0" mb="0" cb="0" />
      <line nr="962" mi="1" ci="0" mb="0" cb="0" />
      <line nr="964" mi="1" ci="0" mb="0" cb="0" />
      <line nr="965" mi="1" ci="0" mb="0" cb="0" />
      <line nr="966" mi="1" ci="0" mb="0" cb="0" />
      <line nr="971" mi="1" ci="0" mb="0" cb="0" />
      <line nr="972" mi="1" ci="0" mb="0" cb="0" />
      <line nr="973" mi="1" ci="0" mb="0" cb="0" />
      <line nr="978" mi="1" ci="0" mb="0" cb="0" />
      <line nr="979" mi="1" ci="0" mb="0" cb="0" />
      <line nr="980" mi="1" ci="0" mb="0" cb="0" />
      <line nr="985" mi="1" ci="0" mb="0" cb="0" />
      <line nr="986" mi="1" ci="0" mb="0" cb="0" />
      <line nr="987" mi="1" ci="0" mb="0" cb="0" />
      <line nr="992" mi="2" ci="0" mb="0" cb="0" />
      <line nr="993" mi="1" ci="0" mb="0" cb="0" />
      <line nr="994" mi="1" ci="0" mb="0" cb="0" />
      <line nr="999" mi="1" ci="0" mb="0" cb="0" />
      <line nr="1000" mi="1" ci="0" mb="0" cb="0" />
      <line nr="1001" mi="1" ci="0" mb="0" cb="0" />
      <line nr="1006" mi="1" ci="0" mb="0" cb="0" />
      <line nr="1007" mi="1" ci="0" mb="0" cb="0" />
      <line nr="1008" mi="1" ci="0" mb="0" cb="0" />
      <line nr="1014" mi="1" ci="0" mb="0" cb="0" />
      <line nr="1019" mi="1" ci="0" mb="0" cb="0" />
      <line nr="1020" mi="3" ci="0" mb="0" cb="0" />
      <line nr="1021" mi="1" ci="0" mb="0" cb="0" />
      <line nr="1026" mi="1" ci="0" mb="0" cb="0" />
      <line nr="1055" mi="1" ci="0" mb="0" cb="0" />
      <line nr="1056" mi="1" ci="0" mb="0" cb="0" />
      <line nr="1058" mi="1" ci="0" mb="0" cb="0" />
      <line nr="1059" mi="2" ci="0" mb="0" cb="0" />
      <line nr="1062" mi="2" ci="0" mb="0" cb="0" />
      <line nr="1063" mi="1" ci="0" mb="0" cb="0" />
      <line nr="1064" mi="1" ci="0" mb="0" cb="0" />
      <line nr="1067" mi="2" ci="0" mb="0" cb="0" />
      <line nr="1068" mi="2" ci="0" mb="0" cb="0" />
      <line nr="1072" mi="1" ci="0" mb="0" cb="0" />
      <line nr="1073" mi="1" ci="0" mb="0" cb="0" />
      <line nr="1075" mi="1" ci="0" mb="0" cb="0" />
      <line nr="1078" mi="1" ci="0" mb="0" cb="0" />
      <line nr="1081" mi="1" ci="0" mb="0" cb="0" />
      <line nr="1084" mi="1" ci="0" mb="0" cb="0" />
      <line nr="1090" mi="1" ci="0" mb="0" cb="0" />
      <line nr="1091" mi="1" ci="0" mb="0" cb="0" />
      <line nr="1093" mi="1" ci="0" mb="0" cb="0" />
      <line nr="1094" mi="1" ci="0" mb="0" cb="0" />
      <line nr="1095" mi="1" ci="0" mb="0" cb="0" />
      <line nr="1096" mi="1" ci="0" mb="0" cb="0" />
      <line nr="1097" mi="1" ci="0" mb="0" cb="0" />
      <line nr="1098" mi="1" ci="0" mb="0" cb="0" />
      <line nr="1099" mi="1" ci="0" mb="0" cb="0" />
      <line nr="1100" mi="1" ci="0" mb="0" cb="0" />
      <line nr="1101" mi="1" ci="0" mb="0" cb="0" />
      <line nr="1102" mi="1" ci="0" mb="0" cb="0" />
      <line nr="1105" mi="2" ci="0" mb="0" cb="0" />
      <line nr="1106" mi="3" ci="0" mb="0" cb="0" />
      <line nr="1109" mi="1" ci="0" mb="0" cb="0" />
      <line nr="1115" mi="1" ci="0" mb="0" cb="0" />
      <line nr="1116" mi="1" ci="0" mb="0" cb="0" />
      <line nr="1139" mi="0" ci="1" mb="0" cb="0" />
      <line nr="1169" mi="0" ci="1" mb="0" cb="0" />
      <line nr="1170" mi="0" ci="1" mb="0" cb="0" />
      <line nr="1193" mi="0" ci="2" mb="0" cb="0" />
      <line nr="1194" mi="1" ci="0" mb="0" cb="0" />
      <line nr="1195" mi="1" ci="0" mb="0" cb="0" />
      <line nr="1198" mi="0" ci="1" mb="0" cb="0" />
      <line nr="1227" mi="2" ci="0" mb="0" cb="0" />
      <line nr="1228" mi="1" ci="0" mb="0" cb="0" />
      <line nr="1229" mi="1" ci="0" mb="0" cb="0" />
      <line nr="1232" mi="1" ci="0" mb="0" cb="0" />
      <line nr="1233" mi="1" ci="0" mb="0" cb="0" />
      <line nr="1261" mi="1" ci="0" mb="0" cb="0" />
      <line nr="1262" mi="1" ci="0" mb="0" cb="0" />
      <line nr="1263" mi="1" ci="0" mb="0" cb="0" />
      <line nr="1264" mi="1" ci="0" mb="0" cb="0" />
      <line nr="1265" mi="1" ci="0" mb="0" cb="0" />
      <line nr="1266" mi="1" ci="0" mb="0" cb="0" />
      <line nr="1267" mi="1" ci="0" mb="0" cb="0" />
      <line nr="1268" mi="1" ci="0" mb="0" cb="0" />
      <line nr="1274" mi="1" ci="0" mb="0" cb="0" />
      <line nr="1275" mi="2" ci="0" mb="0" cb="0" />
      <line nr="1277" mi="1" ci="0" mb="0" cb="0" />
      <line nr="1279" mi="1" ci="0" mb="0" cb="0" />
      <line nr="1282" mi="1" ci="0" mb="0" cb="0" />
      <line nr="1285" mi="1" ci="0" mb="0" cb="0" />
      <line nr="1288" mi="1" ci="0" mb="0" cb="0" />
      <line nr="1291" mi="1" ci="0" mb="0" cb="0" />
      <line nr="1297" mi="1" ci="0" mb="0" cb="0" />
      <line nr="1298" mi="1" ci="0" mb="0" cb="0" />
      <line nr="1300" mi="2" ci="0" mb="0" cb="0" />
      <line nr="1301" mi="3" ci="0" mb="0" cb="0" />
      <line nr="1304" mi="1" ci="0" mb="0" cb="0" />
      <line nr="1332" mi="1" ci="0" mb="0" cb="0" />
      <line nr="1333" mi="1" ci="0" mb="0" cb="0" />
      <line nr="1334" mi="1" ci="0" mb="0" cb="0" />
      <line nr="1335" mi="1" ci="0" mb="0" cb="0" />
      <line nr="1340" mi="1" ci="0" mb="0" cb="0" />
      <line nr="1341" mi="1" ci="0" mb="0" cb="0" />
      <line nr="1343" mi="1" ci="0" mb="0" cb="0" />
      <line nr="1345" mi="1" ci="0" mb="0" cb="0" />
      <line nr="1347" mi="1" ci="0" mb="0" cb="0" />
      <line nr="1348" mi="1" ci="0" mb="0" cb="0" />
      <line nr="1350" mi="1" ci="0" mb="0" cb="0" />
      <line nr="1351" mi="1" ci="0" mb="0" cb="0" />
      <line nr="1354" mi="1" ci="0" mb="0" cb="0" />
      <line nr="1355" mi="3" ci="0" mb="0" cb="0" />
      <line nr="1356" mi="1" ci="0" mb="0" cb="0" />
      <line nr="1357" mi="3" ci="0" mb="0" cb="0" />
      <line nr="1359" mi="4" ci="0" mb="0" cb="0" />
      <line nr="1365" mi="1" ci="0" mb="0" cb="0" />
      <line nr="1366" mi="1" ci="0" mb="0" cb="0" />
      <line nr="1367" mi="1" ci="0" mb="0" cb="0" />
      <line nr="1368" mi="1" ci="0" mb="0" cb="0" />
      <line nr="1369" mi="1" ci="0" mb="0" cb="0" />
      <line nr="1370" mi="1" ci="0" mb="0" cb="0" />
      <line nr="1371" mi="1" ci="0" mb="0" cb="0" />
      <line nr="1372" mi="1" ci="0" mb="0" cb="0" />
      <line nr="1373" mi="1" ci="0" mb="0" cb="0" />
      <line nr="1376" mi="1" ci="0" mb="0" cb="0" />
      <line nr="1654" mi="2" ci="0" mb="0" cb="0" />
      <line nr="1655" mi="1" ci="0" mb="0" cb="0" />
      <line nr="1656" mi="1" ci="0" mb="0" cb="0" />
      <line nr="1660" mi="1" ci="0" mb="0" cb="0" />
      <line nr="1661" mi="1" ci="0" mb="0" cb="0" />
      <line nr="1663" mi="1" ci="0" mb="0" cb="0" />
      <line nr="1664" mi="1" ci="0" mb="0" cb="0" />
      <line nr="1666" mi="1" ci="0" mb="0" cb="0" />
      <line nr="1667" mi="1" ci="0" mb="0" cb="0" />
      <line nr="1669" mi="1" ci="0" mb="0" cb="0" />
      <line nr="1670" mi="1" ci="0" mb="0" cb="0" />
      <line nr="1672" mi="1" ci="0" mb="0" cb="0" />
      <line nr="1673" mi="1" ci="0" mb="0" cb="0" />
      <line nr="1675" mi="1" ci="0" mb="0" cb="0" />
      <line nr="1678" mi="1" ci="0" mb="0" cb="0" />
      <line nr="1679" mi="1" ci="0" mb="0" cb="0" />
      <line nr="1684" mi="1" ci="0" mb="0" cb="0" />
      <line nr="1685" mi="1" ci="0" mb="0" cb="0" />
      <line nr="1686" mi="1" ci="0" mb="0" cb="0" />
      <line nr="1687" mi="1" ci="0" mb="0" cb="0" />
      <line nr="1689" mi="1" ci="0" mb="0" cb="0" />
      <line nr="1694" mi="1" ci="0" mb="0" cb="0" />
      <line nr="1695" mi="1" ci="0" mb="0" cb="0" />
      <line nr="1696" mi="1" ci="0" mb="0" cb="0" />
      <line nr="1700" mi="1" ci="0" mb="0" cb="0" />
      <line nr="1701" mi="1" ci="0" mb="0" cb="0" />
      <line nr="1702" mi="1" ci="0" mb="0" cb="0" />
      <line nr="1703" mi="1" ci="0" mb="0" cb="0" />
      <line nr="1706" mi="1" ci="0" mb="0" cb="0" />
      <line nr="1707" mi="1" ci="0" mb="0" cb="0" />
      <line nr="1708" mi="1" ci="0" mb="0" cb="0" />
      <line nr="1712" mi="1" ci="0" mb="0" cb="0" />
      <line nr="1713" mi="1" ci="0" mb="0" cb="0" />
      <line nr="1715" mi="1" ci="0" mb="0" cb="0" />
      <line nr="1716" mi="1" ci="0" mb="0" cb="0" />
      <line nr="1717" mi="1" ci="0" mb="0" cb="0" />
      <line nr="1722" mi="1" ci="0" mb="0" cb="0" />
      <line nr="1723" mi="1" ci="0" mb="0" cb="0" />
      <line nr="1726" mi="1" ci="0" mb="0" cb="0" />
      <line nr="1727" mi="1" ci="0" mb="0" cb="0" />
      <line nr="1728" mi="1" ci="0" mb="0" cb="0" />
      <line nr="1731" mi="1" ci="0" mb="0" cb="0" />
      <line nr="1736" mi="1" ci="0" mb="0" cb="0" />
      <line nr="1737" mi="1" ci="0" mb="0" cb="0" />
      <line nr="1738" mi="1" ci="0" mb="0" cb="0" />
      <line nr="1739" mi="1" ci="0" mb="0" cb="0" />
      <line nr="1741" mi="1" ci="0" mb="0" cb="0" />
      <line nr="1743" mi="1" ci="0" mb="0" cb="0" />
      <line nr="1747" mi="1" ci="0" mb="0" cb="0" />
      <line nr="1748" mi="1" ci="0" mb="0" cb="0" />
      <line nr="1749" mi="1" ci="0" mb="0" cb="0" />
      <line nr="1750" mi="1" ci="0" mb="0" cb="0" />
      <line nr="1751" mi="1" ci="0" mb="0" cb="0" />
      <line nr="1753" mi="1" ci="0" mb="0" cb="0" />
      <line nr="1757" mi="1" ci="0" mb="0" cb="0" />
      <line nr="1758" mi="1" ci="0" mb="0" cb="0" />
      <line nr="1759" mi="1" ci="0" mb="0" cb="0" />
      <line nr="1762" mi="1" ci="0" mb="0" cb="0" />
      <line nr="1764" mi="1" ci="0" mb="0" cb="0" />
      <line nr="1767" mi="1" ci="0" mb="0" cb="0" />
      <line nr="1768" mi="1" ci="0" mb="0" cb="0" />
      <line nr="1769" mi="1" ci="0" mb="0" cb="0" />
      <line nr="1773" mi="1" ci="0" mb="0" cb="0" />
      <line nr="1774" mi="1" ci="0" mb="0" cb="0" />
      <line nr="1775" mi="1" ci="0" mb="0" cb="0" />
      <line nr="1777" mi="2" ci="0" mb="0" cb="0" />
      <line nr="1780" mi="1" ci="0" mb="0" cb="0" />
      <line nr="1784" mi="1" ci="0" mb="0" cb="0" />
      <line nr="1787" mi="1" ci="0" mb="0" cb="0" />
      <line nr="1791" mi="2" ci="0" mb="0" cb="0" />
      <line nr="1792" mi="1" ci="0" mb="0" cb="0" />
      <line nr="1796" mi="1" ci="0" mb="0" cb="0" />
      <line nr="1801" mi="1" ci="0" mb="0" cb="0" />
      <line nr="1802" mi="1" ci="0" mb="0" cb="0" />
      <line nr="1807" mi="1" ci="0" mb="0" cb="0" />
      <line nr="1809" mi="1" ci="0" mb="0" cb="0" />
      <line nr="1810" mi="1" ci="0" mb="0" cb="0" />
      <line nr="1811" mi="1" ci="0" mb="0" cb="0" />
      <line nr="1814" mi="1" ci="0" mb="0" cb="0" />
      <line nr="1817" mi="1" ci="0" mb="0" cb="0" />
      <line nr="1820" mi="1" ci="0" mb="0" cb="0" />
      <line nr="1821" mi="1" ci="0" mb="0" cb="0" />
      <line nr="1824" mi="1" ci="0" mb="0" cb="0" />
      <line nr="1825" mi="1" ci="0" mb="0" cb="0" />
      <line nr="1828" mi="2" ci="0" mb="0" cb="0" />
      <line nr="1829" mi="1" ci="0" mb="0" cb="0" />
      <line nr="1830" mi="1" ci="0" mb="0" cb="0" />
      <line nr="1831" mi="1" ci="0" mb="0" cb="0" />
      <line nr="1832" mi="1" ci="0" mb="0" cb="0" />
      <line nr="1833" mi="1" ci="0" mb="0" cb="0" />
      <line nr="1834" mi="1" ci="0" mb="0" cb="0" />
      <line nr="1835" mi="1" ci="0" mb="0" cb="0" />
      <line nr="1836" mi="1" ci="0" mb="0" cb="0" />
      <line nr="1837" mi="1" ci="0" mb="0" cb="0" />
      <line nr="1838" mi="1" ci="0" mb="0" cb="0" />
      <line nr="1843" mi="1" ci="0" mb="0" cb="0" />
      <line nr="1844" mi="1" ci="0" mb="0" cb="0" />
      <line nr="1845" mi="1" ci="0" mb="0" cb="0" />
      <line nr="1846" mi="1" ci="0" mb="0" cb="0" />
      <line nr="1850" mi="1" ci="0" mb="0" cb="0" />
      <line nr="1851" mi="1" ci="0" mb="0" cb="0" />
      <line nr="1853" mi="1" ci="0" mb="0" cb="0" />
      <line nr="1856" mi="1" ci="0" mb="0" cb="0" />
      <line nr="1857" mi="1" ci="0" mb="0" cb="0" />
      <line nr="1859" mi="1" ci="0" mb="0" cb="0" />
      <line nr="1860" mi="1" ci="0" mb="0" cb="0" />
      <line nr="1862" mi="1" ci="0" mb="0" cb="0" />
      <line nr="1863" mi="1" ci="0" mb="0" cb="0" />
      <line nr="1866" mi="1" ci="0" mb="0" cb="0" />
      <line nr="1870" mi="1" ci="0" mb="0" cb="0" />
      <line nr="1872" mi="1" ci="0" mb="0" cb="0" />
      <line nr="1873" mi="1" ci="0" mb="0" cb="0" />
      <line nr="1874" mi="1" ci="0" mb="0" cb="0" />
      <line nr="1875" mi="1" ci="0" mb="0" cb="0" />
      <line nr="1876" mi="1" ci="0" mb="0" cb="0" />
      <line nr="1877" mi="1" ci="0" mb="0" cb="0" />
      <line nr="1878" mi="1" ci="0" mb="0" cb="0" />
      <line nr="1879" mi="1" ci="0" mb="0" cb="0" />
      <line nr="1883" mi="1" ci="0" mb="0" cb="0" />
      <line nr="1886" mi="1" ci="0" mb="0" cb="0" />
      <line nr="1887" mi="1" ci="0" mb="0" cb="0" />
      <line nr="1889" mi="1" ci="0" mb="0" cb="0" />
      <line nr="1892" mi="1" ci="0" mb="0" cb="0" />
      <line nr="1893" mi="2" ci="0" mb="0" cb="0" />
      <line nr="1894" mi="1" ci="0" mb="0" cb="0" />
      <line nr="1895" mi="1" ci="0" mb="0" cb="0" />
      <line nr="1896" mi="1" ci="0" mb="0" cb="0" />
      <line nr="1897" mi="1" ci="0" mb="0" cb="0" />
      <line nr="1899" mi="1" ci="0" mb="0" cb="0" />
      <line nr="1903" mi="1" ci="0" mb="0" cb="0" />
      <line nr="1904" mi="1" ci="0" mb="0" cb="0" />
      <line nr="1912" mi="1" ci="0" mb="0" cb="0" />
      <line nr="1913" mi="1" ci="0" mb="0" cb="0" />
      <line nr="1914" mi="1" ci="0" mb="0" cb="0" />
      <line nr="1917" mi="1" ci="0" mb="0" cb="0" />
      <line nr="1920" mi="1" ci="0" mb="0" cb="0" />
      <line nr="1921" mi="1" ci="0" mb="0" cb="0" />
      <line nr="1922" mi="1" ci="0" mb="0" cb="0" />
      <line nr="1923" mi="1" ci="0" mb="0" cb="0" />
      <line nr="1924" mi="1" ci="0" mb="0" cb="0" />
      <line nr="1925" mi="1" ci="0" mb="0" cb="0" />
      <line nr="1926" mi="1" ci="0" mb="0" cb="0" />
      <line nr="1927" mi="1" ci="0" mb="0" cb="0" />
      <line nr="1928" mi="1" ci="0" mb="0" cb="0" />
      <line nr="1933" mi="1" ci="0" mb="0" cb="0" />
      <line nr="1934" mi="1" ci="0" mb="0" cb="0" />
      <line nr="1936" mi="1" ci="0" mb="0" cb="0" />
      <line nr="1939" mi="1" ci="0" mb="0" cb="0" />
      <line nr="1940" mi="1" ci="0" mb="0" cb="0" />
      <line nr="1942" mi="1" ci="0" mb="0" cb="0" />
      <line nr="1943" mi="1" ci="0" mb="0" cb="0" />
      <line nr="1945" mi="1" ci="0" mb="0" cb="0" />
      <line nr="1946" mi="1" ci="0" mb="0" cb="0" />
      <line nr="1949" mi="1" ci="0" mb="0" cb="0" />
      <line nr="1953" mi="1" ci="0" mb="0" cb="0" />
      <line nr="1954" mi="1" ci="0" mb="0" cb="0" />
      <line nr="1955" mi="1" ci="0" mb="0" cb="0" />
      <line nr="1956" mi="1" ci="0" mb="0" cb="0" />
      <line nr="1957" mi="1" ci="0" mb="0" cb="0" />
      <line nr="1960" mi="1" ci="0" mb="0" cb="0" />
      <line nr="1963" mi="1" ci="0" mb="0" cb="0" />
      <line nr="1964" mi="1" ci="0" mb="0" cb="0" />
      <line nr="1965" mi="1" ci="0" mb="0" cb="0" />
      <line nr="1966" mi="1" ci="0" mb="0" cb="0" />
      <line nr="1967" mi="1" ci="0" mb="0" cb="0" />
      <line nr="1972" mi="1" ci="0" mb="0" cb="0" />
      <line nr="1973" mi="1" ci="0" mb="0" cb="0" />
      <line nr="1974" mi="1" ci="0" mb="0" cb="0" />
      <line nr="1976" mi="1" ci="0" mb="0" cb="0" />
      <line nr="1979" mi="1" ci="0" mb="0" cb="0" />
      <line nr="1981" mi="3" ci="0" mb="0" cb="0" />
      <line nr="1982" mi="1" ci="0" mb="0" cb="0" />
      <line nr="1984" mi="1" ci="0" mb="0" cb="0" />
      <line nr="1986" mi="1" ci="0" mb="0" cb="0" />
      <line nr="1988" mi="1" ci="0" mb="0" cb="0" />
      <line nr="1990" mi="1" ci="0" mb="0" cb="0" />
      <line nr="1991" mi="1" ci="0" mb="0" cb="0" />
      <line nr="1992" mi="1" ci="0" mb="0" cb="0" />
      <line nr="1993" mi="1" ci="0" mb="0" cb="0" />
      <line nr="1994" mi="1" ci="0" mb="0" cb="0" />
      <line nr="1995" mi="1" ci="0" mb="0" cb="0" />
      <line nr="1996" mi="1" ci="0" mb="0" cb="0" />
      <line nr="1997" mi="1" ci="0" mb="0" cb="0" />
      <line nr="2001" mi="1" ci="0" mb="0" cb="0" />
      <line nr="2004" mi="1" ci="0" mb="0" cb="0" />
      <line nr="2005" mi="1" ci="0" mb="0" cb="0" />
      <line nr="2010" mi="1" ci="0" mb="0" cb="0" />
      <line nr="2011" mi="1" ci="0" mb="0" cb="0" />
      <line nr="2012" mi="1" ci="0" mb="0" cb="0" />
      <line nr="2013" mi="1" ci="0" mb="0" cb="0" />
      <line nr="2014" mi="1" ci="0" mb="0" cb="0" />
      <line nr="2017" mi="1" ci="0" mb="0" cb="0" />
      <line nr="2018" mi="2" ci="0" mb="0" cb="0" />
      <line nr="2019" mi="1" ci="0" mb="0" cb="0" />
      <line nr="2020" mi="1" ci="0" mb="0" cb="0" />
      <line nr="2021" mi="1" ci="0" mb="0" cb="0" />
      <line nr="2022" mi="1" ci="0" mb="0" cb="0" />
      <line nr="2024" mi="1" ci="0" mb="0" cb="0" />
      <line nr="2030" mi="1" ci="0" mb="0" cb="0" />
      <line nr="2033" mi="1" ci="0" mb="0" cb="0" />
      <line nr="2034" mi="1" ci="0" mb="0" cb="0" />
      <line nr="2037" mi="1" ci="0" mb="0" cb="0" />
      <line nr="2038" mi="1" ci="0" mb="0" cb="0" />
      <line nr="2039" mi="1" ci="0" mb="0" cb="0" />
      <line nr="2040" mi="1" ci="0" mb="0" cb="0" />
      <line nr="2043" mi="1" ci="0" mb="0" cb="0" />
      <line nr="2044" mi="1" ci="0" mb="0" cb="0" />
      <line nr="2046" mi="1" ci="0" mb="0" cb="0" />
      <line nr="2048" mi="1" ci="0" mb="0" cb="0" />
      <line nr="2052" mi="1" ci="0" mb="0" cb="0" />
      <line nr="2055" mi="1" ci="0" mb="0" cb="0" />
      <line nr="2056" mi="1" ci="0" mb="0" cb="0" />
      <line nr="2060" mi="1" ci="0" mb="0" cb="0" />
      <line nr="2061" mi="1" ci="0" mb="0" cb="0" />
      <line nr="2065" mi="1" ci="0" mb="0" cb="0" />
      <line nr="2066" mi="1" ci="0" mb="0" cb="0" />
      <line nr="2071" mi="1" ci="0" mb="0" cb="0" />
      <line nr="2072" mi="1" ci="0" mb="0" cb="0" />
      <line nr="2073" mi="1" ci="0" mb="0" cb="0" />
      <line nr="2076" mi="1" ci="0" mb="0" cb="0" />
      <line nr="2077" mi="1" ci="0" mb="0" cb="0" />
      <line nr="2078" mi="1" ci="0" mb="0" cb="0" />
      <line nr="2085" mi="1" ci="0" mb="0" cb="0" />
      <line nr="2086" mi="1" ci="0" mb="0" cb="0" />
      <line nr="2090" mi="1" ci="0" mb="0" cb="0" />
      <line nr="2091" mi="1" ci="0" mb="0" cb="0" />
      <line nr="2092" mi="1" ci="0" mb="0" cb="0" />
      <line nr="2093" mi="1" ci="0" mb="0" cb="0" />
      <line nr="2094" mi="1" ci="0" mb="0" cb="0" />
      <line nr="2097" mi="1" ci="0" mb="0" cb="0" />
      <line nr="2099" mi="2" ci="0" mb="0" cb="0" />
      <line nr="2100" mi="3" ci="0" mb="0" cb="0" />
      <line nr="2102" mi="1" ci="0" mb="0" cb="0" />
      <line nr="2108" mi="1" ci="0" mb="0" cb="0" />
      <line nr="2109" mi="1" ci="0" mb="0" cb="0" />
      <line nr="2110" mi="4" ci="0" mb="0" cb="0" />
      <line nr="2113" mi="1" ci="0" mb="0" cb="0" />
      <line nr="2114" mi="1" ci="0" mb="0" cb="0" />
      <line nr="2115" mi="1" ci="0" mb="0" cb="0" />
      <line nr="2116" mi="1" ci="0" mb="0" cb="0" />
      <line nr="2117" mi="1" ci="0" mb="0" cb="0" />
      <line nr="2118" mi="1" ci="0" mb="0" cb="0" />
      <line nr="2119" mi="1" ci="0" mb="0" cb="0" />
      <line nr="2120" mi="1" ci="0" mb="0" cb="0" />
      <line nr="2121" mi="1" ci="0" mb="0" cb="0" />
      <line nr="2122" mi="1" ci="0" mb="0" cb="0" />
      <line nr="2123" mi="3" ci="0" mb="0" cb="0" />
      <line nr="2126" mi="1" ci="0" mb="0" cb="0" />
      <line nr="2253" mi="0" ci="1" mb="0" cb="0" />
      <line nr="2254" mi="0" ci="1" mb="0" cb="0" />
      <line nr="2255" mi="0" ci="1" mb="0" cb="0" />
      <line nr="2256" mi="0" ci="1" mb="0" cb="0" />
      <line nr="2258" mi="1" ci="0" mb="0" cb="0" />
      <line nr="2262" mi="0" ci="1" mb="0" cb="0" />
      <line nr="2265" mi="0" ci="1" mb="0" cb="0" />
      <line nr="2266" mi="1" ci="0" mb="0" cb="0" />
      <line nr="2267" mi="1" ci="0" mb="0" cb="0" />
      <line nr="2268" mi="0" ci="1" mb="0" cb="0" />
      <line nr="2269" mi="1" ci="0" mb="0" cb="0" />
      <line nr="2270" mi="1" ci="0" mb="0" cb="0" />
      <line nr="2271" mi="1" ci="0" mb="0" cb="0" />
      <line nr="2272" mi="1" ci="0" mb="0" cb="0" />
      <line nr="2274" mi="0" ci="1" mb="0" cb="0" />
      <line nr="2275" mi="1" ci="0" mb="0" cb="0" />
      <line nr="2276" mi="1" ci="0" mb="0" cb="0" />
      <line nr="2277" mi="1" ci="0" mb="0" cb="0" />
      <line nr="2278" mi="1" ci="0" mb="0" cb="0" />
      <line nr="2280" mi="0" ci="1" mb="0" cb="0" />
      <line nr="2281" mi="1" ci="0" mb="0" cb="0" />
      <line nr="2282" mi="1" ci="0" mb="0" cb="0" />
      <line nr="2283" mi="1" ci="0" mb="0" cb="0" />
      <line nr="2284" mi="1" ci="0" mb="0" cb="0" />
      <line nr="2286" mi="0" ci="1" mb="0" cb="0" />
      <line nr="2287" mi="0" ci="1" mb="0" cb="0" />
      <line nr="2288" mi="0" ci="1" mb="0" cb="0" />
      <line nr="2289" mi="0" ci="1" mb="0" cb="0" />
      <line nr="2290" mi="0" ci="1" mb="0" cb="0" />
      <line nr="2294" mi="1" ci="0" mb="0" cb="0" />
      <line nr="2295" mi="1" ci="0" mb="0" cb="0" />
      <line nr="2296" mi="1" ci="0" mb="0" cb="0" />
      <line nr="2297" mi="1" ci="0" mb="0" cb="0" />
      <line nr="2301" mi="0" ci="1" mb="0" cb="0" />
      <line nr="2302" mi="0" ci="1" mb="0" cb="0" />
      <line nr="2304" mi="0" ci="1" mb="0" cb="0" />
      <line nr="2308" mi="0" ci="1" mb="0" cb="0" />
      <line nr="2309" mi="1" ci="0" mb="0" cb="0" />
      <line nr="2310" mi="1" ci="0" mb="0" cb="0" />
      <line nr="2313" mi="0" ci="2" mb="0" cb="0" />
      <line nr="2316" mi="0" ci="1" mb="0" cb="0" />
      <line nr="2317" mi="1" ci="0" mb="0" cb="0" />
      <line nr="2318" mi="1" ci="0" mb="0" cb="0" />
      <line nr="2319" mi="1" ci="0" mb="0" cb="0" />
      <line nr="2320" mi="1" ci="0" mb="0" cb="0" />
      <line nr="2322" mi="1" ci="0" mb="0" cb="0" />
      <line nr="2326" mi="0" ci="1" mb="0" cb="0" />
      <line nr="2329" mi="0" ci="1" mb="0" cb="0" />
      <line nr="2330" mi="0" ci="1" mb="0" cb="0" />
      <line nr="2331" mi="0" ci="1" mb="0" cb="0" />
      <line nr="2332" mi="0" ci="1" mb="0" cb="0" />
      <line nr="2335" mi="0" ci="1" mb="0" cb="0" />
      <line nr="2336" mi="1" ci="0" mb="0" cb="0" />
      <line nr="2337" mi="1" ci="0" mb="0" cb="0" />
      <line nr="2339" mi="0" ci="1" mb="0" cb="0" />
      <line nr="2342" mi="0" ci="1" mb="0" cb="0" />
      <line nr="2344" mi="0" ci="1" mb="0" cb="0" />
      <line nr="2345" mi="0" ci="1" mb="0" cb="0" />
      <line nr="2346" mi="0" ci="1" mb="0" cb="0" />
      <line nr="2349" mi="0" ci="3" mb="0" cb="0" />
      <line nr="2350" mi="0" ci="1" mb="0" cb="0" />
      <line nr="2353" mi="0" ci="1" mb="0" cb="0" />
      <line nr="2355" mi="0" ci="1" mb="0" cb="0" />
      <line nr="2357" mi="0" ci="1" mb="0" cb="0" />
      <line nr="2360" mi="0" ci="1" mb="0" cb="0" />
      <line nr="2361" mi="0" ci="1" mb="0" cb="0" />
      <line nr="2362" mi="0" ci="1" mb="0" cb="0" />
      <line nr="2363" mi="0" ci="1" mb="0" cb="0" />
      <line nr="2364" mi="0" ci="1" mb="0" cb="0" />
      <line nr="2367" mi="0" ci="2" mb="0" cb="0" />
      <line nr="2368" mi="0" ci="1" mb="0" cb="0" />
      <line nr="2369" mi="2" ci="0" mb="0" cb="0" />
      <line nr="2370" mi="1" ci="0" mb="0" cb="0" />
      <line nr="2371" mi="1" ci="0" mb="0" cb="0" />
      <line nr="2372" mi="1" ci="0" mb="0" cb="0" />
      <line nr="2373" mi="1" ci="0" mb="0" cb="0" />
      <line nr="2375" mi="1" ci="0" mb="0" cb="0" />
      <line nr="2379" mi="0" ci="1" mb="0" cb="0" />
      <line nr="2380" mi="1" ci="0" mb="0" cb="0" />
      <line nr="2381" mi="1" ci="0" mb="0" cb="0" />
      <line nr="2390" mi="0" ci="1" mb="0" cb="0" />
      <line nr="2391" mi="0" ci="1" mb="0" cb="0" />
      <line nr="2397" mi="0" ci="1" mb="0" cb="0" />
      <line nr="2399" mi="0" ci="1" mb="0" cb="0" />
      <line nr="2401" mi="0" ci="1" mb="0" cb="0" />
      <line nr="2404" mi="0" ci="1" mb="0" cb="0" />
      <line nr="2405" mi="0" ci="1" mb="0" cb="0" />
      <line nr="2406" mi="1" ci="0" mb="0" cb="0" />
      <line nr="2412" mi="0" ci="1" mb="0" cb="0" />
      <line nr="2413" mi="0" ci="1" mb="0" cb="0" />
      <line nr="2417" mi="0" ci="1" mb="0" cb="0" />
      <line nr="2420" mi="0" ci="1" mb="0" cb="0" />
      <line nr="2421" mi="1" ci="0" mb="0" cb="0" />
      <line nr="2424" mi="1" ci="0" mb="0" cb="0" />
      <line nr="2425" mi="1" ci="0" mb="0" cb="0" />
      <line nr="2426" mi="3" ci="0" mb="0" cb="0" />
      <line nr="2427" mi="1" ci="0" mb="0" cb="0" />
      <line nr="2428" mi="1" ci="0" mb="0" cb="0" />
      <line nr="2431" mi="1" ci="0" mb="0" cb="0" />
      <line nr="2432" mi="1" ci="0" mb="0" cb="0" />
      <line nr="2434" mi="1" ci="0" mb="0" cb="0" />
      <line nr="2436" mi="1" ci="0" mb="0" cb="0" />
      <line nr="2440" mi="1" ci="0" mb="0" cb="0" />
      <line nr="2441" mi="1" ci="0" mb="0" cb="0" />
      <line nr="2442" mi="1" ci="0" mb="0" cb="0" />
      <line nr="2450" mi="0" ci="1" mb="0" cb="0" />
      <line nr="2451" mi="1" ci="0" mb="0" cb="0" />
      <line nr="2456" mi="0" ci="2" mb="0" cb="0" />
      <line nr="2459" mi="0" ci="1" mb="0" cb="0" />
      <line nr="2462" mi="0" ci="1" mb="0" cb="0" />
      <line nr="2463" mi="0" ci="1" mb="0" cb="0" />
      <line nr="2467" mi="0" ci="1" mb="0" cb="0" />
      <line nr="2468" mi="2" ci="0" mb="0" cb="0" />
      <line nr="2469" mi="1" ci="0" mb="0" cb="0" />
      <line nr="2470" mi="1" ci="0" mb="0" cb="0" />
      <line nr="2471" mi="1" ci="0" mb="0" cb="0" />
      <line nr="2475" mi="3" ci="0" mb="0" cb="0" />
      <line nr="2478" mi="1" ci="0" mb="0" cb="0" />
      <line nr="2479" mi="1" ci="0" mb="0" cb="0" />
      <line nr="2483" mi="0" ci="3" mb="0" cb="0" />
      <line nr="2486" mi="0" ci="1" mb="0" cb="0" />
      <line nr="2487" mi="0" ci="1" mb="0" cb="0" />
      <line nr="2492" mi="0" ci="2" mb="0" cb="0" />
      <line nr="2493" mi="1" ci="0" mb="0" cb="0" />
      <line nr="2497" mi="0" ci="2" mb="0" cb="0" />
      <line nr="2498" mi="1" ci="0" mb="0" cb="0" />
      <line nr="2499" mi="1" ci="0" mb="0" cb="0" />
      <line nr="2503" mi="0" ci="2" mb="0" cb="0" />
      <line nr="2504" mi="1" ci="0" mb="0" cb="0" />
      <line nr="2505" mi="1" ci="0" mb="0" cb="0" />
      <line nr="2507" mi="1" ci="0" mb="0" cb="0" />
      <line nr="2511" mi="0" ci="2" mb="0" cb="0" />
      <line nr="2512" mi="0" ci="1" mb="0" cb="0" />
      <line nr="2516" mi="0" ci="2" mb="0" cb="0" />
      <line nr="2518" mi="1" ci="0" mb="0" cb="0" />
      <line nr="2522" mi="0" ci="1" mb="0" cb="0" />
      <line nr="2524" mi="3" ci="0" mb="0" cb="0" />
      <line nr="2525" mi="1" ci="0" mb="0" cb="0" />
      <line nr="2526" mi="1" ci="0" mb="0" cb="0" />
      <line nr="2527" mi="1" ci="0" mb="0" cb="0" />
      <line nr="2532" mi="0" ci="1" mb="0" cb="0" />
      <line nr="2640" mi="0" ci="1" mb="0" cb="0" />
      <line nr="2641" mi="0" ci="1" mb="0" cb="0" />
      <line nr="2644" mi="0" ci="1" mb="0" cb="0" />
      <line nr="2647" mi="0" ci="1" mb="0" cb="0" />
      <line nr="2648" mi="1" ci="0" mb="0" cb="0" />
      <line nr="2650" mi="0" ci="1" mb="0" cb="0" />
      <line nr="2651" mi="0" ci="1" mb="0" cb="0" />
      <line nr="2653" mi="0" ci="1" mb="0" cb="0" />
      <line nr="2654" mi="0" ci="1" mb="0" cb="0" />
      <line nr="2655" mi="0" ci="1" mb="0" cb="0" />
      <line nr="2656" mi="0" ci="1" mb="0" cb="0" />
      <line nr="2659" mi="0" ci="1" mb="0" cb="0" />
      <line nr="2660" mi="1" ci="0" mb="0" cb="0" />
      <line nr="2661" mi="1" ci="0" mb="0" cb="0" />
      <line nr="2662" mi="1" ci="0" mb="0" cb="0" />
      <line nr="2663" mi="1" ci="0" mb="0" cb="0" />
      <line nr="2664" mi="1" ci="0" mb="0" cb="0" />
      <line nr="2667" mi="1" ci="0" mb="0" cb="0" />
      <line nr="2668" mi="1" ci="0" mb="0" cb="0" />
      <line nr="2669" mi="1" ci="0" mb="0" cb="0" />
      <line nr="2670" mi="1" ci="0" mb="0" cb="0" />
      <line nr="2671" mi="1" ci="0" mb="0" cb="0" />
      <line nr="2674" mi="1" ci="0" mb="0" cb="0" />
      <line nr="2675" mi="1" ci="0" mb="0" cb="0" />
      <line nr="2677" mi="1" ci="0" mb="0" cb="0" />
      <line nr="2678" mi="1" ci="0" mb="0" cb="0" />
      <line nr="2680" mi="1" ci="0" mb="0" cb="0" />
      <line nr="2681" mi="1" ci="0" mb="0" cb="0" />
      <line nr="2682" mi="1" ci="0" mb="0" cb="0" />
      <line nr="2685" mi="1" ci="0" mb="0" cb="0" />
      <line nr="2686" mi="1" ci="0" mb="0" cb="0" />
      <line nr="2688" mi="1" ci="0" mb="0" cb="0" />
      <line nr="2689" mi="1" ci="0" mb="0" cb="0" />
      <line nr="2691" mi="1" ci="0" mb="0" cb="0" />
      <line nr="2692" mi="1" ci="0" mb="0" cb="0" />
      <line nr="2693" mi="1" ci="0" mb="0" cb="0" />
      <line nr="2696" mi="1" ci="0" mb="0" cb="0" />
      <line nr="2697" mi="1" ci="0" mb="0" cb="0" />
      <line nr="2698" mi="1" ci="0" mb="0" cb="0" />
      <line nr="2699" mi="1" ci="0" mb="0" cb="0" />
      <line nr="2700" mi="1" ci="0" mb="0" cb="0" />
      <line nr="2703" mi="1" ci="0" mb="0" cb="0" />
      <line nr="2705" mi="1" ci="0" mb="0" cb="0" />
      <line nr="2707" mi="1" ci="0" mb="0" cb="0" />
      <line nr="2708" mi="1" ci="0" mb="0" cb="0" />
      <line nr="2710" mi="3" ci="0" mb="0" cb="0" />
      <line nr="2711" mi="1" ci="0" mb="0" cb="0" />
      <line nr="2712" mi="1" ci="0" mb="0" cb="0" />
      <line nr="2713" mi="1" ci="0" mb="0" cb="0" />
      <line nr="2718" mi="1" ci="0" mb="0" cb="0" />
      <line nr="2719" mi="1" ci="0" mb="0" cb="0" />
      <line nr="2720" mi="1" ci="0" mb="0" cb="0" />
      <line nr="2724" mi="0" ci="1" mb="0" cb="0" />
      <line nr="2725" mi="0" ci="1" mb="0" cb="0" />
      <line nr="2727" mi="0" ci="1" mb="0" cb="0" />
      <line nr="2731" mi="0" ci="1" mb="0" cb="0" />
      <line nr="2732" mi="1" ci="0" mb="0" cb="0" />
      <line nr="2733" mi="1" ci="0" mb="0" cb="0" />
      <line nr="2734" mi="1" ci="0" mb="0" cb="0" />
      <line nr="2735" mi="1" ci="0" mb="0" cb="0" />
      <line nr="2736" mi="1" ci="0" mb="0" cb="0" />
      <line nr="2737" mi="1" ci="0" mb="0" cb="0" />
      <line nr="2738" mi="1" ci="0" mb="0" cb="0" />
      <line nr="2742" mi="0" ci="2" mb="0" cb="0" />
      <line nr="2745" mi="0" ci="1" mb="0" cb="0" />
      <line nr="2746" mi="1" ci="0" mb="0" cb="0" />
      <line nr="2747" mi="1" ci="0" mb="0" cb="0" />
      <line nr="2748" mi="1" ci="0" mb="0" cb="0" />
      <line nr="2749" mi="1" ci="0" mb="0" cb="0" />
      <line nr="2751" mi="1" ci="0" mb="0" cb="0" />
      <line nr="2755" mi="0" ci="1" mb="0" cb="0" />
      <line nr="2758" mi="0" ci="1" mb="0" cb="0" />
      <line nr="2759" mi="1" ci="0" mb="0" cb="0" />
      <line nr="2764" mi="0" ci="1" mb="0" cb="0" />
      <line nr="2766" mi="1" ci="0" mb="0" cb="0" />
      <line nr="2767" mi="1" ci="0" mb="0" cb="0" />
      <line nr="2769" mi="1" ci="0" mb="0" cb="0" />
      <line nr="2771" mi="1" ci="0" mb="0" cb="0" />
      <line nr="2772" mi="5" ci="0" mb="0" cb="0" />
      <line nr="2773" mi="1" ci="0" mb="0" cb="0" />
      <line nr="2774" mi="1" ci="0" mb="0" cb="0" />
      <line nr="2775" mi="1" ci="0" mb="0" cb="0" />
      <line nr="2776" mi="1" ci="0" mb="0" cb="0" />
      <line nr="2777" mi="1" ci="0" mb="0" cb="0" />
      <line nr="2778" mi="1" ci="0" mb="0" cb="0" />
      <line nr="2779" mi="3" ci="0" mb="0" cb="0" />
      <line nr="2783" mi="1" ci="0" mb="0" cb="0" />
      <line nr="2784" mi="3" ci="0" mb="0" cb="0" />
      <line nr="2788" mi="2" ci="0" mb="0" cb="0" />
      <line nr="2794" mi="0" ci="1" mb="0" cb="0" />
      <line nr="2795" mi="1" ci="0" mb="0" cb="0" />
      <line nr="2800" mi="0" ci="1" mb="0" cb="0" />
      <line nr="2803" mi="0" ci="1" mb="0" cb="0" />
      <line nr="2804" mi="1" ci="2" mb="0" cb="0" />
      <line nr="2805" mi="1" ci="2" mb="0" cb="0" />
      <line nr="2806" mi="1" ci="2" mb="0" cb="0" />
      <line nr="2807" mi="1" ci="2" mb="0" cb="0" />
      <line nr="2808" mi="1" ci="2" mb="0" cb="0" />
      <line nr="2809" mi="1" ci="2" mb="0" cb="0" />
      <line nr="2810" mi="1" ci="2" mb="0" cb="0" />
      <line nr="2811" mi="1" ci="2" mb="0" cb="0" />
      <line nr="2815" mi="0" ci="1" mb="0" cb="0" />
      <line nr="2818" mi="0" ci="1" mb="0" cb="0" />
      <line nr="2819" mi="1" ci="0" mb="0" cb="0" />
      <line nr="2822" mi="1" ci="0" mb="0" cb="0" />
      <line nr="2823" mi="1" ci="0" mb="0" cb="0" />
      <line nr="2827" mi="1" ci="0" mb="0" cb="0" />
      <line nr="2828" mi="1" ci="0" mb="0" cb="0" />
      <line nr="2829" mi="1" ci="0" mb="0" cb="0" />
      <line nr="2830" mi="1" ci="0" mb="0" cb="0" />
      <line nr="2831" mi="1" ci="0" mb="0" cb="0" />
      <line nr="2832" mi="1" ci="0" mb="0" cb="0" />
      <line nr="2833" mi="1" ci="0" mb="0" cb="0" />
      <line nr="2834" mi="1" ci="0" mb="0" cb="0" />
      <line nr="2835" mi="3" ci="0" mb="0" cb="0" />
      <line nr="2837" mi="1" ci="0" mb="0" cb="0" />
      <line nr="2838" mi="1" ci="0" mb="0" cb="0" />
      <line nr="2841" mi="0" ci="1" mb="0" cb="0" />
      <line nr="2842" mi="0" ci="1" mb="0" cb="0" />
      <line nr="2845" mi="0" ci="1" mb="0" cb="0" />
      <line nr="2848" mi="0" ci="1" mb="0" cb="0" />
      <line nr="2849" mi="2" ci="0" mb="0" cb="0" />
      <line nr="2850" mi="1" ci="0" mb="0" cb="0" />
      <line nr="2851" mi="1" ci="0" mb="0" cb="0" />
      <line nr="2852" mi="1" ci="0" mb="0" cb="0" />
      <line nr="2853" mi="1" ci="0" mb="0" cb="0" />
      <line nr="2855" mi="1" ci="0" mb="0" cb="0" />
      <line nr="2861" mi="0" ci="1" mb="0" cb="0" />
      <line nr="2862" mi="1" ci="0" mb="0" cb="0" />
      <line nr="2868" mi="0" ci="1" mb="0" cb="0" />
      <line nr="2869" mi="0" ci="1" mb="0" cb="0" />
      <line nr="2870" mi="0" ci="1" mb="0" cb="0" />
      <line nr="2873" mi="0" ci="1" mb="0" cb="0" />
      <line nr="2874" mi="0" ci="1" mb="0" cb="0" />
      <line nr="2875" mi="1" ci="0" mb="0" cb="0" />
      <line nr="2878" mi="0" ci="4" mb="0" cb="0" />
      <line nr="2879" mi="0" ci="1" mb="0" cb="0" />
      <line nr="2881" mi="0" ci="2" mb="0" cb="0" />
      <line nr="2884" mi="0" ci="1" mb="0" cb="0" />
      <line nr="2885" mi="0" ci="1" mb="0" cb="0" />
      <line nr="2886" mi="0" ci="1" mb="0" cb="0" />
      <line nr="2887" mi="0" ci="1" mb="0" cb="0" />
      <line nr="2888" mi="0" ci="1" mb="0" cb="0" />
      <line nr="2889" mi="0" ci="1" mb="0" cb="0" />
      <line nr="2893" mi="0" ci="1" mb="0" cb="0" />
      <line nr="2894" mi="1" ci="0" mb="0" cb="0" />
      <line nr="2896" mi="0" ci="1" mb="0" cb="0" />
      <line nr="2991" mi="1" ci="0" mb="0" cb="0" />
      <line nr="2992" mi="1" ci="0" mb="0" cb="0" />
      <line nr="2995" mi="1" ci="0" mb="0" cb="0" />
      <line nr="2996" mi="1" ci="0" mb="0" cb="0" />
      <line nr="2997" mi="1" ci="0" mb="0" cb="0" />
      <line nr="2998" mi="1" ci="0" mb="0" cb="0" />
      <line nr="2999" mi="1" ci="0" mb="0" cb="0" />
      <line nr="3000" mi="1" ci="0" mb="0" cb="0" />
      <line nr="3001" mi="1" ci="0" mb="0" cb="0" />
      <line nr="3005" mi="1" ci="0" mb="0" cb="0" />
      <line nr="3006" mi="1" ci="0" mb="0" cb="0" />
      <line nr="3007" mi="1" ci="0" mb="0" cb="0" />
      <line nr="3008" mi="1" ci="0" mb="0" cb="0" />
      <line nr="3010" mi="1" ci="0" mb="0" cb="0" />
      <line nr="3012" mi="1" ci="0" mb="0" cb="0" />
      <line nr="3013" mi="1" ci="0" mb="0" cb="0" />
      <line nr="3016" mi="1" ci="0" mb="0" cb="0" />
      <line nr="3017" mi="1" ci="0" mb="0" cb="0" />
      <line nr="3020" mi="1" ci="0" mb="0" cb="0" />
      <line nr="3021" mi="1" ci="0" mb="0" cb="0" />
      <line nr="3024" mi="1" ci="0" mb="0" cb="0" />
      <line nr="3025" mi="1" ci="0" mb="0" cb="0" />
      <line nr="3029" mi="1" ci="0" mb="0" cb="0" />
      <line nr="3035" mi="1" ci="0" mb="0" cb="0" />
      <line nr="3036" mi="1" ci="0" mb="0" cb="0" />
      <line nr="3039" mi="1" ci="0" mb="0" cb="0" />
      <line nr="3041" mi="2" ci="0" mb="0" cb="0" />
      <line nr="3042" mi="1" ci="0" mb="0" cb="0" />
      <line nr="3045" mi="1" ci="0" mb="0" cb="0" />
      <line nr="3046" mi="2" ci="0" mb="0" cb="0" />
      <line nr="3047" mi="1" ci="0" mb="0" cb="0" />
      <line nr="3051" mi="1" ci="0" mb="0" cb="0" />
      <line nr="3052" mi="2" ci="0" mb="0" cb="0" />
      <line nr="3053" mi="1" ci="0" mb="0" cb="0" />
      <line nr="3057" mi="1" ci="0" mb="0" cb="0" />
      <line nr="3058" mi="2" ci="0" mb="0" cb="0" />
      <line nr="3059" mi="1" ci="0" mb="0" cb="0" />
      <line nr="3064" mi="1" ci="0" mb="0" cb="0" />
      <line nr="3065" mi="1" ci="0" mb="0" cb="0" />
      <line nr="3066" mi="1" ci="0" mb="0" cb="0" />
      <line nr="3067" mi="1" ci="0" mb="0" cb="0" />
      <line nr="3068" mi="1" ci="0" mb="0" cb="0" />
      <line nr="3069" mi="1" ci="0" mb="0" cb="0" />
      <line nr="3070" mi="1" ci="0" mb="0" cb="0" />
      <line nr="3071" mi="1" ci="0" mb="0" cb="0" />
      <line nr="3075" mi="1" ci="0" mb="0" cb="0" />
      <line nr="3079" mi="1" ci="0" mb="0" cb="0" />
      <line nr="3080" mi="1" ci="0" mb="0" cb="0" />
      <line nr="3085" mi="0" ci="1" mb="0" cb="0" />
      <counter type="INSTRUCTION" missed="999" covered="243" />
      <counter type="LINE" missed="878" covered="204" />
      <counter type="METHOD" missed="37" covered="8" />
      <counter type="CLASS" missed="0" covered="1" />
    </sourcefile>
    <counter type="INSTRUCTION" missed="999" covered="243" />
    <counter type="LINE" missed="878" covered="204" />
    <counter type="METHOD" missed="37" covered="8" />
    <counter type="CLASS" missed="0" covered="1" />
  </package>
  <counter type="INSTRUCTION" missed="999" covered="243" />
  <counter type="LINE" missed="878" covered="204" />
  <counter type="METHOD" missed="37" covered="8" />
  <counter type="CLASS" missed="0" covered="1" />
</report>
