<?xml version="1.0" encoding="UTF-8" standalone="no"?>
<!DOCTYPE report PUBLIC "-//JACOCO//DTD Report 1.1//EN" "report.dtd"[]>
<report name="Pester (05/19/2025 23:28:25)">
  <sessioninfo id="this" start="1747697302397" dump="1747697305499" />
  <package name="parallelization">
    <class name="parallelization/UnifiedParallel" sourcefilename="UnifiedParallel.psm1">
      <method name="&lt;script&gt;" desc="()" line="52">
        <counter type="INSTRUCTION" missed="16" covered="0" />
        <counter type="LINE" missed="14" covered="0" />
        <counter type="METHOD" missed="1" covered="0" />
      </method>
      <method name="ParallelResult" desc="()" line="105">
        <counter type="INSTRUCTION" missed="16" covered="0" />
        <counter type="LINE" missed="16" covered="0" />
        <counter type="METHOD" missed="1" covered="0" />
      </method>
      <method name="Complete" desc="()" line="127">
        <counter type="INSTRUCTION" missed="6" covered="0" />
        <counter type="LINE" missed="6" covered="0" />
        <counter type="METHOD" missed="1" covered="0" />
      </method>
      <method name="MarkFailed" desc="()" line="139">
        <counter type="INSTRUCTION" missed="7" covered="0" />
        <counter type="LINE" missed="7" covered="0" />
        <counter type="METHOD" missed="1" covered="0" />
      </method>
      <method name="AddTag" desc="()" line="152">
        <counter type="INSTRUCTION" missed="6" covered="0" />
        <counter type="LINE" missed="6" covered="0" />
        <counter type="METHOD" missed="1" covered="0" />
      </method>
      <method name="RemoveTag" desc="()" line="161">
        <counter type="INSTRUCTION" missed="6" covered="0" />
        <counter type="LINE" missed="6" covered="0" />
        <counter type="METHOD" missed="1" covered="0" />
      </method>
      <method name="GetTag" desc="()" line="170">
        <counter type="INSTRUCTION" missed="10" covered="0" />
        <counter type="LINE" missed="10" covered="0" />
        <counter type="METHOD" missed="1" covered="0" />
      </method>
      <method name="SetMetadata" desc="()" line="182">
        <counter type="INSTRUCTION" missed="3" covered="0" />
        <counter type="LINE" missed="3" covered="0" />
        <counter type="METHOD" missed="1" covered="0" />
      </method>
      <method name="UpdateMetadata" desc="()" line="191">
        <counter type="INSTRUCTION" missed="5" covered="0" />
        <counter type="LINE" missed="5" covered="0" />
        <counter type="METHOD" missed="1" covered="0" />
      </method>
      <method name="SetPriority" desc="()" line="203">
        <counter type="INSTRUCTION" missed="3" covered="0" />
        <counter type="LINE" missed="3" covered="0" />
        <counter type="METHOD" missed="1" covered="0" />
      </method>
      <method name="SetTaskType" desc="()" line="212">
        <counter type="INSTRUCTION" missed="3" covered="0" />
        <counter type="LINE" missed="3" covered="0" />
        <counter type="METHOD" missed="1" covered="0" />
      </method>
      <method name="SetCorrelationId" desc="()" line="221">
        <counter type="INSTRUCTION" missed="6" covered="0" />
        <counter type="LINE" missed="6" covered="0" />
        <counter type="METHOD" missed="1" covered="0" />
      </method>
      <method name="ToString" desc="()" line="230">
        <counter type="INSTRUCTION" missed="17" covered="0" />
        <counter type="LINE" missed="4" covered="0" />
        <counter type="METHOD" missed="1" covered="0" />
      </method>
      <method name="ParallelErrorInfo" desc="()" line="250">
        <counter type="INSTRUCTION" missed="18" covered="0" />
        <counter type="LINE" missed="18" covered="0" />
        <counter type="METHOD" missed="1" covered="0" />
      </method>
      <method name="IncrementRetryCount" desc="()" line="275">
        <counter type="INSTRUCTION" missed="3" covered="0" />
        <counter type="LINE" missed="3" covered="0" />
        <counter type="METHOD" missed="1" covered="0" />
      </method>
      <method name="SetRetryable" desc="()" line="284">
        <counter type="INSTRUCTION" missed="3" covered="0" />
        <counter type="LINE" missed="3" covered="0" />
        <counter type="METHOD" missed="1" covered="0" />
      </method>
      <method name="SetCategory" desc="()" line="293">
        <counter type="INSTRUCTION" missed="3" covered="0" />
        <counter type="LINE" missed="3" covered="0" />
        <counter type="METHOD" missed="1" covered="0" />
      </method>
      <method name="SetSeverity" desc="()" line="302">
        <counter type="INSTRUCTION" missed="3" covered="0" />
        <counter type="LINE" missed="3" covered="0" />
        <counter type="METHOD" missed="1" covered="0" />
      </method>
      <method name="SetSource" desc="()" line="311">
        <counter type="INSTRUCTION" missed="3" covered="0" />
        <counter type="LINE" missed="3" covered="0" />
        <counter type="METHOD" missed="1" covered="0" />
      </method>
      <method name="SetContext" desc="()" line="320">
        <counter type="INSTRUCTION" missed="3" covered="0" />
        <counter type="LINE" missed="3" covered="0" />
        <counter type="METHOD" missed="1" covered="0" />
      </method>
      <method name="UpdateContext" desc="()" line="329">
        <counter type="INSTRUCTION" missed="5" covered="0" />
        <counter type="LINE" missed="5" covered="0" />
        <counter type="METHOD" missed="1" covered="0" />
      </method>
      <method name="ParallelMetrics" desc="()" line="405">
        <counter type="INSTRUCTION" missed="14" covered="0" />
        <counter type="LINE" missed="14" covered="0" />
        <counter type="METHOD" missed="1" covered="0" />
      </method>
      <method name="UpdateFromResults" desc="()" line="422">
        <counter type="INSTRUCTION" missed="57" covered="0" />
        <counter type="LINE" missed="32" covered="0" />
        <counter type="METHOD" missed="1" covered="0" />
      </method>
      <method name="AddCustomMetric" desc="()" line="481">
        <counter type="INSTRUCTION" missed="3" covered="0" />
        <counter type="LINE" missed="3" covered="0" />
        <counter type="METHOD" missed="1" covered="0" />
      </method>
      <method name="RemoveCustomMetric" desc="()" line="490">
        <counter type="INSTRUCTION" missed="3" covered="0" />
        <counter type="LINE" missed="3" covered="0" />
        <counter type="METHOD" missed="1" covered="0" />
      </method>
      <method name="GetCustomMetric" desc="()" line="499">
        <counter type="INSTRUCTION" missed="5" covered="0" />
        <counter type="LINE" missed="5" covered="0" />
        <counter type="METHOD" missed="1" covered="0" />
      </method>
      <method name="UpdateResourceUsage" desc="()" line="511">
        <counter type="INSTRUCTION" missed="3" covered="0" />
        <counter type="LINE" missed="3" covered="0" />
        <counter type="METHOD" missed="1" covered="0" />
      </method>
      <method name="AddThreadEfficiency" desc="()" line="520">
        <counter type="INSTRUCTION" missed="3" covered="0" />
        <counter type="LINE" missed="3" covered="0" />
        <counter type="METHOD" missed="1" covered="0" />
      </method>
      <method name="IncrementActiveThreads" desc="()" line="529">
        <counter type="INSTRUCTION" missed="5" covered="0" />
        <counter type="LINE" missed="5" covered="0" />
        <counter type="METHOD" missed="1" covered="0" />
      </method>
      <method name="DecrementActiveThreads" desc="()" line="541">
        <counter type="INSTRUCTION" missed="4" covered="0" />
        <counter type="LINE" missed="4" covered="0" />
        <counter type="METHOD" missed="1" covered="0" />
      </method>
      <method name="GetSummary" desc="()" line="552">
        <counter type="INSTRUCTION" missed="24" covered="0" />
        <counter type="LINE" missed="19" covered="0" />
        <counter type="METHOD" missed="1" covered="0" />
      </method>
      <method name="Initialize-UnifiedParallel" desc="()" line="666">
        <counter type="INSTRUCTION" missed="167" covered="0" />
        <counter type="LINE" missed="154" covered="0" />
        <counter type="METHOD" missed="1" covered="0" />
      </method>
      <method name="Clear-UnifiedParallel" desc="()" line="945">
        <counter type="INSTRUCTION" missed="38" covered="0" />
        <counter type="LINE" missed="34" covered="0" />
        <counter type="METHOD" missed="1" covered="0" />
      </method>
      <method name="Test-ParameterValid" desc="()" line="1030">
        <counter type="INSTRUCTION" missed="34" covered="0" />
        <counter type="LINE" missed="31" covered="0" />
        <counter type="METHOD" missed="1" covered="0" />
      </method>
      <method name="Write-ParallelError" desc="()" line="1142">
        <counter type="INSTRUCTION" missed="39" covered="0" />
        <counter type="LINE" missed="32" covered="0" />
        <counter type="METHOD" missed="1" covered="0" />
      </method>
      <method name="Get-ModuleInitialized" desc="()" line="1257">
        <counter type="INSTRUCTION" missed="1" covered="0" />
        <counter type="LINE" missed="1" covered="0" />
        <counter type="METHOD" missed="1" covered="0" />
      </method>
      <method name="Set-ModuleInitialized" desc="()" line="1328">
        <counter type="INSTRUCTION" missed="2" covered="0" />
        <counter type="LINE" missed="2" covered="0" />
        <counter type="METHOD" missed="1" covered="0" />
      </method>
      <method name="Get-ModuleConfig" desc="()" line="1402">
        <counter type="INSTRUCTION" missed="5" covered="0" />
        <counter type="LINE" missed="4" covered="0" />
        <counter type="METHOD" missed="1" covered="0" />
      </method>
      <method name="Set-ModuleConfig" desc="()" line="1487">
        <counter type="INSTRUCTION" missed="6" covered="0" />
        <counter type="LINE" missed="5" covered="0" />
        <counter type="METHOD" missed="1" covered="0" />
      </method>
      <method name="Write-ParallelLog" desc="()" line="1521">
        <counter type="INSTRUCTION" missed="25" covered="0" />
        <counter type="LINE" missed="21" covered="0" />
        <counter type="METHOD" missed="1" covered="0" />
      </method>
      <method name="Measure-ExecutionTime" desc="()" line="1592">
        <counter type="INSTRUCTION" missed="34" covered="0" />
        <counter type="LINE" missed="27" covered="0" />
        <counter type="METHOD" missed="1" covered="0" />
      </method>
      <method name="Invoke-UnifiedParallel" desc="()" line="1914">
        <counter type="INSTRUCTION" missed="284" covered="0" />
        <counter type="LINE" missed="267" covered="0" />
        <counter type="METHOD" missed="1" covered="0" />
      </method>
      <method name="Wait-ForCompletedRunspace" desc="()" line="2595">
        <counter type="INSTRUCTION" missed="306" covered="0" />
        <counter type="LINE" missed="273" covered="0" />
        <counter type="METHOD" missed="1" covered="0" />
      </method>
      <method name="Invoke-RunspaceProcessor" desc="()" line="3240">
        <counter type="INSTRUCTION" missed="194" covered="0" />
        <counter type="LINE" missed="157" covered="0" />
        <counter type="METHOD" missed="1" covered="0" />
      </method>
      <method name="Get-OptimalThreadCount" desc="()" line="3605">
        <counter type="INSTRUCTION" missed="52" covered="0" />
        <counter type="LINE" missed="48" covered="0" />
        <counter type="METHOD" missed="1" covered="0" />
      </method>
      <method name="New-RunspaceBatch" desc="()" line="3809">
        <counter type="INSTRUCTION" missed="43" covered="0" />
        <counter type="LINE" missed="36" covered="0" />
        <counter type="METHOD" missed="1" covered="0" />
      </method>
      <method name="Get-RunspacePoolFromCache" desc="()" line="3958">
        <counter type="INSTRUCTION" missed="22" covered="0" />
        <counter type="LINE" missed="21" covered="0" />
        <counter type="METHOD" missed="1" covered="0" />
      </method>
      <method name="New-CachedRunspacePool" desc="()" line="4072">
        <counter type="INSTRUCTION" missed="19" covered="0" />
        <counter type="LINE" missed="19" covered="0" />
        <counter type="METHOD" missed="1" covered="0" />
      </method>
      <method name="Clear-RunspacePoolCache" desc="()" line="4153">
        <counter type="INSTRUCTION" missed="47" covered="0" />
        <counter type="LINE" missed="37" covered="0" />
        <counter type="METHOD" missed="1" covered="0" />
      </method>
      <method name="Get-RunspacePoolCacheInfo" desc="()" line="4297">
        <counter type="INSTRUCTION" missed="38" covered="0" />
        <counter type="LINE" missed="26" covered="0" />
        <counter type="METHOD" missed="1" covered="0" />
      </method>
      <method name="Initialize-EncodingSettings" desc="()" line="4408">
        <counter type="INSTRUCTION" missed="52" covered="0" />
        <counter type="LINE" missed="49" covered="0" />
        <counter type="METHOD" missed="1" covered="0" />
      </method>
      <method name="New-UnifiedError" desc="()" line="4631">
        <counter type="INSTRUCTION" missed="44" covered="0" />
        <counter type="LINE" missed="40" covered="0" />
        <counter type="METHOD" missed="1" covered="0" />
      </method>
      <method name="Get-UnifiedParallelVersion" desc="()" line="4753">
        <counter type="INSTRUCTION" missed="27" covered="0" />
        <counter type="LINE" missed="26" covered="0" />
        <counter type="METHOD" missed="1" covered="0" />
      </method>
      <method name="Get-EnumTypeInfo" desc="()" line="4844">
        <counter type="INSTRUCTION" missed="32" covered="0" />
        <counter type="LINE" missed="30" covered="0" />
        <counter type="METHOD" missed="1" covered="0" />
      </method>
      <method name="ConvertTo-Enum" desc="()" line="4949">
        <counter type="INSTRUCTION" missed="20" covered="0" />
        <counter type="LINE" missed="18" covered="0" />
        <counter type="METHOD" missed="1" covered="0" />
      </method>
      <method name="ConvertFrom-Enum" desc="()" line="5032">
        <counter type="INSTRUCTION" missed="10" covered="0" />
        <counter type="LINE" missed="10" covered="0" />
        <counter type="METHOD" missed="1" covered="0" />
      </method>
      <method name="Test-EnumValue" desc="()" line="5113">
        <counter type="INSTRUCTION" missed="43" covered="0" />
        <counter type="LINE" missed="31" covered="0" />
        <counter type="METHOD" missed="1" covered="0" />
      </method>
      <method name="ConvertTo-ApartmentState" desc="()" line="5239">
        <counter type="INSTRUCTION" missed="6" covered="0" />
        <counter type="LINE" missed="5" covered="0" />
        <counter type="METHOD" missed="1" covered="0" />
      </method>
      <method name="ConvertFrom-ApartmentState" desc="()" line="5291">
        <counter type="INSTRUCTION" missed="2" covered="0" />
        <counter type="LINE" missed="2" covered="0" />
        <counter type="METHOD" missed="1" covered="0" />
      </method>
      <method name="Test-ApartmentState" desc="()" line="5346">
        <counter type="INSTRUCTION" missed="2" covered="0" />
        <counter type="LINE" missed="1" covered="0" />
        <counter type="METHOD" missed="1" covered="0" />
      </method>
      <method name="ConvertTo-PSThreadOptions" desc="()" line="5400">
        <counter type="INSTRUCTION" missed="6" covered="0" />
        <counter type="LINE" missed="5" covered="0" />
        <counter type="METHOD" missed="1" covered="0" />
      </method>
      <method name="ConvertFrom-PSThreadOptions" desc="()" line="5452">
        <counter type="INSTRUCTION" missed="2" covered="0" />
        <counter type="LINE" missed="2" covered="0" />
        <counter type="METHOD" missed="1" covered="0" />
      </method>
      <method name="Test-PSThreadOptions" desc="()" line="5507">
        <counter type="INSTRUCTION" missed="2" covered="0" />
        <counter type="LINE" missed="1" covered="0" />
        <counter type="METHOD" missed="1" covered="0" />
      </method>
      <method name="Get-PowerShellVersionInfo" desc="()" line="5549">
        <counter type="INSTRUCTION" missed="44" covered="0" />
        <counter type="LINE" missed="28" covered="0" />
        <counter type="METHOD" missed="1" covered="0" />
      </method>
      <method name="Write-ConversionLog" desc="()" line="5660">
        <counter type="INSTRUCTION" missed="34" covered="0" />
        <counter type="LINE" missed="29" covered="0" />
        <counter type="METHOD" missed="1" covered="0" />
      </method>
      <counter type="INSTRUCTION" missed="1948" covered="0" />
      <counter type="LINE" missed="1693" covered="0" />
      <counter type="METHOD" missed="65" covered="0" />
      <counter type="CLASS" missed="1" covered="0" />
    </class>
    <sourcefile name="UnifiedParallel.psm1">
      <line nr="52" mi="2" ci="0" mb="0" cb="0" />
      <line nr="53" mi="2" ci="0" mb="0" cb="0" />
      <line nr="54" mi="1" ci="0" mb="0" cb="0" />
      <line nr="55" mi="1" ci="0" mb="0" cb="0" />
      <line nr="56" mi="1" ci="0" mb="0" cb="0" />
      <line nr="64" mi="1" ci="0" mb="0" cb="0" />
      <line nr="67" mi="1" ci="0" mb="0" cb="0" />
      <line nr="70" mi="1" ci="0" mb="0" cb="0" />
      <line nr="73" mi="1" ci="0" mb="0" cb="0" />
      <line nr="76" mi="1" ci="0" mb="0" cb="0" />
      <line nr="79" mi="1" ci="0" mb="0" cb="0" />
      <line nr="83" mi="1" ci="0" mb="0" cb="0" />
      <line nr="105" mi="1" ci="0" mb="0" cb="0" />
      <line nr="106" mi="1" ci="0" mb="0" cb="0" />
      <line nr="107" mi="1" ci="0" mb="0" cb="0" />
      <line nr="108" mi="1" ci="0" mb="0" cb="0" />
      <line nr="109" mi="1" ci="0" mb="0" cb="0" />
      <line nr="110" mi="1" ci="0" mb="0" cb="0" />
      <line nr="111" mi="1" ci="0" mb="0" cb="0" />
      <line nr="112" mi="1" ci="0" mb="0" cb="0" />
      <line nr="116" mi="1" ci="0" mb="0" cb="0" />
      <line nr="117" mi="1" ci="0" mb="0" cb="0" />
      <line nr="118" mi="1" ci="0" mb="0" cb="0" />
      <line nr="119" mi="1" ci="0" mb="0" cb="0" />
      <line nr="120" mi="1" ci="0" mb="0" cb="0" />
      <line nr="121" mi="1" ci="0" mb="0" cb="0" />
      <line nr="122" mi="1" ci="0" mb="0" cb="0" />
      <line nr="123" mi="1" ci="0" mb="0" cb="0" />
      <line nr="127" mi="1" ci="0" mb="0" cb="0" />
      <line nr="129" mi="1" ci="0" mb="0" cb="0" />
      <line nr="130" mi="1" ci="0" mb="0" cb="0" />
      <line nr="131" mi="1" ci="0" mb="0" cb="0" />
      <line nr="132" mi="1" ci="0" mb="0" cb="0" />
      <line nr="134" mi="1" ci="0" mb="0" cb="0" />
      <line nr="139" mi="1" ci="0" mb="0" cb="0" />
      <line nr="141" mi="1" ci="0" mb="0" cb="0" />
      <line nr="142" mi="1" ci="0" mb="0" cb="0" />
      <line nr="143" mi="1" ci="0" mb="0" cb="0" />
      <line nr="144" mi="1" ci="0" mb="0" cb="0" />
      <line nr="145" mi="1" ci="0" mb="0" cb="0" />
      <line nr="147" mi="1" ci="0" mb="0" cb="0" />
      <line nr="152" mi="1" ci="0" mb="0" cb="0" />
      <line nr="154" mi="1" ci="0" mb="0" cb="0" />
      <line nr="156" mi="1" ci="0" mb="0" cb="0" />
      <line nr="161" mi="1" ci="0" mb="0" cb="0" />
      <line nr="163" mi="1" ci="0" mb="0" cb="0" />
      <line nr="165" mi="1" ci="0" mb="0" cb="0" />
      <line nr="170" mi="1" ci="0" mb="0" cb="0" />
      <line nr="172" mi="1" ci="0" mb="0" cb="0" />
      <line nr="173" mi="1" ci="0" mb="0" cb="0" />
      <line nr="175" mi="1" ci="0" mb="0" cb="0" />
      <line nr="177" mi="1" ci="0" mb="0" cb="0" />
      <line nr="182" mi="1" ci="0" mb="0" cb="0" />
      <line nr="184" mi="1" ci="0" mb="0" cb="0" />
      <line nr="186" mi="1" ci="0" mb="0" cb="0" />
      <line nr="191" mi="1" ci="0" mb="0" cb="0" />
      <line nr="193" mi="1" ci="0" mb="0" cb="0" />
      <line nr="194" mi="1" ci="0" mb="0" cb="0" />
      <line nr="196" mi="1" ci="0" mb="0" cb="0" />
      <line nr="198" mi="1" ci="0" mb="0" cb="0" />
      <line nr="203" mi="1" ci="0" mb="0" cb="0" />
      <line nr="205" mi="1" ci="0" mb="0" cb="0" />
      <line nr="207" mi="1" ci="0" mb="0" cb="0" />
      <line nr="212" mi="1" ci="0" mb="0" cb="0" />
      <line nr="214" mi="1" ci="0" mb="0" cb="0" />
      <line nr="216" mi="1" ci="0" mb="0" cb="0" />
      <line nr="221" mi="1" ci="0" mb="0" cb="0" />
      <line nr="223" mi="1" ci="0" mb="0" cb="0" />
      <line nr="225" mi="1" ci="0" mb="0" cb="0" />
      <line nr="230" mi="5" ci="0" mb="0" cb="0" />
      <line nr="250" mi="1" ci="0" mb="0" cb="0" />
      <line nr="251" mi="1" ci="0" mb="0" cb="0" />
      <line nr="252" mi="1" ci="0" mb="0" cb="0" />
      <line nr="253" mi="1" ci="0" mb="0" cb="0" />
      <line nr="254" mi="1" ci="0" mb="0" cb="0" />
      <line nr="255" mi="1" ci="0" mb="0" cb="0" />
      <line nr="256" mi="1" ci="0" mb="0" cb="0" />
      <line nr="257" mi="1" ci="0" mb="0" cb="0" />
      <line nr="258" mi="1" ci="0" mb="0" cb="0" />
      <line nr="261" mi="1" ci="0" mb="0" cb="0" />
      <line nr="262" mi="1" ci="0" mb="0" cb="0" />
      <line nr="263" mi="1" ci="0" mb="0" cb="0" />
      <line nr="264" mi="1" ci="0" mb="0" cb="0" />
      <line nr="265" mi="1" ci="0" mb="0" cb="0" />
      <line nr="266" mi="1" ci="0" mb="0" cb="0" />
      <line nr="267" mi="1" ci="0" mb="0" cb="0" />
      <line nr="268" mi="1" ci="0" mb="0" cb="0" />
      <line nr="270" mi="1" ci="0" mb="0" cb="0" />
      <line nr="275" mi="1" ci="0" mb="0" cb="0" />
      <line nr="277" mi="1" ci="0" mb="0" cb="0" />
      <line nr="279" mi="1" ci="0" mb="0" cb="0" />
      <line nr="284" mi="1" ci="0" mb="0" cb="0" />
      <line nr="286" mi="1" ci="0" mb="0" cb="0" />
      <line nr="288" mi="1" ci="0" mb="0" cb="0" />
      <line nr="293" mi="1" ci="0" mb="0" cb="0" />
      <line nr="295" mi="1" ci="0" mb="0" cb="0" />
      <line nr="297" mi="1" ci="0" mb="0" cb="0" />
      <line nr="302" mi="1" ci="0" mb="0" cb="0" />
      <line nr="304" mi="1" ci="0" mb="0" cb="0" />
      <line nr="306" mi="1" ci="0" mb="0" cb="0" />
      <line nr="311" mi="1" ci="0" mb="0" cb="0" />
      <line nr="313" mi="1" ci="0" mb="0" cb="0" />
      <line nr="315" mi="1" ci="0" mb="0" cb="0" />
      <line nr="320" mi="1" ci="0" mb="0" cb="0" />
      <line nr="322" mi="1" ci="0" mb="0" cb="0" />
      <line nr="324" mi="1" ci="0" mb="0" cb="0" />
      <line nr="329" mi="1" ci="0" mb="0" cb="0" />
      <line nr="331" mi="1" ci="0" mb="0" cb="0" />
      <line nr="332" mi="1" ci="0" mb="0" cb="0" />
      <line nr="334" mi="1" ci="0" mb="0" cb="0" />
      <line nr="336" mi="1" ci="0" mb="0" cb="0" />
      <line nr="341" mi="1" ci="0" mb="0" cb="0" />
      <line nr="343" mi="1" ci="0" mb="0" cb="0" />
      <line nr="345" mi="1" ci="0" mb="0" cb="0" />
      <line nr="350" mi="1" ci="0" mb="0" cb="0" />
      <line nr="352" mi="1" ci="0" mb="0" cb="0" />
      <line nr="354" mi="1" ci="0" mb="0" cb="0" />
      <line nr="359" mi="1" ci="0" mb="0" cb="0" />
      <line nr="361" mi="1" ci="0" mb="0" cb="0" />
      <line nr="363" mi="1" ci="0" mb="0" cb="0" />
      <line nr="368" mi="1" ci="0" mb="0" cb="0" />
      <line nr="370" mi="1" ci="0" mb="0" cb="0" />
      <line nr="371" mi="1" ci="0" mb="0" cb="0" />
      <line nr="373" mi="1" ci="0" mb="0" cb="0" />
      <line nr="375" mi="1" ci="0" mb="0" cb="0" />
      <line nr="380" mi="5" ci="0" mb="0" cb="0" />
      <line nr="405" mi="1" ci="0" mb="0" cb="0" />
      <line nr="406" mi="1" ci="0" mb="0" cb="0" />
      <line nr="407" mi="1" ci="0" mb="0" cb="0" />
      <line nr="408" mi="1" ci="0" mb="0" cb="0" />
      <line nr="409" mi="1" ci="0" mb="0" cb="0" />
      <line nr="410" mi="1" ci="0" mb="0" cb="0" />
      <line nr="411" mi="1" ci="0" mb="0" cb="0" />
      <line nr="412" mi="1" ci="0" mb="0" cb="0" />
      <line nr="413" mi="1" ci="0" mb="0" cb="0" />
      <line nr="414" mi="1" ci="0" mb="0" cb="0" />
      <line nr="415" mi="1" ci="0" mb="0" cb="0" />
      <line nr="416" mi="1" ci="0" mb="0" cb="0" />
      <line nr="417" mi="1" ci="0" mb="0" cb="0" />
      <line nr="418" mi="1" ci="0" mb="0" cb="0" />
      <line nr="422" mi="1" ci="0" mb="0" cb="0" />
      <line nr="424" mi="1" ci="0" mb="0" cb="0" />
      <line nr="425" mi="4" ci="0" mb="0" cb="0" />
      <line nr="426" mi="4" ci="0" mb="0" cb="0" />
      <line nr="428" mi="5" ci="0" mb="0" cb="0" />
      <line nr="429" mi="1" ci="0" mb="0" cb="0" />
      <line nr="430" mi="3" ci="0" mb="0" cb="0" />
      <line nr="431" mi="3" ci="0" mb="0" cb="0" />
      <line nr="432" mi="3" ci="0" mb="0" cb="0" />
      <line nr="433" mi="3" ci="0" mb="0" cb="0" />
      <line nr="437" mi="1" ci="0" mb="0" cb="0" />
      <line nr="438" mi="1" ci="0" mb="0" cb="0" />
      <line nr="439" mi="1" ci="0" mb="0" cb="0" />
      <line nr="440" mi="1" ci="0" mb="0" cb="0" />
      <line nr="441" mi="1" ci="0" mb="0" cb="0" />
      <line nr="443" mi="1" ci="0" mb="0" cb="0" />
      <line nr="449" mi="1" ci="0" mb="0" cb="0" />
      <line nr="450" mi="1" ci="0" mb="0" cb="0" />
      <line nr="451" mi="1" ci="0" mb="0" cb="0" />
      <line nr="452" mi="1" ci="0" mb="0" cb="0" />
      <line nr="453" mi="1" ci="0" mb="0" cb="0" />
      <line nr="455" mi="1" ci="0" mb="0" cb="0" />
      <line nr="461" mi="1" ci="0" mb="0" cb="0" />
      <line nr="462" mi="2" ci="0" mb="0" cb="0" />
      <line nr="463" mi="1" ci="0" mb="0" cb="0" />
      <line nr="464" mi="1" ci="0" mb="0" cb="0" />
      <line nr="465" mi="5" ci="0" mb="0" cb="0" />
      <line nr="466" mi="1" ci="0" mb="0" cb="0" />
      <line nr="467" mi="3" ci="0" mb="0" cb="0" />
      <line nr="468" mi="1" ci="0" mb="0" cb="0" />
      <line nr="474" mi="1" ci="0" mb="0" cb="0" />
      <line nr="476" mi="1" ci="0" mb="0" cb="0" />
      <line nr="481" mi="1" ci="0" mb="0" cb="0" />
      <line nr="483" mi="1" ci="0" mb="0" cb="0" />
      <line nr="485" mi="1" ci="0" mb="0" cb="0" />
      <line nr="490" mi="1" ci="0" mb="0" cb="0" />
      <line nr="492" mi="1" ci="0" mb="0" cb="0" />
      <line nr="494" mi="1" ci="0" mb="0" cb="0" />
      <line nr="499" mi="1" ci="0" mb="0" cb="0" />
      <line nr="501" mi="1" ci="0" mb="0" cb="0" />
      <line nr="502" mi="1" ci="0" mb="0" cb="0" />
      <line nr="504" mi="1" ci="0" mb="0" cb="0" />
      <line nr="506" mi="1" ci="0" mb="0" cb="0" />
      <line nr="511" mi="1" ci="0" mb="0" cb="0" />
      <line nr="513" mi="1" ci="0" mb="0" cb="0" />
      <line nr="515" mi="1" ci="0" mb="0" cb="0" />
      <line nr="520" mi="1" ci="0" mb="0" cb="0" />
      <line nr="522" mi="1" ci="0" mb="0" cb="0" />
      <line nr="524" mi="1" ci="0" mb="0" cb="0" />
      <line nr="529" mi="1" ci="0" mb="0" cb="0" />
      <line nr="531" mi="1" ci="0" mb="0" cb="0" />
      <line nr="532" mi="1" ci="0" mb="0" cb="0" />
      <line nr="533" mi="1" ci="0" mb="0" cb="0" />
      <line nr="536" mi="1" ci="0" mb="0" cb="0" />
      <line nr="541" mi="1" ci="0" mb="0" cb="0" />
      <line nr="543" mi="1" ci="0" mb="0" cb="0" />
      <line nr="544" mi="1" ci="0" mb="0" cb="0" />
      <line nr="547" mi="1" ci="0" mb="0" cb="0" />
      <line nr="552" mi="1" ci="0" mb="0" cb="0" />
      <line nr="554" mi="1" ci="0" mb="0" cb="0" />
      <line nr="555" mi="1" ci="0" mb="0" cb="0" />
      <line nr="556" mi="1" ci="0" mb="0" cb="0" />
      <line nr="557" mi="1" ci="0" mb="0" cb="0" />
      <line nr="558" mi="4" ci="0" mb="0" cb="0" />
      <line nr="559" mi="1" ci="0" mb="0" cb="0" />
      <line nr="560" mi="1" ci="0" mb="0" cb="0" />
      <line nr="561" mi="1" ci="0" mb="0" cb="0" />
      <line nr="562" mi="1" ci="0" mb="0" cb="0" />
      <line nr="563" mi="1" ci="0" mb="0" cb="0" />
      <line nr="564" mi="1" ci="0" mb="0" cb="0" />
      <line nr="565" mi="1" ci="0" mb="0" cb="0" />
      <line nr="566" mi="1" ci="0" mb="0" cb="0" />
      <line nr="567" mi="1" ci="0" mb="0" cb="0" />
      <line nr="568" mi="1" ci="0" mb="0" cb="0" />
      <line nr="569" mi="3" ci="0" mb="0" cb="0" />
      <line nr="571" mi="1" ci="0" mb="0" cb="0" />
      <line nr="573" mi="1" ci="0" mb="0" cb="0" />
      <line nr="578" mi="1" ci="0" mb="0" cb="0" />
      <line nr="579" mi="6" ci="0" mb="0" cb="0" />
      <line nr="666" mi="1" ci="0" mb="0" cb="0" />
      <line nr="669" mi="1" ci="0" mb="0" cb="0" />
      <line nr="670" mi="1" ci="0" mb="0" cb="0" />
      <line nr="671" mi="1" ci="0" mb="0" cb="0" />
      <line nr="672" mi="1" ci="0" mb="0" cb="0" />
      <line nr="673" mi="1" ci="0" mb="0" cb="0" />
      <line nr="675" mi="1" ci="0" mb="0" cb="0" />
      <line nr="676" mi="1" ci="0" mb="0" cb="0" />
      <line nr="679" mi="1" ci="0" mb="0" cb="0" />
      <line nr="680" mi="1" ci="0" mb="0" cb="0" />
      <line nr="681" mi="1" ci="0" mb="0" cb="0" />
      <line nr="682" mi="1" ci="0" mb="0" cb="0" />
      <line nr="689" mi="1" ci="0" mb="0" cb="0" />
      <line nr="691" mi="2" ci="0" mb="0" cb="0" />
      <line nr="692" mi="1" ci="0" mb="0" cb="0" />
      <line nr="693" mi="2" ci="0" mb="0" cb="0" />
      <line nr="697" mi="1" ci="0" mb="0" cb="0" />
      <line nr="700" mi="2" ci="0" mb="0" cb="0" />
      <line nr="702" mi="1" ci="0" mb="0" cb="0" />
      <line nr="703" mi="1" ci="0" mb="0" cb="0" />
      <line nr="705" mi="1" ci="0" mb="0" cb="0" />
      <line nr="706" mi="1" ci="0" mb="0" cb="0" />
      <line nr="707" mi="1" ci="0" mb="0" cb="0" />
      <line nr="708" mi="1" ci="0" mb="0" cb="0" />
      <line nr="709" mi="1" ci="0" mb="0" cb="0" />
      <line nr="710" mi="1" ci="0" mb="0" cb="0" />
      <line nr="711" mi="1" ci="0" mb="0" cb="0" />
      <line nr="712" mi="1" ci="0" mb="0" cb="0" />
      <line nr="715" mi="1" ci="0" mb="0" cb="0" />
      <line nr="720" mi="1" ci="0" mb="0" cb="0" />
      <line nr="722" mi="2" ci="0" mb="0" cb="0" />
      <line nr="723" mi="1" ci="0" mb="0" cb="0" />
      <line nr="726" mi="2" ci="0" mb="0" cb="0" />
      <line nr="727" mi="2" ci="0" mb="0" cb="0" />
      <line nr="728" mi="2" ci="0" mb="0" cb="0" />
      <line nr="730" mi="1" ci="0" mb="0" cb="0" />
      <line nr="731" mi="1" ci="0" mb="0" cb="0" />
      <line nr="732" mi="1" ci="0" mb="0" cb="0" />
      <line nr="733" mi="1" ci="0" mb="0" cb="0" />
      <line nr="734" mi="1" ci="0" mb="0" cb="0" />
      <line nr="735" mi="1" ci="0" mb="0" cb="0" />
      <line nr="736" mi="1" ci="0" mb="0" cb="0" />
      <line nr="737" mi="1" ci="0" mb="0" cb="0" />
      <line nr="738" mi="1" ci="0" mb="0" cb="0" />
      <line nr="741" mi="1" ci="0" mb="0" cb="0" />
      <line nr="743" mi="1" ci="0" mb="0" cb="0" />
      <line nr="745" mi="1" ci="0" mb="0" cb="0" />
      <line nr="746" mi="1" ci="0" mb="0" cb="0" />
      <line nr="747" mi="1" ci="0" mb="0" cb="0" />
      <line nr="748" mi="1" ci="0" mb="0" cb="0" />
      <line nr="749" mi="1" ci="0" mb="0" cb="0" />
      <line nr="750" mi="1" ci="0" mb="0" cb="0" />
      <line nr="751" mi="1" ci="0" mb="0" cb="0" />
      <line nr="752" mi="1" ci="0" mb="0" cb="0" />
      <line nr="753" mi="1" ci="0" mb="0" cb="0" />
      <line nr="754" mi="1" ci="0" mb="0" cb="0" />
      <line nr="755" mi="1" ci="0" mb="0" cb="0" />
      <line nr="757" mi="1" ci="0" mb="0" cb="0" />
      <line nr="758" mi="1" ci="0" mb="0" cb="0" />
      <line nr="759" mi="1" ci="0" mb="0" cb="0" />
      <line nr="760" mi="1" ci="0" mb="0" cb="0" />
      <line nr="761" mi="1" ci="0" mb="0" cb="0" />
      <line nr="763" mi="1" ci="0" mb="0" cb="0" />
      <line nr="764" mi="1" ci="0" mb="0" cb="0" />
      <line nr="765" mi="1" ci="0" mb="0" cb="0" />
      <line nr="766" mi="1" ci="0" mb="0" cb="0" />
      <line nr="768" mi="1" ci="0" mb="0" cb="0" />
      <line nr="769" mi="1" ci="0" mb="0" cb="0" />
      <line nr="770" mi="1" ci="0" mb="0" cb="0" />
      <line nr="771" mi="1" ci="0" mb="0" cb="0" />
      <line nr="772" mi="1" ci="0" mb="0" cb="0" />
      <line nr="773" mi="1" ci="0" mb="0" cb="0" />
      <line nr="774" mi="1" ci="0" mb="0" cb="0" />
      <line nr="779" mi="1" ci="0" mb="0" cb="0" />
      <line nr="781" mi="1" ci="0" mb="0" cb="0" />
      <line nr="782" mi="1" ci="0" mb="0" cb="0" />
      <line nr="783" mi="1" ci="0" mb="0" cb="0" />
      <line nr="784" mi="1" ci="0" mb="0" cb="0" />
      <line nr="785" mi="1" ci="0" mb="0" cb="0" />
      <line nr="786" mi="1" ci="0" mb="0" cb="0" />
      <line nr="787" mi="1" ci="0" mb="0" cb="0" />
      <line nr="788" mi="1" ci="0" mb="0" cb="0" />
      <line nr="789" mi="1" ci="0" mb="0" cb="0" />
      <line nr="790" mi="1" ci="0" mb="0" cb="0" />
      <line nr="791" mi="1" ci="0" mb="0" cb="0" />
      <line nr="793" mi="1" ci="0" mb="0" cb="0" />
      <line nr="794" mi="1" ci="0" mb="0" cb="0" />
      <line nr="795" mi="1" ci="0" mb="0" cb="0" />
      <line nr="796" mi="1" ci="0" mb="0" cb="0" />
      <line nr="797" mi="1" ci="0" mb="0" cb="0" />
      <line nr="799" mi="1" ci="0" mb="0" cb="0" />
      <line nr="800" mi="1" ci="0" mb="0" cb="0" />
      <line nr="801" mi="1" ci="0" mb="0" cb="0" />
      <line nr="802" mi="1" ci="0" mb="0" cb="0" />
      <line nr="804" mi="1" ci="0" mb="0" cb="0" />
      <line nr="805" mi="1" ci="0" mb="0" cb="0" />
      <line nr="806" mi="1" ci="0" mb="0" cb="0" />
      <line nr="807" mi="1" ci="0" mb="0" cb="0" />
      <line nr="808" mi="1" ci="0" mb="0" cb="0" />
      <line nr="809" mi="1" ci="0" mb="0" cb="0" />
      <line nr="810" mi="1" ci="0" mb="0" cb="0" />
      <line nr="816" mi="1" ci="0" mb="0" cb="0" />
      <line nr="819" mi="1" ci="0" mb="0" cb="0" />
      <line nr="820" mi="1" ci="0" mb="0" cb="0" />
      <line nr="821" mi="1" ci="0" mb="0" cb="0" />
      <line nr="822" mi="1" ci="0" mb="0" cb="0" />
      <line nr="823" mi="1" ci="0" mb="0" cb="0" />
      <line nr="824" mi="1" ci="0" mb="0" cb="0" />
      <line nr="825" mi="1" ci="0" mb="0" cb="0" />
      <line nr="827" mi="1" ci="0" mb="0" cb="0" />
      <line nr="831" mi="1" ci="0" mb="0" cb="0" />
      <line nr="832" mi="1" ci="0" mb="0" cb="0" />
      <line nr="833" mi="1" ci="0" mb="0" cb="0" />
      <line nr="834" mi="1" ci="0" mb="0" cb="0" />
      <line nr="837" mi="2" ci="0" mb="0" cb="0" />
      <line nr="838" mi="1" ci="0" mb="0" cb="0" />
      <line nr="839" mi="1" ci="0" mb="0" cb="0" />
      <line nr="840" mi="1" ci="0" mb="0" cb="0" />
      <line nr="841" mi="1" ci="0" mb="0" cb="0" />
      <line nr="845" mi="1" ci="0" mb="0" cb="0" />
      <line nr="846" mi="1" ci="0" mb="0" cb="0" />
      <line nr="847" mi="1" ci="0" mb="0" cb="0" />
      <line nr="848" mi="1" ci="0" mb="0" cb="0" />
      <line nr="851" mi="2" ci="0" mb="0" cb="0" />
      <line nr="852" mi="1" ci="0" mb="0" cb="0" />
      <line nr="853" mi="1" ci="0" mb="0" cb="0" />
      <line nr="854" mi="1" ci="0" mb="0" cb="0" />
      <line nr="855" mi="1" ci="0" mb="0" cb="0" />
      <line nr="856" mi="1" ci="0" mb="0" cb="0" />
      <line nr="857" mi="1" ci="0" mb="0" cb="0" />
      <line nr="862" mi="1" ci="0" mb="0" cb="0" />
      <line nr="863" mi="1" ci="0" mb="0" cb="0" />
      <line nr="864" mi="1" ci="0" mb="0" cb="0" />
      <line nr="865" mi="1" ci="0" mb="0" cb="0" />
      <line nr="866" mi="1" ci="0" mb="0" cb="0" />
      <line nr="867" mi="1" ci="0" mb="0" cb="0" />
      <line nr="868" mi="1" ci="0" mb="0" cb="0" />
      <line nr="869" mi="1" ci="0" mb="0" cb="0" />
      <line nr="870" mi="1" ci="0" mb="0" cb="0" />
      <line nr="872" mi="2" ci="0" mb="0" cb="0" />
      <line nr="875" mi="1" ci="0" mb="0" cb="0" />
      <line nr="876" mi="1" ci="0" mb="0" cb="0" />
      <line nr="877" mi="1" ci="0" mb="0" cb="0" />
      <line nr="878" mi="1" ci="0" mb="0" cb="0" />
      <line nr="879" mi="1" ci="0" mb="0" cb="0" />
      <line nr="880" mi="1" ci="0" mb="0" cb="0" />
      <line nr="881" mi="1" ci="0" mb="0" cb="0" />
      <line nr="882" mi="1" ci="0" mb="0" cb="0" />
      <line nr="883" mi="1" ci="0" mb="0" cb="0" />
      <line nr="885" mi="2" ci="0" mb="0" cb="0" />
      <line nr="888" mi="1" ci="0" mb="0" cb="0" />
      <line nr="890" mi="2" ci="0" mb="0" cb="0" />
      <line nr="891" mi="2" ci="0" mb="0" cb="0" />
      <line nr="896" mi="1" ci="0" mb="0" cb="0" />
      <line nr="945" mi="1" ci="0" mb="0" cb="0" />
      <line nr="948" mi="2" ci="0" mb="0" cb="0" />
      <line nr="949" mi="1" ci="0" mb="0" cb="0" />
      <line nr="955" mi="1" ci="0" mb="0" cb="0" />
      <line nr="957" mi="1" ci="0" mb="0" cb="0" />
      <line nr="960" mi="1" ci="0" mb="0" cb="0" />
      <line nr="961" mi="1" ci="0" mb="0" cb="0" />
      <line nr="964" mi="1" ci="0" mb="0" cb="0" />
      <line nr="965" mi="1" ci="0" mb="0" cb="0" />
      <line nr="966" mi="2" ci="0" mb="0" cb="0" />
      <line nr="968" mi="1" ci="0" mb="0" cb="0" />
      <line nr="969" mi="3" ci="0" mb="0" cb="0" />
      <line nr="970" mi="1" ci="0" mb="0" cb="0" />
      <line nr="973" mi="1" ci="0" mb="0" cb="0" />
      <line nr="979" mi="1" ci="0" mb="0" cb="0" />
      <line nr="980" mi="1" ci="0" mb="0" cb="0" />
      <line nr="981" mi="1" ci="0" mb="0" cb="0" />
      <line nr="985" mi="1" ci="0" mb="0" cb="0" />
      <line nr="986" mi="1" ci="0" mb="0" cb="0" />
      <line nr="987" mi="1" ci="0" mb="0" cb="0" />
      <line nr="991" mi="1" ci="0" mb="0" cb="0" />
      <line nr="992" mi="1" ci="0" mb="0" cb="0" />
      <line nr="995" mi="1" ci="0" mb="0" cb="0" />
      <line nr="996" mi="1" ci="0" mb="0" cb="0" />
      <line nr="997" mi="1" ci="0" mb="0" cb="0" />
      <line nr="998" mi="1" ci="0" mb="0" cb="0" />
      <line nr="999" mi="1" ci="0" mb="0" cb="0" />
      <line nr="1000" mi="1" ci="0" mb="0" cb="0" />
      <line nr="1001" mi="1" ci="0" mb="0" cb="0" />
      <line nr="1003" mi="1" ci="0" mb="0" cb="0" />
      <line nr="1006" mi="1" ci="0" mb="0" cb="0" />
      <line nr="1007" mi="1" ci="0" mb="0" cb="0" />
      <line nr="1008" mi="1" ci="0" mb="0" cb="0" />
      <line nr="1013" mi="1" ci="0" mb="0" cb="0" />
      <line nr="1030" mi="1" ci="0" mb="0" cb="0" />
      <line nr="1043" mi="1" ci="0" mb="0" cb="0" />
      <line nr="1044" mi="1" ci="0" mb="0" cb="0" />
      <line nr="1048" mi="1" ci="0" mb="0" cb="0" />
      <line nr="1049" mi="1" ci="0" mb="0" cb="0" />
      <line nr="1051" mi="1" ci="0" mb="0" cb="0" />
      <line nr="1052" mi="1" ci="0" mb="0" cb="0" />
      <line nr="1053" mi="1" ci="0" mb="0" cb="0" />
      <line nr="1058" mi="1" ci="0" mb="0" cb="0" />
      <line nr="1059" mi="1" ci="0" mb="0" cb="0" />
      <line nr="1060" mi="1" ci="0" mb="0" cb="0" />
      <line nr="1065" mi="1" ci="0" mb="0" cb="0" />
      <line nr="1066" mi="1" ci="0" mb="0" cb="0" />
      <line nr="1067" mi="1" ci="0" mb="0" cb="0" />
      <line nr="1072" mi="1" ci="0" mb="0" cb="0" />
      <line nr="1073" mi="1" ci="0" mb="0" cb="0" />
      <line nr="1074" mi="1" ci="0" mb="0" cb="0" />
      <line nr="1079" mi="2" ci="0" mb="0" cb="0" />
      <line nr="1080" mi="1" ci="0" mb="0" cb="0" />
      <line nr="1081" mi="1" ci="0" mb="0" cb="0" />
      <line nr="1086" mi="1" ci="0" mb="0" cb="0" />
      <line nr="1087" mi="1" ci="0" mb="0" cb="0" />
      <line nr="1088" mi="1" ci="0" mb="0" cb="0" />
      <line nr="1093" mi="1" ci="0" mb="0" cb="0" />
      <line nr="1094" mi="1" ci="0" mb="0" cb="0" />
      <line nr="1095" mi="1" ci="0" mb="0" cb="0" />
      <line nr="1101" mi="1" ci="0" mb="0" cb="0" />
      <line nr="1106" mi="1" ci="0" mb="0" cb="0" />
      <line nr="1107" mi="3" ci="0" mb="0" cb="0" />
      <line nr="1108" mi="1" ci="0" mb="0" cb="0" />
      <line nr="1113" mi="1" ci="0" mb="0" cb="0" />
      <line nr="1142" mi="1" ci="0" mb="0" cb="0" />
      <line nr="1143" mi="1" ci="0" mb="0" cb="0" />
      <line nr="1145" mi="1" ci="0" mb="0" cb="0" />
      <line nr="1146" mi="2" ci="0" mb="0" cb="0" />
      <line nr="1149" mi="2" ci="0" mb="0" cb="0" />
      <line nr="1150" mi="1" ci="0" mb="0" cb="0" />
      <line nr="1151" mi="1" ci="0" mb="0" cb="0" />
      <line nr="1154" mi="2" ci="0" mb="0" cb="0" />
      <line nr="1155" mi="2" ci="0" mb="0" cb="0" />
      <line nr="1159" mi="1" ci="0" mb="0" cb="0" />
      <line nr="1160" mi="1" ci="0" mb="0" cb="0" />
      <line nr="1162" mi="1" ci="0" mb="0" cb="0" />
      <line nr="1165" mi="1" ci="0" mb="0" cb="0" />
      <line nr="1168" mi="1" ci="0" mb="0" cb="0" />
      <line nr="1171" mi="1" ci="0" mb="0" cb="0" />
      <line nr="1177" mi="1" ci="0" mb="0" cb="0" />
      <line nr="1178" mi="1" ci="0" mb="0" cb="0" />
      <line nr="1180" mi="1" ci="0" mb="0" cb="0" />
      <line nr="1181" mi="1" ci="0" mb="0" cb="0" />
      <line nr="1182" mi="1" ci="0" mb="0" cb="0" />
      <line nr="1183" mi="1" ci="0" mb="0" cb="0" />
      <line nr="1184" mi="1" ci="0" mb="0" cb="0" />
      <line nr="1185" mi="1" ci="0" mb="0" cb="0" />
      <line nr="1186" mi="1" ci="0" mb="0" cb="0" />
      <line nr="1187" mi="1" ci="0" mb="0" cb="0" />
      <line nr="1188" mi="1" ci="0" mb="0" cb="0" />
      <line nr="1189" mi="1" ci="0" mb="0" cb="0" />
      <line nr="1192" mi="2" ci="0" mb="0" cb="0" />
      <line nr="1193" mi="3" ci="0" mb="0" cb="0" />
      <line nr="1196" mi="1" ci="0" mb="0" cb="0" />
      <line nr="1202" mi="1" ci="0" mb="0" cb="0" />
      <line nr="1203" mi="1" ci="0" mb="0" cb="0" />
      <line nr="1257" mi="1" ci="0" mb="0" cb="0" />
      <line nr="1328" mi="1" ci="0" mb="0" cb="0" />
      <line nr="1329" mi="1" ci="0" mb="0" cb="0" />
      <line nr="1402" mi="2" ci="0" mb="0" cb="0" />
      <line nr="1403" mi="1" ci="0" mb="0" cb="0" />
      <line nr="1404" mi="1" ci="0" mb="0" cb="0" />
      <line nr="1407" mi="1" ci="0" mb="0" cb="0" />
      <line nr="1487" mi="2" ci="0" mb="0" cb="0" />
      <line nr="1488" mi="1" ci="0" mb="0" cb="0" />
      <line nr="1489" mi="1" ci="0" mb="0" cb="0" />
      <line nr="1492" mi="1" ci="0" mb="0" cb="0" />
      <line nr="1493" mi="1" ci="0" mb="0" cb="0" />
      <line nr="1521" mi="1" ci="0" mb="0" cb="0" />
      <line nr="1522" mi="1" ci="0" mb="0" cb="0" />
      <line nr="1523" mi="1" ci="0" mb="0" cb="0" />
      <line nr="1524" mi="1" ci="0" mb="0" cb="0" />
      <line nr="1525" mi="1" ci="0" mb="0" cb="0" />
      <line nr="1526" mi="1" ci="0" mb="0" cb="0" />
      <line nr="1527" mi="1" ci="0" mb="0" cb="0" />
      <line nr="1528" mi="1" ci="0" mb="0" cb="0" />
      <line nr="1534" mi="1" ci="0" mb="0" cb="0" />
      <line nr="1535" mi="2" ci="0" mb="0" cb="0" />
      <line nr="1537" mi="1" ci="0" mb="0" cb="0" />
      <line nr="1539" mi="1" ci="0" mb="0" cb="0" />
      <line nr="1542" mi="1" ci="0" mb="0" cb="0" />
      <line nr="1545" mi="1" ci="0" mb="0" cb="0" />
      <line nr="1548" mi="1" ci="0" mb="0" cb="0" />
      <line nr="1551" mi="1" ci="0" mb="0" cb="0" />
      <line nr="1557" mi="1" ci="0" mb="0" cb="0" />
      <line nr="1558" mi="1" ci="0" mb="0" cb="0" />
      <line nr="1560" mi="2" ci="0" mb="0" cb="0" />
      <line nr="1561" mi="3" ci="0" mb="0" cb="0" />
      <line nr="1564" mi="1" ci="0" mb="0" cb="0" />
      <line nr="1592" mi="1" ci="0" mb="0" cb="0" />
      <line nr="1593" mi="1" ci="0" mb="0" cb="0" />
      <line nr="1594" mi="1" ci="0" mb="0" cb="0" />
      <line nr="1595" mi="1" ci="0" mb="0" cb="0" />
      <line nr="1600" mi="1" ci="0" mb="0" cb="0" />
      <line nr="1601" mi="1" ci="0" mb="0" cb="0" />
      <line nr="1603" mi="1" ci="0" mb="0" cb="0" />
      <line nr="1605" mi="1" ci="0" mb="0" cb="0" />
      <line nr="1607" mi="1" ci="0" mb="0" cb="0" />
      <line nr="1608" mi="1" ci="0" mb="0" cb="0" />
      <line nr="1610" mi="1" ci="0" mb="0" cb="0" />
      <line nr="1611" mi="1" ci="0" mb="0" cb="0" />
      <line nr="1614" mi="1" ci="0" mb="0" cb="0" />
      <line nr="1615" mi="3" ci="0" mb="0" cb="0" />
      <line nr="1616" mi="1" ci="0" mb="0" cb="0" />
      <line nr="1617" mi="3" ci="0" mb="0" cb="0" />
      <line nr="1619" mi="4" ci="0" mb="0" cb="0" />
      <line nr="1625" mi="1" ci="0" mb="0" cb="0" />
      <line nr="1626" mi="1" ci="0" mb="0" cb="0" />
      <line nr="1627" mi="1" ci="0" mb="0" cb="0" />
      <line nr="1628" mi="1" ci="0" mb="0" cb="0" />
      <line nr="1629" mi="1" ci="0" mb="0" cb="0" />
      <line nr="1630" mi="1" ci="0" mb="0" cb="0" />
      <line nr="1631" mi="1" ci="0" mb="0" cb="0" />
      <line nr="1632" mi="1" ci="0" mb="0" cb="0" />
      <line nr="1633" mi="1" ci="0" mb="0" cb="0" />
      <line nr="1636" mi="1" ci="0" mb="0" cb="0" />
      <line nr="1914" mi="2" ci="0" mb="0" cb="0" />
      <line nr="1915" mi="1" ci="0" mb="0" cb="0" />
      <line nr="1916" mi="1" ci="0" mb="0" cb="0" />
      <line nr="1920" mi="1" ci="0" mb="0" cb="0" />
      <line nr="1921" mi="1" ci="0" mb="0" cb="0" />
      <line nr="1923" mi="1" ci="0" mb="0" cb="0" />
      <line nr="1924" mi="1" ci="0" mb="0" cb="0" />
      <line nr="1926" mi="1" ci="0" mb="0" cb="0" />
      <line nr="1927" mi="1" ci="0" mb="0" cb="0" />
      <line nr="1929" mi="1" ci="0" mb="0" cb="0" />
      <line nr="1930" mi="1" ci="0" mb="0" cb="0" />
      <line nr="1932" mi="1" ci="0" mb="0" cb="0" />
      <line nr="1933" mi="1" ci="0" mb="0" cb="0" />
      <line nr="1935" mi="1" ci="0" mb="0" cb="0" />
      <line nr="1938" mi="1" ci="0" mb="0" cb="0" />
      <line nr="1939" mi="1" ci="0" mb="0" cb="0" />
      <line nr="1944" mi="1" ci="0" mb="0" cb="0" />
      <line nr="1945" mi="1" ci="0" mb="0" cb="0" />
      <line nr="1946" mi="1" ci="0" mb="0" cb="0" />
      <line nr="1947" mi="1" ci="0" mb="0" cb="0" />
      <line nr="1949" mi="1" ci="0" mb="0" cb="0" />
      <line nr="1954" mi="1" ci="0" mb="0" cb="0" />
      <line nr="1955" mi="1" ci="0" mb="0" cb="0" />
      <line nr="1956" mi="1" ci="0" mb="0" cb="0" />
      <line nr="1960" mi="1" ci="0" mb="0" cb="0" />
      <line nr="1961" mi="1" ci="0" mb="0" cb="0" />
      <line nr="1962" mi="1" ci="0" mb="0" cb="0" />
      <line nr="1963" mi="1" ci="0" mb="0" cb="0" />
      <line nr="1966" mi="1" ci="0" mb="0" cb="0" />
      <line nr="1967" mi="1" ci="0" mb="0" cb="0" />
      <line nr="1968" mi="1" ci="0" mb="0" cb="0" />
      <line nr="1972" mi="1" ci="0" mb="0" cb="0" />
      <line nr="1973" mi="1" ci="0" mb="0" cb="0" />
      <line nr="1975" mi="1" ci="0" mb="0" cb="0" />
      <line nr="1976" mi="1" ci="0" mb="0" cb="0" />
      <line nr="1977" mi="1" ci="0" mb="0" cb="0" />
      <line nr="1982" mi="1" ci="0" mb="0" cb="0" />
      <line nr="1983" mi="1" ci="0" mb="0" cb="0" />
      <line nr="1986" mi="1" ci="0" mb="0" cb="0" />
      <line nr="1987" mi="1" ci="0" mb="0" cb="0" />
      <line nr="1988" mi="1" ci="0" mb="0" cb="0" />
      <line nr="1991" mi="1" ci="0" mb="0" cb="0" />
      <line nr="1996" mi="1" ci="0" mb="0" cb="0" />
      <line nr="1998" mi="1" ci="0" mb="0" cb="0" />
      <line nr="2000" mi="1" ci="0" mb="0" cb="0" />
      <line nr="2004" mi="1" ci="0" mb="0" cb="0" />
      <line nr="2005" mi="1" ci="0" mb="0" cb="0" />
      <line nr="2006" mi="1" ci="0" mb="0" cb="0" />
      <line nr="2007" mi="1" ci="0" mb="0" cb="0" />
      <line nr="2008" mi="1" ci="0" mb="0" cb="0" />
      <line nr="2010" mi="1" ci="0" mb="0" cb="0" />
      <line nr="2014" mi="1" ci="0" mb="0" cb="0" />
      <line nr="2015" mi="1" ci="0" mb="0" cb="0" />
      <line nr="2016" mi="1" ci="0" mb="0" cb="0" />
      <line nr="2019" mi="1" ci="0" mb="0" cb="0" />
      <line nr="2020" mi="1" ci="0" mb="0" cb="0" />
      <line nr="2023" mi="1" ci="0" mb="0" cb="0" />
      <line nr="2025" mi="1" ci="0" mb="0" cb="0" />
      <line nr="2028" mi="1" ci="0" mb="0" cb="0" />
      <line nr="2029" mi="1" ci="0" mb="0" cb="0" />
      <line nr="2030" mi="1" ci="0" mb="0" cb="0" />
      <line nr="2034" mi="1" ci="0" mb="0" cb="0" />
      <line nr="2035" mi="1" ci="0" mb="0" cb="0" />
      <line nr="2036" mi="1" ci="0" mb="0" cb="0" />
      <line nr="2038" mi="2" ci="0" mb="0" cb="0" />
      <line nr="2041" mi="1" ci="0" mb="0" cb="0" />
      <line nr="2045" mi="1" ci="0" mb="0" cb="0" />
      <line nr="2048" mi="1" ci="0" mb="0" cb="0" />
      <line nr="2052" mi="2" ci="0" mb="0" cb="0" />
      <line nr="2053" mi="1" ci="0" mb="0" cb="0" />
      <line nr="2057" mi="1" ci="0" mb="0" cb="0" />
      <line nr="2062" mi="1" ci="0" mb="0" cb="0" />
      <line nr="2063" mi="1" ci="0" mb="0" cb="0" />
      <line nr="2068" mi="1" ci="0" mb="0" cb="0" />
      <line nr="2070" mi="1" ci="0" mb="0" cb="0" />
      <line nr="2071" mi="1" ci="0" mb="0" cb="0" />
      <line nr="2072" mi="1" ci="0" mb="0" cb="0" />
      <line nr="2075" mi="1" ci="0" mb="0" cb="0" />
      <line nr="2078" mi="1" ci="0" mb="0" cb="0" />
      <line nr="2081" mi="1" ci="0" mb="0" cb="0" />
      <line nr="2082" mi="1" ci="0" mb="0" cb="0" />
      <line nr="2085" mi="1" ci="0" mb="0" cb="0" />
      <line nr="2086" mi="1" ci="0" mb="0" cb="0" />
      <line nr="2089" mi="2" ci="0" mb="0" cb="0" />
      <line nr="2090" mi="1" ci="0" mb="0" cb="0" />
      <line nr="2091" mi="1" ci="0" mb="0" cb="0" />
      <line nr="2092" mi="1" ci="0" mb="0" cb="0" />
      <line nr="2093" mi="1" ci="0" mb="0" cb="0" />
      <line nr="2094" mi="1" ci="0" mb="0" cb="0" />
      <line nr="2095" mi="1" ci="0" mb="0" cb="0" />
      <line nr="2096" mi="1" ci="0" mb="0" cb="0" />
      <line nr="2097" mi="1" ci="0" mb="0" cb="0" />
      <line nr="2098" mi="1" ci="0" mb="0" cb="0" />
      <line nr="2099" mi="1" ci="0" mb="0" cb="0" />
      <line nr="2104" mi="1" ci="0" mb="0" cb="0" />
      <line nr="2105" mi="1" ci="0" mb="0" cb="0" />
      <line nr="2106" mi="1" ci="0" mb="0" cb="0" />
      <line nr="2107" mi="1" ci="0" mb="0" cb="0" />
      <line nr="2111" mi="1" ci="0" mb="0" cb="0" />
      <line nr="2112" mi="1" ci="0" mb="0" cb="0" />
      <line nr="2114" mi="1" ci="0" mb="0" cb="0" />
      <line nr="2117" mi="1" ci="0" mb="0" cb="0" />
      <line nr="2118" mi="1" ci="0" mb="0" cb="0" />
      <line nr="2120" mi="1" ci="0" mb="0" cb="0" />
      <line nr="2121" mi="1" ci="0" mb="0" cb="0" />
      <line nr="2123" mi="1" ci="0" mb="0" cb="0" />
      <line nr="2124" mi="1" ci="0" mb="0" cb="0" />
      <line nr="2127" mi="1" ci="0" mb="0" cb="0" />
      <line nr="2131" mi="1" ci="0" mb="0" cb="0" />
      <line nr="2133" mi="1" ci="0" mb="0" cb="0" />
      <line nr="2134" mi="1" ci="0" mb="0" cb="0" />
      <line nr="2135" mi="1" ci="0" mb="0" cb="0" />
      <line nr="2136" mi="1" ci="0" mb="0" cb="0" />
      <line nr="2137" mi="1" ci="0" mb="0" cb="0" />
      <line nr="2138" mi="1" ci="0" mb="0" cb="0" />
      <line nr="2139" mi="1" ci="0" mb="0" cb="0" />
      <line nr="2140" mi="1" ci="0" mb="0" cb="0" />
      <line nr="2144" mi="1" ci="0" mb="0" cb="0" />
      <line nr="2147" mi="1" ci="0" mb="0" cb="0" />
      <line nr="2148" mi="1" ci="0" mb="0" cb="0" />
      <line nr="2150" mi="1" ci="0" mb="0" cb="0" />
      <line nr="2153" mi="1" ci="0" mb="0" cb="0" />
      <line nr="2156" mi="1" ci="0" mb="0" cb="0" />
      <line nr="2159" mi="1" ci="0" mb="0" cb="0" />
      <line nr="2160" mi="1" ci="0" mb="0" cb="0" />
      <line nr="2161" mi="1" ci="0" mb="0" cb="0" />
      <line nr="2164" mi="1" ci="0" mb="0" cb="0" />
      <line nr="2165" mi="2" ci="0" mb="0" cb="0" />
      <line nr="2166" mi="1" ci="0" mb="0" cb="0" />
      <line nr="2167" mi="1" ci="0" mb="0" cb="0" />
      <line nr="2168" mi="1" ci="0" mb="0" cb="0" />
      <line nr="2169" mi="1" ci="0" mb="0" cb="0" />
      <line nr="2171" mi="1" ci="0" mb="0" cb="0" />
      <line nr="2176" mi="1" ci="0" mb="0" cb="0" />
      <line nr="2177" mi="1" ci="0" mb="0" cb="0" />
      <line nr="2186" mi="1" ci="0" mb="0" cb="0" />
      <line nr="2189" mi="1" ci="0" mb="0" cb="0" />
      <line nr="2190" mi="1" ci="0" mb="0" cb="0" />
      <line nr="2191" mi="1" ci="0" mb="0" cb="0" />
      <line nr="2192" mi="1" ci="0" mb="0" cb="0" />
      <line nr="2193" mi="1" ci="0" mb="0" cb="0" />
      <line nr="2194" mi="1" ci="0" mb="0" cb="0" />
      <line nr="2195" mi="1" ci="0" mb="0" cb="0" />
      <line nr="2196" mi="1" ci="0" mb="0" cb="0" />
      <line nr="2197" mi="1" ci="0" mb="0" cb="0" />
      <line nr="2202" mi="1" ci="0" mb="0" cb="0" />
      <line nr="2203" mi="1" ci="0" mb="0" cb="0" />
      <line nr="2205" mi="1" ci="0" mb="0" cb="0" />
      <line nr="2208" mi="1" ci="0" mb="0" cb="0" />
      <line nr="2209" mi="1" ci="0" mb="0" cb="0" />
      <line nr="2211" mi="1" ci="0" mb="0" cb="0" />
      <line nr="2212" mi="1" ci="0" mb="0" cb="0" />
      <line nr="2214" mi="1" ci="0" mb="0" cb="0" />
      <line nr="2215" mi="1" ci="0" mb="0" cb="0" />
      <line nr="2218" mi="1" ci="0" mb="0" cb="0" />
      <line nr="2222" mi="1" ci="0" mb="0" cb="0" />
      <line nr="2223" mi="2" ci="0" mb="0" cb="0" />
      <line nr="2226" mi="1" ci="0" mb="0" cb="0" />
      <line nr="2227" mi="1" ci="0" mb="0" cb="0" />
      <line nr="2228" mi="1" ci="0" mb="0" cb="0" />
      <line nr="2229" mi="1" ci="0" mb="0" cb="0" />
      <line nr="2230" mi="1" ci="0" mb="0" cb="0" />
      <line nr="2231" mi="1" ci="0" mb="0" cb="0" />
      <line nr="2232" mi="1" ci="0" mb="0" cb="0" />
      <line nr="2233" mi="1" ci="0" mb="0" cb="0" />
      <line nr="2234" mi="1" ci="0" mb="0" cb="0" />
      <line nr="2235" mi="1" ci="0" mb="0" cb="0" />
      <line nr="2236" mi="1" ci="0" mb="0" cb="0" />
      <line nr="2240" mi="1" ci="0" mb="0" cb="0" />
      <line nr="2243" mi="1" ci="0" mb="0" cb="0" />
      <line nr="2244" mi="1" ci="0" mb="0" cb="0" />
      <line nr="2245" mi="1" ci="0" mb="0" cb="0" />
      <line nr="2247" mi="1" ci="0" mb="0" cb="0" />
      <line nr="2250" mi="1" ci="0" mb="0" cb="0" />
      <line nr="2252" mi="3" ci="0" mb="0" cb="0" />
      <line nr="2253" mi="1" ci="0" mb="0" cb="0" />
      <line nr="2255" mi="1" ci="0" mb="0" cb="0" />
      <line nr="2257" mi="1" ci="0" mb="0" cb="0" />
      <line nr="2259" mi="1" ci="0" mb="0" cb="0" />
      <line nr="2261" mi="1" ci="0" mb="0" cb="0" />
      <line nr="2262" mi="1" ci="0" mb="0" cb="0" />
      <line nr="2263" mi="1" ci="0" mb="0" cb="0" />
      <line nr="2264" mi="1" ci="0" mb="0" cb="0" />
      <line nr="2265" mi="1" ci="0" mb="0" cb="0" />
      <line nr="2266" mi="1" ci="0" mb="0" cb="0" />
      <line nr="2267" mi="1" ci="0" mb="0" cb="0" />
      <line nr="2268" mi="1" ci="0" mb="0" cb="0" />
      <line nr="2272" mi="1" ci="0" mb="0" cb="0" />
      <line nr="2275" mi="1" ci="0" mb="0" cb="0" />
      <line nr="2276" mi="1" ci="0" mb="0" cb="0" />
      <line nr="2281" mi="1" ci="0" mb="0" cb="0" />
      <line nr="2282" mi="1" ci="0" mb="0" cb="0" />
      <line nr="2283" mi="1" ci="0" mb="0" cb="0" />
      <line nr="2284" mi="1" ci="0" mb="0" cb="0" />
      <line nr="2285" mi="1" ci="0" mb="0" cb="0" />
      <line nr="2293" mi="1" ci="0" mb="0" cb="0" />
      <line nr="2296" mi="1" ci="0" mb="0" cb="0" />
      <line nr="2299" mi="1" ci="0" mb="0" cb="0" />
      <line nr="2300" mi="1" ci="0" mb="0" cb="0" />
      <line nr="2302" mi="1" ci="0" mb="0" cb="0" />
      <line nr="2305" mi="1" ci="0" mb="0" cb="0" />
      <line nr="2306" mi="1" ci="0" mb="0" cb="0" />
      <line nr="2307" mi="1" ci="0" mb="0" cb="0" />
      <line nr="2310" mi="1" ci="0" mb="0" cb="0" />
      <line nr="2311" mi="2" ci="0" mb="0" cb="0" />
      <line nr="2312" mi="1" ci="0" mb="0" cb="0" />
      <line nr="2313" mi="1" ci="0" mb="0" cb="0" />
      <line nr="2314" mi="1" ci="0" mb="0" cb="0" />
      <line nr="2315" mi="1" ci="0" mb="0" cb="0" />
      <line nr="2317" mi="1" ci="0" mb="0" cb="0" />
      <line nr="2322" mi="1" ci="0" mb="0" cb="0" />
      <line nr="2325" mi="1" ci="0" mb="0" cb="0" />
      <line nr="2326" mi="1" ci="0" mb="0" cb="0" />
      <line nr="2329" mi="1" ci="0" mb="0" cb="0" />
      <line nr="2330" mi="1" ci="0" mb="0" cb="0" />
      <line nr="2331" mi="1" ci="0" mb="0" cb="0" />
      <line nr="2332" mi="1" ci="0" mb="0" cb="0" />
      <line nr="2335" mi="1" ci="0" mb="0" cb="0" />
      <line nr="2336" mi="1" ci="0" mb="0" cb="0" />
      <line nr="2338" mi="1" ci="0" mb="0" cb="0" />
      <line nr="2340" mi="1" ci="0" mb="0" cb="0" />
      <line nr="2344" mi="1" ci="0" mb="0" cb="0" />
      <line nr="2347" mi="1" ci="0" mb="0" cb="0" />
      <line nr="2348" mi="1" ci="0" mb="0" cb="0" />
      <line nr="2352" mi="1" ci="0" mb="0" cb="0" />
      <line nr="2353" mi="1" ci="0" mb="0" cb="0" />
      <line nr="2357" mi="1" ci="0" mb="0" cb="0" />
      <line nr="2358" mi="1" ci="0" mb="0" cb="0" />
      <line nr="2359" mi="1" ci="0" mb="0" cb="0" />
      <line nr="2360" mi="1" ci="0" mb="0" cb="0" />
      <line nr="2361" mi="1" ci="0" mb="0" cb="0" />
      <line nr="2362" mi="1" ci="0" mb="0" cb="0" />
      <line nr="2363" mi="1" ci="0" mb="0" cb="0" />
      <line nr="2364" mi="1" ci="0" mb="0" cb="0" />
      <line nr="2365" mi="1" ci="0" mb="0" cb="0" />
      <line nr="2369" mi="1" ci="0" mb="0" cb="0" />
      <line nr="2370" mi="1" ci="0" mb="0" cb="0" />
      <line nr="2372" mi="1" ci="0" mb="0" cb="0" />
      <line nr="2380" mi="1" ci="0" mb="0" cb="0" />
      <line nr="2381" mi="1" ci="0" mb="0" cb="0" />
      <line nr="2382" mi="1" ci="0" mb="0" cb="0" />
      <line nr="2389" mi="1" ci="0" mb="0" cb="0" />
      <line nr="2390" mi="1" ci="0" mb="0" cb="0" />
      <line nr="2394" mi="1" ci="0" mb="0" cb="0" />
      <line nr="2395" mi="1" ci="0" mb="0" cb="0" />
      <line nr="2396" mi="1" ci="0" mb="0" cb="0" />
      <line nr="2397" mi="1" ci="0" mb="0" cb="0" />
      <line nr="2398" mi="1" ci="0" mb="0" cb="0" />
      <line nr="2401" mi="1" ci="0" mb="0" cb="0" />
      <line nr="2403" mi="2" ci="0" mb="0" cb="0" />
      <line nr="2404" mi="3" ci="0" mb="0" cb="0" />
      <line nr="2406" mi="1" ci="0" mb="0" cb="0" />
      <line nr="2412" mi="1" ci="0" mb="0" cb="0" />
      <line nr="2413" mi="1" ci="0" mb="0" cb="0" />
      <line nr="2414" mi="4" ci="0" mb="0" cb="0" />
      <line nr="2417" mi="1" ci="0" mb="0" cb="0" />
      <line nr="2418" mi="1" ci="0" mb="0" cb="0" />
      <line nr="2419" mi="1" ci="0" mb="0" cb="0" />
      <line nr="2420" mi="1" ci="0" mb="0" cb="0" />
      <line nr="2421" mi="1" ci="0" mb="0" cb="0" />
      <line nr="2422" mi="1" ci="0" mb="0" cb="0" />
      <line nr="2423" mi="1" ci="0" mb="0" cb="0" />
      <line nr="2424" mi="1" ci="0" mb="0" cb="0" />
      <line nr="2425" mi="1" ci="0" mb="0" cb="0" />
      <line nr="2426" mi="1" ci="0" mb="0" cb="0" />
      <line nr="2427" mi="3" ci="0" mb="0" cb="0" />
      <line nr="2430" mi="1" ci="0" mb="0" cb="0" />
      <line nr="2595" mi="1" ci="0" mb="0" cb="0" />
      <line nr="2596" mi="1" ci="0" mb="0" cb="0" />
      <line nr="2597" mi="1" ci="0" mb="0" cb="0" />
      <line nr="2600" mi="1" ci="0" mb="0" cb="0" />
      <line nr="2601" mi="1" ci="0" mb="0" cb="0" />
      <line nr="2603" mi="1" ci="0" mb="0" cb="0" />
      <line nr="2607" mi="1" ci="0" mb="0" cb="0" />
      <line nr="2608" mi="1" ci="0" mb="0" cb="0" />
      <line nr="2609" mi="1" ci="0" mb="0" cb="0" />
      <line nr="2610" mi="1" ci="0" mb="0" cb="0" />
      <line nr="2612" mi="1" ci="0" mb="0" cb="0" />
      <line nr="2616" mi="1" ci="0" mb="0" cb="0" />
      <line nr="2617" mi="1" ci="0" mb="0" cb="0" />
      <line nr="2618" mi="1" ci="0" mb="0" cb="0" />
      <line nr="2619" mi="1" ci="0" mb="0" cb="0" />
      <line nr="2622" mi="1" ci="0" mb="0" cb="0" />
      <line nr="2625" mi="1" ci="0" mb="0" cb="0" />
      <line nr="2626" mi="1" ci="0" mb="0" cb="0" />
      <line nr="2627" mi="1" ci="0" mb="0" cb="0" />
      <line nr="2628" mi="1" ci="0" mb="0" cb="0" />
      <line nr="2629" mi="1" ci="0" mb="0" cb="0" />
      <line nr="2630" mi="1" ci="0" mb="0" cb="0" />
      <line nr="2631" mi="1" ci="0" mb="0" cb="0" />
      <line nr="2632" mi="1" ci="0" mb="0" cb="0" />
      <line nr="2634" mi="1" ci="0" mb="0" cb="0" />
      <line nr="2635" mi="1" ci="0" mb="0" cb="0" />
      <line nr="2636" mi="1" ci="0" mb="0" cb="0" />
      <line nr="2637" mi="1" ci="0" mb="0" cb="0" />
      <line nr="2638" mi="1" ci="0" mb="0" cb="0" />
      <line nr="2640" mi="1" ci="0" mb="0" cb="0" />
      <line nr="2641" mi="1" ci="0" mb="0" cb="0" />
      <line nr="2642" mi="1" ci="0" mb="0" cb="0" />
      <line nr="2643" mi="1" ci="0" mb="0" cb="0" />
      <line nr="2644" mi="1" ci="0" mb="0" cb="0" />
      <line nr="2646" mi="1" ci="0" mb="0" cb="0" />
      <line nr="2647" mi="1" ci="0" mb="0" cb="0" />
      <line nr="2648" mi="1" ci="0" mb="0" cb="0" />
      <line nr="2649" mi="1" ci="0" mb="0" cb="0" />
      <line nr="2650" mi="1" ci="0" mb="0" cb="0" />
      <line nr="2654" mi="1" ci="0" mb="0" cb="0" />
      <line nr="2655" mi="1" ci="0" mb="0" cb="0" />
      <line nr="2656" mi="1" ci="0" mb="0" cb="0" />
      <line nr="2657" mi="1" ci="0" mb="0" cb="0" />
      <line nr="2662" mi="3" ci="0" mb="0" cb="0" />
      <line nr="2663" mi="1" ci="0" mb="0" cb="0" />
      <line nr="2664" mi="1" ci="0" mb="0" cb="0" />
      <line nr="2666" mi="2" ci="0" mb="0" cb="0" />
      <line nr="2668" mi="1" ci="0" mb="0" cb="0" />
      <line nr="2670" mi="1" ci="0" mb="0" cb="0" />
      <line nr="2674" mi="1" ci="0" mb="0" cb="0" />
      <line nr="2675" mi="1" ci="0" mb="0" cb="0" />
      <line nr="2677" mi="1" ci="0" mb="0" cb="0" />
      <line nr="2678" mi="1" ci="0" mb="0" cb="0" />
      <line nr="2679" mi="1" ci="0" mb="0" cb="0" />
      <line nr="2681" mi="1" ci="0" mb="0" cb="0" />
      <line nr="2682" mi="1" ci="0" mb="0" cb="0" />
      <line nr="2687" mi="1" ci="0" mb="0" cb="0" />
      <line nr="2688" mi="1" ci="0" mb="0" cb="0" />
      <line nr="2689" mi="1" ci="0" mb="0" cb="0" />
      <line nr="2692" mi="2" ci="0" mb="0" cb="0" />
      <line nr="2695" mi="1" ci="0" mb="0" cb="0" />
      <line nr="2696" mi="1" ci="0" mb="0" cb="0" />
      <line nr="2697" mi="1" ci="0" mb="0" cb="0" />
      <line nr="2698" mi="1" ci="0" mb="0" cb="0" />
      <line nr="2699" mi="1" ci="0" mb="0" cb="0" />
      <line nr="2701" mi="1" ci="0" mb="0" cb="0" />
      <line nr="2705" mi="1" ci="0" mb="0" cb="0" />
      <line nr="2708" mi="1" ci="0" mb="0" cb="0" />
      <line nr="2709" mi="1" ci="0" mb="0" cb="0" />
      <line nr="2710" mi="1" ci="0" mb="0" cb="0" />
      <line nr="2711" mi="1" ci="0" mb="0" cb="0" />
      <line nr="2714" mi="1" ci="0" mb="0" cb="0" />
      <line nr="2715" mi="1" ci="0" mb="0" cb="0" />
      <line nr="2716" mi="1" ci="0" mb="0" cb="0" />
      <line nr="2718" mi="1" ci="0" mb="0" cb="0" />
      <line nr="2721" mi="1" ci="0" mb="0" cb="0" />
      <line nr="2724" mi="1" ci="0" mb="0" cb="0" />
      <line nr="2725" mi="1" ci="0" mb="0" cb="0" />
      <line nr="2726" mi="1" ci="0" mb="0" cb="0" />
      <line nr="2727" mi="1" ci="0" mb="0" cb="0" />
      <line nr="2729" mi="1" ci="0" mb="0" cb="0" />
      <line nr="2730" mi="1" ci="0" mb="0" cb="0" />
      <line nr="2731" mi="1" ci="0" mb="0" cb="0" />
      <line nr="2732" mi="1" ci="0" mb="0" cb="0" />
      <line nr="2735" mi="3" ci="0" mb="0" cb="0" />
      <line nr="2736" mi="1" ci="0" mb="0" cb="0" />
      <line nr="2739" mi="1" ci="0" mb="0" cb="0" />
      <line nr="2742" mi="1" ci="0" mb="0" cb="0" />
      <line nr="2743" mi="1" ci="0" mb="0" cb="0" />
      <line nr="2744" mi="1" ci="0" mb="0" cb="0" />
      <line nr="2745" mi="3" ci="0" mb="0" cb="0" />
      <line nr="2749" mi="1" ci="0" mb="0" cb="0" />
      <line nr="2752" mi="1" ci="0" mb="0" cb="0" />
      <line nr="2753" mi="1" ci="0" mb="0" cb="0" />
      <line nr="2754" mi="2" ci="0" mb="0" cb="0" />
      <line nr="2757" mi="1" ci="0" mb="0" cb="0" />
      <line nr="2760" mi="1" ci="0" mb="0" cb="0" />
      <line nr="2761" mi="1" ci="0" mb="0" cb="0" />
      <line nr="2762" mi="1" ci="0" mb="0" cb="0" />
      <line nr="2763" mi="1" ci="0" mb="0" cb="0" />
      <line nr="2770" mi="1" ci="0" mb="0" cb="0" />
      <line nr="2771" mi="1" ci="0" mb="0" cb="0" />
      <line nr="2772" mi="1" ci="0" mb="0" cb="0" />
      <line nr="2773" mi="1" ci="0" mb="0" cb="0" />
      <line nr="2774" mi="1" ci="0" mb="0" cb="0" />
      <line nr="2775" mi="1" ci="0" mb="0" cb="0" />
      <line nr="2776" mi="1" ci="0" mb="0" cb="0" />
      <line nr="2777" mi="1" ci="0" mb="0" cb="0" />
      <line nr="2778" mi="1" ci="0" mb="0" cb="0" />
      <line nr="2781" mi="1" ci="0" mb="0" cb="0" />
      <line nr="2786" mi="1" ci="0" mb="0" cb="0" />
      <line nr="2788" mi="1" ci="0" mb="0" cb="0" />
      <line nr="2791" mi="1" ci="0" mb="0" cb="0" />
      <line nr="2792" mi="1" ci="0" mb="0" cb="0" />
      <line nr="2793" mi="1" ci="0" mb="0" cb="0" />
      <line nr="2794" mi="1" ci="0" mb="0" cb="0" />
      <line nr="2795" mi="1" ci="0" mb="0" cb="0" />
      <line nr="2801" mi="1" ci="0" mb="0" cb="0" />
      <line nr="2802" mi="1" ci="0" mb="0" cb="0" />
      <line nr="2803" mi="1" ci="0" mb="0" cb="0" />
      <line nr="2812" mi="1" ci="0" mb="0" cb="0" />
      <line nr="2813" mi="1" ci="0" mb="0" cb="0" />
      <line nr="2819" mi="1" ci="0" mb="0" cb="0" />
      <line nr="2820" mi="1" ci="0" mb="0" cb="0" />
      <line nr="2822" mi="1" ci="0" mb="0" cb="0" />
      <line nr="2823" mi="1" ci="0" mb="0" cb="0" />
      <line nr="2826" mi="1" ci="0" mb="0" cb="0" />
      <line nr="2827" mi="1" ci="0" mb="0" cb="0" />
      <line nr="2828" mi="2" ci="0" mb="0" cb="0" />
      <line nr="2829" mi="1" ci="0" mb="0" cb="0" />
      <line nr="2832" mi="1" ci="0" mb="0" cb="0" />
      <line nr="2834" mi="3" ci="0" mb="0" cb="0" />
      <line nr="2835" mi="1" ci="0" mb="0" cb="0" />
      <line nr="2838" mi="1" ci="0" mb="0" cb="0" />
      <line nr="2844" mi="1" ci="0" mb="0" cb="0" />
      <line nr="2847" mi="1" ci="0" mb="0" cb="0" />
      <line nr="2848" mi="1" ci="0" mb="0" cb="0" />
      <line nr="2849" mi="2" ci="0" mb="0" cb="0" />
      <line nr="2852" mi="1" ci="0" mb="0" cb="0" />
      <line nr="2856" mi="1" ci="0" mb="0" cb="0" />
      <line nr="2857" mi="1" ci="0" mb="0" cb="0" />
      <line nr="2858" mi="1" ci="0" mb="0" cb="0" />
      <line nr="2859" mi="1" ci="0" mb="0" cb="0" />
      <line nr="2860" mi="1" ci="0" mb="0" cb="0" />
      <line nr="2861" mi="1" ci="0" mb="0" cb="0" />
      <line nr="2862" mi="1" ci="0" mb="0" cb="0" />
      <line nr="2863" mi="1" ci="0" mb="0" cb="0" />
      <line nr="2866" mi="1" ci="0" mb="0" cb="0" />
      <line nr="2871" mi="1" ci="0" mb="0" cb="0" />
      <line nr="2872" mi="1" ci="0" mb="0" cb="0" />
      <line nr="2880" mi="1" ci="0" mb="0" cb="0" />
      <line nr="2882" mi="1" ci="0" mb="0" cb="0" />
      <line nr="2884" mi="1" ci="0" mb="0" cb="0" />
      <line nr="2887" mi="1" ci="0" mb="0" cb="0" />
      <line nr="2888" mi="1" ci="0" mb="0" cb="0" />
      <line nr="2889" mi="1" ci="0" mb="0" cb="0" />
      <line nr="2895" mi="1" ci="0" mb="0" cb="0" />
      <line nr="2896" mi="1" ci="0" mb="0" cb="0" />
      <line nr="2900" mi="1" ci="0" mb="0" cb="0" />
      <line nr="2901" mi="2" ci="0" mb="0" cb="0" />
      <line nr="2902" mi="1" ci="0" mb="0" cb="0" />
      <line nr="2903" mi="1" ci="0" mb="0" cb="0" />
      <line nr="2904" mi="1" ci="0" mb="0" cb="0" />
      <line nr="2905" mi="1" ci="0" mb="0" cb="0" />
      <line nr="2907" mi="1" ci="0" mb="0" cb="0" />
      <line nr="2911" mi="1" ci="0" mb="0" cb="0" />
      <line nr="2914" mi="1" ci="0" mb="0" cb="0" />
      <line nr="2915" mi="1" ci="0" mb="0" cb="0" />
      <line nr="2916" mi="1" ci="0" mb="0" cb="0" />
      <line nr="2920" mi="1" ci="0" mb="0" cb="0" />
      <line nr="2923" mi="1" ci="0" mb="0" cb="0" />
      <line nr="2924" mi="1" ci="0" mb="0" cb="0" />
      <line nr="2925" mi="1" ci="0" mb="0" cb="0" />
      <line nr="2927" mi="3" ci="0" mb="0" cb="0" />
      <line nr="2928" mi="1" ci="0" mb="0" cb="0" />
      <line nr="2931" mi="1" ci="0" mb="0" cb="0" />
      <line nr="2932" mi="1" ci="0" mb="0" cb="0" />
      <line nr="2938" mi="1" ci="0" mb="0" cb="0" />
      <line nr="2941" mi="1" ci="0" mb="0" cb="0" />
      <line nr="2942" mi="1" ci="0" mb="0" cb="0" />
      <line nr="2948" mi="1" ci="0" mb="0" cb="0" />
      <line nr="2950" mi="1" ci="0" mb="0" cb="0" />
      <line nr="2951" mi="1" ci="0" mb="0" cb="0" />
      <line nr="2952" mi="1" ci="0" mb="0" cb="0" />
      <line nr="2953" mi="1" ci="0" mb="0" cb="0" />
      <line nr="2956" mi="1" ci="0" mb="0" cb="0" />
      <line nr="2960" mi="1" ci="0" mb="0" cb="0" />
      <line nr="2961" mi="1" ci="0" mb="0" cb="0" />
      <line nr="2962" mi="1" ci="0" mb="0" cb="0" />
      <line nr="2963" mi="1" ci="0" mb="0" cb="0" />
      <line nr="2964" mi="1" ci="0" mb="0" cb="0" />
      <line nr="2965" mi="1" ci="0" mb="0" cb="0" />
      <line nr="2966" mi="1" ci="0" mb="0" cb="0" />
      <line nr="2967" mi="1" ci="0" mb="0" cb="0" />
      <line nr="2970" mi="1" ci="0" mb="0" cb="0" />
      <line nr="2971" mi="1" ci="0" mb="0" cb="0" />
      <line nr="2974" mi="1" ci="0" mb="0" cb="0" />
      <line nr="2979" mi="1" ci="0" mb="0" cb="0" />
      <line nr="2980" mi="1" ci="0" mb="0" cb="0" />
      <line nr="2981" mi="1" ci="0" mb="0" cb="0" />
      <line nr="2984" mi="1" ci="0" mb="0" cb="0" />
      <line nr="2985" mi="1" ci="0" mb="0" cb="0" />
      <line nr="2986" mi="1" ci="0" mb="0" cb="0" />
      <line nr="2987" mi="1" ci="0" mb="0" cb="0" />
      <line nr="2988" mi="1" ci="0" mb="0" cb="0" />
      <line nr="2989" mi="1" ci="0" mb="0" cb="0" />
      <line nr="2990" mi="1" ci="0" mb="0" cb="0" />
      <line nr="2991" mi="1" ci="0" mb="0" cb="0" />
      <line nr="2994" mi="1" ci="0" mb="0" cb="0" />
      <line nr="2995" mi="1" ci="0" mb="0" cb="0" />
      <line nr="2999" mi="1" ci="0" mb="0" cb="0" />
      <line nr="3000" mi="1" ci="0" mb="0" cb="0" />
      <line nr="3001" mi="1" ci="0" mb="0" cb="0" />
      <line nr="3002" mi="1" ci="0" mb="0" cb="0" />
      <line nr="3003" mi="1" ci="0" mb="0" cb="0" />
      <line nr="3004" mi="1" ci="0" mb="0" cb="0" />
      <line nr="3005" mi="1" ci="0" mb="0" cb="0" />
      <line nr="3006" mi="1" ci="0" mb="0" cb="0" />
      <line nr="3009" mi="1" ci="0" mb="0" cb="0" />
      <line nr="3010" mi="1" ci="0" mb="0" cb="0" />
      <line nr="3015" mi="1" ci="0" mb="0" cb="0" />
      <line nr="3018" mi="1" ci="0" mb="0" cb="0" />
      <line nr="3019" mi="1" ci="0" mb="0" cb="0" />
      <line nr="3026" mi="1" ci="0" mb="0" cb="0" />
      <line nr="3027" mi="1" ci="0" mb="0" cb="0" />
      <line nr="3032" mi="2" ci="0" mb="0" cb="0" />
      <line nr="3033" mi="1" ci="0" mb="0" cb="0" />
      <line nr="3034" mi="2" ci="0" mb="0" cb="0" />
      <line nr="3038" mi="1" ci="0" mb="0" cb="0" />
      <line nr="3041" mi="1" ci="0" mb="0" cb="0" />
      <line nr="3042" mi="1" ci="0" mb="0" cb="0" />
      <line nr="3046" mi="1" ci="0" mb="0" cb="0" />
      <line nr="3047" mi="2" ci="0" mb="0" cb="0" />
      <line nr="3048" mi="1" ci="0" mb="0" cb="0" />
      <line nr="3049" mi="1" ci="0" mb="0" cb="0" />
      <line nr="3050" mi="1" ci="0" mb="0" cb="0" />
      <line nr="3054" mi="3" ci="0" mb="0" cb="0" />
      <line nr="3057" mi="1" ci="0" mb="0" cb="0" />
      <line nr="3058" mi="1" ci="0" mb="0" cb="0" />
      <line nr="3059" mi="1" ci="0" mb="0" cb="0" />
      <line nr="3060" mi="1" ci="0" mb="0" cb="0" />
      <line nr="3061" mi="1" ci="0" mb="0" cb="0" />
      <line nr="3065" mi="3" ci="0" mb="0" cb="0" />
      <line nr="3068" mi="1" ci="0" mb="0" cb="0" />
      <line nr="3069" mi="1" ci="0" mb="0" cb="0" />
      <line nr="3070" mi="1" ci="0" mb="0" cb="0" />
      <line nr="3071" mi="1" ci="0" mb="0" cb="0" />
      <line nr="3072" mi="1" ci="0" mb="0" cb="0" />
      <line nr="3077" mi="2" ci="0" mb="0" cb="0" />
      <line nr="3078" mi="1" ci="0" mb="0" cb="0" />
      <line nr="3082" mi="2" ci="0" mb="0" cb="0" />
      <line nr="3083" mi="1" ci="0" mb="0" cb="0" />
      <line nr="3084" mi="1" ci="0" mb="0" cb="0" />
      <line nr="3088" mi="2" ci="0" mb="0" cb="0" />
      <line nr="3089" mi="1" ci="0" mb="0" cb="0" />
      <line nr="3090" mi="1" ci="0" mb="0" cb="0" />
      <line nr="3092" mi="1" ci="0" mb="0" cb="0" />
      <line nr="3096" mi="2" ci="0" mb="0" cb="0" />
      <line nr="3097" mi="1" ci="0" mb="0" cb="0" />
      <line nr="3101" mi="2" ci="0" mb="0" cb="0" />
      <line nr="3103" mi="1" ci="0" mb="0" cb="0" />
      <line nr="3107" mi="2" ci="0" mb="0" cb="0" />
      <line nr="3108" mi="1" ci="0" mb="0" cb="0" />
      <line nr="3112" mi="2" ci="0" mb="0" cb="0" />
      <line nr="3113" mi="1" ci="0" mb="0" cb="0" />
      <line nr="3117" mi="2" ci="0" mb="0" cb="0" />
      <line nr="3118" mi="1" ci="0" mb="0" cb="0" />
      <line nr="3122" mi="1" ci="0" mb="0" cb="0" />
      <line nr="3124" mi="3" ci="0" mb="0" cb="0" />
      <line nr="3125" mi="1" ci="0" mb="0" cb="0" />
      <line nr="3126" mi="1" ci="0" mb="0" cb="0" />
      <line nr="3127" mi="1" ci="0" mb="0" cb="0" />
      <line nr="3132" mi="1" ci="0" mb="0" cb="0" />
      <line nr="3240" mi="1" ci="0" mb="0" cb="0" />
      <line nr="3241" mi="1" ci="0" mb="0" cb="0" />
      <line nr="3244" mi="1" ci="0" mb="0" cb="0" />
      <line nr="3247" mi="1" ci="0" mb="0" cb="0" />
      <line nr="3248" mi="1" ci="0" mb="0" cb="0" />
      <line nr="3250" mi="1" ci="0" mb="0" cb="0" />
      <line nr="3251" mi="1" ci="0" mb="0" cb="0" />
      <line nr="3253" mi="1" ci="0" mb="0" cb="0" />
      <line nr="3254" mi="1" ci="0" mb="0" cb="0" />
      <line nr="3255" mi="1" ci="0" mb="0" cb="0" />
      <line nr="3256" mi="1" ci="0" mb="0" cb="0" />
      <line nr="3259" mi="1" ci="0" mb="0" cb="0" />
      <line nr="3260" mi="1" ci="0" mb="0" cb="0" />
      <line nr="3261" mi="1" ci="0" mb="0" cb="0" />
      <line nr="3262" mi="1" ci="0" mb="0" cb="0" />
      <line nr="3263" mi="1" ci="0" mb="0" cb="0" />
      <line nr="3264" mi="1" ci="0" mb="0" cb="0" />
      <line nr="3267" mi="1" ci="0" mb="0" cb="0" />
      <line nr="3268" mi="1" ci="0" mb="0" cb="0" />
      <line nr="3269" mi="1" ci="0" mb="0" cb="0" />
      <line nr="3270" mi="1" ci="0" mb="0" cb="0" />
      <line nr="3271" mi="1" ci="0" mb="0" cb="0" />
      <line nr="3274" mi="1" ci="0" mb="0" cb="0" />
      <line nr="3275" mi="1" ci="0" mb="0" cb="0" />
      <line nr="3277" mi="1" ci="0" mb="0" cb="0" />
      <line nr="3278" mi="1" ci="0" mb="0" cb="0" />
      <line nr="3280" mi="1" ci="0" mb="0" cb="0" />
      <line nr="3281" mi="1" ci="0" mb="0" cb="0" />
      <line nr="3282" mi="1" ci="0" mb="0" cb="0" />
      <line nr="3285" mi="1" ci="0" mb="0" cb="0" />
      <line nr="3286" mi="1" ci="0" mb="0" cb="0" />
      <line nr="3288" mi="1" ci="0" mb="0" cb="0" />
      <line nr="3289" mi="1" ci="0" mb="0" cb="0" />
      <line nr="3291" mi="1" ci="0" mb="0" cb="0" />
      <line nr="3292" mi="1" ci="0" mb="0" cb="0" />
      <line nr="3293" mi="1" ci="0" mb="0" cb="0" />
      <line nr="3296" mi="1" ci="0" mb="0" cb="0" />
      <line nr="3297" mi="1" ci="0" mb="0" cb="0" />
      <line nr="3298" mi="1" ci="0" mb="0" cb="0" />
      <line nr="3299" mi="1" ci="0" mb="0" cb="0" />
      <line nr="3300" mi="1" ci="0" mb="0" cb="0" />
      <line nr="3303" mi="1" ci="0" mb="0" cb="0" />
      <line nr="3305" mi="1" ci="0" mb="0" cb="0" />
      <line nr="3307" mi="1" ci="0" mb="0" cb="0" />
      <line nr="3308" mi="1" ci="0" mb="0" cb="0" />
      <line nr="3310" mi="3" ci="0" mb="0" cb="0" />
      <line nr="3311" mi="1" ci="0" mb="0" cb="0" />
      <line nr="3312" mi="1" ci="0" mb="0" cb="0" />
      <line nr="3313" mi="1" ci="0" mb="0" cb="0" />
      <line nr="3318" mi="1" ci="0" mb="0" cb="0" />
      <line nr="3319" mi="1" ci="0" mb="0" cb="0" />
      <line nr="3320" mi="1" ci="0" mb="0" cb="0" />
      <line nr="3324" mi="1" ci="0" mb="0" cb="0" />
      <line nr="3325" mi="1" ci="0" mb="0" cb="0" />
      <line nr="3327" mi="1" ci="0" mb="0" cb="0" />
      <line nr="3331" mi="1" ci="0" mb="0" cb="0" />
      <line nr="3332" mi="1" ci="0" mb="0" cb="0" />
      <line nr="3333" mi="1" ci="0" mb="0" cb="0" />
      <line nr="3334" mi="1" ci="0" mb="0" cb="0" />
      <line nr="3335" mi="1" ci="0" mb="0" cb="0" />
      <line nr="3336" mi="1" ci="0" mb="0" cb="0" />
      <line nr="3337" mi="1" ci="0" mb="0" cb="0" />
      <line nr="3338" mi="1" ci="0" mb="0" cb="0" />
      <line nr="3342" mi="2" ci="0" mb="0" cb="0" />
      <line nr="3345" mi="1" ci="0" mb="0" cb="0" />
      <line nr="3346" mi="1" ci="0" mb="0" cb="0" />
      <line nr="3347" mi="1" ci="0" mb="0" cb="0" />
      <line nr="3348" mi="1" ci="0" mb="0" cb="0" />
      <line nr="3349" mi="1" ci="0" mb="0" cb="0" />
      <line nr="3351" mi="1" ci="0" mb="0" cb="0" />
      <line nr="3355" mi="1" ci="0" mb="0" cb="0" />
      <line nr="3358" mi="1" ci="0" mb="0" cb="0" />
      <line nr="3359" mi="1" ci="0" mb="0" cb="0" />
      <line nr="3364" mi="1" ci="0" mb="0" cb="0" />
      <line nr="3366" mi="1" ci="0" mb="0" cb="0" />
      <line nr="3367" mi="1" ci="0" mb="0" cb="0" />
      <line nr="3369" mi="1" ci="0" mb="0" cb="0" />
      <line nr="3371" mi="1" ci="0" mb="0" cb="0" />
      <line nr="3372" mi="5" ci="0" mb="0" cb="0" />
      <line nr="3373" mi="1" ci="0" mb="0" cb="0" />
      <line nr="3374" mi="1" ci="0" mb="0" cb="0" />
      <line nr="3375" mi="1" ci="0" mb="0" cb="0" />
      <line nr="3376" mi="1" ci="0" mb="0" cb="0" />
      <line nr="3377" mi="1" ci="0" mb="0" cb="0" />
      <line nr="3378" mi="1" ci="0" mb="0" cb="0" />
      <line nr="3379" mi="3" ci="0" mb="0" cb="0" />
      <line nr="3383" mi="1" ci="0" mb="0" cb="0" />
      <line nr="3384" mi="3" ci="0" mb="0" cb="0" />
      <line nr="3388" mi="2" ci="0" mb="0" cb="0" />
      <line nr="3394" mi="1" ci="0" mb="0" cb="0" />
      <line nr="3395" mi="1" ci="0" mb="0" cb="0" />
      <line nr="3400" mi="1" ci="0" mb="0" cb="0" />
      <line nr="3403" mi="1" ci="0" mb="0" cb="0" />
      <line nr="3404" mi="3" ci="0" mb="0" cb="0" />
      <line nr="3405" mi="3" ci="0" mb="0" cb="0" />
      <line nr="3406" mi="3" ci="0" mb="0" cb="0" />
      <line nr="3407" mi="3" ci="0" mb="0" cb="0" />
      <line nr="3408" mi="3" ci="0" mb="0" cb="0" />
      <line nr="3409" mi="3" ci="0" mb="0" cb="0" />
      <line nr="3410" mi="3" ci="0" mb="0" cb="0" />
      <line nr="3411" mi="3" ci="0" mb="0" cb="0" />
      <line nr="3415" mi="1" ci="0" mb="0" cb="0" />
      <line nr="3418" mi="1" ci="0" mb="0" cb="0" />
      <line nr="3419" mi="1" ci="0" mb="0" cb="0" />
      <line nr="3422" mi="1" ci="0" mb="0" cb="0" />
      <line nr="3423" mi="1" ci="0" mb="0" cb="0" />
      <line nr="3424" mi="1" ci="0" mb="0" cb="0" />
      <line nr="3425" mi="1" ci="0" mb="0" cb="0" />
      <line nr="3426" mi="1" ci="0" mb="0" cb="0" />
      <line nr="3427" mi="1" ci="0" mb="0" cb="0" />
      <line nr="3428" mi="3" ci="0" mb="0" cb="0" />
      <line nr="3429" mi="1" ci="0" mb="0" cb="0" />
      <line nr="3430" mi="1" ci="0" mb="0" cb="0" />
      <line nr="3434" mi="1" ci="0" mb="0" cb="0" />
      <line nr="3435" mi="1" ci="0" mb="0" cb="0" />
      <line nr="3437" mi="1" ci="0" mb="0" cb="0" />
      <line nr="3441" mi="1" ci="0" mb="0" cb="0" />
      <line nr="3442" mi="1" ci="0" mb="0" cb="0" />
      <line nr="3443" mi="1" ci="0" mb="0" cb="0" />
      <line nr="3444" mi="1" ci="0" mb="0" cb="0" />
      <line nr="3445" mi="1" ci="0" mb="0" cb="0" />
      <line nr="3446" mi="1" ci="0" mb="0" cb="0" />
      <line nr="3447" mi="1" ci="0" mb="0" cb="0" />
      <line nr="3448" mi="1" ci="0" mb="0" cb="0" />
[...]
      <line nr="4026" mi="1" ci="0" mb="0" cb="0" />
      <line nr="4032" mi="1" ci="0" mb="0" cb="0" />
      <line nr="4033" mi="1" ci="0" mb="0" cb="0" />
      <line nr="4072" mi="1" ci="0" mb="0" cb="0" />
      <line nr="4075" mi="1" ci="0" mb="0" cb="0" />
      <line nr="4076" mi="1" ci="0" mb="0" cb="0" />
      <line nr="4078" mi="1" ci="0" mb="0" cb="0" />
      <line nr="4082" mi="1" ci="0" mb="0" cb="0" />
      <line nr="4083" mi="1" ci="0" mb="0" cb="0" />
      <line nr="4084" mi="1" ci="0" mb="0" cb="0" />
      <line nr="4085" mi="1" ci="0" mb="0" cb="0" />
      <line nr="4086" mi="1" ci="0" mb="0" cb="0" />
      <line nr="4090" mi="1" ci="0" mb="0" cb="0" />
      <line nr="4093" mi="1" ci="0" mb="0" cb="0" />
      <line nr="4094" mi="1" ci="0" mb="0" cb="0" />
      <line nr="4095" mi="1" ci="0" mb="0" cb="0" />
      <line nr="4096" mi="1" ci="0" mb="0" cb="0" />
      <line nr="4097" mi="1" ci="0" mb="0" cb="0" />
      <line nr="4098" mi="1" ci="0" mb="0" cb="0" />
      <line nr="4099" mi="1" ci="0" mb="0" cb="0" />
      <line nr="4100" mi="1" ci="0" mb="0" cb="0" />
      <line nr="4103" mi="1" ci="0" mb="0" cb="0" />
      <line nr="4153" mi="1" ci="0" mb="0" cb="0" />
      <line nr="4154" mi="1" ci="0" mb="0" cb="0" />
      <line nr="4159" mi="1" ci="0" mb="0" cb="0" />
      <line nr="4160" mi="2" ci="0" mb="0" cb="0" />
      <line nr="4163" mi="2" ci="0" mb="0" cb="0" />
      <line nr="4164" mi="1" ci="0" mb="0" cb="0" />
      <line nr="4166" mi="1" ci="0" mb="0" cb="0" />
      <line nr="4167" mi="1" ci="0" mb="0" cb="0" />
      <line nr="4169" mi="1" ci="0" mb="0" cb="0" />
      <line nr="4171" mi="1" ci="0" mb="0" cb="0" />
      <line nr="4176" mi="1" ci="0" mb="0" cb="0" />
      <line nr="4181" mi="1" ci="0" mb="0" cb="0" />
      <line nr="4184" mi="3" ci="0" mb="0" cb="0" />
      <line nr="4185" mi="1" ci="0" mb="0" cb="0" />
      <line nr="4186" mi="1" ci="0" mb="0" cb="0" />
      <line nr="4189" mi="1" ci="0" mb="0" cb="0" />
      <line nr="4190" mi="2" ci="0" mb="0" cb="0" />
      <line nr="4193" mi="1" ci="0" mb="0" cb="0" />
      <line nr="4194" mi="1" ci="0" mb="0" cb="0" />
      <line nr="4196" mi="1" ci="0" mb="0" cb="0" />
      <line nr="4197" mi="1" ci="0" mb="0" cb="0" />
      <line nr="4199" mi="1" ci="0" mb="0" cb="0" />
      <line nr="4201" mi="1" ci="0" mb="0" cb="0" />
      <line nr="4203" mi="1" ci="0" mb="0" cb="0" />
      <line nr="4208" mi="1" ci="0" mb="0" cb="0" />
      <line nr="4209" mi="2" ci="0" mb="0" cb="0" />
      <line nr="4212" mi="2" ci="0" mb="0" cb="0" />
      <line nr="4213" mi="2" ci="0" mb="0" cb="0" />
      <line nr="4214" mi="2" ci="0" mb="0" cb="0" />
      <line nr="4216" mi="1" ci="0" mb="0" cb="0" />
      <line nr="4217" mi="1" ci="0" mb="0" cb="0" />
      <line nr="4219" mi="1" ci="0" mb="0" cb="0" />
      <line nr="4220" mi="1" ci="0" mb="0" cb="0" />
      <line nr="4222" mi="1" ci="0" mb="0" cb="0" />
      <line nr="4224" mi="1" ci="0" mb="0" cb="0" />
      <line nr="4226" mi="1" ci="0" mb="0" cb="0" />
      <line nr="4230" mi="2" ci="0" mb="0" cb="0" />
      <line nr="4297" mi="1" ci="0" mb="0" cb="0" />
      <line nr="4298" mi="1" ci="0" mb="0" cb="0" />
      <line nr="4299" mi="3" ci="0" mb="0" cb="0" />
      <line nr="4300" mi="1" ci="0" mb="0" cb="0" />
      <line nr="4301" mi="4" ci="0" mb="0" cb="0" />
      <line nr="4303" mi="1" ci="0" mb="0" cb="0" />
      <line nr="4305" mi="1" ci="0" mb="0" cb="0" />
      <line nr="4306" mi="4" ci="0" mb="0" cb="0" />
      <line nr="4308" mi="1" ci="0" mb="0" cb="0" />
      <line nr="4310" mi="1" ci="0" mb="0" cb="0" />
      <line nr="4311" mi="4" ci="0" mb="0" cb="0" />
      <line nr="4313" mi="1" ci="0" mb="0" cb="0" />
      <line nr="4315" mi="1" ci="0" mb="0" cb="0" />
      <line nr="4316" mi="2" ci="0" mb="0" cb="0" />
      <line nr="4317" mi="1" ci="0" mb="0" cb="0" />
      <line nr="4318" mi="1" ci="0" mb="0" cb="0" />
      <line nr="4319" mi="1" ci="0" mb="0" cb="0" />
      <line nr="4320" mi="1" ci="0" mb="0" cb="0" />
      <line nr="4321" mi="1" ci="0" mb="0" cb="0" />
      <line nr="4322" mi="1" ci="0" mb="0" cb="0" />
      <line nr="4323" mi="1" ci="0" mb="0" cb="0" />
      <line nr="4324" mi="1" ci="0" mb="0" cb="0" />
      <line nr="4325" mi="1" ci="0" mb="0" cb="0" />
      <line nr="4326" mi="1" ci="0" mb="0" cb="0" />
      <line nr="4330" mi="1" ci="0" mb="0" cb="0" />
      <line nr="4334" mi="1" ci="0" mb="0" cb="0" />
      <line nr="4408" mi="1" ci="0" mb="0" cb="0" />
      <line nr="4409" mi="1" ci="0" mb="0" cb="0" />
      <line nr="4410" mi="1" ci="0" mb="0" cb="0" />
      <line nr="4411" mi="1" ci="0" mb="0" cb="0" />
      <line nr="4412" mi="1" ci="0" mb="0" cb="0" />
      <line nr="4413" mi="1" ci="0" mb="0" cb="0" />
      <line nr="4414" mi="1" ci="0" mb="0" cb="0" />
      <line nr="4415" mi="1" ci="0" mb="0" cb="0" />
      <line nr="4416" mi="1" ci="0" mb="0" cb="0" />
      <line nr="4417" mi="1" ci="0" mb="0" cb="0" />
      <line nr="4418" mi="1" ci="0" mb="0" cb="0" />
      <line nr="4419" mi="1" ci="0" mb="0" cb="0" />
      <line nr="4424" mi="1" ci="0" mb="0" cb="0" />
      <line nr="4427" mi="1" ci="0" mb="0" cb="0" />
      <line nr="4429" mi="1" ci="0" mb="0" cb="0" />
      <line nr="4430" mi="1" ci="0" mb="0" cb="0" />
      <line nr="4434" mi="1" ci="0" mb="0" cb="0" />
      <line nr="4436" mi="1" ci="0" mb="0" cb="0" />
      <line nr="4437" mi="1" ci="0" mb="0" cb="0" />
      <line nr="4440" mi="1" ci="0" mb="0" cb="0" />
      <line nr="4441" mi="1" ci="0" mb="0" cb="0" />
      <line nr="4443" mi="1" ci="0" mb="0" cb="0" />
      <line nr="4444" mi="1" ci="0" mb="0" cb="0" />
      <line nr="4449" mi="1" ci="0" mb="0" cb="0" />
      <line nr="4451" mi="1" ci="0" mb="0" cb="0" />
      <line nr="4453" mi="1" ci="0" mb="0" cb="0" />
      <line nr="4454" mi="1" ci="0" mb="0" cb="0" />
      <line nr="4456" mi="1" ci="0" mb="0" cb="0" />
      <line nr="4461" mi="1" ci="0" mb="0" cb="0" />
      <line nr="4465" mi="1" ci="0" mb="0" cb="0" />
      <line nr="4466" mi="1" ci="0" mb="0" cb="0" />
      <line nr="4467" mi="1" ci="0" mb="0" cb="0" />
      <line nr="4468" mi="1" ci="0" mb="0" cb="0" />
      <line nr="4469" mi="1" ci="0" mb="0" cb="0" />
      <line nr="4470" mi="1" ci="0" mb="0" cb="0" />
      <line nr="4472" mi="1" ci="0" mb="0" cb="0" />
      <line nr="4473" mi="1" ci="0" mb="0" cb="0" />
      <line nr="4475" mi="1" ci="0" mb="0" cb="0" />
      <line nr="4476" mi="1" ci="0" mb="0" cb="0" />
      <line nr="4481" mi="1" ci="0" mb="0" cb="0" />
      <line nr="4482" mi="1" ci="0" mb="0" cb="0" />
      <line nr="4483" mi="1" ci="0" mb="0" cb="0" />
      <line nr="4486" mi="1" ci="0" mb="0" cb="0" />
      <line nr="4487" mi="4" ci="0" mb="0" cb="0" />
      <line nr="4489" mi="1" ci="0" mb="0" cb="0" />
      <line nr="4492" mi="1" ci="0" mb="0" cb="0" />
      <line nr="4493" mi="1" ci="0" mb="0" cb="0" />
      <line nr="4494" mi="1" ci="0" mb="0" cb="0" />
      <line nr="4497" mi="1" ci="0" mb="0" cb="0" />
      <line nr="4631" mi="1" ci="0" mb="0" cb="0" />
      <line nr="4632" mi="1" ci="0" mb="0" cb="0" />
      <line nr="4633" mi="1" ci="0" mb="0" cb="0" />
      <line nr="4634" mi="1" ci="0" mb="0" cb="0" />
      <line nr="4635" mi="1" ci="0" mb="0" cb="0" />
      <line nr="4636" mi="1" ci="0" mb="0" cb="0" />
      <line nr="4637" mi="1" ci="0" mb="0" cb="0" />
      <line nr="4638" mi="1" ci="0" mb="0" cb="0" />
      <line nr="4639" mi="1" ci="0" mb="0" cb="0" />
      <line nr="4640" mi="1" ci="0" mb="0" cb="0" />
      <line nr="4641" mi="1" ci="0" mb="0" cb="0" />
      <line nr="4642" mi="3" ci="0" mb="0" cb="0" />
      <line nr="4643" mi="1" ci="0" mb="0" cb="0" />
      <line nr="4647" mi="1" ci="0" mb="0" cb="0" />
      <line nr="4648" mi="1" ci="0" mb="0" cb="0" />
      <line nr="4649" mi="1" ci="0" mb="0" cb="0" />
      <line nr="4650" mi="1" ci="0" mb="0" cb="0" />
      <line nr="4651" mi="1" ci="0" mb="0" cb="0" />
      <line nr="4652" mi="1" ci="0" mb="0" cb="0" />
      <line nr="4653" mi="1" ci="0" mb="0" cb="0" />
      <line nr="4656" mi="1" ci="0" mb="0" cb="0" />
      <line nr="4657" mi="1" ci="0" mb="0" cb="0" />
      <line nr="4661" mi="1" ci="0" mb="0" cb="0" />
      <line nr="4672" mi="1" ci="0" mb="0" cb="0" />
      <line nr="4673" mi="1" ci="0" mb="0" cb="0" />
      <line nr="4674" mi="2" ci="0" mb="0" cb="0" />
      <line nr="4675" mi="1" ci="0" mb="0" cb="0" />
      <line nr="4676" mi="1" ci="0" mb="0" cb="0" />
      <line nr="4677" mi="1" ci="0" mb="0" cb="0" />
      <line nr="4678" mi="1" ci="0" mb="0" cb="0" />
      <line nr="4679" mi="1" ci="0" mb="0" cb="0" />
      <line nr="4683" mi="1" ci="0" mb="0" cb="0" />
      <line nr="4684" mi="1" ci="0" mb="0" cb="0" />
      <line nr="4685" mi="1" ci="0" mb="0" cb="0" />
      <line nr="4686" mi="2" ci="0" mb="0" cb="0" />
      <line nr="4688" mi="1" ci="0" mb="0" cb="0" />
      <line nr="4691" mi="1" ci="0" mb="0" cb="0" />
      <line nr="4695" mi="1" ci="0" mb="0" cb="0" />
      <line nr="4696" mi="1" ci="0" mb="0" cb="0" />
      <line nr="4702" mi="1" ci="0" mb="0" cb="0" />
      <line nr="4753" mi="1" ci="0" mb="0" cb="0" />
      <line nr="4757" mi="1" ci="0" mb="0" cb="0" />
      <line nr="4759" mi="1" ci="0" mb="0" cb="0" />
      <line nr="4760" mi="1" ci="0" mb="0" cb="0" />
      <line nr="4761" mi="1" ci="0" mb="0" cb="0" />
      <line nr="4762" mi="1" ci="0" mb="0" cb="0" />
      <line nr="4763" mi="1" ci="0" mb="0" cb="0" />
      <line nr="4764" mi="1" ci="0" mb="0" cb="0" />
      <line nr="4765" mi="1" ci="0" mb="0" cb="0" />
      <line nr="4766" mi="1" ci="0" mb="0" cb="0" />
      <line nr="4767" mi="1" ci="0" mb="0" cb="0" />
      <line nr="4768" mi="1" ci="0" mb="0" cb="0" />
      <line nr="4770" mi="1" ci="0" mb="0" cb="0" />
      <line nr="4771" mi="1" ci="0" mb="0" cb="0" />
      <line nr="4775" mi="1" ci="0" mb="0" cb="0" />
      <line nr="4776" mi="1" ci="0" mb="0" cb="0" />
      <line nr="4777" mi="1" ci="0" mb="0" cb="0" />
      <line nr="4778" mi="1" ci="0" mb="0" cb="0" />
      <line nr="4779" mi="1" ci="0" mb="0" cb="0" />
      <line nr="4780" mi="1" ci="0" mb="0" cb="0" />
      <line nr="4786" mi="2" ci="0" mb="0" cb="0" />
      <line nr="4787" mi="1" ci="0" mb="0" cb="0" />
      <line nr="4789" mi="1" ci="0" mb="0" cb="0" />
      <line nr="4792" mi="1" ci="0" mb="0" cb="0" />
      <line nr="4795" mi="1" ci="0" mb="0" cb="0" />
      <line nr="4800" mi="1" ci="0" mb="0" cb="0" />
      <line nr="4807" mi="1" ci="0" mb="0" cb="0" />
      <line nr="4844" mi="1" ci="0" mb="0" cb="0" />
      <line nr="4845" mi="1" ci="0" mb="0" cb="0" />
      <line nr="4849" mi="1" ci="0" mb="0" cb="0" />
      <line nr="4852" mi="1" ci="0" mb="0" cb="0" />
      <line nr="4853" mi="1" ci="0" mb="0" cb="0" />
      <line nr="4854" mi="1" ci="0" mb="0" cb="0" />
      <line nr="4858" mi="1" ci="0" mb="0" cb="0" />
      <line nr="4859" mi="1" ci="0" mb="0" cb="0" />
      <line nr="4860" mi="1" ci="0" mb="0" cb="0" />
      <line nr="4861" mi="1" ci="0" mb="0" cb="0" />
      <line nr="4864" mi="1" ci="0" mb="0" cb="0" />
      <line nr="4865" mi="1" ci="0" mb="0" cb="0" />
      <line nr="4866" mi="3" ci="0" mb="0" cb="0" />
      <line nr="4867" mi="1" ci="0" mb="0" cb="0" />
      <line nr="4868" mi="1" ci="0" mb="0" cb="0" />
      <line nr="4869" mi="1" ci="0" mb="0" cb="0" />
      <line nr="4870" mi="1" ci="0" mb="0" cb="0" />
      <line nr="4874" mi="1" ci="0" mb="0" cb="0" />
      <line nr="4875" mi="1" ci="0" mb="0" cb="0" />
      <line nr="4876" mi="1" ci="0" mb="0" cb="0" />
      <line nr="4877" mi="1" ci="0" mb="0" cb="0" />
      <line nr="4878" mi="1" ci="0" mb="0" cb="0" />
      <line nr="4879" mi="1" ci="0" mb="0" cb="0" />
      <line nr="4880" mi="1" ci="0" mb="0" cb="0" />
      <line nr="4881" mi="1" ci="0" mb="0" cb="0" />
      <line nr="4882" mi="1" ci="0" mb="0" cb="0" />
      <line nr="4886" mi="1" ci="0" mb="0" cb="0" />
      <line nr="4887" mi="1" ci="0" mb="0" cb="0" />
      <line nr="4888" mi="1" ci="0" mb="0" cb="0" />
      <line nr="4891" mi="1" ci="0" mb="0" cb="0" />
      <line nr="4949" mi="1" ci="0" mb="0" cb="0" />
      <line nr="4952" mi="1" ci="0" mb="0" cb="0" />
      <line nr="4953" mi="1" ci="0" mb="0" cb="0" />
      <line nr="4954" mi="1" ci="0" mb="0" cb="0" />
      <line nr="4956" mi="1" ci="0" mb="0" cb="0" />
      <line nr="4963" mi="1" ci="0" mb="0" cb="0" />
      <line nr="4966" mi="1" ci="0" mb="0" cb="0" />
      <line nr="4967" mi="1" ci="0" mb="0" cb="0" />
      <line nr="4968" mi="1" ci="0" mb="0" cb="0" />
      <line nr="4969" mi="1" ci="0" mb="0" cb="0" />
      <line nr="4974" mi="1" ci="0" mb="0" cb="0" />
      <line nr="4975" mi="1" ci="0" mb="0" cb="0" />
      <line nr="4977" mi="2" ci="0" mb="0" cb="0" />
      <line nr="4981" mi="1" ci="0" mb="0" cb="0" />
      <line nr="4983" mi="1" ci="0" mb="0" cb="0" />
      <line nr="4985" mi="2" ci="0" mb="0" cb="0" />
      <line nr="4989" mi="1" ci="0" mb="0" cb="0" />
      <line nr="4991" mi="1" ci="0" mb="0" cb="0" />
      <line nr="5032" mi="1" ci="0" mb="0" cb="0" />
      <line nr="5033" mi="1" ci="0" mb="0" cb="0" />
      <line nr="5036" mi="1" ci="0" mb="0" cb="0" />
      <line nr="5037" mi="1" ci="0" mb="0" cb="0" />
      <line nr="5038" mi="1" ci="0" mb="0" cb="0" />
      <line nr="5044" mi="1" ci="0" mb="0" cb="0" />
      <line nr="5047" mi="1" ci="0" mb="0" cb="0" />
      <line nr="5048" mi="1" ci="0" mb="0" cb="0" />
      <line nr="5052" mi="1" ci="0" mb="0" cb="0" />
      <line nr="5056" mi="1" ci="0" mb="0" cb="0" />
      <line nr="5113" mi="1" ci="0" mb="0" cb="0" />
      <line nr="5114" mi="1" ci="0" mb="0" cb="0" />
      <line nr="5118" mi="1" ci="0" mb="0" cb="0" />
      <line nr="5119" mi="1" ci="0" mb="0" cb="0" />
      <line nr="5123" mi="1" ci="0" mb="0" cb="0" />
      <line nr="5124" mi="1" ci="0" mb="0" cb="0" />
      <line nr="5130" mi="1" ci="0" mb="0" cb="0" />
      <line nr="5133" mi="1" ci="0" mb="0" cb="0" />
      <line nr="5135" mi="1" ci="0" mb="0" cb="0" />
      <line nr="5136" mi="1" ci="0" mb="0" cb="0" />
      <line nr="5137" mi="1" ci="0" mb="0" cb="0" />
      <line nr="5138" mi="1" ci="0" mb="0" cb="0" />
      <line nr="5139" mi="1" ci="0" mb="0" cb="0" />
      <line nr="5143" mi="1" ci="0" mb="0" cb="0" />
      <line nr="5145" mi="1" ci="0" mb="0" cb="0" />
      <line nr="5149" mi="1" ci="0" mb="0" cb="0" />
      <line nr="5151" mi="1" ci="0" mb="0" cb="0" />
      <line nr="5152" mi="1" ci="0" mb="0" cb="0" />
      <line nr="5153" mi="1" ci="0" mb="0" cb="0" />
      <line nr="5156" mi="1" ci="0" mb="0" cb="0" />
      <line nr="5160" mi="1" ci="0" mb="0" cb="0" />
      <line nr="5163" mi="1" ci="0" mb="0" cb="0" />
      <line nr="5166" mi="1" ci="0" mb="0" cb="0" />
      <line nr="5168" mi="2" ci="0" mb="0" cb="0" />
      <line nr="5169" mi="1" ci="0" mb="0" cb="0" />
      <line nr="5170" mi="1" ci="0" mb="0" cb="0" />
      <line nr="5172" mi="1" ci="0" mb="0" cb="0" />
      <line nr="5174" mi="4" ci="0" mb="0" cb="0" />
      <line nr="5178" mi="1" ci="0" mb="0" cb="0" />
      <line nr="5180" mi="9" ci="0" mb="0" cb="0" />
      <line nr="5184" mi="1" ci="0" mb="0" cb="0" />
      <line nr="5239" mi="1" ci="0" mb="0" cb="0" />
      <line nr="5243" mi="2" ci="0" mb="0" cb="0" />
      <line nr="5245" mi="1" ci="0" mb="0" cb="0" />
      <line nr="5246" mi="1" ci="0" mb="0" cb="0" />
      <line nr="5248" mi="1" ci="0" mb="0" cb="0" />
      <line nr="5291" mi="1" ci="0" mb="0" cb="0" />
      <line nr="5293" mi="1" ci="0" mb="0" cb="0" />
      <line nr="5346" mi="2" ci="0" mb="0" cb="0" />
      <line nr="5400" mi="1" ci="0" mb="0" cb="0" />
      <line nr="5404" mi="2" ci="0" mb="0" cb="0" />
      <line nr="5406" mi="1" ci="0" mb="0" cb="0" />
      <line nr="5407" mi="1" ci="0" mb="0" cb="0" />
      <line nr="5409" mi="1" ci="0" mb="0" cb="0" />
      <line nr="5452" mi="1" ci="0" mb="0" cb="0" />
      <line nr="5454" mi="1" ci="0" mb="0" cb="0" />
      <line nr="5507" mi="2" ci="0" mb="0" cb="0" />
      <line nr="5549" mi="1" ci="0" mb="0" cb="0" />
      <line nr="5550" mi="1" ci="0" mb="0" cb="0" />
      <line nr="5554" mi="1" ci="0" mb="0" cb="0" />
      <line nr="5555" mi="3" ci="0" mb="0" cb="0" />
      <line nr="5556" mi="1" ci="0" mb="0" cb="0" />
      <line nr="5557" mi="3" ci="0" mb="0" cb="0" />
      <line nr="5558" mi="3" ci="0" mb="0" cb="0" />
      <line nr="5559" mi="3" ci="0" mb="0" cb="0" />
      <line nr="5562" mi="1" ci="0" mb="0" cb="0" />
      <line nr="5563" mi="1" ci="0" mb="0" cb="0" />
      <line nr="5564" mi="1" ci="0" mb="0" cb="0" />
      <line nr="5565" mi="1" ci="0" mb="0" cb="0" />
      <line nr="5566" mi="3" ci="0" mb="0" cb="0" />
      <line nr="5567" mi="3" ci="0" mb="0" cb="0" />
      <line nr="5568" mi="1" ci="0" mb="0" cb="0" />
      <line nr="5569" mi="1" ci="0" mb="0" cb="0" />
      <line nr="5570" mi="1" ci="0" mb="0" cb="0" />
      <line nr="5571" mi="1" ci="0" mb="0" cb="0" />
      <line nr="5572" mi="1" ci="0" mb="0" cb="0" />
      <line nr="5573" mi="1" ci="0" mb="0" cb="0" />
      <line nr="5574" mi="1" ci="0" mb="0" cb="0" />
      <line nr="5575" mi="1" ci="0" mb="0" cb="0" />
      <line nr="5576" mi="1" ci="0" mb="0" cb="0" />
      <line nr="5577" mi="1" ci="0" mb="0" cb="0" />
      <line nr="5578" mi="2" ci="0" mb="0" cb="0" />
      <line nr="5579" mi="2" ci="0" mb="0" cb="0" />
      <line nr="5580" mi="3" ci="0" mb="0" cb="0" />
      <line nr="5583" mi="1" ci="0" mb="0" cb="0" />
      <line nr="5660" mi="1" ci="0" mb="0" cb="0" />
      <line nr="5663" mi="1" ci="0" mb="0" cb="0" />
      <line nr="5664" mi="1" ci="0" mb="0" cb="0" />
      <line nr="5668" mi="1" ci="0" mb="0" cb="0" />
      <line nr="5669" mi="1" ci="0" mb="0" cb="0" />
      <line nr="5673" mi="1" ci="0" mb="0" cb="0" />
      <line nr="5674" mi="1" ci="0" mb="0" cb="0" />
      <line nr="5678" mi="1" ci="0" mb="0" cb="0" />
      <line nr="5679" mi="1" ci="0" mb="0" cb="0" />
      <line nr="5682" mi="1" ci="0" mb="0" cb="0" />
      <line nr="5683" mi="2" ci="0" mb="0" cb="0" />
      <line nr="5687" mi="1" ci="0" mb="0" cb="0" />
      <line nr="5688" mi="1" ci="0" mb="0" cb="0" />
      <line nr="5692" mi="1" ci="0" mb="0" cb="0" />
      <line nr="5695" mi="1" ci="0" mb="0" cb="0" />
      <line nr="5696" mi="3" ci="0" mb="0" cb="0" />
      <line nr="5700" mi="1" ci="0" mb="0" cb="0" />
      <line nr="5701" mi="1" ci="0" mb="0" cb="0" />
      <line nr="5702" mi="1" ci="0" mb="0" cb="0" />
      <line nr="5703" mi="1" ci="0" mb="0" cb="0" />
      <line nr="5704" mi="1" ci="0" mb="0" cb="0" />
      <line nr="5705" mi="1" ci="0" mb="0" cb="0" />
      <line nr="5707" mi="1" ci="0" mb="0" cb="0" />
      <line nr="5711" mi="1" ci="0" mb="0" cb="0" />
      <line nr="5714" mi="1" ci="0" mb="0" cb="0" />
      <line nr="5715" mi="2" ci="0" mb="0" cb="0" />
      <line nr="5716" mi="2" ci="0" mb="0" cb="0" />
      <line nr="5720" mi="1" ci="0" mb="0" cb="0" />
      <line nr="5723" mi="1" ci="0" mb="0" cb="0" />
      <line nr="5729" mi="1" ci="0" mb="0" cb="0" />
      <counter type="INSTRUCTION" missed="1948" covered="0" />
      <counter type="LINE" missed="1693" covered="0" />
      <counter type="METHOD" missed="65" covered="0" />
      <counter type="CLASS" missed="1" covered="0" />
    </sourcefile>
    <counter type="INSTRUCTION" missed="1948" covered="0" />
    <counter type="LINE" missed="1693" covered="0" />
    <counter type="METHOD" missed="65" covered="0" />
    <counter type="CLASS" missed="1" covered="0" />
  </package>
  <counter type="INSTRUCTION" missed="1948" covered="0" />
  <counter type="LINE" missed="1693" covered="0" />
  <counter type="METHOD" missed="65" covered="0" />
  <counter type="CLASS" missed="1" covered="0" />
</report>
