<?xml version="1.0" encoding="UTF-8" standalone="no"?>
<!DOCTYPE report PUBLIC "-//JACOCO//DTD Report 1.1//EN" "report.dtd"[]>
<report name="Pester (04/08/2025 21:30:06)">
  <sessioninfo id="this" start="1744147796526" dump="1744147806572" />
  <package name="path-utils">
    <class name="path-utils/Path-Manager" sourcefilename="Path-Manager.psm1">
      <method name="&lt;script&gt;" desc="()" line="20">
        <counter type="INSTRUCTION" missed="0" covered="10" />
        <counter type="LINE" missed="0" covered="10" />
        <counter type="METHOD" missed="0" covered="1" />
      </method>
      <method name="PathManagerException" desc="()" line="37">
        <counter type="INSTRUCTION" missed="2" covered="2" />
        <counter type="LINE" missed="2" covered="2" />
        <counter type="METHOD" missed="1" covered="0" />
      </method>
      <method name="PathManagerMappingNotFoundException" desc="()" line="57">
        <counter type="INSTRUCTION" missed="2" covered="1" />
        <counter type="LINE" missed="2" covered="1" />
        <counter type="METHOD" missed="1" covered="0" />
      </method>
      <method name="PathManagerInvalidPathException" desc="()" line="73">
        <counter type="INSTRUCTION" missed="2" covered="1" />
        <counter type="LINE" missed="2" covered="1" />
        <counter type="METHOD" missed="1" covered="0" />
      </method>
      <method name="PathManagerPathTraversalException" desc="()" line="89">
        <counter type="INSTRUCTION" missed="1" covered="0" />
        <counter type="LINE" missed="1" covered="0" />
        <counter type="METHOD" missed="1" covered="0" />
      </method>
      <method name="PathManagerInvalidCharactersException" desc="()" line="109">
        <counter type="INSTRUCTION" missed="5" covered="2" />
        <counter type="LINE" missed="5" covered="2" />
        <counter type="METHOD" missed="1" covered="0" />
      </method>
      <method name="Test-ModuleInitialized" desc="()" line="129">
        <counter type="INSTRUCTION" missed="1" covered="1" />
        <counter type="LINE" missed="1" covered="1" />
        <counter type="METHOD" missed="0" covered="1" />
      </method>
      <method name="Test-PathCharacters" desc="()" line="149">
        <counter type="INSTRUCTION" missed="2" covered="16" />
        <counter type="LINE" missed="0" covered="14" />
        <counter type="METHOD" missed="0" covered="1" />
      </method>
      <method name="Test-PathTraversal" desc="()" line="189">
        <counter type="INSTRUCTION" missed="11" covered="10" />
        <counter type="LINE" missed="11" covered="10" />
        <counter type="METHOD" missed="0" covered="1" />
      </method>
      <method name="Write-PathManagerLog" desc="()" line="244">
        <counter type="INSTRUCTION" missed="3" covered="17" />
        <counter type="LINE" missed="2" covered="17" />
        <counter type="METHOD" missed="0" covered="1" />
      </method>
      <method name="Get-PathFromCache" desc="()" line="294">
        <counter type="INSTRUCTION" missed="0" covered="10" />
        <counter type="LINE" missed="0" covered="8" />
        <counter type="METHOD" missed="0" covered="1" />
      </method>
      <method name="Add-PathToCache" desc="()" line="324">
        <counter type="INSTRUCTION" missed="7" covered="7" />
        <counter type="LINE" missed="4" covered="5" />
        <counter type="METHOD" missed="0" covered="1" />
      </method>
      <method name="Clear-PathManagerCache" desc="()" line="353">
        <counter type="INSTRUCTION" missed="0" covered="6" />
        <counter type="LINE" missed="0" covered="6" />
        <counter type="METHOD" missed="0" covered="1" />
      </method>
      <method name="Enable-PathManagerLogging" desc="()" line="427">
        <counter type="INSTRUCTION" missed="10" covered="13" />
        <counter type="LINE" missed="7" covered="11" />
        <counter type="METHOD" missed="0" covered="1" />
      </method>
      <method name="Set-PathManagerCache" desc="()" line="514">
        <counter type="INSTRUCTION" missed="0" covered="6" />
        <counter type="LINE" missed="0" covered="6" />
        <counter type="METHOD" missed="0" covered="1" />
      </method>
      <method name="Initialize-PathManager" desc="()" line="531">
        <counter type="INSTRUCTION" missed="45" covered="29" />
        <counter type="LINE" missed="37" covered="26" />
        <counter type="METHOD" missed="1" covered="0" />
      </method>
      <method name="Get-ProjectPath" desc="()" line="723">
        <counter type="INSTRUCTION" missed="18" covered="36" />
        <counter type="LINE" missed="14" covered="33" />
        <counter type="METHOD" missed="0" covered="1" />
      </method>
      <method name="Get-RelativePath" desc="()" line="864">
        <counter type="INSTRUCTION" missed="10" covered="37" />
        <counter type="LINE" missed="8" covered="34" />
        <counter type="METHOD" missed="0" covered="1" />
      </method>
      <method name="Add-PathMapping" desc="()" line="994">
        <counter type="INSTRUCTION" missed="21" covered="28" />
        <counter type="LINE" missed="16" covered="24" />
        <counter type="METHOD" missed="0" covered="1" />
      </method>
      <method name="Get-PathMappings" desc="()" line="1104">
        <counter type="INSTRUCTION" missed="7" covered="42" />
        <counter type="LINE" missed="5" covered="37" />
        <counter type="METHOD" missed="0" covered="1" />
      </method>
      <method name="Test-PathIsWithinProject" desc="()" line="1211">
        <counter type="INSTRUCTION" missed="8" covered="22" />
        <counter type="LINE" missed="6" covered="21" />
        <counter type="METHOD" missed="0" covered="1" />
      </method>
      <method name="ConvertTo-NormalizedPath" desc="()" line="1320">
        <counter type="INSTRUCTION" missed="15" covered="33" />
        <counter type="LINE" missed="14" covered="33" />
        <counter type="METHOD" missed="0" covered="1" />
      </method>
      <method name="Test-PathValidity" desc="()" line="1448">
        <counter type="INSTRUCTION" missed="5" covered="9" />
        <counter type="LINE" missed="5" covered="9" />
        <counter type="METHOD" missed="0" covered="1" />
      </method>
      <method name="New-RelativePath" desc="()" line="1524">
        <counter type="INSTRUCTION" missed="20" covered="28" />
        <counter type="LINE" missed="15" covered="24" />
        <counter type="METHOD" missed="0" covered="1" />
      </method>
      <method name="Test-PathAccessibility" desc="()" line="1659">
        <counter type="INSTRUCTION" missed="87" covered="46" />
        <counter type="LINE" missed="76" covered="42" />
        <counter type="METHOD" missed="0" covered="1" />
      </method>
      <method name="Get-TempProjectPath" desc="()" line="1913">
        <counter type="INSTRUCTION" missed="22" covered="20" />
        <counter type="LINE" missed="17" covered="18" />
        <counter type="METHOD" missed="0" covered="1" />
      </method>
      <method name="ConvertTo-SafePath" desc="()" line="2040">
        <counter type="INSTRUCTION" missed="43" covered="23" />
        <counter type="LINE" missed="39" covered="22" />
        <counter type="METHOD" missed="0" covered="1" />
      </method>
      <method name="Get-PathManagerExceptionTypes" desc="()" line="2195">
        <counter type="INSTRUCTION" missed="0" covered="7" />
        <counter type="LINE" missed="0" covered="7" />
        <counter type="METHOD" missed="0" covered="1" />
      </method>
      <counter type="INSTRUCTION" missed="347" covered="462" />
      <counter type="LINE" missed="289" covered="424" />
      <counter type="METHOD" missed="6" covered="22" />
      <counter type="CLASS" missed="0" covered="1" />
    </class>
    <sourcefile name="Path-Manager.psm1">
      <line nr="20" mi="0" ci="1" mb="0" cb="0" />
      <line nr="21" mi="0" ci="1" mb="0" cb="0" />
      <line nr="22" mi="0" ci="1" mb="0" cb="0" />
      <line nr="23" mi="0" ci="1" mb="0" cb="0" />
      <line nr="24" mi="0" ci="1" mb="0" cb="0" />
      <line nr="27" mi="0" ci="1" mb="0" cb="0" />
      <line nr="28" mi="0" ci="1" mb="0" cb="0" />
      <line nr="29" mi="0" ci="1" mb="0" cb="0" />
      <line nr="30" mi="0" ci="1" mb="0" cb="0" />
      <line nr="37" mi="1" ci="0" mb="0" cb="0" />
      <line nr="41" mi="0" ci="1" mb="0" cb="0" />
      <line nr="45" mi="1" ci="0" mb="0" cb="0" />
      <line nr="49" mi="0" ci="1" mb="0" cb="0" />
      <line nr="57" mi="1" ci="0" mb="0" cb="0" />
      <line nr="61" mi="0" ci="1" mb="0" cb="0" />
      <line nr="65" mi="1" ci="0" mb="0" cb="0" />
      <line nr="73" mi="1" ci="0" mb="0" cb="0" />
      <line nr="77" mi="1" ci="0" mb="0" cb="0" />
      <line nr="81" mi="0" ci="1" mb="0" cb="0" />
      <line nr="89" mi="1" ci="0" mb="0" cb="0" />
      <line nr="109" mi="1" ci="0" mb="0" cb="0" />
      <line nr="110" mi="0" ci="1" mb="0" cb="0" />
      <line nr="111" mi="0" ci="1" mb="0" cb="0" />
      <line nr="115" mi="1" ci="0" mb="0" cb="0" />
      <line nr="116" mi="1" ci="0" mb="0" cb="0" />
      <line nr="120" mi="1" ci="0" mb="0" cb="0" />
      <line nr="121" mi="1" ci="0" mb="0" cb="0" />
      <line nr="129" mi="0" ci="1" mb="0" cb="0" />
      <line nr="130" mi="1" ci="0" mb="0" cb="0" />
      <line nr="149" mi="0" ci="1" mb="0" cb="0" />
      <line nr="150" mi="0" ci="1" mb="0" cb="0" />
      <line nr="153" mi="1" ci="2" mb="0" cb="0" />
      <line nr="156" mi="0" ci="1" mb="0" cb="0" />
      <line nr="157" mi="0" ci="1" mb="0" cb="0" />
      <line nr="158" mi="0" ci="1" mb="0" cb="0" />
      <line nr="160" mi="0" ci="1" mb="0" cb="0" />
      <line nr="161" mi="1" ci="2" mb="0" cb="0" />
      <line nr="162" mi="0" ci="1" mb="0" cb="0" />
      <line nr="167" mi="0" ci="1" mb="0" cb="0" />
      <line nr="168" mi="0" ci="1" mb="0" cb="0" />
      <line nr="169" mi="0" ci="1" mb="0" cb="0" />
      <line nr="171" mi="0" ci="1" mb="0" cb="0" />
      <line nr="174" mi="0" ci="1" mb="0" cb="0" />
      <line nr="189" mi="0" ci="1" mb="0" cb="0" />
      <line nr="190" mi="0" ci="1" mb="0" cb="0" />
      <line nr="191" mi="0" ci="1" mb="0" cb="0" />
      <line nr="192" mi="0" ci="1" mb="0" cb="0" />
      <line nr="193" mi="0" ci="1" mb="0" cb="0" />
      <line nr="194" mi="0" ci="1" mb="0" cb="0" />
      <line nr="195" mi="0" ci="1" mb="0" cb="0" />
      <line nr="196" mi="0" ci="1" mb="0" cb="0" />
      <line nr="200" mi="0" ci="1" mb="0" cb="0" />
      <line nr="201" mi="0" ci="1" mb="0" cb="0" />
      <line nr="202" mi="1" ci="0" mb="0" cb="0" />
      <line nr="203" mi="1" ci="0" mb="0" cb="0" />
      <line nr="204" mi="1" ci="0" mb="0" cb="0" />
      <line nr="206" mi="1" ci="0" mb="0" cb="0" />
      <line nr="211" mi="1" ci="0" mb="0" cb="0" />
      <line nr="214" mi="1" ci="0" mb="0" cb="0" />
      <line nr="215" mi="1" ci="0" mb="0" cb="0" />
      <line nr="217" mi="1" ci="0" mb="0" cb="0" />
      <line nr="221" mi="1" ci="0" mb="0" cb="0" />
      <line nr="222" mi="1" ci="0" mb="0" cb="0" />
      <line nr="225" mi="1" ci="0" mb="0" cb="0" />
      <line nr="244" mi="0" ci="1" mb="0" cb="0" />
      <line nr="245" mi="0" ci="1" mb="0" cb="0" />
      <line nr="246" mi="0" ci="1" mb="0" cb="0" />
      <line nr="247" mi="0" ci="1" mb="0" cb="0" />
      <line nr="248" mi="0" ci="1" mb="0" cb="0" />
      <line nr="252" mi="0" ci="1" mb="0" cb="0" />
      <line nr="254" mi="0" ci="1" mb="0" cb="0" />
      <line nr="255" mi="0" ci="1" mb="0" cb="0" />
      <line nr="258" mi="0" ci="1" mb="0" cb="0" />
      <line nr="259" mi="0" ci="1" mb="0" cb="0" />
      <line nr="260" mi="0" ci="1" mb="0" cb="0" />
      <line nr="261" mi="0" ci="1" mb="0" cb="0" />
      <line nr="262" mi="0" ci="1" mb="0" cb="0" />
      <line nr="263" mi="0" ci="1" mb="0" cb="0" />
      <line nr="264" mi="1" ci="0" mb="0" cb="0" />
      <line nr="266" mi="0" ci="1" mb="0" cb="0" />
      <line nr="270" mi="0" ci="1" mb="0" cb="0" />
      <line nr="272" mi="0" ci="1" mb="0" cb="0" />
      <line nr="275" mi="2" ci="0" mb="0" cb="0" />
      <line nr="294" mi="0" ci="1" mb="0" cb="0" />
      <line nr="295" mi="0" ci="1" mb="0" cb="0" />
      <line nr="298" mi="0" ci="3" mb="0" cb="0" />
      <line nr="300" mi="0" ci="1" mb="0" cb="0" />
      <line nr="301" mi="0" ci="1" mb="0" cb="0" />
      <line nr="302" mi="0" ci="1" mb="0" cb="0" />
      <line nr="305" mi="0" ci="1" mb="0" cb="0" />
      <line nr="306" mi="0" ci="1" mb="0" cb="0" />
      <line nr="324" mi="0" ci="1" mb="0" cb="0" />
      <line nr="328" mi="0" ci="3" mb="0" cb="0" />
      <line nr="331" mi="0" ci="1" mb="0" cb="0" />
      <line nr="333" mi="4" ci="0" mb="0" cb="0" />
      <line nr="334" mi="1" ci="0" mb="0" cb="0" />
      <line nr="335" mi="1" ci="0" mb="0" cb="0" />
      <line nr="337" mi="1" ci="0" mb="0" cb="0" />
      <line nr="340" mi="0" ci="1" mb="0" cb="0" />
      <line nr="341" mi="0" ci="1" mb="0" cb="0" />
      <line nr="353" mi="0" ci="1" mb="0" cb="0" />
      <line nr="354" mi="0" ci="1" mb="0" cb="0" />
      <line nr="355" mi="0" ci="1" mb="0" cb="0" />
      <line nr="358" mi="0" ci="1" mb="0" cb="0" />
      <line nr="359" mi="0" ci="1" mb="0" cb="0" />
      <line nr="360" mi="0" ci="1" mb="0" cb="0" />
      <line nr="427" mi="0" ci="1" mb="0" cb="0" />
      <line nr="434" mi="0" ci="1" mb="0" cb="0" />
      <line nr="436" mi="0" ci="1" mb="0" cb="0" />
      <line nr="437" mi="0" ci="1" mb="0" cb="0" />
      <line nr="438" mi="0" ci="1" mb="0" cb="0" />
      <line nr="441" mi="0" ci="1" mb="0" cb="0" />
      <line nr="442" mi="0" ci="2" mb="0" cb="0" />
      <line nr="444" mi="2" ci="0" mb="0" cb="0" />
      <line nr="445" mi="1" ci="0" mb="0" cb="0" />
      <line nr="448" mi="2" ci="0" mb="0" cb="0" />
      <line nr="449" mi="1" ci="0" mb="0" cb="0" />
      <line nr="456" mi="0" ci="2" mb="0" cb="0" />
      <line nr="457" mi="0" ci="1" mb="0" cb="0" />
      <line nr="460" mi="2" ci="0" mb="0" cb="0" />
      <line nr="461" mi="1" ci="0" mb="0" cb="0" />
      <line nr="465" mi="0" ci="1" mb="0" cb="0" />
      <line nr="466" mi="1" ci="0" mb="0" cb="0" />
      <line nr="468" mi="0" ci="1" mb="0" cb="0" />
      <line nr="514" mi="0" ci="1" mb="0" cb="0" />
      <line nr="516" mi="0" ci="1" mb="0" cb="0" />
      <line nr="517" mi="0" ci="1" mb="0" cb="0" />
      <line nr="520" mi="0" ci="1" mb="0" cb="0" />
      <line nr="521" mi="0" ci="1" mb="0" cb="0" />
      <line nr="524" mi="0" ci="1" mb="0" cb="0" />
      <line nr="531" mi="1" ci="0" mb="0" cb="0" />
      <line nr="551" mi="0" ci="1" mb="0" cb="0" />
      <line nr="552" mi="1" ci="0" mb="0" cb="0" />
      <line nr="553" mi="1" ci="0" mb="0" cb="0" />
      <line nr="555" mi="1" ci="0" mb="0" cb="0" />
      <line nr="558" mi="1" ci="0" mb="0" cb="0" />
      <line nr="561" mi="0" ci="1" mb="0" cb="0" />
      <line nr="562" mi="0" ci="1" mb="0" cb="0" />
      <line nr="566" mi="0" ci="1" mb="0" cb="0" />
      <line nr="567" mi="0" ci="2" mb="0" cb="0" />
      <line nr="570" mi="1" ci="0" mb="0" cb="0" />
      <line nr="571" mi="2" ci="0" mb="0" cb="0" />
      <line nr="572" mi="1" ci="0" mb="0" cb="0" />
      <line nr="576" mi="0" ci="2" mb="0" cb="0" />
      <line nr="577" mi="2" ci="0" mb="0" cb="0" />
      <line nr="578" mi="1" ci="0" mb="0" cb="0" />
      <line nr="579" mi="1" ci="0" mb="0" cb="0" />
      <line nr="583" mi="0" ci="1" mb="0" cb="0" />
      <line nr="584" mi="0" ci="1" mb="0" cb="0" />
      <line nr="587" mi="0" ci="1" mb="0" cb="0" />
      <line nr="588" mi="0" ci="1" mb="0" cb="0" />
      <line nr="590" mi="0" ci="1" mb="0" cb="0" />
      <line nr="593" mi="0" ci="1" mb="0" cb="0" />
      <line nr="594" mi="0" ci="1" mb="0" cb="0" />
      <line nr="596" mi="0" ci="1" mb="0" cb="0" />
      <line nr="597" mi="0" ci="1" mb="0" cb="0" />
      <line nr="598" mi="0" ci="1" mb="0" cb="0" />
      <line nr="599" mi="0" ci="1" mb="0" cb="0" />
      <line nr="600" mi="0" ci="1" mb="0" cb="0" />
      <line nr="601" mi="0" ci="2" mb="0" cb="0" />
      <line nr="603" mi="2" ci="0" mb="0" cb="0" />
      <line nr="608" mi="2" ci="0" mb="0" cb="0" />
      <line nr="614" mi="0" ci="1" mb="0" cb="0" />
      <line nr="615" mi="2" ci="0" mb="0" cb="0" />
      <line nr="616" mi="1" ci="0" mb="0" cb="0" />
      <line nr="617" mi="1" ci="0" mb="0" cb="0" />
      <line nr="618" mi="1" ci="0" mb="0" cb="0" />
      <line nr="620" mi="1" ci="0" mb="0" cb="0" />
      <line nr="623" mi="1" ci="0" mb="0" cb="0" />
      <line nr="624" mi="1" ci="0" mb="0" cb="0" />
      <line nr="625" mi="1" ci="0" mb="0" cb="0" />
      <line nr="629" mi="1" ci="0" mb="0" cb="0" />
      <line nr="630" mi="1" ci="0" mb="0" cb="0" />
      <line nr="631" mi="2" ci="0" mb="0" cb="0" />
      <line nr="632" mi="1" ci="0" mb="0" cb="0" />
      <line nr="634" mi="1" ci="0" mb="0" cb="0" />
      <line nr="635" mi="1" ci="0" mb="0" cb="0" />
      <line nr="639" mi="2" ci="0" mb="0" cb="0" />
      <line nr="642" mi="1" ci="0" mb="0" cb="0" />
      <line nr="643" mi="1" ci="0" mb="0" cb="0" />
      <line nr="648" mi="1" ci="0" mb="0" cb="0" />
      <line nr="649" mi="1" ci="0" mb="0" cb="0" />
      <line nr="651" mi="1" ci="0" mb="0" cb="0" />
      <line nr="652" mi="1" ci="0" mb="0" cb="0" />
      <line nr="655" mi="2" ci="0" mb="0" cb="0" />
      <line nr="657" mi="1" ci="0" mb="0" cb="0" />
      <line nr="658" mi="1" ci="0" mb="0" cb="0" />
      <line nr="664" mi="0" ci="1" mb="0" cb="0" />
      <line nr="665" mi="0" ci="1" mb="0" cb="0" />
      <line nr="667" mi="0" ci="1" mb="0" cb="0" />
      <line nr="668" mi="0" ci="1" mb="0" cb="0" />
      <line nr="669" mi="0" ci="1" mb="0" cb="0" />
      <line nr="672" mi="0" ci="1" mb="0" cb="0" />
      <line nr="723" mi="0" ci="1" mb="0" cb="0" />
      <line nr="726" mi="0" ci="1" mb="0" cb="0" />
      <line nr="729" mi="0" ci="1" mb="0" cb="0" />
      <line nr="730" mi="0" ci="1" mb="0" cb="0" />
      <line nr="731" mi="0" ci="1" mb="0" cb="0" />
      <line nr="733" mi="0" ci="2" mb="0" cb="0" />
      <line nr="734" mi="1" ci="0" mb="0" cb="0" />
      <line nr="736" mi="0" ci="1" mb="0" cb="0" />
      <line nr="740" mi="0" ci="1" mb="0" cb="0" />
      <line nr="742" mi="0" ci="1" mb="0" cb="0" />
      <line nr="743" mi="0" ci="1" mb="0" cb="0" />
      <line nr="746" mi="0" ci="1" mb="0" cb="0" />
      <line nr="747" mi="0" ci="1" mb="0" cb="0" />
      <line nr="748" mi="0" ci="1" mb="0" cb="0" />
      <line nr="749" mi="0" ci="1" mb="0" cb="0" />
      <line nr="751" mi="1" ci="0" mb="0" cb="0" />
      <line nr="752" mi="1" ci="0" mb="0" cb="0" />
      <line nr="756" mi="0" ci="1" mb="0" cb="0" />
      <line nr="757" mi="0" ci="1" mb="0" cb="0" />
      <line nr="759" mi="0" ci="1" mb="0" cb="0" />
      <line nr="760" mi="0" ci="1" mb="0" cb="0" />
      <line nr="763" mi="0" ci="2" mb="0" cb="0" />
      <line nr="764" mi="1" ci="0" mb="0" cb="0" />
      <line nr="768" mi="0" ci="1" mb="0" cb="0" />
      <line nr="769" mi="0" ci="1" mb="0" cb="0" />
      <line nr="772" mi="0" ci="1" mb="0" cb="0" />
      <line nr="775" mi="0" ci="1" mb="0" cb="0" />
      <line nr="776" mi="0" ci="1" mb="0" cb="0" />
      <line nr="781" mi="0" ci="1" mb="0" cb="0" />
      <line nr="782" mi="0" ci="1" mb="0" cb="0" />
      <line nr="785" mi="1" ci="0" mb="0" cb="0" />
      <line nr="786" mi="2" ci="0" mb="0" cb="0" />
      <line nr="787" mi="1" ci="0" mb="0" cb="0" />
      <line nr="792" mi="0" ci="1" mb="0" cb="0" />
      <line nr="793" mi="0" ci="1" mb="0" cb="0" />
      <line nr="796" mi="1" ci="0" mb="0" cb="0" />
      <line nr="797" mi="2" ci="0" mb="0" cb="0" />
      <line nr="798" mi="1" ci="0" mb="0" cb="0" />
      <line nr="802" mi="0" ci="2" mb="0" cb="0" />
      <line nr="803" mi="0" ci="1" mb="0" cb="0" />
      <line nr="807" mi="0" ci="1" mb="0" cb="0" />
      <line nr="808" mi="0" ci="1" mb="0" cb="0" />
      <line nr="811" mi="0" ci="1" mb="0" cb="0" />
      <line nr="815" mi="2" ci="0" mb="0" cb="0" />
      <line nr="820" mi="1" ci="0" mb="0" cb="0" />
      <line nr="821" mi="2" ci="0" mb="0" cb="0" />
      <line nr="822" mi="1" ci="0" mb="0" cb="0" />
      <line nr="864" mi="0" ci="1" mb="0" cb="0" />
      <line nr="867" mi="0" ci="1" mb="0" cb="0" />
      <line nr="870" mi="0" ci="1" mb="0" cb="0" />
      <line nr="871" mi="0" ci="1" mb="0" cb="0" />
      <line nr="872" mi="0" ci="1" mb="0" cb="0" />
      <line nr="873" mi="1" ci="0" mb="0" cb="0" />
      <line nr="877" mi="0" ci="1" mb="0" cb="0" />
      <line nr="880" mi="0" ci="1" mb="0" cb="0" />
      <line nr="881" mi="0" ci="1" mb="0" cb="0" />
      <line nr="882" mi="0" ci="1" mb="0" cb="0" />
      <line nr="883" mi="0" ci="1" mb="0" cb="0" />
      <line nr="884" mi="0" ci="1" mb="0" cb="0" />
      <line nr="886" mi="0" ci="1" mb="0" cb="0" />
      <line nr="887" mi="0" ci="1" mb="0" cb="0" />
      <line nr="890" mi="0" ci="1" mb="0" cb="0" />
      <line nr="891" mi="0" ci="1" mb="0" cb="0" />
      <line nr="893" mi="1" ci="0" mb="0" cb="0" />
      <line nr="895" mi="0" ci="1" mb="0" cb="0" />
      <line nr="898" mi="0" ci="2" mb="0" cb="0" />
      <line nr="899" mi="0" ci="1" mb="0" cb="0" />
      <line nr="904" mi="0" ci="1" mb="0" cb="0" />
      <line nr="906" mi="0" ci="1" mb="0" cb="0" />
      <line nr="907" mi="0" ci="1" mb="0" cb="0" />
      <line nr="909" mi="0" ci="1" mb="0" cb="0" />
      <line nr="911" mi="0" ci="1" mb="0" cb="0" />
      <line nr="912" mi="0" ci="2" mb="0" cb="0" />
      <line nr="913" mi="0" ci="1" mb="0" cb="0" />
      <line nr="918" mi="0" ci="1" mb="0" cb="0" />
      <line nr="919" mi="0" ci="1" mb="0" cb="0" />
      <line nr="922" mi="0" ci="1" mb="0" cb="0" />
      <line nr="923" mi="0" ci="1" mb="0" cb="0" />
      <line nr="925" mi="0" ci="1" mb="0" cb="0" />
      <line nr="928" mi="0" ci="1" mb="0" cb="0" />
      <line nr="929" mi="0" ci="1" mb="0" cb="0" />
      <line nr="932" mi="0" ci="1" mb="0" cb="0" />
      <line nr="934" mi="1" ci="0" mb="0" cb="0" />
      <line nr="935" mi="2" ci="0" mb="0" cb="0" />
      <line nr="936" mi="1" ci="0" mb="0" cb="0" />
      <line nr="941" mi="0" ci="2" mb="0" cb="0" />
      <line nr="946" mi="1" ci="0" mb="0" cb="0" />
      <line nr="947" mi="2" ci="0" mb="0" cb="0" />
      <line nr="948" mi="1" ci="0" mb="0" cb="0" />
      <line nr="994" mi="0" ci="1" mb="0" cb="0" />
      <line nr="996" mi="0" ci="1" mb="0" cb="0" />
      <line nr="998" mi="0" ci="1" mb="0" cb="0" />
      <line nr="1001" mi="0" ci="1" mb="0" cb="0" />
      <line nr="1002" mi="0" ci="1" mb="0" cb="0" />
      <line nr="1003" mi="0" ci="1" mb="0" cb="0" />
      <line nr="1004" mi="0" ci="1" mb="0" cb="0" />
      <line nr="1005" mi="0" ci="1" mb="0" cb="0" />
      <line nr="1011" mi="0" ci="1" mb="0" cb="0" />
      <line nr="1012" mi="0" ci="1" mb="0" cb="0" />
      <line nr="1013" mi="0" ci="1" mb="0" cb="0" />
      <line nr="1015" mi="1" ci="0" mb="0" cb="0" />
      <line nr="1016" mi="1" ci="0" mb="0" cb="0" />
      <line nr="1020" mi="1" ci="0" mb="0" cb="0" />
      <line nr="1021" mi="2" ci="0" mb="0" cb="0" />
      <line nr="1022" mi="1" ci="0" mb="0" cb="0" />
      <line nr="1026" mi="0" ci="2" mb="0" cb="0" />
      <line nr="1028" mi="0" ci="1" mb="0" cb="0" />
      <line nr="1029" mi="0" ci="2" mb="0" cb="0" />
      <line nr="1030" mi="0" ci="1" mb="0" cb="0" />
      <line nr="1033" mi="1" ci="0" mb="0" cb="0" />
      <line nr="1034" mi="2" ci="0" mb="0" cb="0" />
      <line nr="1035" mi="1" ci="0" mb="0" cb="0" />
      <line nr="1041" mi="0" ci="1" mb="0" cb="0" />
      <line nr="1042" mi="0" ci="1" mb="0" cb="0" />
      <line nr="1045" mi="1" ci="0" mb="0" cb="0" />
      <line nr="1046" mi="2" ci="0" mb="0" cb="0" />
      <line nr="1047" mi="1" ci="0" mb="0" cb="0" />
      <line nr="1050" mi="0" ci="1" mb="0" cb="0" />
      <line nr="1052" mi="0" ci="3" mb="0" cb="0" />
      <line nr="1054" mi="0" ci="1" mb="0" cb="0" />
      <line nr="1055" mi="0" ci="1" mb="0" cb="0" />
      <line nr="1058" mi="0" ci="1" mb="0" cb="0" />
      <line nr="1059" mi="0" ci="1" mb="0" cb="0" />
      <line nr="1061" mi="0" ci="1" mb="0" cb="0" />
      <line nr="1064" mi="1" ci="0" mb="0" cb="0" />
      <line nr="1068" mi="2" ci="0" mb="0" cb="0" />
      <line nr="1073" mi="1" ci="0" mb="0" cb="0" />
      <line nr="1074" mi="2" ci="0" mb="0" cb="0" />
      <line nr="1075" mi="1" ci="0" mb="0" cb="0" />
      <line nr="1104" mi="0" ci="1" mb="0" cb="0" />
      <line nr="1106" mi="0" ci="1" mb="0" cb="0" />
      <line nr="1109" mi="0" ci="1" mb="0" cb="0" />
      <line nr="1110" mi="0" ci="1" mb="0" cb="0" />
      <line nr="1112" mi="0" ci="1" mb="0" cb="0" />
      <line nr="1113" mi="0" ci="1" mb="0" cb="0" />
      <line nr="1114" mi="0" ci="1" mb="0" cb="0" />
      <line nr="1115" mi="0" ci="2" mb="0" cb="0" />
      <line nr="1116" mi="0" ci="2" mb="0" cb="0" />
      <line nr="1117" mi="0" ci="1" mb="0" cb="0" />
      <line nr="1118" mi="0" ci="1" mb="0" cb="0" />
      <line nr="1120" mi="0" ci="1" mb="0" cb="0" />
      <line nr="1121" mi="0" ci="1" mb="0" cb="0" />
      <line nr="1122" mi="0" ci="1" mb="0" cb="0" />
      <line nr="1123" mi="0" ci="1" mb="0" cb="0" />
      <line nr="1124" mi="0" ci="1" mb="0" cb="0" />
      <line nr="1125" mi="0" ci="1" mb="0" cb="0" />
      <line nr="1126" mi="0" ci="1" mb="0" cb="0" />
      <line nr="1127" mi="0" ci="1" mb="0" cb="0" />
      <line nr="1130" mi="0" ci="1" mb="0" cb="0" />
      <line nr="1131" mi="1" ci="0" mb="0" cb="0" />
      <line nr="1133" mi="0" ci="1" mb="0" cb="0" />
      <line nr="1134" mi="0" ci="1" mb="0" cb="0" />
      <line nr="1135" mi="0" ci="1" mb="0" cb="0" />
      <line nr="1136" mi="0" ci="1" mb="0" cb="0" />
      <line nr="1137" mi="0" ci="1" mb="0" cb="0" />
      <line nr="1138" mi="0" ci="1" mb="0" cb="0" />
      <line nr="1139" mi="0" ci="1" mb="0" cb="0" />
      <line nr="1144" mi="0" ci="2" mb="0" cb="0" />
      <line nr="1145" mi="0" ci="1" mb="0" cb="0" />
      <line nr="1148" mi="0" ci="1" mb="0" cb="0" />
      <line nr="1149" mi="0" ci="1" mb="0" cb="0" />
      <line nr="1150" mi="0" ci="1" mb="0" cb="0" />
      <line nr="1151" mi="0" ci="1" mb="0" cb="0" />
      <line nr="1154" mi="0" ci="2" mb="0" cb="0" />
      <line nr="1155" mi="0" ci="1" mb="0" cb="0" />
      <line nr="1159" mi="0" ci="2" mb="0" cb="0" />
      <line nr="1160" mi="0" ci="1" mb="0" cb="0" />
      <line nr="1165" mi="2" ci="0" mb="0" cb="0" />
      <line nr="1170" mi="1" ci="0" mb="0" cb="0" />
      <line nr="1171" mi="2" ci="0" mb="0" cb="0" />
      <line nr="1172" mi="1" ci="0" mb="0" cb="0" />
      <line nr="1211" mi="0" ci="1" mb="0" cb="0" />
      <line nr="1213" mi="0" ci="1" mb="0" cb="0" />
      <line nr="1214" mi="0" ci="1" mb="0" cb="0" />
      <line nr="1219" mi="0" ci="1" mb="0" cb="0" />
      <line nr="1220" mi="0" ci="1" mb="0" cb="0" />
      <line nr="1222" mi="0" ci="1" mb="0" cb="0" />
      <line nr="1223" mi="0" ci="1" mb="0" cb="0" />
      <line nr="1227" mi="0" ci="1" mb="0" cb="0" />
      <line nr="1228" mi="0" ci="2" mb="0" cb="0" />
      <line nr="1230" mi="0" ci="1" mb="0" cb="0" />
      <line nr="1234" mi="0" ci="1" mb="0" cb="0" />
      <line nr="1235" mi="0" ci="1" mb="0" cb="0" />
      <line nr="1236" mi="0" ci="1" mb="0" cb="0" />
      <line nr="1240" mi="0" ci="1" mb="0" cb="0" />
      <line nr="1241" mi="0" ci="1" mb="0" cb="0" />
      <line nr="1242" mi="0" ci="1" mb="0" cb="0" />
      <line nr="1243" mi="0" ci="1" mb="0" cb="0" />
      <line nr="1248" mi="0" ci="1" mb="0" cb="0" />
      <line nr="1250" mi="0" ci="1" mb="0" cb="0" />
      <line nr="1251" mi="0" ci="1" mb="0" cb="0" />
      <line nr="1253" mi="0" ci="1" mb="0" cb="0" />
      <line nr="1257" mi="1" ci="0" mb="0" cb="0" />
      <line nr="1258" mi="2" ci="0" mb="0" cb="0" />
      <line nr="1264" mi="1" ci="0" mb="0" cb="0" />
      <line nr="1265" mi="1" ci="0" mb="0" cb="0" />
      <line nr="1266" mi="2" ci="0" mb="0" cb="0" />
      <line nr="1268" mi="1" ci="0" mb="0" cb="0" />
      <line nr="1320" mi="0" ci="1" mb="0" cb="0" />
      <line nr="1321" mi="0" ci="1" mb="0" cb="0" />
      <line nr="1325" mi="0" ci="1" mb="0" cb="0" />
      <line nr="1326" mi="1" ci="0" mb="0" cb="0" />
      <line nr="1327" mi="1" ci="0" mb="0" cb="0" />
      <line nr="1328" mi="1" ci="0" mb="0" cb="0" />
      <line nr="1330" mi="1" ci="0" mb="0" cb="0" />
      <line nr="1331" mi="1" ci="0" mb="0" cb="0" />
      <line nr="1334" mi="0" ci="1" mb="0" cb="0" />
      <line nr="1335" mi="1" ci="0" mb="0" cb="0" />
      <line nr="1336" mi="1" ci="0" mb="0" cb="0" />
      <line nr="1337" mi="1" ci="0" mb="0" cb="0" />
      <line nr="1339" mi="1" ci="0" mb="0" cb="0" />
      <line nr="1340" mi="1" ci="0" mb="0" cb="0" />
      <line nr="1344" mi="0" ci="1" mb="0" cb="0" />
      <line nr="1345" mi="0" ci="1" mb="0" cb="0" />
      <line nr="1346" mi="0" ci="1" mb="0" cb="0" />
      <line nr="1347" mi="0" ci="1" mb="0" cb="0" />
      <line nr="1348" mi="0" ci="1" mb="0" cb="0" />
      <line nr="1351" mi="0" ci="1" mb="0" cb="0" />
      <line nr="1352" mi="0" ci="1" mb="0" cb="0" />
      <line nr="1353" mi="0" ci="1" mb="0" cb="0" />
      <line nr="1354" mi="0" ci="1" mb="0" cb="0" />
      <line nr="1359" mi="0" ci="1" mb="0" cb="0" />
      <line nr="1360" mi="0" ci="1" mb="0" cb="0" />
      <line nr="1361" mi="0" ci="1" mb="0" cb="0" />
      <line nr="1366" mi="0" ci="1" mb="0" cb="0" />
      <line nr="1369" mi="0" ci="1" mb="0" cb="0" />
      <line nr="1371" mi="0" ci="1" mb="0" cb="0" />
      <line nr="1372" mi="0" ci="1" mb="0" cb="0" />
      <line nr="1373" mi="0" ci="1" mb="0" cb="0" />
      <line nr="1374" mi="0" ci="1" mb="0" cb="0" />
      <line nr="1377" mi="0" ci="1" mb="0" cb="0" />
      <line nr="1378" mi="0" ci="1" mb="0" cb="0" />
      <line nr="1379" mi="0" ci="1" mb="0" cb="0" />
      <line nr="1380" mi="0" ci="1" mb="0" cb="0" />
      <line nr="1385" mi="0" ci="1" mb="0" cb="0" />
      <line nr="1387" mi="0" ci="1" mb="0" cb="0" />
      <line nr="1388" mi="0" ci="1" mb="0" cb="0" />
      <line nr="1389" mi="0" ci="1" mb="0" cb="0" />
      <line nr="1393" mi="0" ci="1" mb="0" cb="0" />
      <line nr="1394" mi="0" ci="1" mb="0" cb="0" />
      <line nr="1396" mi="0" ci="1" mb="0" cb="0" />
      <line nr="1399" mi="1" ci="0" mb="0" cb="0" />
      <line nr="1400" mi="1" ci="0" mb="0" cb="0" />
      <line nr="1401" mi="2" ci="0" mb="0" cb="0" />
      <line nr="1403" mi="1" ci="0" mb="0" cb="0" />
      <line nr="1448" mi="0" ci="1" mb="0" cb="0" />
      <line nr="1449" mi="0" ci="1" mb="0" cb="0" />
      <line nr="1450" mi="0" ci="1" mb="0" cb="0" />
      <line nr="1454" mi="0" ci="1" mb="0" cb="0" />
      <line nr="1455" mi="1" ci="0" mb="0" cb="0" />
      <line nr="1456" mi="1" ci="0" mb="0" cb="0" />
      <line nr="1457" mi="1" ci="0" mb="0" cb="0" />
      <line nr="1462" mi="0" ci="1" mb="0" cb="0" />
      <line nr="1463" mi="0" ci="1" mb="0" cb="0" />
      <line nr="1464" mi="1" ci="0" mb="0" cb="0" />
      <line nr="1465" mi="1" ci="0" mb="0" cb="0" />
      <line nr="1470" mi="0" ci="1" mb="0" cb="0" />
      <line nr="1475" mi="0" ci="1" mb="0" cb="0" />
      <line nr="1478" mi="0" ci="1" mb="0" cb="0" />
      <line nr="1524" mi="0" ci="1" mb="0" cb="0" />
      <line nr="1527" mi="0" ci="2" mb="0" cb="0" />
      <line nr="1528" mi="1" ci="0" mb="0" cb="0" />
      <line nr="1531" mi="0" ci="2" mb="0" cb="0" />
      <line nr="1532" mi="1" ci="0" mb="0" cb="0" />
      <line nr="1537" mi="0" ci="2" mb="0" cb="0" />
      <line nr="1538" mi="0" ci="2" mb="0" cb="0" />
      <line nr="1540" mi="0" ci="1" mb="0" cb="0" />
      <line nr="1543" mi="1" ci="0" mb="0" cb="0" />
      <line nr="1544" mi="2" ci="0" mb="0" cb="0" />
      <line nr="1545" mi="1" ci="0" mb="0" cb="0" />
      <line nr="1549" mi="0" ci="1" mb="0" cb="0" />
      <line nr="1550" mi="0" ci="1" mb="0" cb="0" />
      <line nr="1551" mi="0" ci="1" mb="0" cb="0" />
      <line nr="1557" mi="0" ci="1" mb="0" cb="0" />
      <line nr="1558" mi="0" ci="1" mb="0" cb="0" />
      <line nr="1560" mi="0" ci="1" mb="0" cb="0" />
      <line nr="1563" mi="1" ci="0" mb="0" cb="0" />
      <line nr="1564" mi="2" ci="0" mb="0" cb="0" />
      <line nr="1565" mi="1" ci="0" mb="0" cb="0" />
      <line nr="1570" mi="0" ci="1" mb="0" cb="0" />
      <line nr="1571" mi="0" ci="1" mb="0" cb="0" />
      <line nr="1573" mi="0" ci="1" mb="0" cb="0" />
      <line nr="1576" mi="0" ci="1" mb="0" cb="0" />
      <line nr="1577" mi="0" ci="1" mb="0" cb="0" />
      <line nr="1578" mi="0" ci="1" mb="0" cb="0" />
      <line nr="1580" mi="0" ci="1" mb="0" cb="0" />
      <line nr="1581" mi="0" ci="1" mb="0" cb="0" />
      <line nr="1582" mi="0" ci="1" mb="0" cb="0" />
      <line nr="1586" mi="0" ci="1" mb="0" cb="0" />
      <line nr="1587" mi="0" ci="1" mb="0" cb="0" />
      <line nr="1590" mi="0" ci="1" mb="0" cb="0" />
      <line nr="1593" mi="1" ci="0" mb="0" cb="0" />
      <line nr="1594" mi="2" ci="0" mb="0" cb="0" />
      <line nr="1595" mi="1" ci="0" mb="0" cb="0" />
      <line nr="1600" mi="2" ci="0" mb="0" cb="0" />
      <line nr="1605" mi="1" ci="0" mb="0" cb="0" />
      <line nr="1606" mi="2" ci="0" mb="0" cb="0" />
      <line nr="1607" mi="1" ci="0" mb="0" cb="0" />
      <line nr="1659" mi="0" ci="1" mb="0" cb="0" />
      <line nr="1662" mi="0" ci="1" mb="0" cb="0" />
      <line nr="1663" mi="1" ci="0" mb="0" cb="0" />
      <line nr="1664" mi="1" ci="0" mb="0" cb="0" />
      <line nr="1665" mi="1" ci="0" mb="0" cb="0" />
      <line nr="1666" mi="1" ci="0" mb="0" cb="0" />
      <line nr="1670" mi="0" ci="2" mb="0" cb="0" />
      <line nr="1671" mi="1" ci="0" mb="0" cb="0" />
      <line nr="1673" mi="1" ci="0" mb="0" cb="0" />
      <line nr="1674" mi="1" ci="0" mb="0" cb="0" />
      <line nr="1675" mi="1" ci="0" mb="0" cb="0" />
      <line nr="1676" mi="1" ci="0" mb="0" cb="0" />
      <line nr="1677" mi="1" ci="0" mb="0" cb="0" />
      <line nr="1678" mi="1" ci="0" mb="0" cb="0" />
      <line nr="1679" mi="1" ci="0" mb="0" cb="0" />
      <line nr="1680" mi="1" ci="0" mb="0" cb="0" />
      <line nr="1681" mi="1" ci="0" mb="0" cb="0" />
      <line nr="1684" mi="1" ci="0" mb="0" cb="0" />
      <line nr="1689" mi="0" ci="2" mb="0" cb="0" />
      <line nr="1690" mi="0" ci="1" mb="0" cb="0" />
      <line nr="1693" mi="1" ci="0" mb="0" cb="0" />
      <line nr="1694" mi="2" ci="0" mb="0" cb="0" />
      <line nr="1696" mi="1" ci="0" mb="0" cb="0" />
      <line nr="1697" mi="1" ci="0" mb="0" cb="0" />
      <line nr="1698" mi="1" ci="0" mb="0" cb="0" />
      <line nr="1699" mi="1" ci="0" mb="0" cb="0" />
      <line nr="1700" mi="1" ci="0" mb="0" cb="0" />
      <line nr="1701" mi="1" ci="0" mb="0" cb="0" />
      <line nr="1702" mi="1" ci="0" mb="0" cb="0" />
      <line nr="1703" mi="1" ci="0" mb="0" cb="0" />
      <line nr="1704" mi="1" ci="0" mb="0" cb="0" />
      <line nr="1707" mi="1" ci="0" mb="0" cb="0" />
      <line nr="1711" mi="0" ci="2" mb="0" cb="0" />
      <line nr="1712" mi="1" ci="2" mb="0" cb="0" />
      <line nr="1713" mi="0" ci="1" mb="0" cb="0" />
      <line nr="1716" mi="0" ci="1" mb="0" cb="0" />
      <line nr="1717" mi="0" ci="1" mb="0" cb="0" />
      <line nr="1718" mi="0" ci="1" mb="0" cb="0" />
      <line nr="1719" mi="0" ci="1" mb="0" cb="0" />
      <line nr="1722" mi="0" ci="1" mb="0" cb="0" />
      <line nr="1724" mi="0" ci="1" mb="0" cb="0" />
      <line nr="1726" mi="1" ci="0" mb="0" cb="0" />
      <line nr="1727" mi="1" ci="0" mb="0" cb="0" />
      <line nr="1728" mi="1" ci="0" mb="0" cb="0" />
      <line nr="1732" mi="0" ci="1" mb="0" cb="0" />
      <line nr="1733" mi="0" ci="1" mb="0" cb="0" />
      <line nr="1734" mi="0" ci="1" mb="0" cb="0" />
      <line nr="1738" mi="1" ci="0" mb="0" cb="0" />
      <line nr="1739" mi="2" ci="0" mb="0" cb="0" />
      <line nr="1740" mi="1" ci="0" mb="0" cb="0" />
      <line nr="1745" mi="0" ci="1" mb="0" cb="0" />
      <line nr="1747" mi="0" ci="1" mb="0" cb="0" />
      <line nr="1749" mi="1" ci="0" mb="0" cb="0" />
      <line nr="1750" mi="1" ci="0" mb="0" cb="0" />
      <line nr="1751" mi="1" ci="0" mb="0" cb="0" />
      <line nr="1752" mi="1" ci="0" mb="0" cb="0" />
      <line nr="1753" mi="1" ci="0" mb="0" cb="0" />
      <line nr="1754" mi="1" ci="0" mb="0" cb="0" />
      <line nr="1758" mi="0" ci="1" mb="0" cb="0" />
      <line nr="1759" mi="0" ci="1" mb="0" cb="0" />
      <line nr="1760" mi="1" ci="0" mb="0" cb="0" />
      <line nr="1761" mi="1" ci="0" mb="0" cb="0" />
      <line nr="1762" mi="1" ci="0" mb="0" cb="0" />
      <line nr="1766" mi="0" ci="1" mb="0" cb="0" />
      <line nr="1767" mi="0" ci="1" mb="0" cb="0" />
      <line nr="1768" mi="0" ci="1" mb="0" cb="0" />
      <line nr="1769" mi="0" ci="1" mb="0" cb="0" />
      <line nr="1770" mi="0" ci="1" mb="0" cb="0" />
      <line nr="1775" mi="1" ci="0" mb="0" cb="0" />
      <line nr="1776" mi="2" ci="0" mb="0" cb="0" />
      <line nr="1777" mi="1" ci="0" mb="0" cb="0" />
      <line nr="1782" mi="0" ci="1" mb="0" cb="0" />
      <line nr="1783" mi="1" ci="0" mb="0" cb="0" />
      <line nr="1786" mi="1" ci="0" mb="0" cb="0" />
      <line nr="1787" mi="1" ci="0" mb="0" cb="0" />
      <line nr="1788" mi="1" ci="0" mb="0" cb="0" />
      <line nr="1791" mi="1" ci="0" mb="0" cb="0" />
      <line nr="1792" mi="2" ci="0" mb="0" cb="0" />
      <line nr="1793" mi="1" ci="0" mb="0" cb="0" />
      <line nr="1798" mi="1" ci="0" mb="0" cb="0" />
      <line nr="1799" mi="2" ci="0" mb="0" cb="0" />
      <line nr="1801" mi="1" ci="0" mb="0" cb="0" />
      <line nr="1805" mi="1" ci="0" mb="0" cb="0" />
      <line nr="1806" mi="1" ci="0" mb="0" cb="0" />
      <line nr="1807" mi="1" ci="0" mb="0" cb="0" />
      <line nr="1810" mi="1" ci="0" mb="0" cb="0" />
      <line nr="1811" mi="2" ci="0" mb="0" cb="0" />
      <line nr="1812" mi="1" ci="0" mb="0" cb="0" />
      <line nr="1816" mi="1" ci="0" mb="0" cb="0" />
      <line nr="1817" mi="1" ci="0" mb="0" cb="0" />
      <line nr="1818" mi="1" ci="0" mb="0" cb="0" />
      <line nr="1824" mi="0" ci="1" mb="0" cb="0" />
      <line nr="1825" mi="1" ci="1" mb="0" cb="0" />
      <line nr="1826" mi="1" ci="1" mb="0" cb="0" />
      <line nr="1827" mi="1" ci="1" mb="0" cb="0" />
      <line nr="1830" mi="0" ci="1" mb="0" cb="0" />
      <line nr="1831" mi="0" ci="1" mb="0" cb="0" />
      <line nr="1832" mi="0" ci="1" mb="0" cb="0" />
      <line nr="1833" mi="0" ci="1" mb="0" cb="0" />
      <line nr="1834" mi="0" ci="1" mb="0" cb="0" />
      <line nr="1835" mi="0" ci="1" mb="0" cb="0" />
      <line nr="1836" mi="0" ci="1" mb="0" cb="0" />
      <line nr="1837" mi="0" ci="1" mb="0" cb="0" />
      <line nr="1838" mi="0" ci="1" mb="0" cb="0" />
      <line nr="1839" mi="0" ci="1" mb="0" cb="0" />
      <line nr="1843" mi="0" ci="1" mb="0" cb="0" />
      <line nr="1847" mi="1" ci="0" mb="0" cb="0" />
      <line nr="1848" mi="2" ci="0" mb="0" cb="0" />
      <line nr="1850" mi="1" ci="0" mb="0" cb="0" />
      <line nr="1851" mi="1" ci="0" mb="0" cb="0" />
      <line nr="1852" mi="1" ci="0" mb="0" cb="0" />
      <line nr="1853" mi="1" ci="0" mb="0" cb="0" />
      <line nr="1854" mi="1" ci="0" mb="0" cb="0" />
      <line nr="1855" mi="1" ci="0" mb="0" cb="0" />
      <line nr="1856" mi="1" ci="0" mb="0" cb="0" />
      <line nr="1857" mi="1" ci="0" mb="0" cb="0" />
      <line nr="1858" mi="1" ci="0" mb="0" cb="0" />
      <line nr="1861" mi="1" ci="0" mb="0" cb="0" />
      <line nr="1913" mi="0" ci="1" mb="0" cb="0" />
      <line nr="1915" mi="0" ci="1" mb="0" cb="0" />
      <line nr="1918" mi="0" ci="1" mb="0" cb="0" />
      <line nr="1919" mi="0" ci="1" mb="0" cb="0" />
      <line nr="1922" mi="0" ci="2" mb="0" cb="0" />
      <line nr="1924" mi="0" ci="1" mb="0" cb="0" />
      <line nr="1925" mi="0" ci="1" mb="0" cb="0" />
      <line nr="1928" mi="1" ci="0" mb="0" cb="0" />
      <line nr="1929" mi="2" ci="0" mb="0" cb="0" />
      <line nr="1930" mi="1" ci="0" mb="0" cb="0" />
      <line nr="1935" mi="0" ci="2" mb="0" cb="0" />
      <line nr="1936" mi="1" ci="0" mb="0" cb="0" />
      <line nr="1937" mi="1" ci="0" mb="0" cb="0" />
      <line nr="1938" mi="1" ci="0" mb="0" cb="0" />
      <line nr="1942" mi="0" ci="1" mb="0" cb="0" />
      <line nr="1944" mi="1" ci="0" mb="0" cb="0" />
      <line nr="1945" mi="1" ci="0" mb="0" cb="0" />
      <line nr="1946" mi="2" ci="0" mb="0" cb="0" />
      <line nr="1948" mi="1" ci="0" mb="0" cb="0" />
      <line nr="1951" mi="1" ci="0" mb="0" cb="0" />
      <line nr="1952" mi="2" ci="0" mb="0" cb="0" />
      <line nr="1958" mi="0" ci="1" mb="0" cb="0" />
      <line nr="1959" mi="0" ci="1" mb="0" cb="0" />
      <line nr="1960" mi="0" ci="1" mb="0" cb="0" />
      <line nr="1961" mi="0" ci="1" mb="0" cb="0" />
      <line nr="1965" mi="0" ci="1" mb="0" cb="0" />
      <line nr="1966" mi="1" ci="0" mb="0" cb="0" />
      <line nr="1970" mi="0" ci="1" mb="0" cb="0" />
      <line nr="1971" mi="0" ci="1" mb="0" cb="0" />
      <line nr="1974" mi="0" ci="1" mb="0" cb="0" />
      <line nr="1976" mi="0" ci="1" mb="0" cb="0" />
      <line nr="1980" mi="2" ci="0" mb="0" cb="0" />
      <line nr="1985" mi="1" ci="0" mb="0" cb="0" />
      <line nr="1986" mi="2" ci="0" mb="0" cb="0" />
      <line nr="1987" mi="1" ci="0" mb="0" cb="0" />
      <line nr="2040" mi="0" ci="1" mb="0" cb="0" />
      <line nr="2043" mi="0" ci="1" mb="0" cb="0" />
      <line nr="2046" mi="0" ci="1" mb="0" cb="0" />
      <line nr="2048" mi="0" ci="1" mb="0" cb="0" />
      <line nr="2049" mi="1" ci="0" mb="0" cb="0" />
      <line nr="2051" mi="1" ci="0" mb="0" cb="0" />
      <line nr="2053" mi="1" ci="0" mb="0" cb="0" />
      <line nr="2054" mi="1" ci="0" mb="0" cb="0" />
      <line nr="2056" mi="1" ci="0" mb="0" cb="0" />
      <line nr="2057" mi="1" ci="0" mb="0" cb="0" />
      <line nr="2058" mi="1" ci="0" mb="0" cb="0" />
      <line nr="2063" mi="1" ci="0" mb="0" cb="0" />
      <line nr="2065" mi="1" ci="0" mb="0" cb="0" />
      <line nr="2066" mi="1" ci="0" mb="0" cb="0" />
      <line nr="2067" mi="1" ci="0" mb="0" cb="0" />
      <line nr="2072" mi="1" ci="0" mb="0" cb="0" />
      <line nr="2073" mi="1" ci="0" mb="0" cb="0" />
      <line nr="2076" mi="1" ci="0" mb="0" cb="0" />
      <line nr="2079" mi="1" ci="0" mb="0" cb="0" />
      <line nr="2083" mi="0" ci="2" mb="0" cb="0" />
      <line nr="2084" mi="0" ci="1" mb="0" cb="0" />
      <line nr="2090" mi="0" ci="1" mb="0" cb="0" />
      <line nr="2093" mi="0" ci="1" mb="0" cb="0" />
      <line nr="2096" mi="0" ci="1" mb="0" cb="0" />
      <line nr="2099" mi="0" ci="1" mb="0" cb="0" />
      <line nr="2100" mi="0" ci="1" mb="0" cb="0" />
      <line nr="2101" mi="0" ci="1" mb="0" cb="0" />
      <line nr="2102" mi="0" ci="1" mb="0" cb="0" />
      <line nr="2107" mi="0" ci="1" mb="0" cb="0" />
      <line nr="2110" mi="0" ci="1" mb="0" cb="0" />
      <line nr="2111" mi="1" ci="0" mb="0" cb="0" />
      <line nr="2113" mi="0" ci="1" mb="0" cb="0" />
      <line nr="2114" mi="1" ci="0" mb="0" cb="0" />
      <line nr="2117" mi="0" ci="1" mb="0" cb="0" />
      <line nr="2120" mi="2" ci="0" mb="0" cb="0" />
      <line nr="2121" mi="1" ci="0" mb="0" cb="0" />
      <line nr="2127" mi="0" ci="1" mb="0" cb="0" />
      <line nr="2129" mi="0" ci="1" mb="0" cb="0" />
      <line nr="2130" mi="1" ci="0" mb="0" cb="0" />
      <line nr="2131" mi="1" ci="0" mb="0" cb="0" />
      <line nr="2132" mi="1" ci="0" mb="0" cb="0" />
      <line nr="2135" mi="1" ci="0" mb="0" cb="0" />
      <line nr="2136" mi="1" ci="0" mb="0" cb="0" />
      <line nr="2137" mi="1" ci="0" mb="0" cb="0" />
      <line nr="2140" mi="1" ci="0" mb="0" cb="0" />
      <line nr="2144" mi="1" ci="0" mb="0" cb="0" />
      <line nr="2145" mi="1" ci="0" mb="0" cb="0" />
      <line nr="2148" mi="1" ci="0" mb="0" cb="0" />
      <line nr="2149" mi="1" ci="0" mb="0" cb="0" />
      <line nr="2152" mi="2" ci="0" mb="0" cb="0" />
      <line nr="2155" mi="1" ci="0" mb="0" cb="0" />
      <line nr="2159" mi="1" ci="0" mb="0" cb="0" />
      <line nr="2160" mi="1" ci="0" mb="0" cb="0" />
      <line nr="2165" mi="0" ci="1" mb="0" cb="0" />
      <line nr="2166" mi="0" ci="1" mb="0" cb="0" />
      <line nr="2170" mi="2" ci="0" mb="0" cb="0" />
      <line nr="2171" mi="1" ci="0" mb="0" cb="0" />
      <line nr="2176" mi="0" ci="1" mb="0" cb="0" />
      <line nr="2179" mi="1" ci="0" mb="0" cb="0" />
      <line nr="2180" mi="2" ci="0" mb="0" cb="0" />
      <line nr="2181" mi="1" ci="0" mb="0" cb="0" />
      <line nr="2195" mi="0" ci="1" mb="0" cb="0" />
      <line nr="2196" mi="0" ci="1" mb="0" cb="0" />
      <line nr="2197" mi="0" ci="1" mb="0" cb="0" />
      <line nr="2198" mi="0" ci="1" mb="0" cb="0" />
      <line nr="2199" mi="0" ci="1" mb="0" cb="0" />
      <line nr="2200" mi="0" ci="1" mb="0" cb="0" />
      <line nr="2201" mi="0" ci="1" mb="0" cb="0" />
      <line nr="2206" mi="0" ci="1" mb="0" cb="0" />
      <counter type="INSTRUCTION" missed="347" covered="462" />
      <counter type="LINE" missed="289" covered="424" />
      <counter type="METHOD" missed="6" covered="22" />
      <counter type="CLASS" missed="0" covered="1" />
    </sourcefile>
    <counter type="INSTRUCTION" missed="347" covered="462" />
    <counter type="LINE" missed="289" covered="424" />
    <counter type="METHOD" missed="6" covered="22" />
    <counter type="CLASS" missed="0" covered="1" />
  </package>
  <counter type="INSTRUCTION" missed="347" covered="462" />
  <counter type="LINE" missed="289" covered="424" />
  <counter type="METHOD" missed="6" covered="22" />
  <counter type="CLASS" missed="0" covered="1" />
</report>
